  459.2879 1.039e-5 
 1330.7522 .0006516 
  896.0260 .0006505 
   24.5617 7.904e-7 
  918.0635 4.020e-5 
 1765.4780 .0012555 
 4454.0673 2.599e-8 
   46.5992 1.150e-5 
  894.0137 2.818e-5 
 3582.6030 .0023085 
  943.1370 2.966e-5 
 3557.5293 .0023235 
  921.0995 .0010509 
 3535.4919 3.361e-8 
   73.6851 1.261e-6 
 2688.0774 .0009547 
 2614.9042 .0009659 
    0.5119 3.084e-8 
 1375.8159 8.552e-5 
 2188.1173 .0019792 
 4915.9116 9.030e-8 
 9332.3927 3.264e-7 
  528.4014 .0002536 
 1340.7028 7.120e-5 
 4068.4971 .0026810 
 8484.9782 1.694e-8 
 1414.3810 7.472e-5 
 3992.2540 .0027410 
 8411.2998 1.748e-8 
 1377.8616 4.017e-5 
 5796.9075 .0050335 
 1379.9078 4.022e-5 
 5796.3889 .0050334 
 2160.1879 7.913e-9 
 1347.8865 8.972e-5 
 1200.0113 8.659e-5 
  959.6647 .0014030 
 3537.5376 1.100e-7 
 7956.5835 4.688e-7 
  147.3633 1.652e-6 
 2725.2362 .0015705 
 7144.2821 1.181e-8 
 2580.4310 .0016068 
 6996.9121 1.253e-8 
    2.5581 1.009e-7 
 4419.0392 .0013246 
 4416.4878 .0013242 
 1832.0417 .0001406 
 2599.3215 .0027620 
 5381.9501 2.046e-7 
 9794.7272 1.662e-6 
 1019.7403 .0007023 
 1787.0201 .0001238 
 4569.6486 .0030146 
 8982.4258 4.275e-8 
15167.7091 7.852e-8 
 1885.2262 .0001294 
 4414.6216 .0031662 
 8835.1092 4.553e-8 
15020.3457 8.419e-8 
 1836.7486 8.923e-5 
 6257.2363 .0052457 
12442.4728 1.786e-8 
 1841.8543 8.946e-5 
 6254.6315 .0052451 
12439.9148 1.786e-8 
 1838.1504 4.214e-5 
 8023.4337 .0070298 
 1838.1904 4.214e-5 
 8023.4269 .0070298 
 1708.0540 2.154e-8 
 6124.5351 1.467e-7 
  940.7742 .0001258 
  692.6467 .0001062 
 2582.2972 .0001052 
 2574.6268 .0001049 
 1012.8492 .0016910 
 3542.2445 2.325e-7 
 7962.7322 2.305e-6 
  245.5694 1.946e-6 
 2774.9648 .0020078 
 7195.4524 3.433e-8 
13380.6889 6.933e-8 
 2537.0591 .0020832 
 6949.8363 3.787e-8 
13135.1196 7.769e-8 
    7.6638 2.132e-7 
 4420.4410 .0021926 
10605.7242 8.701e-9 
 4412.8239 .0021908 
10598.0604 8.702e-9 
 6185.2832 .0013549 
 6185.2366 .0013549 
 2286.2599 .0001986 
 3000.1366 .0035405 
 5855.3721 3.710e-7 
10260.8059 5.016e-6 
 1518.9801 .0013120 
 2232.8568 .0001798 
 5088.0924 .0032311 
 9493.5261 7.650e-8 
15678.2560 3.094e-7 
 2355.5241 .0001870 
 4824.6882 .0035320 
 9248.1433 8.508e-8 
15432.6859 3.477e-7 
 2295.2929 .0001414 
 6718.7480 .0053957 
12903.2905 4.027e-8 
20855.9155 4.825e-8 
 2305.4638 .0001419 
 6710.8975 .0053944 
12895.6274 4.029e-8 
20848.2517 4.827e-8 
 2298.1203 8.725e-5 
 8482.8502 .0068950 
16435.4746 1.548e-8 
 2298.2603 8.726e-5 
 8482.8029 .0068950 
16435.4279 1.548e-8 
 2297.5664 3.647e-5 
10250.1914 .0074812 
 2297.5669 3.647e-5 
10250.1913 .0074812 
 1263.6484 3.404e-8 
 5676.4256 6.812e-7 
  549.7718 .0001015 
11147.8322 1.557e-8 
  173.8713 3.950e-5 
10779.5954 1.836e-8 
 2125.1948 .0001874 
 2107.3134 .0001862 
 3887.1629 8.909e-5 
 3886.9762 8.908e-5 
 1082.1134 .0019024 
 3551.2775 3.938e-7 
 7974.7326 6.657e-6 
  368.2367 2.132e-6 
 2837.4008 .0022948 
 7260.8559 6.510e-8 
13445.3985 2.947e-7 
 2486.9988 .0024196 
 6892.4326 7.541e-8 
13077.1624 3.496e-7 
   17.8347 3.611e-7 
 4423.2685 .0027576 
10607.9983 2.447e-8 
18560.6227 3.164e-8 
 4405.6204 .0027523 
10590.1630 2.448e-8 
18542.7880 3.167e-8 
 6184.7292 .0022308 
 6184.5432 .0022307 
 7952.6250 .0011340 
 7952.6244 .0011340 
 2738.0378 .0002529 
 3391.9938 .0042539 
 6340.1945 5.779e-7 
10732.8891 1.149e-5 
 2024.1611 .0020187 
 2678.1172 .0002330 
 5626.3178 .0032915 
10019.0124 1.153e-7 
16202.8516 7.612e-7 
 2825.1122 .0002407 
 5222.5734 .0038003 
 9651.3352 1.354e-7 
15834.6117 9.071e-7 
  355.9481 .0001021 
 2753.4092 .0001908 
 7182.1710 .0054191 
13365.4476 6.600e-8 
21317.6114 1.718e-7 
 2771.0823 .0001918 
 7163.7769 .0054172 
13347.6161 6.605e-8 
21299.7767 1.720e-7 
 2758.3431 .0001305 
 8942.1823 .0066756 
16894.3430 3.235e-8 
26614.2875 2.820e-8 
 2758.7159 .0001305 
 8941.9925 .0066755 
16894.1563 3.235e-8 
26614.1009 2.820e-8 
 2757.4499 7.180e-5 
10709.6138 .0070336 
20429.5583 1.154e-8 
 2757.4525 7.180e-5 
10709.6131 .0070336 
20429.5577 1.154e-8 
 2756.9888 2.696e-5 
12476.9333 .0064848 
 2756.9888 2.696e-5 
12476.9333 .0064848 
  831.0744 3.741e-8 
 5236.5082 1.817e-6 
  177.1184 3.779e-5 
 4582.5521 1.195e-8 
10767.2820 6.838e-8 
 4067.5070 1.401e-8 
10252.0495 8.596e-8 
 1670.0459 .0002163 
 1634.3515 .0002126 
 3426.3867 .0001736 
 3425.8266 .0001736 
 5195.1751 6.269e-5 
 5195.1719 6.269e-5 
 1169.1878 .0020294 
 3566.6489 5.775e-7 
 7995.4108 1.450e-5 
  515.2318 2.212e-6 
 2912.6929 .0024437 
 7341.4547 9.992e-8 
13524.7312 7.510e-7 
 2432.9689 .0026217 
 6825.6635 1.228e-7 
13009.5027 9.536e-7 
   35.5078 5.292e-7 
 4428.2024 .0030781 
10612.0416 4.520e-8 
18564.2022 1.285e-7 
 4393.2541 .0030664 
10576.5306 4.524e-8 
18528.6945 1.288e-7 
    0.5595 1.530e-8 
 6183.8360 .0027583 
14135.9999 1.556e-8 
23855.9444 1.446e-8 
 6183.2798 .0027581 
14135.4404 1.556e-8 
23855.3849 1.446e-8 
 7952.1639 .0018486 
 7952.1606 .0018486 
 9719.9445 .0008070 
 9719.9445 .0008070 
 3187.0299 .0002978 
 3776.6766 .0048486 
 6841.1250 7.990e-7 
11213.6863 2.185e-5 
 2533.0739 .0027469 
 3122.7205 .0002779 
 6187.1690 .0031869 
10559.7303 1.547e-7 
16742.2776 1.469e-6 
 3293.8113 .0002848 
 5608.4743 .0039498 
10045.8953 1.941e-7 
16227.0339 1.879e-6 
  896.3502 .0002951 
 3211.0132 .0002325 
 7648.4342 .0052922 
13829.5728 9.296e-8 
21781.0071 3.913e-7 
  174.5199 3.838e-5 
 3238.9683 .0002340 
 7611.5296 .0052906 
13794.0769 9.312e-8 
21745.4993 3.923e-7 
 3218.8350 .0001675 
 9401.3823 .0063373 
17352.8047 4.943e-8 
27072.3637 9.252e-8 
 3219.6724 .0001676 
 9400.8110 .0063371 
17352.2453 4.943e-8 
27071.8043 9.252e-8 
 3217.5344 .0001027 
11168.9687 .0065180 
20888.5278 2.283e-8 
32375.7568 1.546e-8 
 3217.5431 .0001027 
11168.9655 .0065180 
20888.5245 2.283e-8 
32375.7536 1.546e-8 
 3216.8048 5.098e-5 
12936.3639 .0058914 
24423.5930 7.513e-9 
 3216.8049 5.098e-5 
12936.3639 .0058914 
24423.5929 7.513e-9 
 3216.4194 1.732e-5 
14703.6484 .0047327 
 3216.4194 1.732e-5 
14703.6484 .0047327 
  415.1268 2.645e-8 
 4807.8214 3.600e-6 
 4218.1747 1.748e-8 
10402.0140 1.750e-7 
 3532.4116 2.120e-8 
 9715.6881 2.366e-7 
 1217.7486 .0001937 
15353.1890 2.493e-8 
 1153.7263 .0001850 
15289.7262 2.501e-8 
 2965.0042 .0002227 
 2963.6042 .0002226 
 4734.6294 .0001271 
 4734.6175 .0001271 
 6503.1397 3.820e-5 
 6503.1397 3.820e-5 
 1275.9693 .0020696 
 3590.6323 7.608e-7 
 8028.0532 2.612e-5 
  686.3226 2.194e-6 
 3000.9856 .0024685 
 7438.4066 1.337e-7 
13619.5452 1.468e-6 
 2378.1258 .0026954 
 6750.6871 1.760e-7 
12933.2344 2.017e-6 
   63.4628 6.963e-7 
 4436.0241 .0031926 
10618.5714 6.815e-8 
18569.9938 3.172e-7 
 4373.9581 .0031713 
10555.0967 6.827e-8 
18506.5310 3.185e-7 
    1.3968 2.830e-8 
 6182.5354 .0030109 
14133.9697 2.769e-8 
23853.5287 5.575e-8 
 6181.1505 .0030104 
14132.5729 2.768e-8 
23852.1319 5.574e-8 
 7951.4343 .0022484 
17670.9933 9.036e-9 
 7951.4224 .0022484 
17670.9814 9.036e-9 
 9719.5591 .0012987 
 9719.5590 .0012987 
11487.2291 .0004977 
11487.2291 .0004977 
 3633.0230 .0003293 
 4156.2504 .0052822 
 7363.3418 9.973e-7 
11706.2515 3.607e-5 
 3043.3764 .0034177 
 3566.6037 .0003106 
 6773.6951 .0029354 
11116.6048 1.898e-7 
17297.4327 2.414e-6 
 3761.4214 .0003154 
 5982.6847 .0039734 
10433.3492 2.573e-7 
16611.0745 3.353e-6 
 1446.7584 .0005112 
 3668.0217 .0002628 
 8118.6861 .0050169 
14296.4115 1.186e-7 
22246.7621 7.133e-7 
  502.1553 .0001044 
 3709.2467 .0002647 
 8052.1564 .0050179 
14232.9843 1.190e-7 
22183.2991 7.167e-7 
 3679.5951 .0001953 
 9860.4230 .0058800 
17810.7378 6.531e-8 
27529.7222 1.958e-7 
 3681.2652 .0001954 
 9858.9905 .0058795 
17809.3412 6.531e-8 
27528.3254 1.958e-7 
 3677.8519 .0001267 
11628.2026 .0059279 
21347.1868 3.309e-8 
32834.0749 4.770e-8 
 3677.8757 .0001267 
11628.1905 .0059279 
21347.1749 3.309e-8 
32834.0630 4.770e-8 
 3676.7681 7.024e-5 
13395.7525 .0052682 
24882.6406 1.422e-8 
38137.1128 7.814e-9 
 3676.7683 7.024e-5 
13395.7525 .0052682 
24882.6406 1.422e-8 
38137.1127 7.814e-9 
 3676.1935 3.163e-5 
15163.0816 .0041721 
 3676.1935 3.163e-5 
15163.0816 .0041721 
 3675.8525 9.761e-6 
16930.3246 .0029635 
 3675.8525 9.761e-6 
16930.3246 .0029635 
 4393.6334 5.824e-6 
 3870.4060 2.184e-8 
10052.9534 3.374e-7 
 2990.6625 2.711e-8 
 9171.8011 4.948e-7 
  769.3992 .0001348 
 6950.5378 1.134e-8 
14901.9721 6.431e-8 
  663.3146 .0001178 
 6845.8619 1.132e-8 
14797.2843 6.471e-8 
 2502.9522 .0002317 
20173.9337 9.020e-9 
 2499.8734 .0002315 
20170.8667 9.019e-9 
 4273.5824 .0001700 
 4273.5467 .0001700 
 6042.7909 7.889e-5 
 6042.7907 7.889e-5 
 7811.0356 2.049e-5 
 7811.0356 2.049e-5 
 1404.3677 .0020274 
 3625.6310 9.192e-7 
 8076.2954 4.071e-5 
  881.1403 2.095e-6 
 3102.4036 .0023878 
 7553.0681 1.616e-7 
13730.7934 2.410e-6 
 2325.9511 .0026517 
 6668.8608 2.300e-7 
12849.6887 3.622e-6 
  104.6878 8.400e-7 
 4447.5975 .0031378 
10628.4254 9.039e-8 
18578.7402 6.077e-7 
 4345.9767 .0031045 
10523.7020 9.070e-8 
18474.0527 6.123e-7 
    3.0670 4.583e-8 
 6180.7923 .0030458 
14131.1429 4.028e-8 
23850.1271 1.311e-7 
 6177.7609 .0030446 
14128.0758 4.028e-8 
23847.0602 1.310e-7 
 7950.3505 .0024058 
17669.3349 1.558e-8 
29156.2230 2.391e-8 
 7950.3150 .0024058 
17669.2992 1.558e-8 
29156.1873 2.391e-8 
 9718.9844 .0015529 
 9718.9842 .0015529 
11486.8881 .0007891 
11486.8881 .0007891 
13254.4721 .0002689 
13254.4721 .0002689 
 4075.9778 .0003454 
 4532.9496 .0055266 
 7912.1851 1.135e-6 
12213.8323 5.302e-5 
26341.2714 9.839e-9 
 3552.7505 .0039596 
 4009.7223 .0003287 
 7388.9578 .0025754 
11690.6050 2.164e-7 
17869.3186 3.514e-6 
 4227.7193 .0003304 
 6345.6164 .0038764 
10815.5813 3.202e-7 
16988.0857 5.363e-6 
 2006.4560 .0007227 
 4124.3532 .0002797 
 8594.3181 .0046128 
14766.8224 1.406e-7 
22715.6412 1.126e-6 
  345.6591 3.047e-8 
  802.6309 .0001466 
 4181.8663 .0002819 
 8483.5136 .0046204 
14662.2272 1.414e-7 
22610.9527 1.135e-6 
 4140.6039 .0002121 
10319.3175 .0053236 
18268.0430 7.865e-8 
27986.2098 3.342e-7 
 4143.6536 .0002122 
10316.1580 .0053227 
18264.9767 7.865e-8 
27983.1428 3.342e-7 
 4138.4327 .0001423 
12087.2514 .0052783 
21805.4175 4.159e-8 
33291.8209 9.531e-8 
 4138.4896 .0001423 
12087.2151 .0052783 
21805.3819 4.159e-8 
33291.7853 9.531e-8 
 4136.9002 8.366e-5 
13855.0670 .0046234 
25341.4704 1.975e-8 
38595.6302 2.294e-8 
 4136.9007 8.366e-5 
13855.0668 .0046234 
25341.4702 1.975e-8 
38595.6300 2.294e-8 
 4136.0826 4.216e-5 
15622.4860 .0036161 
28876.6458 7.854e-9 
 4136.0826 4.216e-5 
15622.4860 .0036161 
28876.6458 7.854e-9 
 4135.5979 1.727e-5 
17389.7578 .0025411 
 4135.5979 1.727e-5 
17389.7578 .0025411 
 4135.2856 4.857e-6 
19156.9456 .0016111 
 4135.2856 4.857e-6 
19156.9456 .0016111 
 3997.2506 8.065e-6 
 3540.2788 2.426e-8 
 9721.1067 5.401e-7 
 2444.2084 3.020e-8 
 8621.9337 8.652e-7 
  326.3113 5.817e-5 
 6504.0366 1.485e-8 
14454.3873 1.261e-7 
  161.0434 2.938e-5 
 6341.8713 1.479e-8 
14292.1861 1.273e-7 
 2040.2241 .0002081 
19709.5233 2.269e-8 
 2034.0717 .0002075 
19703.4066 2.269e-8 
 3811.9180 .0001859 
 3811.8252 .0001859 
 5582.0842 .0001073 
 5582.0835 .0001073 
 7350.8055 4.260e-5 
 7350.8055 4.260e-5 
 9118.8742 9.759e-6 
 9118.8742 9.759e-6 
 1556.1092 .0019131 
 3674.0063 1.032e-6 
 8143.9712 5.632e-5 
22265.2943 1.320e-8 
 1099.1374 1.933e-6 
 3217.0345 .0022243 
 7686.9994 1.798e-7 
13859.5037 3.474e-6 
 2280.0981 .0025082 
 6581.7453 2.797e-7 
12760.4589 5.771e-6 
  162.2010 9.411e-7 
 4463.8482 .0029519 
10642.5618 1.092e-7 
18591.2873 9.886e-7 
 4307.7639 .0029057 
10480.2683 1.099e-7 
18429.0870 1.001e-6 
    6.1167 6.684e-8 
 6178.6211 .0029154 
14127.4398 5.166e-8 
23845.6059 2.402e-7 
 6172.5969 .0029132 
14121.3224 5.165e-8 
23839.4892 2.402e-7 
 7948.8180 .0023809 
17666.9848 2.196e-8 
29153.3882 5.394e-8 
 7948.7262 .0023809 
17666.8923 2.196e-8 
29153.2957 5.394e-8 
 9718.1668 .0016296 
21204.5702 7.978e-9 
34458.7300 9.794e-9 
 9718.1661 .0016296 
21204.5695 7.978e-9 
34458.7293 9.794e-9 
11486.4034 .0009270 
11486.4034 .0009270 
13254.1598 .0004194 
13254.1598 .0004194 
15021.6600 .0001281 
15021.6600 .0001281 
 4516.0505 .0003460 
 4909.0232 .0055700 
 8492.7849 1.186e-6 
12739.6771 7.049e-5 
26862.5162 2.069e-8 
 4059.0787 .0043188 
 4452.0514 .0003318 
 8035.8131 .0021559 
12282.7054 2.314e-7 
18459.0242 4.637e-6 
 4692.4570 .0003298 
 6697.8259 .0036738 
11194.8836 3.774e-7 
17359.6711 7.864e-6 
 2574.5599 .0009058 
 4579.9288 .0002829 
 9076.9865 .0041119 
15241.7740 1.567e-7 
23188.5120 1.597e-6 
  679.8432 6.043e-8 
 1072.8159 .0001615 
 4656.5777 .0002850 
 8903.4699 .0041315 
15079.7887 1.584e-7 
23026.3089 1.620e-6 
  354.9304 6.275e-5 
 4601.8227 .0002175 
10778.1415 .0046992 
18724.6617 8.838e-8 
28441.7076 4.970e-7 
  109.9639 1.875e-5 
 4607.0216 .0002176 
10771.8091 .0046976 
18718.5471 8.838e-8 
28435.5909 4.970e-7 
 4599.3047 .0001492 
12546.0428 .0045951 
22263.0865 4.777e-8 
33748.8258 1.541e-7 
 4599.4279 .0001492 
12545.9481 .0045951 
22262.9940 4.777e-8 
33748.7332 1.541e-7 
 4597.2226 9.090e-5 
14314.2685 .0039750 
25800.0078 2.381e-8 
39053.7401 4.370e-8 
 4597.2240 9.090e-5 
14314.2678 .0039750 
25800.0071 2.381e-8 
39053.7394 4.370e-8 
 4596.1017 4.865e-5 
16081.8410 .0030751 
29335.5733 1.051e-8 
44356.9408 1.016e-8 
 4596.1017 4.865e-5 
16081.8410 .0030751 
29335.5733 1.051e-8 
44356.9408 1.016e-8 
 4595.4376 2.233e-5 
17849.1699 .0021404 
 4595.4376 2.233e-5 
17849.1699 .0021404 
 4595.0101 8.345e-6 
19616.3776 .0013457 
 4595.0101 8.345e-6 
19616.3776 .0013457 
 4594.7176 2.142e-6 
21383.4906 .0007663 
 4594.7176 2.142e-6 
21383.4906 .0007663 
 3621.8040 9.830e-6 
 3228.8313 2.456e-8 
 9407.5449 7.533e-7 
 1895.4050 2.946e-8 
 8067.9094 1.326e-6 
 6062.5405 1.739e-8 
14011.3592 2.066e-7 
 5823.7832 1.727e-8 
13772.5087 2.100e-7 
 1576.8910 .0001636 
 9525.6164 7.878e-9 
19243.7832 4.347e-8 
 1565.4827 .0001625 
 9514.3015 7.873e-9 
19232.4676 4.346e-8 
 3349.5140 .0001784 
24554.0835 8.073e-9 
 3349.2976 .0001784 
24553.8678 8.073e-9 
 5120.9442 .0001196 
 5120.9421 .0001196 
 6890.3017 5.822e-5 
 6890.3017 5.822e-5 
 8658.7223 2.027e-5 
 8658.7223 2.027e-5 
10426.6499 4.142e-6 
10426.6499 4.142e-6 
 1732.5157 .0017426 
 3737.8846 1.086e-6 
 8234.9423 7.029e-5 
22346.4678 2.660e-8 
 1339.5430 1.730e-6 
 3344.9119 .0020026 
 7841.9696 1.865e-7 
14006.7571 4.515e-6 
 2244.2187 .0022880 
 6491.1110 3.201e-7 
12667.4298 8.370e-6 
  238.8499 9.879e-7 
 4485.7421 .0026740 
10662.0609 1.226e-7 
18608.5811 1.427e-6 
 4258.2079 .0026160 
10422.9953 1.239e-7 
18369.7334 1.456e-6 
   11.3156 8.937e-8 
 6176.1031 .0026689 
14122.8411 6.049e-8 
23839.8849 3.751e-7 
 6165.0032 .0026652 
14111.5234 6.046e-8 
23828.5693 3.751e-7 
 7946.7359 .0022269 
17663.7818 2.730e-8 
29149.5211 9.501e-8 
 7946.5223 .0022269 
17663.5661 2.730e-8 
29149.3054 9.501e-8 
 9717.0459 .0015793 
21202.7852 1.093e-8 
34456.5175 2.131e-8 
 9717.0438 .0015793 
21202.7830 1.093e-8 
34456.5154 2.131e-8 
11485.7393 .0009540 
11485.7393 .0009540 
13253.7324 .0004838 
13253.7324 .0004838 
15021.3675 .0001964 
15021.3675 .0001964 
16788.7730 5.408e-5 
16788.7730 5.408e-5 
 4953.5807 .0003326 
 5286.5580 .0054185 
 9109.6770 1.143e-6 
13286.8207 8.565e-5 
27404.2228 3.753e-8 
 4560.6080 .0044665 
 4893.5852 .0003213 
 8716.7043 .0017259 
12893.8480 2.337e-7 
19067.7112 5.632e-6 
 5155.3619 .0003153 
 7040.0422 .0033874 
11574.0044 4.235e-7 
17727.7068 1.072e-5 
 3149.9931 .0010435 
 5034.6733 .0002736 
 9568.6356 .0035523 
15722.3379 1.656e-7 
23666.3439 2.081e-6 
  976.8463 7.999e-8 
 1309.8235 .0001535 
 5132.9426 .0002753 
 9310.0863 .0035900 
15483.9495 1.686e-7 
23427.4884 2.129e-6 
  886.0504 .0001448 
 5063.1940 .0002124 
11237.0573 .0040424 
19180.5961 9.388e-8 
28896.1508 6.682e-7 
  537.6156 8.312e-5 
 5071.5778 .0002126 
11225.2802 .0040402 
19169.2861 9.387e-8 
28884.8351 6.683e-7 
 5060.4927 .0001480 
13004.4987 .0039079 
22720.0476 5.133e-8 
34204.9036 2.179e-7 
 5060.7384 .0001480 
13004.2773 .0039079 
22719.8319 5.133e-8 
34204.6878 2.179e-7 
 5057.7571 9.235e-5 
14773.3117 .0033442 
26258.1676 2.627e-8 
39511.3319 6.754e-8 
 5057.7606 9.235e-5 
14773.3096 .0033442 
26258.1655 2.627e-8 
39511.3298 6.754e-8 
 5056.2658 5.128e-5 
16541.1217 .0025623 
29794.2860 1.222e-8 
44815.2653 1.857e-8 
 5056.2658 5.128e-5 
16541.1217 .0025623 
29794.2860 1.222e-8 
44815.2653 1.857e-8 
 5055.3825 2.503e-5 
18308.5468 .0017683 
 5055.3825 2.503e-5 
18308.5468 .0017683 
 5054.8144 1.049e-5 
20075.7936 .0011034 
 5054.8144 1.049e-5 
20075.7936 .0011034 
 5054.4261 3.578e-6 
21842.9209 .0006242 
 5054.4261 3.578e-6 
21842.9209 .0006242 
 5054.1479 8.393e-7 
23609.9335 .0003207 
 5054.1479 8.393e-7 
23609.9335 .0003207 
 3270.0459 1.074e-5 
17392.8850 7.752e-9 
 2937.0687 2.298e-8 
 9113.3875 9.417e-7 
 1347.0647 2.462e-8 
 7511.8521 1.830e-6 
 5627.1719 1.863e-8 
13573.9099 2.970e-7 
 5290.2685 1.842e-8 
13236.7887 3.046e-7 
 1113.1248 .0001105 
 9059.6450 9.255e-9 
18776.6909 6.981e-8 
 1093.2096 .0001086 
 9039.9477 9.242e-9 
18756.9915 6.979e-8 
 2886.2453 .0001548 
24089.0284 1.508e-8 
 2885.7818 .0001548 
24088.5669 1.508e-8 
 4659.2888 .0001175 
 4659.2832 .0001175 
 6429.4735 6.521e-5 
 6429.4734 6.521e-5 
 8198.3499 2.765e-5 
 8198.3499 2.765e-5 
 9966.5531 8.558e-6 
 9966.5531 8.558e-6 
11734.3469 1.572e-6 
11734.3469 1.572e-6 
 1934.2969 .0015348 
 3818.9771 1.079e-6 
 8352.9394 8.000e-5 
22450.6477 4.613e-8 
 1601.3197 1.505e-6 
 3485.9999 .0017469 
 8019.9622 1.817e-7 
14173.6645 5.381e-6 
 2221.7994 .0020172 
 6398.9431 3.475e-7 
12572.8063 1.123e-5 
  337.1191 9.781e-7 
 4514.2628 .0023409 
10688.1261 1.293e-7 
18631.6649 1.873e-6 
 4196.8431 .0022747 
10350.5455 1.317e-7 
18294.5514 1.933e-6 
   19.6994 1.109e-7 
 6173.4018 .0023514 
14117.4077 6.594e-8 
23832.9567 5.218e-7 
 6154.1638 .0023458 
14097.7027 6.590e-8 
23813.2573 5.217e-7 
 7944.0003 .0019907 
17659.5550 3.101e-8 
29144.4109 1.429e-7 
 7943.5445 .0019906 
17659.0935 3.101e-8 
29143.9494 1.429e-7 
 9715.5546 .0014451 
21200.4105 1.321e-8 
34453.5749 3.624e-8 
 9715.5490 .0014451 
21200.4049 1.321e-8 
34453.5692 3.624e-8 
11484.8559 .0009057 
39758.9995 7.918e-9 
11484.8559 .0009057 
39758.9994 7.918e-9 
13253.1643 .0004882 
13253.1643 .0004882 
15020.9792 .0002223 
15020.9792 .0002223 
16788.4948 8.140e-5 
16788.4948 8.140e-5 
18555.7856 2.028e-5 
18555.7856 2.028e-5 
 5389.0443 .0003080 
 5667.3135 .0050946 
 9766.4774 1.022e-6 
13857.8826 9.591e-5 
27969.1675 5.996e-8 
 5056.0671 .0044026 
 5334.3363 .0002994 
 9433.5002 .0013250 
13524.9054 2.240e-7 
19696.6022 6.357e-6 
 5616.1408 .0002898 
 7373.1967 .0030423 
11956.1938 4.540e-7 
18094.3617 1.373e-5 
 3731.4606 .0011261 
 5488.5165 .0002543 
10071.5136 .0029729 
16209.6814 1.669e-7 
24150.2040 2.523e-6 
 1232.9480 8.565e-8 
 1511.2173 .0001308 
 5610.3811 .0002553 
 9701.7863 .0030344 
15873.4831 1.718e-7 
23813.0712 2.614e-6 
 1433.2374 .0002080 
 5524.6426 .0001987 
11696.3394 .0033882 
19635.9275 9.499e-8 
29349.5471 8.296e-7 
  954.5542 .0001276 
 5537.5513 .0001989 
11675.7192 .0033852 
19616.2418 9.497e-8 
29329.8475 8.296e-7 
 5522.0168 .0001400 
13462.5394 .0032452 
23176.1452 5.224e-8 
34659.8548 2.794e-7 
 5522.4762 .0001400 
13462.0643 .0032451 
23175.6838 5.224e-8 
34659.3933 2.794e-7 
 5518.5255 8.887e-5 
15232.1450 .0027513 
26715.8545 2.716e-8 
39968.2821 9.142e-8 
 5518.5335 8.887e-5 
15232.1392 .0027513 
26715.8489 2.716e-8 
39968.2765 9.142e-8 
 5516.5903 5.058e-5 
17000.2999 .0020902 
30252.7275 1.301e-8 
45273.2037 2.758e-8 
 5516.5903 5.058e-5 
17000.2998 .0020902 
30252.7275 1.301e-8 
45273.2036 2.758e-8 
 5515.4439 2.564e-5 
18767.8716 .0014315 
 5515.4439 2.564e-5 
18767.8716 .0014315 
 5514.7073 1.143e-5 
20535.1834 .0008872 
 5514.7073 1.143e-5 
20535.1834 .0008872 
 5514.2042 4.376e-6 
22302.3390 .0004988 
 5514.2042 4.376e-6 
22302.3390 .0004988 
 5513.8442 1.365e-6 
24069.3622 .0002549 
 5513.8442 1.365e-6 
24069.3622 .0002549 
 5513.5766 2.929e-7 
25836.2426 .0001186 
 5513.5766 2.929e-7 
25836.2426 .0001186 
 2944.1957 1.066e-5 
17061.5978 1.276e-8 
 2665.9264 2.009e-8 
 8839.7897 1.075e-6 
  802.5016 1.625e-8 
 6956.2040 2.310e-6 
 5199.1481 1.853e-8 
13143.1541 3.852e-7 
 4740.6258 1.818e-8 
12684.1647 3.999e-7 
  649.2206 5.858e-5 
 8592.7594 9.980e-9 
18308.3141 9.863e-8 
  616.1510 5.568e-5 
 8560.1570 9.956e-9 
18275.7060 9.858e-8 
 2421.9891 .0001229 
23622.3940 2.362e-8 
 2421.0627 .0001228 
23621.4732 2.362e-8 
 4197.0292 .0001052 
 4197.0155 .0001052 
 5968.2657 6.450e-5 
 5968.2656 6.450e-5 
 7737.7204 3.090e-5 
 7737.7204 3.090e-5 
 9506.2720 1.160e-5 
 9506.2720 1.160e-5 
11274.2906 3.218e-6 
11274.2906 3.218e-6 
13041.9414 5.337e-7 
13041.9414 5.337e-7 
 2161.3935 .0013095 
 3918.4493 1.017e-6 
 8501.4464 8.371e-5 
22580.1369 7.045e-8 
 1883.1242 1.275e-6 
 3640.1801 .0014792 
 8223.1772 1.670e-7 
14361.3450 5.946e-6 
 2216.0396 .0017220 
 6307.4449 3.597e-7 
12479.1416 1.407e-5 
  458.9838 9.183e-7 
 4550.3890 .0019856 
10722.0858 1.291e-7 
18661.6739 2.273e-6 
 4124.0133 .0019159 
10262.1812 1.330e-7 
18202.7038 2.384e-6 
   32.6081 1.287e-7 
 6170.7759 .0020017 
14111.2986 6.775e-8 
23824.9043 6.626e-7 
 6139.0887 .0019938 
14078.6768 6.768e-8 
23792.2963 6.626e-7 
 7940.5090 .0017118 
17654.1285 3.282e-8 
29137.8380 1.916e-7 
 7939.6018 .0017116 
17653.2075 3.282e-8 
29136.9172 1.916e-7 
 9713.6194 .0012630 
21197.3290 1.458e-8 
34449.7567 5.267e-8 
 9713.6059 .0012630 
21197.3154 1.458e-8 
34449.7430 5.267e-8 
11483.7096 .0008112 
39756.6134 1.304e-8 
11483.7095 .0008112 
39756.6133 1.304e-8 
13252.4276 .0004540 
13252.4276 .0004540 
15020.4762 .0002199 
15020.4762 .0002199 
16788.1348 9.037e-5 
16788.1348 9.037e-5 
18555.5180 2.996e-5 
18555.5180 2.996e-5 
20322.6660 6.773e-6 
20322.6660 6.773e-6 
 5822.9794 .0002756 
 6052.6026 .0046345 
10465.6750 8.543e-7 
14454.9159 9.965e-5 
28559.6729 8.569e-8 
 5544.7102 .0041526 
 5774.3333 .0002693 
10187.4057 .0009785 
14176.6467 2.045e-7 
20346.9706 6.717e-6 
 6074.4885 .0002568 
 7698.4499 .0026641 
12345.2360 4.657e-7 
18462.1121 1.660e-5 
 4317.4326 .0011514 
 5941.3941 .0002277 
10588.1801 .0024090 
16705.0562 1.610e-7 
24641.2542 2.874e-6 
 1445.5463 7.906e-8 
 1675.1695 .0001022 
 6088.2419 .0002277 
10077.4828 .0024976 
16247.8068 1.683e-7 
24182.2398 3.031e-6 
 1996.8366 .0002485 
 5986.0776 .0001788 
12156.4016 .0027666 
20090.8345 9.204e-8 
29801.9953 9.634e-7 
 1358.3970 .0001503 
 6005.1831 .0001790 
12122.0591 .0027630 
20058.2571 9.201e-8 
29769.3869 9.635e-7 
 5983.8913 .0001271 
13920.0893 .0026305 
23631.2190 5.075e-8 
35113.4714 3.315e-7 
 5984.7048 .0001271 
13919.1378 .0026303 
23630.2985 5.075e-8 
35112.5506 3.315e-7 
 5979.5496 8.167e-5 
15690.7104 .0022123 
27172.9625 2.662e-8 
40424.4542 1.124e-7 
 5979.5666 8.167e-5 
15690.6964 .0022123 
27172.9488 2.662e-8 
40424.4406 1.124e-7 
 5977.0907 4.731e-5 
17459.3431 .0016681 
30710.8348 1.299e-8 
45730.6724 3.592e-8 
 5977.0909 4.731e-5 
17459.3429 .0016681 
30710.8347 1.299e-8 
45730.6723 3.592e-8 
 5975.6334 2.459e-5 
19227.1252 .0011347 
51034.6410 1.038e-8 
 5975.6334 2.459e-5 
19227.1252 .0011347 
51034.6409 1.038e-8 
 5974.6976 1.139e-5 
20994.5351 .0006989 
 5974.6976 1.139e-5 
20994.5351 .0006989 
 5974.0590 4.642e-6 
22761.7371 .0003908 
 5974.0590 4.642e-6 
22761.7371 .0003908 
 5973.6024 1.626e-6 
24528.7815 .0001987 
 5973.6024 1.626e-6 
24528.7815 .0001987 
 5973.2635 4.643e-7 
26295.6700 9.200e-5 
 5973.2635 4.643e-7 
26295.6700 9.200e-5 
 5973.0040 9.117e-8 
28062.3799 3.884e-5 
 5973.0040 9.117e-8 
28062.3799 3.884e-5 
 2645.8589 9.721e-6 
16757.1438 1.849e-8 
 2416.2357 1.655e-8 
 8587.9325 1.134e-6 
 6403.7323 2.697e-6 
 4779.7709 1.725e-8 
12720.2935 4.586e-7 
 4174.8601 1.672e-8 
12114.4483 4.843e-7 
  185.6192 1.456e-5 
 8125.2073 1.002e-8 
17838.8268 1.260e-7 
  132.9848 1.046e-5 
 8073.5074 9.983e-9 
17787.1132 1.259e-7 
 1956.6313 8.911e-5 
23153.9467 3.258e-8 
 1954.8833 8.904e-5 
23152.2123 3.257e-8 
 3734.0699 8.723e-5 
28470.2070 7.774e-9 
 3734.0391 8.723e-5 
28470.1763 7.774e-9 
 5506.6189 5.828e-5 
 5506.6186 5.828e-5 
 7276.7942 3.050e-5 
 7276.7942 3.050e-5 
 9045.7786 1.287e-5 
 9045.7786 1.287e-5 
10814.0758 4.321e-6 
10814.0758 4.321e-6 
12581.9157 1.081e-6 
12581.9157 1.081e-6 
14349.4026 1.624e-7 
14349.4026 1.624e-7 
 2412.9025 .0010842 
 4036.8640 9.137e-7 
 8683.6500 8.105e-5 
22736.7241 9.632e-8 
 2183.2793 1.053e-6 
 3807.2408 .0012173 
 8454.0269 1.455e-7 
14570.9030 6.144e-6 
 2229.7930 .0014256 
 6219.0340 3.563e-7 
12389.3580 1.659e-5 
  605.8316 8.214e-7 
 4595.0725 .0016347 
10765.3965 1.228e-7 
18699.8294 2.577e-6 
 4040.9545 .0015667 
10157.8306 1.286e-7 
18094.0286 2.763e-6 
   51.7136 1.407e-7 
 6168.5897 .0016508 
14104.7876 6.611e-8 
23815.9174 7.808e-7 
 6118.6104 .0016405 
14053.0434 6.601e-8 
23764.2042 7.807e-7 
 7936.1673 .0014218 
17647.3281 3.275e-8 
29129.5801 2.349e-7 
 7934.4636 .0014215 
17645.5934 3.275e-8 
29127.8458 2.349e-7 
 9711.1605 .0010615 
21193.4128 1.501e-8 
34444.9046 6.832e-8 
 9711.1301 .0010614 
21193.3821 1.501e-8 
34444.8739 6.832e-8 
11482.2524 .0006936 
39753.5817 1.837e-8 
11482.2521 .0006936 
39753.5814 1.837e-8 
13251.4918 .0003982 
13251.4918 .0003982 
15019.8375 .0002004 
15019.8375 .0002004 
16787.6782 8.763e-5 
16787.6782 8.763e-5 
18555.1791 3.261e-5 
18555.1791 3.261e-5 
20322.4066 9.813e-6 
20322.4066 9.813e-6 
22089.3759 2.017e-6 
22089.3759 2.017e-6 
 6255.9114 .0002388 
 6443.2418 .0040828 
11208.5718 6.713e-7 
15079.3314 9.667e-5 
29177.5447 1.109e-7 
 6026.2882 .0037605 
 6213.6186 .0002344 
10978.9486 .0006975 
14849.7083 1.785e-7 
21020.1366 6.682e-6 
 6530.1028 .0002199 
 8017.2111 .0022764 
12745.4575 4.573e-7 
18833.7467 1.903e-5 
 4906.1413 .0011232 
 6393.2496 .0001970 
11121.4960 .0018891 
17209.7853 1.490e-7 
25140.7454 3.093e-6 
 1613.2158 6.502e-8 
 1800.5463 7.415e-5 
 6565.8763 .0001960 
10436.6359 .0020044 
16607.0642 1.591e-7 
24534.8491 3.343e-6 
 2576.6353 .0002665 
 6447.3950 .0001551 
12617.8233 .0022007 
20545.6082 8.570e-8 
30253.7011 1.056e-6 
 1746.4636 .0001533 
 6474.7100 .0001553 
12562.9992 .0021967 
20493.9593 8.566e-8 
30201.9868 1.056e-6 
  357.8339 2.355e-5 
 6446.1231 .0001111 
14377.0832 .0020810 
24085.1107 4.729e-8 
35565.5429 3.688e-7 
  277.0710 1.817e-5 
 6447.4993 .0001111 
14375.2842 .0020808 
24083.3771 4.728e-8 
35563.8086 3.688e-7 
 6440.8512 7.204e-5 
16148.9442 .0017382 
27629.3756 2.494e-8 
40879.6991 1.282e-7 
 6440.8852 7.204e-5 
16148.9127 .0017382 
27629.3449 2.494e-8 
40879.6684 1.282e-7 
 6437.7829 4.228e-5 
17918.2152 .0013019 
31168.5387 1.231e-8 
46187.5796 4.255e-8 
 6437.7834 4.228e-5 
17918.2148 .0013019 
31168.5384 1.231e-8 
46187.5792 4.255e-8 
 6435.9628 2.238e-5 
19686.2863 .0008802 
51492.4362 1.306e-8 
 6435.9628 2.238e-5 
19686.2863 .0008802 
51492.4362 1.306e-8 
 6434.7945 1.064e-5 
21453.8354 .0005391 
 6434.7945 1.064e-5 
21453.8354 .0005391 
 6433.9978 4.507e-6 
23221.1069 .0002999 
 6433.9978 4.507e-6 
23221.1069 .0002999 
 6433.4287 1.681e-6 
24988.1858 .0001518 
 6433.4287 1.681e-6 
24988.1858 .0001518 
 6433.0067 5.390e-7 
26755.0906 6.999e-5 
 6433.0067 5.390e-7 
26755.0906 6.999e-5 
 6432.6840 1.409e-7 
28521.8067 2.943e-5 
 6432.6840 1.409e-7 
28521.8067 2.943e-5 
 6432.4307 2.534e-8 
30288.3003 1.130e-5 
 6432.4307 2.534e-8 
30288.3003 1.130e-5 
 2376.0251 8.224e-6 
16480.7821 2.401e-8 
 2188.6947 1.292e-8 
 8359.0187 1.116e-6 
 5857.5208 2.932e-6 
 4370.4125 1.514e-8 
12306.6105 5.072e-7 
 3593.6887 1.435e-8 
11528.1216 5.477e-7 
 7657.3620 9.470e-9 
17368.5228 1.483e-7 
 7578.3641 9.405e-9 
17289.4939 1.482e-7 
 1490.0749 5.826e-5 
22683.4570 4.068e-8 
 1486.9337 5.814e-5 
22680.3465 4.068e-8 
 3270.3095 6.756e-5 
28004.0534 1.047e-8 
 3270.2445 6.756e-5 
28003.9887 1.047e-8 
 5044.4695 4.900e-5 
 5044.4687 4.900e-5 
 6815.5290 2.754e-5 
 6815.5290 2.754e-5 
 8585.0430 1.262e-5 
 8585.0430 1.262e-5 
10353.6803 4.748e-6 
10353.6803 4.748e-6 
12121.7504 1.434e-6 
12121.7504 1.434e-6 
13889.3999 3.248e-7 
13889.3999 3.248e-7 
15656.6919 4.433e-8 
15656.6919 4.433e-8 
 2687.0940 .0008727 
 4174.2022 7.858e-7 
 8902.4487 7.301e-5 
22921.6980 1.194e-7 
 2499.7635 8.498e-7 
 3986.8718 .0009748 
 8715.1182 1.204e-7 
14803.4074 5.973e-6 
 2265.5665 .0011462 
 6136.3261 3.386e-7 
12306.7544 1.848e-5 
29942.6323 8.235e-9 
  778.4582 7.031e-7 
 4649.2178 .0013080 
10819.6461 1.116e-7 
18747.4310 2.750e-6 
 3949.7882 .0012459 
10038.0774 1.196e-7 
17969.0375 3.035e-6 
   79.0286 1.455e-7 
 6167.3178 .0013213 
14098.2779 6.161e-8 
23806.3054 8.627e-7 
 6091.3997 .0013089 
14019.1846 6.148e-8 
23727.2776 8.626e-7 
    3.1105 7.783e-9 
 7930.8954 .0011437 
17638.9884 3.107e-8 
29119.4198 2.676e-7 
 7927.8496 .0011433 
17635.8770 3.107e-8 
29116.3093 2.676e-7 
 9708.0921 .0008614 
21188.5244 1.457e-8 
34438.8479 8.111e-8 
 9708.0283 .0008614 
21188.4597 1.457e-8 
34438.7832 8.111e-8 
11480.4322 .0005701 
39749.7966 2.310e-8 
11480.4314 .0005701 
39749.7958 2.310e-8 
13250.3235 .0003332 
13250.3235 .0003332 
15019.0409 .0001721 
15019.0409 .0001721 
16787.1090 7.821e-5 
16787.1090 7.821e-5 
18554.7571 3.099e-5 
18554.7571 3.099e-5 
20322.0839 1.047e-5 
20322.0839 1.047e-5 
22089.1227 2.866e-6 
22089.1227 2.866e-6 
23855.8696 5.366e-7 
23855.8696 5.366e-7 
 6688.2932 .0002006 
 6839.5757 .0034863 
11995.3546 4.997e-7 
15731.9014 8.804e-5 
29824.0850 1.313e-7 
 6500.9627 .0032787 
 6652.2452 .0001976 
11808.0242 .0004817 
15544.5709 1.492e-7 
21717.4664 6.282e-6 
 6982.7083 .0001823 
 8331.1443 .0018989 
13161.6963 4.296e-7 
19212.3542 2.076e-5 
36841.3147 1.008e-8 
 5495.6000 .0010504 
 6844.0360 .0001650 
11674.5880 .0014326 
17725.2459 1.326e-7 
25650.0119 3.161e-6 
 1735.6327 4.864e-8 
 1886.9152 5.052e-5 
 7042.6942 .0001631 
10779.2409 .0015704 
16952.1364 1.457e-7 
24871.4246 3.527e-6 
 3171.9345 .0002652 
 6908.4813 .0001301 
13081.3768 .0017052 
21000.6649 7.690e-8 
30704.9905 1.099e-6 
  767.3536 1.532e-8 
 2115.7896 .0001415 
 6946.3416 .0001303 
12996.9995 .0017011 
20921.7655 7.686e-8 
30625.9600 1.100e-6 
  858.0524 4.559e-5 
 6908.7103 9.368e-5 
14833.4763 .0016065 
24537.6708 4.241e-8 
36015.8638 3.879e-7 
  738.0530 3.897e-5 
 6910.9485 9.369e-5 
14830.2366 .0016063 
24534.5621 4.241e-8 
36012.7532 3.879e-7 
 6902.4517 6.122e-5 
16606.7772 .0013342 
28084.9683 2.244e-8 
41333.8554 1.372e-7 
 6902.5161 6.122e-5 
16606.7107 .0013342 
28084.9037 2.244e-8 
41333.7907 1.372e-7 
 6898.6832 3.629e-5 
18376.8762 .0009934 
31625.7632 1.116e-8 
46643.8251 4.678e-8 
 6898.6843 3.629e-5 
18376.8754 .0009934 
31625.7624 1.116e-8 
46643.8243 4.678e-8 
 6896.4439 1.947e-5 
20145.3310 .0006679 
51949.8029 1.494e-8 
 6896.4440 1.947e-5 
20145.3310 .0006679 
51949.8029 1.494e-8 
 6895.0075 9.430e-6 
21913.0693 .0004070 
 6895.0075 9.430e-6 
21913.0693 .0004070 
 6894.0284 4.102e-6 
23680.4385 .0002254 
 6894.0284 4.102e-6 
23680.4385 .0002254 
 6893.3295 1.591e-6 
25447.5688 .0001136 
 6893.3295 1.591e-6 
25447.5688 .0001136 
 6892.8117 5.432e-7 
27214.5001 5.217e-5 
 6892.8117 5.432e-7 
27214.5001 5.217e-5 
 6892.4162 1.595e-7 
28981.2289 2.186e-5 
 6892.4162 1.595e-7 
28981.2289 2.186e-5 
 6892.1062 3.820e-8 
30747.7274 8.365e-6 
 6892.1062 3.820e-8 
30747.7274 8.365e-6 
32513.9513 2.924e-6 
32513.9513 2.924e-6 
 2135.1269 6.513e-6 
16233.3401 2.832e-8 
 1983.8444 9.611e-9 
 8154.2727 1.032e-6 
 5320.9356 2.978e-6 
 3972.4997 1.256e-8 
11903.4598 5.256e-7 
 2998.4938 1.147e-8 
10926.2787 5.838e-7 
 7189.7319 8.469e-9 
16897.8249 1.627e-7 
 7072.9077 8.377e-9 
16780.9352 1.625e-7 
 1022.2498 3.297e-5 
22210.7095 4.683e-8 
 1016.8364 3.280e-5 
22205.3608 4.682e-8 
 2805.6412 4.898e-5 
27536.3962 1.276e-8 
 2805.5113 4.898e-5 
27536.2671 1.276e-8 
 4581.7490 3.871e-5 
 4581.7471 3.871e-5 
 6353.8796 2.317e-5 
 6353.8796 2.317e-5 
 8124.0334 1.132e-5 
 8124.0334 1.132e-5 
 9893.0806 4.607e-6 
 9893.0806 4.607e-6 
11661.4276 1.557e-6 
11661.4276 1.557e-6 
13429.2722 4.252e-7 
13429.2722 4.252e-7 
15196.7065 8.738e-8 
15196.7065 8.738e-8 
16963.7633 1.086e-8 
16963.7633 1.086e-8 
 2981.5091 .0006840 
 4329.9450 6.492e-7 
 9160.4971 6.149e-5 
23135.9210 1.357e-7 
 2830.2266 6.697e-7 
 4178.6625 .0007601 
 9009.2146 9.471e-8 
15059.8725 5.490e-6 
 2325.5523 .0008961 
 6062.0991 3.091e-7 
12234.9946 1.951e-5 
29858.6083 1.183e-8 
  977.1164 5.780e-7 
 4713.6632 .0010182 
10886.5587 9.721e-8 
18805.8468 2.777e-6 
 3853.4356 .0009647 
 9904.0935 1.073e-7 
17828.8595 3.181e-6 
  116.8889 1.427e-7 
 6167.5468 .0010278 
14092.3127 5.506e-8 
23796.5073 9.007e-7 
 6056.0067 .0010138 
13975.2948 5.490e-8 
23679.6203 9.008e-7 
    5.3487 8.958e-9 
 7924.6369 .0008928 
17628.9624 2.818e-8 
29107.1534 2.862e-7 
 7919.4172 .0008923 
17623.6118 2.817e-8 
29101.8047 2.862e-7 
 9704.3236 .0006770 
21182.5166 1.346e-8 
34431.4036 8.952e-8 
 9704.1964 .0006770 
21182.3875 1.346e-8 
34431.2745 8.952e-8 
11478.1930 .0004523 
39745.1419 2.660e-8 
11478.1911 .0004523 
39745.1400 2.660e-8 
13248.8870 .0002679 
13248.8870 .0002679 
15018.0619 .0001409 
15018.0619 .0001409 
16786.4101 6.576e-5 
16786.4101 6.576e-5 
18554.2393 2.709e-5 
18554.2393 2.709e-5 
20321.6884 9.750e-6 
20321.6884 9.750e-6 
22088.8127 2.997e-6 
22088.8127 2.997e-6 
23855.6211 7.473e-7 
23855.6211 7.473e-7 
25622.0935 1.276e-7 
25622.0935 1.276e-7 
 7120.4753 .0001636 
 7241.5562 .0028880 
12825.2537 3.549e-7 
16412.8252 7.571e-5 
30500.1636 1.434e-7 
 6969.1928 .0027589 
 7090.2736 .0001617 
12673.9712 .0003232 
16261.5427 1.199e-7 
22440.3790 5.600e-6 
 7432.0867 .0001465 
 8642.1525 .0015469 
13599.2165 3.855e-7 
19601.2864 2.155e-5 
37218.4145 1.375e-8 
 6083.6508 .0009447 
 7293.7166 .0001339 
12250.7806 .0010501 
18252.8505 1.136e-7 
26170.4645 3.078e-6 
 1813.4139 3.363e-8 
 1934.4947 3.258e-5 
 7518.1923 .0001313 
11105.7637 .0012024 
17284.6000 1.295e-7 
25193.1022 3.576e-6 
 3781.6455 .0002490 
 7369.2170 .0001057 
13548.0532 .0012869 
21456.5554 6.661e-8 
31156.3195 1.091e-6 
 1253.0987 2.242e-8 
 2463.1645 .0001204 
 7420.2285 .0001057 
13422.2985 .0012831 
21339.9125 6.659e-8 
31039.4265 1.092e-6 
 1369.5706 5.680e-5 
 7371.6405 7.643e-5 
15289.2545 .0012103 
24988.7686 3.671e-8 
36464.2428 3.883e-7 
 1196.3215 4.913e-5 
 7375.1577 7.645e-5 
15283.6599 .0012099 
24983.4240 3.670e-8 
36458.8940 3.882e-7 
 7364.3718 5.025e-5 
17064.1359 .0010003 
28539.6059 1.945e-8 
41786.7498 1.391e-7 
 7364.4886 5.026e-5 
17064.0026 .0010002 
28539.4769 1.945e-8 
41786.6206 1.391e-7 
 7359.8081 3.003e-5 
18835.2823 .0007410 
32082.4261 9.716e-9 
47099.3006 4.834e-8 
 7359.8104 3.003e-5 
18835.2804 .0007410 
32082.4242 9.716e-9 
47099.2987 4.834e-8 
 7357.0893 1.628e-5 
20604.2332 .0004957 
52406.6705 1.589e-8 
 7357.0893 1.628e-5 
20604.2331 .0004957 
52406.6705 1.589e-8 
 7355.3461 7.994e-6 
22372.2206 .0003007 
 7355.3461 7.994e-6 
22372.2206 .0003007 
 7354.1587 3.544e-6 
24139.7216 .0001658 
 7354.1587 3.544e-6 
24139.7216 .0001658 
 7353.3115 1.411e-6 
25906.9236 8.322e-5 
 7353.3115 1.411e-6 
25906.9236 8.322e-5 
 7352.6843 5.013e-7 
27673.8941 3.809e-5 
 7352.6843 5.013e-7 
27673.8941 3.809e-5 
 7352.2057 1.568e-7 
29440.6437 1.591e-5 
 7352.2057 1.568e-7 
29440.6437 1.591e-5 
 7351.8310 4.219e-8 
31207.1522 6.068e-6 
 7351.8310 4.219e-8 
31207.1522 6.068e-6 
 7351.5311 9.261e-9 
32973.3799 2.115e-6 
 7351.5311 9.261e-9 
32973.3799 2.115e-6 
34739.2723 6.743e-7 
34739.2723 6.743e-7 
 1923.1329 4.868e-6 
16015.3165 3.068e-8 
 7974.9476 9.016e-7 
 4797.5592 2.833e-6 
 3587.4934 9.896e-9 
11512.2593 5.135e-7 
 2391.2500 8.454e-9 
10310.5381 5.901e-7 
16427.2922 1.679e-7 
16259.3899 1.675e-7 
  553.1254 1.419e-5 
21735.5129 5.029e-8 
  544.1304 1.396e-5 
21726.6470 5.027e-8 
 2339.9537 3.316e-5 
27067.0318 1.435e-8 
 2339.7060 3.315e-5 
27066.7860 1.435e-8 
 4118.3849 2.891e-5 
 4118.3807 2.891e-5 
 5891.7977 1.837e-5 
 5891.7977 1.837e-5 
 7662.7157 9.467e-6 
 7662.7157 9.467e-6 
 9432.2514 4.091e-6 
 9432.2514 4.091e-6 
11200.9278 1.492e-6 
11200.9278 1.492e-6 
12969.0041 4.552e-7 
12969.0041 4.552e-7 
14736.6070 1.127e-7 
14736.6070 1.127e-7 
16503.7902 2.107e-8 
16503.7902 2.107e-8 
 3293.1205 .0005227 
 4503.1863 5.169e-7 
 9460.2503 4.862e-5 
23379.9342 1.426e-7 
 3172.0396 5.159e-7 
 4382.1055 .0005775 
 9339.1694 7.100e-8 
15341.2394 4.789e-6 
 2411.6580 .0006818 
 5999.2294 2.714e-7 
12178.0657 1.954e-5 
29786.3320 1.576e-8 
 1201.5921 4.580e-7 
 4789.1636 .0007717 
10967.9998 8.129e-8 
18876.5020 2.666e-6 
 3755.4718 .0007278 
 9757.5418 9.316e-8 
17675.1558 3.196e-6 
  167.9004 1.331e-7 
 6169.9704 .0007779 
14087.5843 4.732e-8 
23787.0984 8.934e-7 
 6010.9359 .0007630 
13919.4381 4.714e-8 
23619.2022 8.941e-7 
    8.8659 9.754e-9 
 7917.3681 .0006773 
17617.1322 2.452e-8 
29092.6022 2.896e-7 
 7908.7481 .0006766 
17608.2621 2.451e-8 
29083.7364 2.895e-7 
 9699.7600 .0005162 
21175.2342 1.188e-8 
34422.3780 9.284e-8 
 9699.5182 .0005162 
21174.9882 1.188e-8 
34422.1321 9.284e-8 
11475.4742 .0003475 
39739.4925 2.850e-8 
11475.4701 .0003475 
39739.4883 2.850e-8 
13247.1438 .0002079 
45049.5812 8.166e-9 
13247.1438 .0002079 
45049.5811 8.166e-9 
15016.8745 .0001109 
15016.8745 .0001109 
16785.5629 5.272e-5 
16785.5629 5.272e-5 
18553.6121 2.230e-5 
18553.6121 2.230e-5 
20321.2098 8.348e-6 
20321.2098 8.348e-6 
22088.4380 2.734e-6 
22088.4380 2.734e-6 
23855.3212 7.658e-7 
23855.3212 7.658e-7 
25621.8488 1.742e-7 
25621.8488 1.742e-7 
27387.9859 2.715e-8 
27387.9859 2.715e-8 
 7552.7013 .0001298 
 7648.8495 .0023229 
13696.7343 2.421e-7 
17121.8297 6.177e-5 
31206.3195 1.455e-7 
 7431.6204 .0022453 
 7527.7687 .0001286 
13575.6534 .0002114 
17000.7488 9.274e-8 
23190.3566 4.746e-6 
 7878.1127 .0001144 
 8952.3331 .0012307 
14063.5558 3.299e-7 
20004.0895 2.133e-5 
37607.5024 1.752e-8 
 6668.0469 .0008186 
 7742.2672 .0001055 
12853.4900 .0007435 
18794.0237 9.385e-8 
26703.5826 2.863e-6 
 1847.9229 2.174e-8 
 1944.0711 2.000e-5 
 7991.9558 .0001025 
11417.0512 .0009007 
17606.6590 1.119e-7 
25501.5410 3.496e-6 
 4404.3844 .0002228 
 7829.4798 8.326e-5 
14019.0876 .0009458 
21913.9696 5.580e-8 
31608.2817 1.037e-6 
 1710.9829 2.599e-8 
 2785.2033 9.564e-5 
 7896.4260 8.319e-5 
13836.9597 .0009428 
21746.5186 5.581e-8 
31440.3726 1.039e-6 
 1894.3561 5.942e-5 
 7834.8898 6.042e-5 
15744.4487 .0008897 
25438.3026 3.072e-8 
36910.5139 3.713e-7 
 1650.6435 5.101e-5 
 7840.2513 6.043e-5 
15735.1333 .0008892 
25429.4454 3.071e-8 
36901.6479 3.713e-7 
 7826.6311 3.993e-5 
17520.9432 .0007324 
28993.1457 1.628e-8 
42238.1984 1.342e-7 
 7826.8347 3.993e-5 
17520.6887 .0007324 
28992.8999 1.628e-8 
42237.9526 1.342e-7 
 7821.1746 2.401e-5 
19293.3859 .0005401 
32538.4385 8.159e-9 
47553.8893 4.734e-8 
 7821.1791 2.401e-5 
19293.3816 .0005401 
32538.4343 8.159e-9 
47553.8851 4.734e-8 
 7817.9116 1.313e-5 
21062.9643 .0003597 
52862.9628 1.589e-8 
 7817.9117 1.313e-5 
21062.9643 .0003597 
52862.9627 1.589e-8 
 7815.8205 6.515e-6 
22831.2713 .0002173 
 7815.8205 6.515e-6 
22831.2713 .0002173 
 7814.3968 2.929e-6 
24598.9445 .0001193 
 7814.3968 2.929e-6 
24598.9445 .0001193 
 7813.3816 1.189e-6 
26366.2426 5.969e-5 
 7813.3816 1.189e-6 
26366.2426 5.969e-5 
 7812.6305 4.338e-7 
28133.2675 2.723e-5 
 7812.6305 4.338e-7 
28133.2675 2.723e-5 
 7812.0578 1.412e-7 
29900.0478 1.134e-5 
 7812.0578 1.412e-7 
29900.0478 1.134e-5 
 7811.6098 4.048e-8 
31666.5730 4.312e-6 
 7811.6098 4.048e-8 
31666.5730 4.312e-6 
 7811.2517 9.983e-9 
33432.8087 1.499e-6 
 7811.2517 9.983e-9 
33432.8087 1.499e-6 
35198.7039 4.767e-7 
35198.7039 4.767e-7 
36964.1938 1.387e-7 
36964.1938 1.387e-7 
 1739.6486 3.461e-6 
15826.9870 3.080e-8 
 7822.3366 7.470e-7 
 4291.0870 2.528e-6 
11134.4807 4.752e-7 
 9682.9541 5.683e-7 
15957.6228 1.638e-7 
15722.7720 1.634e-7 
   82.7242 1.631e-6 
21257.7125 5.082e-8 
   68.2509 1.346e-6 
21243.4850 5.079e-8 
 1873.1330 2.076e-5 
26595.7468 1.506e-8 
 1872.6794 2.076e-5 
26595.2974 1.506e-8 
 3654.2996 2.046e-5 
 3654.2909 2.046e-5 
 5429.2322 1.381e-5 
 5429.2321 1.381e-5 
 7201.0540 7.470e-6 
 7201.0540 7.470e-6 
 8971.1660 3.388e-6 
 8971.1660 3.388e-6 
10740.2305 1.308e-6 
10740.2305 1.308e-6 
12508.5793 4.301e-7 
12508.5793 4.301e-7 
14276.3802 1.189e-7 
14276.3802 1.189e-7 
16043.7114 2.676e-8 
16043.7114 2.676e-8 
 3618.5319 .0003899 
 4692.7522 3.977e-7 
 9803.9750 3.622e-5 
23654.0676 1.396e-7 
 3522.3837 3.885e-7 
 4596.6040 .0004279 
 9707.8268 5.076e-8 
15648.3605 3.978e-6 
 2525.5010 .0005053 
 5950.5965 2.294e-7 
12140.2042 1.858e-5 
29729.3983 1.956e-8 
 1451.2807 3.508e-7 
 4876.3761 .0005698 
11065.9839 6.534e-8 
18960.8659 2.439e-6 
 3659.9420 .0005353 
 9600.4758 7.848e-8 
17510.0347 3.090e-6 
  234.8466 1.183e-7 
 6175.3803 .0005732 
14084.9392 3.920e-8 
23778.7932 8.457e-7 
 5954.7611 .0005583 
13849.6432 3.903e-8 
23543.9553 8.473e-7 
   14.2274 1.008e-8 
 7909.1094 .0004998 
17603.4215 2.054e-8 
29075.6240 2.787e-7 
 7895.3315 .0004989 
17589.1854 2.053e-8 
29061.3967 2.786e-7 
 9694.3034 .0003825 
21166.5147 1.007e-8 
34411.5673 9.113e-8 
 9693.8626 .0003825 
21166.0651 1.007e-8 
34411.1179 9.113e-8 
11472.2112 .0002590 
39732.7147 2.870e-8 
11472.2026 .0002590 
39732.7060 2.870e-8 
13245.0527 .0001562 
45045.0512 8.503e-9 
13245.0526 .0001562 
45045.0511 8.503e-9 
15015.4508 8.417e-5 
15015.4508 8.417e-5 
16784.5476 4.059e-5 
16784.5476 4.059e-5 
18552.8610 1.750e-5 
18552.8610 1.750e-5 
20320.6370 6.729e-6 
20320.6370 6.729e-6 
22087.9900 2.292e-6 
22087.9900 2.292e-6 
23854.9632 6.842e-7 
23854.9632 6.842e-7 
25621.5570 1.748e-7 
25621.5570 1.748e-7 
27387.7440 3.631e-8 
27387.7440 3.631e-8 
 7985.1212 .0001001 
 8060.9448 .0018156 
14607.6759 1.596e-7 
17858.2770 4.805e-5 
31942.8660 1.382e-7 
 7888.9730 .0017704 
 7964.7966 9.944e-5 
14511.5277 .0001352 
17762.1288 6.918e-8 
23968.9622 3.832e-6 
 8320.7892 8.676e-5 
 9263.8973 .0009562 
14560.3013 2.687e-7 
20424.3979 2.012e-5 
38012.1896 2.093e-8 
 7246.5688 .0006844 
 8189.6770 8.082e-5 
13486.0810 .0005084 
19350.1776 7.481e-8 
27250.9061 2.548e-6 
 1841.0882 1.326e-8 
 1916.9118 1.174e-5 
 8463.6429 7.759e-5 
11714.2441 .0006606 
17921.0774 9.411e-8 
25798.8330 3.305e-6 
 5038.5475 .0001914 
 8289.1486 6.365e-5 
14495.9820 .0006768 
22373.7376 4.526e-8 
32061.6104 9.462e-7 
 2135.3461 2.605e-8 
 3078.4542 7.133e-5 
 8374.8582 6.349e-5 
14238.9548 .0006749 
22139.6834 4.531e-8 
31826.7465 9.502e-7 
 2434.3245 5.605e-5 
 8298.4211 4.633e-5 
16199.1496 .0006381 
25886.2128 2.489e-8 
37354.5481 3.405e-7 
 2099.5409 4.727e-5 
 8306.3742 4.634e-5 
16184.1298 .0006377 
25872.0027 2.488e-8 
37340.3204 3.404e-7 
  411.4922 6.043e-6 
 8289.2478 3.075e-5 
17977.1207 .0005238 
29445.4384 1.319e-8 
42688.0082 1.240e-7 
  388.8622 5.708e-6 
 8289.5907 3.075e-5 
17976.6539 .0005237 
29444.9892 1.319e-8 
42687.5587 1.240e-7 
 8282.7999 1.859e-5 
19751.1352 .0003848 
48007.4660 4.420e-8 
 8282.8086 1.859e-5 
19751.1263 .0003848 
48007.4574 4.420e-8 
 8278.9238 1.023e-5 
21521.4936 .0002552 
53318.5983 1.507e-8 
 8278.9240 1.023e-5 
21521.4935 .0002552 
53318.5982 1.507e-8 
 8276.4408 5.121e-6 
23290.2022 .0001536 
 8276.4409 5.121e-6 
23290.2022 .0001536 
 8274.7513 2.328e-6 
25058.0947 8.404e-5 
 8274.7513 2.328e-6 
25058.0947 8.404e-5 
 8273.5471 9.587e-7 
26825.5176 4.190e-5 
 8273.5471 9.587e-7 
26825.5176 4.190e-5 
 8272.6566 3.566e-7 
28592.6151 1.905e-5 
 8272.6566 3.566e-7 
28592.6151 1.905e-5 
 8271.9781 1.192e-7 
30359.4379 7.909e-6 
 8271.9781 1.192e-7 
30359.4379 7.909e-6 
 8271.4478 3.557e-8 
32125.9875 3.000e-6 
 8271.4478 3.557e-8 
32125.9875 3.000e-6 
 8271.0243 9.348e-9 
33892.2367 1.041e-6 
 8271.0243 9.348e-9 
33892.2367 1.041e-6 
35658.1384 3.301e-7 
35658.1384 3.301e-7 
37423.6304 9.584e-8 
37423.6304 9.584e-8 
39188.6372 2.547e-8 
39188.6372 2.547e-8 
 1584.0072 2.358e-6 
15668.4970 2.887e-8 
 7697.7914 5.891e-7 
 3805.1876 2.116e-6 
10771.6384 4.180e-7 
 9045.9423 5.231e-7 
15489.6532 1.519e-7 
15169.0884 1.515e-7 
20777.2031 4.864e-8 
20755.0224 4.860e-8 
 1405.0643 1.177e-5 
26122.3195 1.488e-8 
 1404.2632 1.177e-5 
26121.5271 1.488e-8 
 3189.4114 1.372e-5 
 3189.3939 1.372e-5 
 4966.1289 9.895e-6 
 4966.1286 9.895e-6 
 6739.0100 5.601e-6 
 6739.0100 5.601e-6 
 8509.7963 2.649e-6 
 8509.7963 2.649e-6 
10279.3139 1.070e-6 
10279.3139 1.070e-6 
12047.9804 3.719e-7 
12047.9804 3.719e-7 
13816.0120 1.106e-7 
13816.0120 1.106e-7 
15583.5153 2.777e-8 
15583.5153 2.777e-8 
 3954.1999 .0002839 
 4897.3080 2.964e-7 
10193.7120 2.552e-5 
23958.5372 1.281e-7 
 3878.3763 2.859e-7 
 4821.4844 .0003092 
10117.8884 3.465e-8 
15981.9850 3.155e-6 
 2668.3548 .0003649 
 5918.9560 1.867e-7 
12125.7893 1.678e-5 
29691.4177 2.268e-8 
 1725.2467 2.604e-7 
 4975.8478 .0004102 
11182.6812 5.055e-8 
19060.4368 2.133e-6 
 3571.1573 .0003839 
 9435.2539 6.421e-8 
17335.9825 2.881e-6 
  320.5562 1.004e-7 
 6184.6528 .0004115 
14085.3813 3.136e-8 
23772.4445 7.663e-7 
 5886.2772 .0003974 
13764.0328 3.121e-8 
23451.9056 7.695e-7 
   22.1806 9.930e-9 
 7899.9362 .0003590 
17587.8090 1.660e-8 
29056.1268 2.563e-7 
 7878.5480 .0003581 
17565.6111 1.658e-8 
29033.9465 2.561e-7 
 9687.8555 .0002757 
21156.1909 8.222e-9 
34398.7604 8.515e-8 
 9687.0805 .0002757 
21155.3982 8.222e-9 
34397.9680 8.514e-8 
11468.3351 .0001875 
39724.6661 2.737e-8 
11468.3180 .0001875 
39724.6488 2.737e-8 
13242.5697 .0001138 
45039.6745 8.327e-9 
13242.5695 .0001138 
45039.6742 8.327e-9 
15013.7613 6.185e-5 
15013.7613 6.185e-5 
16783.3434 3.015e-5 
16783.3434 3.015e-5 
18551.9705 1.319e-5 
18551.9705 1.319e-5 
20319.9585 5.169e-6 
20319.9585 5.169e-6 
22087.4598 1.809e-6 
22087.4598 1.809e-6 
23854.5397 5.618e-7 
23854.5397 5.618e-7 
25621.2123 1.530e-7 
25621.2123 1.530e-7 
27387.4587 3.570e-8 
27387.4587 3.570e-8 
 8417.8132 7.524e-5 
 8477.2461 .0013800 
15555.5172 1.021e-7 
18621.2622 3.577e-5 
32709.9824 1.234e-7 
 8341.9896 .0013545 
 8401.4226 7.483e-5 
15479.6936 8.467e-5 
18545.4386 4.987e-8 
24777.8589 2.952e-6 
 8760.2710 6.403e-5 
 9579.0571 .0007252 
15094.8047 2.080e-7 
20865.7926 1.809e-5 
38436.1022 2.347e-8 
 7817.1629 .0005525 
 8635.9489 6.019e-5 
14151.6966 .0003357 
19922.6845 5.759e-8 
27814.0272 2.175e-6 
 1795.2585 7.679e-9 
 1854.6914 6.618e-6 
 8932.9624 5.705e-5 
11998.7075 .0004746 
18231.1278 7.707e-8 
26087.4277 3.024e-6 
 5682.3613 .0001585 
 8748.1064 4.728e-5 
14980.5267 .0004714 
22836.8266 3.556e-8 
32517.1795 8.304e-7 
 2520.7589 2.333e-8 
 3339.5450 5.016e-5 
 8855.2926 4.704e-5 
14626.2805 .0004709 
22517.6232 3.568e-8 
32196.5901 8.365e-7 
 2991.1960 4.913e-5 
 8762.1839 3.450e-5 
16653.5266 .0004466 
26332.4935 1.956e-8 
37796.2668 3.002e-7 
 2541.2730 4.039e-5 
 8773.6933 3.450e-5 
16629.9932 .0004461 
26310.3462 1.954e-8 
37774.0857 3.001e-7 
  895.9377 9.500e-6 
 8752.2376 2.298e-5 
18432.5906 .0003658 
29896.3301 1.035e-8 
43135.9783 1.099e-7 
  861.4553 9.129e-6 
 8752.7980 2.298e-5 
18431.7649 .0003658 
29895.5382 1.035e-8 
43135.1859 1.099e-7 
 8744.7018 1.395e-5 
20208.4751 .0002678 
48459.8972 3.950e-8 
 8744.7177 1.395e-5 
20208.4572 .0002678 
48459.8799 3.950e-8 
 8740.1395 7.722e-6 
21979.7877 .0001770 
53773.4900 1.363e-8 
 8740.1398 7.722e-6 
21979.7874 .0001770 
53773.4898 1.363e-8 
 8737.2179 3.892e-6 
23748.9924 .0001062 
 8737.2179 3.892e-6 
23748.9924 .0001062 
 8735.2311 1.785e-6 
25517.1590 5.790e-5 
 8735.2311 1.785e-6 
25517.1590 5.790e-5 
 8733.8155 7.433e-7 
27284.7399 2.877e-5 
 8733.8155 7.433e-7 
27284.7399 2.877e-5 
 8732.7694 2.806e-7 
29051.9311 1.305e-5 
 8732.7694 2.806e-7 
29051.9311 1.305e-5 
 8731.9726 9.566e-8 
30818.8102 5.402e-6 
 8731.9726 9.566e-8 
30818.8102 5.402e-6 
 8731.3504 2.932e-8 
32585.3936 2.044e-6 
 8731.3504 2.932e-8 
32585.3936 2.044e-6 
 8730.8539 8.020e-9 
34351.6626 7.072e-7 
 8730.8539 8.020e-9 
34351.6626 7.072e-7 
36117.5753 2.239e-7 
36117.5753 2.239e-7 
37883.0725 6.486e-8 
37883.0725 6.486e-8 
39648.0808 1.721e-8 
39648.0808 1.721e-8 
 1455.3426 1.551e-6 
15539.9316 2.543e-8 
 7602.7431 4.434e-7 
 3343.3377 1.661e-6 
10425.2802 3.506e-7 
 8402.2276 4.611e-7 
15024.3554 1.345e-7 
14596.5957 1.342e-7 
20293.9431 4.431e-8 
20260.2529 4.425e-8 
  935.6352 5.739e-6 
25646.5227 1.393e-8 
  934.2651 5.731e-6 
25645.1699 1.393e-8 
 2723.6335 8.701e-6 
 2723.6000 8.701e-6 
 4502.4303 6.768e-6 
 4502.4297 6.768e-6 
 6276.5434 4.010e-6 
 6276.5434 4.010e-6 
 8048.1124 1.970e-6 
 8048.1124 1.970e-6 
 9818.1550 8.270e-7 
 9818.1550 8.270e-7 
11587.1891 3.000e-7 
11587.1891 3.000e-7 
13355.4871 9.418e-8 
13355.4871 9.418e-8 
15123.1893 2.543e-8 
15123.1893 2.543e-8 
 4296.6577 .0002020 
 5115.4438 2.143e-7 
10631.1914 1.706e-5 
24293.5220 1.108e-7 
 4237.2248 2.055e-7 
 5056.0108 .0002181 
10571.7585 2.261e-8 
16342.7464 2.395e-6 
 2841.0462 .0002568 
 5906.7913 1.463e-7 
12139.2116 1.439e-5 
29675.8644 2.464e-8 
 2022.2602 1.878e-7 
 5088.0052 .0002879 
11320.4255 3.764e-8 
19176.7254 1.786e-6 
 3493.4874 .0002685 
 9264.4754 5.108e-8 
17155.8180 2.596e-6 
  427.7424 8.140e-8 
 6198.7303 .0002880 
14090.0730 2.425e-8 
23769.0399 6.663e-7 
 5804.6779 .0002753 
13660.9778 2.416e-8 
23341.3307 6.716e-7 
   33.6900 9.332e-9 
 7889.9899 .0002512 
17570.3428 1.296e-8 
29034.0824 2.258e-7 
 7857.6527 .0002502 
17536.6196 1.294e-8 
29000.3929 2.256e-7 
 9680.3197 .0001934 
34383.7406 7.604e-8 
 9679.0001 .0001934 
34382.3879 7.604e-8 
11463.7728 .0001321 
39715.1954 2.486e-8 
11463.7401 .0001321 
39715.1622 2.486e-8 
13239.6482 8.058e-5 
45033.3505 7.725e-9 
13239.6476 8.058e-5 
45033.3500 7.725e-9 
15011.7744 4.408e-5 
15011.7744 4.408e-5 
16781.9279 2.167e-5 
16781.9279 2.167e-5 
18550.9243 9.586e-6 
18550.9243 9.586e-6 
20319.1617 3.812e-6 
20319.1617 3.812e-6 
22086.8376 1.360e-6 
22086.8376 1.360e-6 
23854.0432 4.341e-7 
23854.0432 4.341e-7 
25620.8087 1.230e-7 
25620.8087 1.230e-7 
27387.1250 3.059e-8 
27387.1250 3.059e-8 
 8850.8058 5.507e-5 
 8897.1419 .0010207 
16537.3566 6.372e-8 
19409.6917 2.559e-5 
33507.7826 1.041e-7 
 8791.3729 .0010067 
 8837.7090 5.484e-5 
16477.9237 5.206e-5 
19350.2587 3.479e-8 
25618.8321 2.172e-6 
 9196.8705 4.601e-5 
 9899.8868 .0005368 
15671.8675 1.529e-7 
21331.6354 1.549e-5 
38882.7294 2.475e-8 
 8378.0845 .0004311 
 9081.1008 4.362e-5 
14853.0815 .0002141 
20512.8494 4.284e-8 
28394.5825 1.781e-6 
 1759.4380 3.587e-6 
 9399.6526 4.076e-5 
12271.9877 .0003342 
18540.5611 6.146e-8 
26370.0786 2.684e-6 
 6333.9076 .0001269 
 9206.2427 3.415e-5 
15474.8160 .0003195 
23304.3336 2.710e-8 
32975.9997 7.021e-7 
 2862.3368 1.898e-8 
 3565.3532 3.337e-5 
 9337.3339 3.386e-5 
14997.1018 .0003202 
22878.8349 2.730e-8 
32548.1958 7.109e-7 
 3566.3460 4.067e-5 
 9226.1139 2.497e-5 
17107.8470 .0003050 
26777.2078 1.491e-8 
38235.6560 2.550e-7 
 2973.8224 3.234e-5 
 9242.3957 2.496e-5 
17071.9133 .0003045 
26743.5794 1.489e-8 
38201.9649 2.549e-7 
 1386.0958 1.030e-5 
 9215.6134 1.668e-5 
18887.2795 .0002495 
30345.6650 7.884e-9 
43581.9034 9.368e-8 
 1334.7712 9.912e-6 
 9216.5043 1.668e-5 
18885.8652 .0002494 
30344.3133 7.884e-9 
43580.5506 9.368e-8 
 9206.8982 1.017e-5 
20665.3464 .0001821 
48911.0406 3.390e-8 
 9206.9266 1.017e-5 
20665.3120 .0001821 
48911.0073 3.390e-8 
 9201.5725 5.653e-6 
22437.8109 .0001200 
54227.5454 1.181e-8 
 9201.5731 5.653e-6 
22437.8104 .0001200 
54227.5448 1.181e-8 
 9198.1628 2.866e-6 
24207.6196 7.174e-5 
 9198.1628 2.866e-6 
24207.6196 7.174e-5 
 9195.8452 1.323e-6 
25976.1227 3.901e-5 
 9195.8452 1.323e-6 
25976.1227 3.901e-5 
 9194.1948 5.562e-7 
27743.9000 1.933e-5 
 9194.1948 5.562e-7 
27743.9000 1.933e-5 
 9192.9757 2.123e-7 
29511.2094 8.742e-6 
 9192.9757 2.123e-7 
29511.2094 8.742e-6 
 9192.0476 7.347e-8 
31278.1609 3.610e-6 
 9192.0476 7.347e-8 
31278.1609 3.610e-6 
 9191.3234 2.297e-8 
33044.7891 1.363e-6 
 9191.3234 2.297e-8 
33044.7891 1.363e-6 
34811.0854 4.705e-7 
34811.0854 4.705e-7 
36577.0144 1.486e-7 
36577.0144 1.486e-7 
38342.5206 4.298e-8 
38342.5206 4.298e-8 
40107.5331 1.138e-8 
40107.5331 1.138e-8 
 1352.6432 9.899e-7 
15441.3634 2.115e-8 
 7538.7274 3.193e-7 
 2908.6511 1.223e-6 
10096.9774 2.809e-7 
 7754.8126 3.897e-7 
14562.8305 1.138e-7 
14003.9636 1.138e-7 
19807.9690 3.855e-8 
19757.9966 3.848e-8 
  464.7396 2.024e-6 
25168.1273 1.242e-8 
  462.4626 2.014e-6 
25165.8835 1.242e-8 
 2256.8751 5.182e-6 
 2256.8129 5.182e-6 
 4038.0757 4.423e-6 
 4038.0745 4.423e-6 
 5813.6117 2.749e-6 
 5813.6117 2.749e-6 
 7586.0827 1.400e-6 
 7586.0827 1.400e-6 
 9356.7295 6.078e-7 
 9356.7295 6.078e-7 
11126.1861 2.285e-7 
11126.1861 2.285e-7 
12894.7899 7.481e-8 
12894.7899 7.481e-8 
14662.7198 2.130e-8 
14662.7198 2.130e-8 
 4642.7224 .0001404 
 5345.7387 1.506e-7 
11117.7195 1.086e-5 
24659.2205 9.064e-8 
 4596.3863 1.443e-7 
 5299.4026 .0001502 
11071.3833 1.414e-8 
16731.1512 1.744e-6 
 3043.8284 .0001763 
 5916.1634 1.106e-7 
12184.7368 1.171e-5 
29685.9205 2.511e-8 
 2340.8120 1.319e-7 
 5213.1471 .0001972 
11481.7205 2.700e-8 
19311.2380 1.434e-6 
 3431.1687 .0001831 
 9090.9366 3.953e-8 
16972.6697 2.262e-6 
  558.8336 6.318e-8 
 6218.6015 .0001965 
14100.3346 1.814e-8 
23769.6955 5.572e-7 
 5709.7398 .0001858 
13539.2573 1.812e-8 
23210.9234 5.650e-7 
   49.9719 8.387e-9 
 7879.4894 .0001713 
17551.1556 9.798e-9 
29009.5410 1.912e-7 
 7831.7613 .0001704 
17501.1221 9.776e-9 
28959.5703 1.910e-7 
 9671.6046 .0001322 
34366.2900 6.512e-8 
 9669.4224 .0001322 
34364.0463 6.511e-8 
11458.4470 9.059e-5 
39704.1423 2.159e-8 
11458.3866 9.058e-5 
39704.0808 2.159e-8 
13236.2384 5.549e-5 
13236.2373 5.549e-5 
15009.4569 3.052e-5 
15009.4569 3.052e-5 
16780.2776 1.511e-5 
16780.2776 1.511e-5 
18549.7051 6.742e-6 
18549.7051 6.742e-6 
20318.2337 2.711e-6 
20318.2337 2.711e-6 
22086.1133 9.819e-7 
22086.1133 9.819e-7 
23853.4657 3.195e-7 
23853.4657 3.195e-7 
25620.3396 9.304e-8 
25620.3396 9.304e-8 
27386.7376 2.408e-8 
27386.7376 2.408e-8 