   466.0999 2.880e-5
  1184.8761 .0005269
  1213.0520 .0001233
   718.7762 .0001084
   746.9521 .0004923
    28.1759 2.493e-6
   931.3859 .0001113
  1622.8000 .0010476
  1707.3271 .0002516
  3864.4613 1.193e-7
   212.6097 4.837e-5
   904.0238 7.833e-5
  3144.8729 .0004328
  3145.6851 .0018560
   184.4338 8.546e-6
   960.3751 8.299e-5
  3116.6970 .0018740
  3117.5092 .0004369
   691.4141 .0001695
   775.9412 .0007988
  2932.2632 1.475e-7
    84.5271 3.973e-6
  2240.8491 .0007327
  2241.6612 .0001581
  2156.3220 .0001609
  2157.1341 .0007448
     0.8122 1.374e-7
  1395.0486 .0002363
  2046.9458 .0016841
  2215.9836 .0004074
  4334.6203 4.201e-7
  7995.3487 5.008e-7
  7995.3634 1.102e-7
   703.6345 .0003140
  1355.5317 .0001978
  3639.1500 .0005268
  3643.2062 .0021715
  7303.9346 7.811e-8
   619.1074 5.205e-5
  1440.0423 .0002088
  3554.6229 .0022448
  3558.6791 .0005433
  7219.4221 8.161e-8
  1398.3009 .0001144
  5063.0855 .0009596
  5063.1002 .0041553
  1401.5449 .0001147
  5062.2734 .0041552
  5062.2880 .0009596
  1538.0267 2.970e-8
   885.3174 1.192e-5
   886.1295 5.359e-5
   716.2796 4.849e-5
   717.0918 1.077e-5
   651.8972 .0002153
   820.9349 .0010726
  2935.5155 4.817e-7
  6600.3001 1.529e-7
  6600.3147 6.948e-7
   169.0377 5.203e-6
  2283.6183 .0012057
  2287.6745 .0002523
  5948.4175 5.222e-8
  2114.5806 .0002617
  2118.6367 .0012446
  5779.3652 5.670e-8
     4.0562 4.485e-7
  3664.7846 .0010461
  3664.7993 .0002280
  3660.7284 .0002279
  3660.7431 .0010456
  1856.3013 .0003877
  2458.3522 .0023858
  2739.9996 .0005705
  4811.4133 9.579e-7
  8466.2875 2.563e-6
  8466.3899 5.640e-7
  1204.4041 .0007789
  1806.4550 .0003436
  4147.3797 .0006225
  4159.5161 .0024379
  7814.3903 1.973e-7
 12942.8884 2.666e-8
 12942.8886 1.211e-7
  1035.3663 .0001144
  1919.0646 .0003611
  3978.3419 .0026247
  3990.4784 .0006641
  7645.4550 2.157e-7
 12773.8506 1.335e-7
 12773.8508 2.940e-8
  1863.7614 .0002538
  5530.7721 .0010275
  5530.8745 .0043643
 10659.2701 8.529e-8
  1871.8417 .0002548
  5526.7159 .0043637
  5526.8183 .0010274
 10655.2141 8.531e-8
  1865.9874 .0001243
  6994.4854 .0013907
  6994.4857 .0060414
  1866.0752 .0001244
  6994.4708 .0060413
  6994.4710 .0013907
  1083.2704 7.138e-8
  4743.9988 2.019e-7
  4744.0135 4.444e-8
   477.1633 1.300e-5
   481.2194 5.754e-5
  4141.9479 8.591e-9
   195.5159 2.830e-5
   199.5721 6.506e-6
  3860.3152 9.635e-9
  1801.0232 1.538e-5
  1801.0379 6.966e-5
  1788.8868 6.932e-5
  1788.9014 1.531e-5
   602.0509 .0002425
   883.6983 .0013010
  2942.9756 1.014e-6
  6609.9863 7.473e-7
  6610.0887 3.394e-6
   281.6473 6.122e-6
  2340.9246 .0015420
  2353.0611 .0003093
  6008.0377 1.503e-7
 11136.4333 1.032e-7
 11136.4335 2.271e-8
  2059.2773 .0003296
  2071.4138 .0016221
  5726.2880 1.724e-7
 10854.7860 2.662e-8
 10854.7862 1.209e-7
    12.1364 9.441e-7
  3667.0107 .0017320
  3667.1131 .0003727
  8795.5089 4.021e-8
  3654.8742 .0003722
  3654.9766 .0017293
  8783.3722 4.022e-8
     0.1024 1.509e-8
  5128.4980 .0011150
  5128.4982 .0002439
  5128.3956 .0002438
  5128.3958 .0011150
  2314.4231 .0005463
  2858.6830 .0030994
  3280.8904 .0007184
  5299.8245 1.733e-6
  8943.1215 7.743e-6
  8943.5307 1.703e-6
  1712.3722 .0014025
  2256.6320 .0004984
  4669.5985 .0007046
  4697.7736 .0025867
  8341.0705 3.521e-7
 13468.7555 1.044e-7
 13468.7575 4.744e-7
  1430.7249 .0001782
  2397.1922 .0005205
  4387.9512 .0029584
  4416.1262 .0007862
  8059.8324 4.091e-7
 13187.1082 5.586e-7
 13187.1102 1.230e-7
   337.9148 7.306e-5
  2328.6738 .0004016
  6000.1459 .0010864
  6000.5551 .0045116
 11127.8309 1.932e-7
 17721.7270 1.719e-8
 17721.7270 7.812e-8
   325.7784 1.617e-5
  2344.7125 .0004039
  5988.0094 .0045106
  5988.4186 .0010861
 11115.6964 1.934e-7
 17709.5906 7.820e-8
 17709.5906 1.721e-8
  2333.1352 .0002571
  7460.8202 .0013892
  7460.8222 .0059578
 14054.7163 7.727e-8
  2333.4420 .0002571
  7460.7178 .0059577
  7460.7198 .0013892
 14054.6139 7.727e-8
  2332.3222 .0001130
  8926.2183 .0015607
  8926.2183 .0067906
  2332.3239 .0001130
  8926.2181 .0067906
  8926.2181 .0015607
   640.6889 8.868e-8
  4295.5631 9.046e-7
  4295.6655 1.991e-7
    84.2926 3.219e-6
    96.4291 1.556e-5
  3751.3033 2.501e-8
  8879.8015 2.186e-8
  3329.1982 2.929e-8
  8457.5938 2.746e-8
  1338.3368 2.484e-5
  1338.4392 .0001118
  1310.1618 .0001099
  1310.2642 2.442e-5
  2795.3628 1.400e-5
  2795.3630 6.349e-5
  2794.9536 6.348e-5
  2794.9538 1.400e-5
   544.2598 .0002501
   966.4673 .0014725
  2957.2263 1.708e-6
  6628.6983 2.134e-6
  6629.1075 9.691e-6
   422.2075 6.704e-6
  2412.9665 .0017630
  2441.1415 .0003346
  6084.8477 2.814e-7
 11212.1235 4.325e-7
 11212.1255 9.519e-8
  1990.7590 .0003695
  2018.9341 .0018939
  5662.2310 3.456e-7
 10789.9160 1.208e-7
 10789.9180 5.489e-7
    28.1751 1.589e-6
  3671.4720 .0021787
  3671.8812 .0004614
  8799.1590 1.128e-7
 15393.0532 4.997e-8
 15393.0532 1.100e-8
  3643.2970 .0004598
  3643.7062 .0021710
  8770.9820 1.130e-7
 15364.8781 1.102e-8
 15364.8781 5.008e-8
     0.4092 4.389e-8
  5127.6850 .0018345
  5127.6870 .0003980
 11721.5811 2.777e-8
  5127.2758 .0003980
  5127.2778 .0018343
 11721.1719 2.777e-8
  6593.8961 .0009863
  6593.8961 .0002160
  6593.8942 .0002160
  6593.8942 .0009863
  2768.8335 .0006937
  3250.1878 .0037713
  3840.6122 .0008318
  5805.9982 2.664e-6
  9429.3379 1.765e-5
  9430.5635 3.878e-6
  2224.5737 .0021232
  2705.9280 .0006447
  5205.8689 .0007631
  5261.7384 .0025866
  8885.0781 5.268e-7
 14011.4833 2.544e-7
 14011.4932 1.156e-6
  1802.3663 .0002289
  2874.1449 .0006683
  4783.6615 .0032134
  4839.5309 .0008983
  8464.0962 6.613e-7
 13589.2759 1.478e-6
 13589.2857 3.253e-7
   292.9616 1.326e-5
   883.3859 .0002433
  2792.9025 .0005409
  6472.1116 .0011224
  6473.3372 .0045418
 11598.5169 3.177e-7
 18191.7212 6.131e-8
 18191.7213 2.785e-7
   264.7865 4.790e-5
   855.2109 5.513e-5
  2820.5969 .0005452
  6443.9365 .0045415
  6445.1621 .0011221
 11570.3516 3.183e-7
 18163.5462 2.793e-7
 18163.5462 6.147e-8
  2800.6396 .0003838
  7927.0448 .0013698
  7927.0547 .0057904
 14520.2492 1.619e-7
 22579.5067 1.055e-8
 22579.5067 4.793e-8
  2801.4560 .0003839
  7926.6356 .0057902
  7926.6455 .0013697
 14519.8400 1.619e-7
 22579.0975 4.793e-8
 22579.0975 1.055e-8
  2799.3598 .0002222
  9392.5642 .0014871
  9392.5642 .0064085
 17451.8217 6.102e-8
  2799.3677 .0002222
  9392.5622 .0064085
  9392.5623 .0014871
 17451.8197 6.102e-8
  2798.6681 8.903e-5
 10857.9256 .0014480
 10857.9256 .0063060
  2798.6681 8.903e-5
 10857.9256 .0063060
 10857.9256 .0014480
   216.5678 4.869e-8
  3859.8648 2.305e-6
  3860.2740 5.070e-7
  3378.5105 4.467e-8
  8506.1955 2.056e-8
  8506.1974 9.341e-8
  2788.4953 5.430e-8
  7915.7711 1.280e-7
  7915.7730 2.818e-8
   878.5696 2.407e-5
   878.9788 .0001073
  6006.2546 1.626e-8
 12600.1507 8.605e-9
   822.7001 .0001013
   823.1093 2.274e-5
  5950.3871 1.625e-8
 12544.2812 8.641e-9
  2327.0454 2.579e-5
  2327.0474 .0001166
  2325.8198 .0001166
  2325.8218 2.578e-5
  3794.5363 1.057e-5
  3794.5363 4.798e-5
  3794.5265 4.798e-5
  3794.5265 1.057e-5
   481.3543 .0002398
  1071.7787 .0015784
  2981.2952 2.480e-6
  6660.5044 4.569e-6
  6661.7300 2.072e-5
   590.4244 6.953e-6
  2499.9409 .0018777
  2555.8104 .0003325
  6180.3757 4.250e-7
 11305.5553 1.083e-6
 11305.5652 2.385e-7
  1909.5165 .0003842
  1965.3860 .0020611
  5588.7257 5.669e-7
 10715.1309 3.327e-7
 10715.1408 1.511e-6
    55.8695 2.305e-6
  3679.2091 .0024319
  3680.4347 .0005050
  8805.6242 2.077e-7
 15398.8188 2.024e-7
 15398.8188 4.455e-8
  3623.3397 .0005017
  3624.5653 .0024155
  8749.7449 2.082e-7
 15342.9493 4.477e-8
 15342.9493 2.034e-7
     1.2256 9.689e-8
  5126.4053 .0022662
  5126.4151 .0004870
 11719.6097 7.513e-8
 19778.8671 2.403e-8
  5125.1797 .0004869
  5125.1895 .0022658
 11718.3840 7.513e-8
 19777.6415 2.403e-8
  6593.2044 .0016058
  6593.2044 .0003497
 14652.4619 1.764e-8
  6593.1945 .0003497
  6593.1946 .0016058
 14652.4520 1.764e-8
  8059.2575 .0007523
  8059.2575 .0001650
  8059.2575 .0001650
  8059.2575 .0007523
  3219.1880 .0008146
  3635.5943 .0043505
  4421.3840 .0008973
  6336.8601 3.584e-6
  9929.0024 3.314e-5
  9932.0585 7.266e-6
  2737.8337 .0028622
  3154.2400 .0007676
  5756.2541 .0007921
  5855.5058 .0024384
  9447.6481 6.994e-7
 14572.2609 4.845e-7
 14572.2969 2.201e-6
  2147.4094 .0002575
  3349.6054 .0007886
  5165.8297 .0033705
  5265.0814 .0009892
  8860.2798 9.630e-7
 13981.8365 3.108e-6
 13981.8725 6.840e-7
   654.2991 3.164e-5
  1440.0888 .0004596
  3256.3132 .0006575
  6947.7072 .0011285
  6950.7633 .0044339
 12072.3200 4.485e-7
 18664.4169 1.397e-7
 18664.4171 6.347e-7
   182.0234 5.548e-8
   598.4296 .0001074
  1384.2194 .0001051
  3299.6954 .0006640
  6891.8377 .0044375
  6894.8938 .0011288
 12016.4865 4.502e-7
 18608.5474 6.382e-7
 18608.5476 1.405e-7
  3268.4981 .0004918
  8393.1108 .0013245
  8393.1469 .0055099
 14985.2077 2.480e-7
 23043.9081 3.465e-8
 23043.9081 1.574e-7
  3270.3285 .0004920
  8391.8853 .0055095
  8391.9213 .0013244
 14983.9823 2.480e-7
 23042.6825 1.574e-7
 23042.6825 3.465e-8
  3266.7056 .0003171
  9858.8025 .0013964
  9858.8027 .0059545
 17917.5029 1.209e-7
 27442.0817 2.795e-8
  3266.7318 .0003171
  9858.7926 .0059544
  9858.7928 .0013964
 17917.4930 1.209e-7
 27442.0719 2.795e-8
  3265.5981 .0001680
 11324.2985 .0013289
 11324.2985 .0057434
 20848.8774 4.265e-8
  3265.5983 .0001680
 11324.2985 .0057434
 11324.2985 .0013289
 20848.8773 4.265e-8
  3265.0410 6.180e-5
 12789.6199 .0011474
 12789.6199 .0050005
  3265.0410 6.180e-5
 12789.6199 .0050005
 12789.6199 .0011474
  3441.3163 4.307e-6
  3442.5419 9.465e-7
  3024.9101 6.214e-8
  8151.3153 5.102e-8
  8151.3252 2.317e-7
  2240.3459 7.693e-8
  7365.5256 3.503e-7
  7365.5354 7.711e-8
   422.8960 1.433e-5
   424.1216 6.316e-5
  5549.3012 3.079e-8
 12142.5056 8.226e-9
 12142.5056 3.737e-8
   323.6443 4.902e-5
   324.8699 1.118e-5
  5450.0594 3.072e-8
 12043.2539 3.765e-8
 12043.2539 8.290e-9
  1857.9072 3.058e-5
  1857.9170 .0001376
  8451.1116 9.190e-9
  1854.8511 .0001374
  1854.8610 3.054e-5
  8448.0555 9.189e-9
  3326.4988 2.062e-5
  3326.4988 9.339e-5
  3326.4628 9.339e-5
  3326.4628 2.062e-5
  4793.6594 6.968e-6
  4793.6594 3.163e-5
  4793.6592 3.163e-5
  4793.6592 6.968e-6
   416.4063 .0002153
  1202.1960 .0016141
  3018.4203 3.223e-6
  6709.8144 8.027e-6
  6712.8704 3.632e-5
   785.7897 6.900e-6
  2602.0141 .0018966
  2701.2658 .0003087
  6296.4642 5.576e-7
 11418.0209 2.075e-6
 11418.0569 4.567e-7
  1816.2243 .0003773
  1915.4760 .0021252
  5507.6184 8.189e-7
 10632.2312 7.110e-7
 10632.2672 3.230e-6
    99.2517 2.990e-6
  3691.3940 .0025219
  3694.4501 .0005117
  8816.0428 3.120e-7
 15408.1037 4.974e-7
 15408.1039 1.095e-7
  3592.1423 .0005062
  3595.1984 .0024930
  8716.7551 3.134e-7
 15308.8520 1.105e-7
 15308.8522 5.021e-7
     3.0561 1.783e-7
  5124.6128 .0024709
  5124.6488 .0005250
 11716.7099 1.334e-7
 19775.4101 9.245e-8
 19775.4101 2.035e-8
  5121.5567 .0005248
  5121.5928 .0024699
 11713.6536 1.333e-7
 19772.3540 2.035e-8
 19772.3540 9.245e-8
  6592.0969 .0019500
  6592.0971 .0004219
 14650.7973 4.628e-8
 24175.3761 1.146e-8
  6592.0608 .0004219
  6592.0610 .0019500
 14650.7612 4.628e-8
 24175.3401 1.146e-8
  8058.7004 .0012086
  8058.7004 .0002638
 17583.2793 1.027e-8
  8058.7002 .0002638
  8058.7002 .0012086
 17583.2791 1.027e-8
  9524.5789 .0005044
  9524.5789 .0001107
  9524.5789 .0001107
  9524.5789 .0005044
  3665.4670 .0008981
  4017.9061 .0047920
  5025.4080 .0009102
  6899.5512 4.289e-6
 10446.4874 5.355e-5
 10453.1847 1.169e-5
 22159.2753 1.118e-8
  3249.0607 .0035345
  3601.4999 .0008560
  6320.7891 .0007899
  6483.1449 .0021705
 10030.0811 8.461e-7
 15152.4256 7.824e-7
 15152.5335 3.554e-6
  2463.2710 .0002619
  3823.2120 .0008702
  5534.9994 .0034225
  5697.3552 .0010482
  9250.9887 1.297e-6
 14366.6358 5.630e-6
 14366.7437 1.239e-6
   999.4858 4.797e-5
  2006.9877 .0006948
  3718.7750 .0007412
  7428.0670 .0011027
  7434.7644 .0041897
 12550.4115 5.728e-7
 19140.8550 2.545e-7
 19140.8558 1.156e-6
   547.7949 1.956e-7
   900.2341 .0001457
  1907.7360 .0001585
  3781.8792 .0007494
  7328.8153 .0042033
  7335.5127 .0011046
 12451.2677 5.774e-7
 19041.6033 1.168e-6
 19041.6041 2.572e-7
    27.3810 1.030e-6
   189.7368 3.176e-5
  3736.6730 .0005719
  8859.0175 .0012521
  8859.1254 .0051172
 15449.4610 3.282e-7
 23507.3119 7.336e-8
 23507.3119 3.333e-7
    24.3250 3.953e-6
   186.6808 7.212e-6
  3740.3143 .0005723
  8855.9614 .0051162
  8856.0693 .0012519
 15446.4057 3.282e-7
 23504.2558 3.333e-7
 23504.2558 7.336e-8
  3734.4047 .0003901
 10324.8482 .0012868
 10324.8490 .0054239
 18382.6991 1.754e-7
 27906.8105 1.898e-8
 27906.8105 8.622e-8
  3734.4766 .0003901
 10324.8121 .0054239
 10324.8130 .0012868
 18382.6630 1.754e-7
 27906.7745 8.622e-8
 27906.7745 1.898e-8
  3732.7513 .0002309
 11790.6022 .0012003
 11790.6022 .0051443
 21314.7136 8.078e-8
 32304.6127 1.522e-8
  3732.7519 .0002309
 11790.6020 .0051443
 11790.6020 .0012003
 21314.7134 8.078e-8
 32304.6125 1.522e-8
  3731.9018 .0001126
 13256.0132 .0010195
 13256.0132 .0044147
 24245.9123 2.661e-8
  3731.9018 .0001126
 13256.0132 .0044147
 13256.0132 .0010195
 24245.9123 2.661e-8
  3731.4343 3.818e-5
 14721.3335 .0034502
 14721.3335 .0007913
  3731.4343 3.818e-5
 14721.3335 .0007913
 14721.3335 .0034502
  3044.3474 6.484e-6
  3047.4035 1.422e-6
  2691.9083 7.330e-8
  7816.5211 9.506e-8
  7816.5571 4.318e-7
  1687.4624 8.853e-8
  6809.0191 7.265e-7
  6809.0551 1.599e-7
  5097.2318 4.571e-8
 11689.3287 2.094e-8
 11689.3288 9.513e-8
  4934.9120 4.550e-8
 11526.9728 9.642e-8
 11526.9730 2.123e-8
  1387.9398 2.824e-5
  1387.9758 .0001263
  7980.0366 1.749e-8
 16038.7370 1.436e-8
  1381.2424 .0001257
  1381.2784 2.812e-5
  7973.3395 1.749e-8
 16032.0397 1.436e-8
  2857.6922 2.623e-5
  2857.6924 .0001185
  2857.5843 .0001185
  2857.5845 2.623e-5
  4325.9491 1.396e-5
  4325.9491 6.328e-5
  4325.9483 6.328e-5
  4325.9483 1.396e-5
  5792.6771 4.089e-6
  5792.6771 1.856e-5
  5792.6771 1.856e-5
  5792.6771 4.089e-6
   352.4391 .0001817
  1359.9411 .0015816
  3071.7284 3.825e-6
  6781.0204 1.211e-5
  6787.7178 5.451e-5
 11903.3649 7.114e-9
 18493.8092 1.464e-8
  1007.5019 6.596e-6
  2719.2893 .0018340
  2881.6451 .0002702
  6435.2786 6.579e-7
 11550.9257 3.326e-6
 11551.0336 7.319e-7
  1711.7873 .0003529
  1874.1431 .0020931
  5421.0793 1.079e-6
 10543.4238 1.290e-6
 10543.5317 5.859e-6
   162.3558 3.541e-6
  3709.2920 .0024775
  3715.9894 .0004892
  8831.7444 4.116e-7
 15422.0799 9.481e-7
 15422.0808 2.087e-7
  3546.9362 .0004813
  3553.6335 .0024340
  8669.2806 4.154e-7
 15259.7241 2.122e-7
 15259.7250 9.642e-7
     6.6974 2.871e-7
  5122.3444 .0024961
  5122.4524 .0005235
 11712.7888 1.935e-7
 19770.6388 2.167e-7
 19770.6388 4.771e-8
  5115.6471 .0005230
  5115.7550 .0024937
 11706.0906 1.934e-7
 19763.9415 4.771e-8
 19763.9415 2.167e-7
  6590.4435 .0020828
  6590.4443 .0004471
 14648.2944 7.956e-8
 24172.4058 4.222e-8
 24172.4058 9.294e-9
  6590.3356 .0004471
  6590.3364 .0020828
 14648.1865 7.956e-8
 24172.2979 9.294e-9
 24172.2979 4.222e-8
  8057.8509 .0014422
  8057.8509 .0003132
 17581.9623 2.620e-8
  8057.8501 .0003132
  8057.8501 .0014422
 17581.9615 2.620e-8
  9524.1114 .0007979
  9524.1114 .0001744
  9524.1114 .0001744
  9524.1114 .0007979
 10989.8991 6.594e-5
 10989.8991 .0003004
 10989.8991 .0003004
 10989.8991 6.594e-5
  4108.0113 .0009393
  4400.1145 .0050609
  5654.4981 .0008745
  7500.7356 4.611e-6
 10986.1110 7.626e-5
 10999.4318 1.650e-5
 16106.1419 1.074e-8
 22693.9673 2.717e-8
  3755.5721 .0040620
  4047.6753 .0009040
  6899.4512 .0007583
  7148.2965 .0018295
 10633.6719 9.472e-7
 15753.4227 1.115e-6
 15753.7028 5.062e-6
  2748.0702 .0002457
  4294.5571 .0009080
  5891.9492 .0033721
  6140.7945 .0010673
  9639.4907 1.637e-6
 14745.9208 9.141e-6
 14746.2008 2.012e-6
  1328.3861 5.970e-5
  2582.7697 .0009219
  4180.1619 .0007864
  7914.3826 .0010465
  7927.7034 .0038276
 13034.1335 6.781e-7
 19622.2389 4.008e-7
 19622.2418 1.821e-6
   873.9271 3.220e-7
  1166.0302 .0001571
  2420.4139 .0002065
  4266.6514 .0007955
  7752.0268 .0038604
  7765.3476 .0010516
 12872.0577 6.883e-7
 19459.8831 1.855e-6
 19459.8860 4.084e-7
   470.8699 1.822e-5
   719.7152 .0001235
  4205.0906 .0006192
  9324.8415 .0011554
  9325.1215 .0046311
 15912.9469 3.956e-7
 23969.5708 1.252e-7
 23969.5708 5.687e-7
   464.1725 7.587e-5
   713.0178 2.878e-5
  4211.7140 .0006199
  9318.1441 .0046294
  9318.4241 .0011549
 15906.2525 3.955e-7
 23962.8735 5.687e-7
 23962.8735 1.252e-7
  4202.4970 .0004370
 10790.6024 .0011609
 10790.6054 .0048323
 18847.2264 2.206e-7
 28370.6515 3.791e-8
 28370.6515 1.722e-7
  4202.6691 .0004370
 10790.4945 .0048322
 10790.4975 .0011609
 18847.1185 2.206e-7
 28370.5436 1.722e-7
 28370.5436 3.791e-8
  4200.1589 .0002742
 12256.7829 .0010637
 12256.7829 .0045182
 21780.2080 1.122e-7
 32769.7071 9.829e-9
 32769.7071 4.465e-8
  4200.1610 .0002742
 12256.7820 .0045182
 12256.7820 .0010637
 21780.2072 1.122e-7
 32769.7063 4.465e-8
 32769.7063 9.829e-9
  4198.9320 .0001497
 13722.3571 .0008904
 13722.3571 .0038293
 24711.8562 4.851e-8
 37167.1260 7.683e-9
  4198.9320 .0001497
 13722.3571 .0038293
 13722.3571 .0008904
 24711.8562 4.851e-8
 37167.1260 7.683e-9
  4198.2457 6.737e-5
 15187.7448 .0006827
 15187.7448 .0029603
 27643.0146 1.491e-8
  4198.2457 6.737e-5
 15187.7448 .0029603
 15187.7448 .0006827
 27643.0146 1.491e-8
  4197.8457 2.112e-5
 16653.1154 .0004805
 16653.1154 .0020959
  4197.8457 2.112e-5
 16653.1154 .0020959
 16653.1154 .0004805
  2673.0091 8.244e-6
  2679.7065 1.801e-6
  2380.9060 7.640e-8
  7503.2504 1.465e-7
  7503.3583 6.653e-7
  1133.2196 8.182e-8
  6248.8667 1.255e-6
  6248.9746 2.763e-7
  4651.4746 5.796e-8
 11241.9180 4.043e-8
 11241.9189 1.836e-7
  4402.7372 5.741e-8
 10993.0728 1.879e-7
 10993.0736 4.136e-8
   917.2538 2.064e-5
   917.3618 9.153e-5
  7507.6973 2.618e-8
 15565.5482 7.882e-9
 15565.5482 3.579e-8
   903.9331 9.026e-5
   904.0410 2.036e-5
  7494.3774 2.616e-8
 15552.2275 3.579e-8
 15552.2275 7.880e-9
  2387.9465 2.689e-5
  2387.9473 .0001210
 10445.7974 9.191e-9
  2387.6665 .0001210
  2387.6673 2.689e-5
 10445.5174 9.191e-9
  3857.6920 1.831e-5
  3857.6920 8.283e-5
  3857.6890 8.283e-5
  3857.6890 1.831e-5
  5325.1794 8.286e-6
  5325.1794 3.759e-5
  5325.1794 3.759e-5
  5325.1794 8.286e-6
  6791.6534 9.788e-6
  6791.6534 2.156e-6
  6791.6534 2.156e-6
  6791.6534 9.788e-6
   292.1032 .0001447
  1546.4869 .0014896
  3143.8790 4.202e-6
  6878.0997 1.609e-5
  6891.4205 7.184e-5
 11997.8506 1.220e-8
 18585.9560 7.425e-9
 18585.9590 3.373e-8
  1254.3837 6.102e-6
  2851.7758 .0017073
  3100.6211 .0002244
  6599.3173 7.115e-7
 11705.7474 4.666e-6
 11706.0274 1.027e-6
  1597.3922 .0003159
  1846.2375 .0019784
  5331.6129 1.320e-6
 10451.3637 2.074e-6
 10451.6438 9.422e-6
   248.8453 3.880e-6
  3734.2207 .0023289
  3747.5415 .0004456
  8854.2516 4.940e-7
 15442.0770 1.532e-6
 15442.0799 3.373e-7
  3485.3754 .0004359
  3498.6962 .0022715
  8605.1263 5.024e-7
 15193.2317 3.471e-7
 15193.2346 1.577e-6
    13.3208 4.153e-7
  5119.7509 .0023852
  5120.0309 .0004930
 11707.8592 2.472e-7
 19764.4802 3.959e-7
 19764.4802 8.716e-8
  5106.4301 .0004921
  5106.7101 .0023807
 11694.5355 2.471e-7
 19751.1594 8.716e-8
 19751.1595 3.959e-7
     0.2800 1.225e-8
  6588.1054 .0020569
  6588.1084 .0004377
 14644.7294 1.118e-7
 24168.1545 9.494e-8
 24168.1545 2.090e-8
  6587.8254 .0004377
  6587.8283 .0020568
 14644.4493 1.118e-7
 24167.8745 2.090e-8
 24167.8745 9.494e-8
  8056.6239 .0015098
  8056.6240 .0003260
 17580.0491 4.377e-8
 28569.5482 1.865e-8
  8056.6210 .0003260
  8056.6210 .0015098
 17580.0462 4.377e-8
 28569.5453 1.865e-8
  9523.4252 .0009349
  9523.4252 .0002035
 20512.9243 1.359e-8
  9523.4252 .0002035
  9523.4252 .0009349
 20512.9243 1.359e-8
 10989.4991 .0004673
 10989.4991 .0001023
 10989.4991 .0001023
 10989.4991 .0004673
 12455.2697 3.513e-5
 12455.2697 .0001600
 12455.2697 .0001600
 12455.2697 3.513e-5
  4547.4710 .0009386
  4784.8721 .0051379
  6309.6757 .0008009
  8145.9198 4.492e-6
 11551.7416 9.726e-5
 11576.2912 2.076e-5
 16669.5171 1.691e-8
 23253.8079 5.458e-8
 23253.8168 1.201e-8
  4255.3678 .0043883
  4492.7689 .0009106
  7492.1307 .0007021
  7853.8166 .0014659
 11259.6384 9.911e-7
 16376.7623 1.435e-6
 16377.4140 6.511e-6
  3000.9841 .0002157
  4763.1889 .0009024
  6237.7470 .0032299
  6599.4329 .0010432
 10029.8043 1.952e-6
 15122.3786 1.359e-5
 15123.0303 2.992e-6
  1640.9931 6.577e-5
  3165.7967 .0011172
  4640.3549 .0007929
  8407.8626 .0009643
  8432.4122 .0033775
 13524.9865 7.538e-7
 20109.9289 5.664e-7
 20109.9377 2.573e-6
  1154.7467 3.922e-7
  1392.1478 .0001457
  2916.9514 .0002412
  4753.1955 .0008014
  8159.0173 .0034414
  8183.5669 .0009748
 13276.7928 7.738e-7
 19861.0836 2.657e-6
 19861.0924 5.850e-7
   906.1342 3.394e-5
  1267.8200 .0002110
  4673.6419 .0006328
  9790.7657 .0010398
  9791.4174 .0040808
 16375.7082 4.447e-7
 24430.6322 1.860e-7
 24430.6323 8.452e-7
   892.8134 .0001374
  1254.4993 5.014e-5
  4684.8707 .0006338
  9777.4450 .0040781
  9778.0966 .0010391
 16362.3963 4.446e-7
 24417.3115 8.453e-7
 24417.3115 1.861e-7
  4671.0149 .0004567
 11255.9573 .0010239
 11255.9662 .0042050
 19310.8814 2.534e-7
 28833.3448 6.125e-8
 28833.3448 2.782e-7
  4671.3865 .0004567
 11255.6773 .0042050
 11255.6861 .0010239
 19310.6014 2.534e-7
 28833.0647 2.782e-7
 28833.0647 6.125e-8
  4667.8519 .0002971
 12722.7760 .0009233
 12722.7760 .0038844
 22245.2394 1.352e-7
 33234.1664 1.870e-8
 33234.1664 8.496e-8
  4667.8578 .0002971
 12722.7730 .0038844
 12722.7731 .0009233
 22245.2364 1.352e-7
 33234.1635 8.496e-8
 33234.1635 1.870e-8
  4666.1520 .0001722
 14188.6154 .0007628
 14188.6154 .0032566
 25177.5425 6.486e-8
 37632.4683 2.158e-8
  4666.1521 .0001722
 14188.6154 .0032566
 14188.6154 .0007628
 25177.5424 6.486e-8
 37632.4683 2.158e-8
  4665.1902 8.684e-5
 15654.1173 .0005784
 15654.1173 .0024935
 28109.0432 2.626e-8
  4665.1902 8.684e-5
 15654.1173 .0024935
 15654.1173 .0005784
 28109.0432 2.626e-8
  4664.6182 3.617e-5
 17119.5441 .0004033
 17119.5441 .0017504
 31040.3042 7.524e-9
  4664.6182 3.617e-5
 17119.5441 .0017504
 17119.5441 .0004033
 31040.3042 7.524e-9
  4664.2743 1.050e-5
 18585.0344 .0011297
 18585.0344 .0002590
  4664.2743 1.050e-5
 18585.0344 .0002590
 18585.0344 .0011297
  2330.6288 9.112e-6
  2343.9495 1.978e-6
 14038.4850 9.273e-9
  2093.2276 7.208e-8
  7212.9785 1.961e-7
  7213.2585 8.902e-7
   581.7448 5.317e-8
  5688.1749 1.889e-6
  5688.4549 4.158e-7
  4213.6167 6.537e-8
 10801.7221 6.512e-8
 10801.7250 2.958e-7
  3852.2108 6.417e-8
 10440.0362 3.068e-7
 10440.0392 6.756e-8
   446.1090 1.026e-5
   446.3890 4.509e-5
  7034.2144 3.361e-8
 15090.8383 1.495e-8
 15090.8384 6.789e-8
   421.5594 4.264e-5
   421.8394 9.718e-6
  7009.6678 3.353e-8
 15066.2888 6.787e-8
 15066.2888 1.494e-8
  1917.0905 2.361e-5
  1917.0935 .0001057
  9973.7145 1.367e-8
 19497.1396 1.364e-8
  1916.4389 .0001057
  1916.4418 2.360e-5
  9973.0628 1.367e-8
 19496.4880 1.364e-8
  3388.7720 1.952e-5
  3388.7720 8.809e-5
  3388.7632 8.809e-5
  3388.7632 1.952e-5
  4857.2732 1.100e-5
  4857.2732 4.983e-5
  4857.2731 4.983e-5
  4857.2731 1.100e-5
  6324.3089 4.381e-6
  6324.3089 1.988e-5
  6324.3089 1.988e-5
  6324.3089 4.381e-6
  7790.6515 4.661e-6
  7790.6515 1.026e-6
  7790.6515 1.026e-6
  7790.6515 4.661e-6
   237.4011 .0001089
  1762.2047 .0013521
  3236.7629 4.315e-6
  7004.2706 1.918e-5
  7028.8202 8.449e-5
 12121.3945 1.810e-8
 18706.3369 1.412e-8
 18706.3458 6.416e-8
  1524.8036 5.482e-6
  2999.3618 .0015355
  3361.0477 .0001777
  6791.4191 7.132e-7
 11883.9934 5.882e-6
 11884.6451 1.293e-6
  1474.5582 .0002715
  1836.2441 .0018010
  5242.0659 1.519e-6
 10359.1898 3.031e-6
 10359.8414 1.377e-5
   361.6859 3.970e-6
  3767.5077 .0021072
  3792.0573 .0003888
  8885.2832 5.496e-7
 15469.5740 2.193e-6
 15469.5829 4.827e-7
  3405.8218 .0003784
  3430.3714 .0020397
  8522.9457 5.662e-7
 15107.8881 5.058e-7
 15107.8970 2.298e-6
    24.5496 5.496e-7
  5117.1239 .0021793
  5117.7755 .0004432
 11702.0752 2.884e-7
 19756.9904 6.162e-7
 19756.9904 1.357e-7
  5092.5743 .0004416
  5093.2260 .0021717
 11677.5167 2.881e-7
 19732.4408 1.357e-7
 19732.4408 6.163e-7
     0.6517 2.057e-8
  6584.9424 .0019192
  6584.9513 .0004045
 14639.8665 1.385e-7
 24162.3299 1.667e-7
 24162.3299 3.669e-8
  6584.2908 .0004045
  6584.2996 .0019190
 14639.2148 1.385e-7
 24161.6782 3.669e-8
 24161.6782 1.667e-7
  8054.9240 .0014594
  8054.9241 .0003131
 17577.3874 5.975e-8
 28566.3145 4.044e-8
 28566.3145 8.904e-9
  8054.9152 .0003131
  8054.9153 .0014594
 17577.3786 5.975e-8
 28566.3056 8.904e-9
 28566.3056 4.044e-8
  9522.4634 .0009595
  9522.4634 .0002079
 20511.3904 2.211e-8
 32966.3163 7.822e-9
  9522.4633 .0002079
  9522.4633 .0009595
 20511.3904 2.211e-8
 32966.3162 7.822e-9
 10988.9270 .0005374
 10988.9270 .0001172
 10988.9270 .0001172
 10988.9270 .0005374
 12454.9259 .0002445
 12454.9259 5.355e-5
 12454.9259 5.355e-5
 12454.9259 .0002445
 13920.7601 7.655e-5
 13920.7601 1.681e-5
 13920.7601 1.681e-5
 13920.7601 7.655e-5
  4984.6711 .0009004
  5174.2155 .0050227
  6990.8304 .0007033
  8838.9537 4.006e-6
 12146.4570 .0001124
 12188.9763 2.349e-5
 17262.7661 2.347e-8
 23842.1976 9.361e-8
 23842.2211 2.060e-8
  4747.2700 .0044888
  4936.8144 .0008795
  8098.6068 .0006283
  8601.5525 .0011219
 11909.0558 9.763e-7
 17023.9735 1.692e-6
 17025.3650 7.673e-6
  3222.4664 .0001794
  5228.6256 .0008587
  6573.8032 .0030123
  7076.7489 .0009782
 10426.7716 2.206e-6
 15499.1699 1.876e-5
 15500.5614 4.128e-6
  1937.4526 6.639e-5
  3754.0675 .0012628
  5099.2450 .0007643
  8909.6940 .0008629
  8952.2134 .0028761
 14024.6117 7.930e-7
 20605.4346 7.337e-7
 20605.4582 3.333e-6
  1386.2223 3.930e-7
  1575.7667 .0001204
  3392.3816 .0002573
  5240.5048 .0007707
  8548.0081 .0029822
  8590.5275 .0008809
 13664.3173 8.286e-7
 20243.7488 3.512e-6
 20243.7723 7.732e-7
  1331.7373 4.588e-5
  1834.6830 .0002829
  5142.1863 .0006158
 10257.1040 .0009124
 10258.4955 .0034996
 16837.9270 4.722e-7
 24890.5726 2.499e-7
 24890.5728 1.135e-6
  1307.1877 .0001789
  1810.1334 6.859e-5
  5160.1561 .0006170
 10232.5544 .0034959
 10233.9459 .0009114
 16813.4009 4.721e-7
 24866.0230 1.135e-6
 24866.0232 2.499e-7
    25.0624 5.547e-7
    67.5818 6.509e-6
  5139.9801 .0004515
 11720.8031 .0008823
 11720.8266 .0035713
 19773.4487 2.721e-7
 29294.6116 8.647e-8
 29294.6116 3.928e-7
    24.4108 2.345e-6
    66.9302 1.485e-6
  5140.7200 .0004515
 11720.1514 .0035711
 11720.1749 .0008823
 19772.7973 2.721e-7
 29293.9600 3.928e-7
 29293.9600 8.647e-8
  5135.8606 .0003007
 13188.5062 .0007842
 13188.5065 .0032654
 22709.6692 1.491e-7
 33697.8118 2.885e-8
 33697.8118 1.311e-7
  5135.8753 .0003007
 13188.4974 .0032654
 13188.4976 .0007842
 22709.6604 1.491e-7
 33697.8030 1.311e-7
 33697.8030 2.885e-8
  5133.5822 .0001808
 14654.7452 .0006402
 14654.7452 .0027118
 25642.8878 7.532e-8
 38097.3300 3.937e-8
 38097.3300 8.668e-9
  5133.5824 .0001808
 14654.7451 .0027118
 14654.7451 .0006402
 25642.8877 7.532e-8
 38097.3299 8.668e-9
 38097.3299 3.937e-8
  5132.2818 9.697e-5
 16120.4244 .0004805
 16120.4244 .0020588
 28574.8665 3.393e-8
 42495.3330 9.666e-9
  5132.2818 9.697e-5
 16120.4244 .0020588
 16120.4244 .0004805
 28574.8665 3.393e-8
 42495.3330 9.666e-9
  5131.4973 4.530e-5
 17585.9395 .0014343
 17585.9395 .0003321
 31506.4060 1.284e-8
  5131.4973 4.530e-5
 17585.9395 .0003321
 17585.9395 .0014343
 31506.4060 1.284e-8
  5131.0136 1.748e-5
 19051.4801 .0009194
 19051.4801 .0002116
  5131.0136 1.748e-5
 19051.4801 .0002116
 19051.4801 .0009194
  5130.7200 4.706e-6
 20517.1813 .0005433
 20517.1813 .0001245
  5130.7200 4.706e-6
 20517.1813 .0001245
 20517.1813 .0005433
  2019.5995 8.939e-6
  2044.1491 1.922e-6
 13721.6658 1.654e-8
  1830.0551 6.249e-8
  6947.1790 2.345e-7
  6947.8306 1.064e-6
  5130.5641 2.541e-6
  5131.2158 5.593e-7
  3785.3866 6.704e-8
 10370.3290 9.181e-8
 10370.3379 4.170e-7
  3283.0925 6.470e-8
  9867.3833 4.413e-7
  9867.3921 9.716e-8
  6559.8800 3.857e-8
 14614.8040 2.375e-8
 14614.8041 1.079e-7
  6517.3694 3.841e-8
 14572.2846 1.078e-7
 14572.2847 2.374e-8
  1444.9623 1.795e-5
  1444.9712 7.989e-5
  9499.8864 1.745e-8
 19022.3498 2.525e-8
  1443.5708 7.982e-5
  1443.5796 1.793e-5
  9498.4949 1.745e-8
 19020.9582 2.525e-8
  2919.0634 1.815e-5
  2919.0635 8.163e-5
  2919.0399 8.163e-5
  2919.0399 1.815e-5
  4388.8812 1.191e-5
  4388.8812 5.385e-5
  4388.8810 5.385e-5
  4388.8810 1.191e-5
  5856.6453 5.831e-6
  5856.6453 2.643e-5
  5856.6453 2.643e-5
  5856.6453 5.831e-6
  7323.4285 2.080e-6
  7323.4285 9.437e-6
  7323.4285 9.437e-6
  7323.4285 2.080e-6
  8789.7465 2.010e-6
  8789.7465 4.427e-7
  8789.7465 4.427e-7
  8789.7465 2.010e-6
   189.5444 7.781e-5
  2006.1593 .0011863
  3351.3368 4.175e-6
  7161.7859 2.080e-5
  7204.3052 8.973e-5
 12276.7035 2.370e-8
 18857.5265 2.295e-8
 18857.5500 1.043e-7
  1816.6149 4.795e-6
  3161.7924 .0013376
  3664.7381 .0001349
  7014.7608 6.675e-7
 12087.1591 6.775e-6
 12088.5506 1.488e-6
  1345.1775 .0002242
  1848.1233 .0015834
  5155.6266 1.655e-6
 10270.5442 4.084e-6
 10271.9357 1.854e-5
   502.9457 3.826e-6
  3810.4491 .0018419
  3852.9684 .0003258
  8926.7582 5.736e-7
 15506.1897 2.850e-6
 15506.2132 6.273e-7
  3307.5033 .0003163
  3350.0227 .0017701
  8422.4210 6.025e-7
 15003.2439 6.748e-7
 15003.2675 3.066e-6
    42.5194 6.728e-7
  5114.9177 .0019157
  5116.3092 .0003826
 11695.7642 3.130e-7
 19748.3862 8.537e-7
 19748.3865 1.879e-7
  5072.3983 .0003803
  5073.7898 .0019044
 11653.2212 3.126e-7
 19705.8669 1.879e-7
 19705.8671 8.538e-7
     1.3915 3.125e-8
  6580.8230 .0017109
  6580.8465 .0003568
 14633.4688 1.567e-7
 24154.6315 2.497e-7
 24154.6315 5.497e-8
  6579.4314 .0003567
  6579.4550 .0017106
 14632.0771 1.567e-7
 24153.2400 5.497e-8
 24153.2400 2.497e-7
  8052.6456 .0013315
  8052.6458 .0002836
 17573.8086 7.192e-8
 28561.9512 6.853e-8
 28561.9512 1.509e-8
  8052.6221 .0002836
  8052.6223 .0013315
 17573.7850 7.192e-8
 28561.9277 1.509e-8
 28561.9277 6.853e-8
  9521.1630 .0009081
  9521.1630 .0001958
 20509.3056 2.937e-8
 32963.7477 1.641e-8
  9521.1627 .0001958
  9521.1627 .0009081
 20509.3053 2.937e-8
 32963.7475 1.641e-8
 10988.1426 .0005406
 10988.1426 .0001174
 23442.5848 1.023e-8
 10988.1426 .0001174
 10988.1426 .0005406
 23442.5848 1.023e-8
 12454.4422 6.023e-5
 12454.4422 .0002758
 12454.4422 .0002758
 12454.4422 6.023e-5
 13920.4665 .0001148
 13920.4665 2.516e-5
 13920.4665 2.516e-5
 13920.4665 .0001148
 15386.4613 3.300e-5
 15386.4613 7.250e-6
 15386.4613 7.250e-6
 15386.4613 3.300e-5
  5420.4457 .0008325
  5569.4162 .0047347
  7696.5431 .0005954
  9581.8264 3.307e-6
 12772.3433 .0001190
 12842.2469 2.409e-5
 17888.8747 2.913e-8
 24461.7410 1.403e-7
 24461.7980 3.088e-8
  5230.9013 .0043722
  5379.8718 .0008176
  8718.5286 .0005441
  9392.2820 .0008246
 12582.7988 9.104e-7
 17696.5598 1.849e-6
 17699.3302 8.368e-6
  3414.2864 .0001428
  5690.3838 .0007854
  6901.9137 .0027387
  7575.6671 .0008800
 10836.0876 2.366e-6
 15879.9450 2.423e-5
 15882.7154 5.327e-6
 30505.2555 8.754e-9
  2218.0794 6.258e-5
  4345.2063 .0013476
  5556.7362 .0007076
  9421.0065 .0007499
  9490.9101 .0023609
 14534.7674 7.937e-7
 21110.4042 8.829e-7
 21110.4612 4.010e-6
  1566.1632 3.403e-7
  1715.1337 9.085e-5
  3842.2606 .0002534
  5727.5439 .0007107
  8918.0607 .0025168
  8987.9644 .0007768
 14034.5921 8.511e-7
 20607.4584 4.350e-6
 20607.5155 9.576e-7
  1746.2871 5.292e-5
  2420.0406 .0003331
  5610.5574 .0005738
 10724.3184 .0007805
 10727.0888 .0029199
 17299.9551 4.773e-7
 25349.6289 3.097e-7
 25349.6296 1.407e-6
   492.2379 5.825e-8
  1703.7678 .0001966
  2377.5212 8.235e-5
  5637.9417 .0005751
 10681.7990 .0029155
 10684.5695 .0007791
 17257.4928 4.772e-7
 25307.1095 1.408e-6
 25307.1102 3.098e-7
   495.6398 1.004e-5
   565.5434 4.926e-5
  5609.4007 .0004256
 12185.0375 .0007424
 12185.0945 .0029587
 20234.7113 2.766e-7
 29754.1655 1.107e-7
 29754.1655 5.027e-7
   494.2482 4.285e-5
   564.1519 1.147e-5
  5610.7797 .0004257
 12183.6460 .0029585
 12183.7030 .0007423
 20233.3204 2.766e-7
 29752.7739 5.027e-7
 29752.7739 1.107e-7
  5604.2145 .0002883
 13653.8883 .0006512
 13653.8890 .0026822
 23173.3425 1.539e-7
 34160.4438 3.898e-8
 34160.4438 1.771e-7
  5604.2480 .0002883
 13653.8648 .0026822
 13653.8655 .0006512
 23173.3190 1.539e-7
 34160.4203 1.771e-7
 34160.4203 3.898e-8
  5601.2427 .0001777
 15120.6969 .0005258
 15120.6969 .0022092
 26107.7982 8.007e-8
 38561.5867 1.284e-8
 38561.5867 5.833e-8
  5601.2432 .0001777
 15120.6966 .0022092
 15120.6966 .0005258
 26107.7980 8.007e-8
 38561.5865 5.833e-8
 38561.5865 1.284e-8
  5599.5339 9.896e-5
 16586.6353 .0003911
 16586.6353 .0016646
 29040.4238 3.809e-8
 42960.4804 1.699e-8
  5599.5339 9.896e-5
 16586.6353 .0016646
 16586.6353 .0003911
 29040.4238 3.809e-8
 42960.4804 1.699e-8
  5598.4926 4.917e-5
 18052.2812 .0002681
 18052.2812 .0011518
 31972.3377 1.608e-8
  5598.4926 4.917e-5
 18052.2812 .0011518
 18052.2812 .0002681
 31972.3377 1.608e-8
  5597.8390 2.130e-5
 19517.8956 .0001697
 19517.8956 .0007338
  5597.8390 2.130e-5
 19517.8956 .0007338
 19517.8956 .0001697
  5597.4291 7.626e-6
 20983.6440 9.920e-5
 20983.6440 .0004312
  5597.4291 7.626e-6
 20983.6440 .0004312
 20983.6440 9.920e-5
  5597.1827 1.905e-6
 22449.6719 .0002340
 22449.6719 5.363e-5
  5597.1827 1.905e-6
 22449.6719 5.363e-5
 22449.6719 .0002340
  1741.3401 7.912e-6
  1783.8595 1.682e-6
 13437.0808 2.524e-8
  1592.3696 5.037e-8
  6707.2873 2.554e-7
  6708.6788 1.158e-6
  4580.1604 3.097e-6
  4581.5519 6.814e-7
  3368.6305 6.334e-8
  9949.4535 1.164e-7
  9949.4770 5.288e-7
  2696.2686 5.915e-8
  9275.7001 5.751e-7
  9275.7236 1.266e-7
  6085.1832 4.050e-8
 14137.8288 3.316e-8
 14137.8290 1.506e-7
  6015.3031 4.021e-8
 14067.9252 1.505e-7
 14067.9254 3.313e-8
   971.4222 1.143e-5
   971.4458 5.054e-5
  9024.0678 1.995e-8
 18545.2308 8.632e-9
 18545.2308 3.920e-8
   968.6518 5.040e-5
   968.6753 1.140e-5
  9021.2976 1.995e-8
 18542.4604 3.919e-8
 18542.4604 8.631e-9
  2448.4311 1.512e-5
  2448.4313 6.776e-5
 11969.5941 8.300e-9
 22957.7367 9.228e-9
  2448.3741 6.776e-5
  2448.3743 1.512e-5
 11969.5370 8.300e-9
 22957.6797 9.228e-9
  3919.9203 1.132e-5
  3919.9203 5.104e-5
  3919.9196 5.104e-5
  3919.9196 1.132e-5
  5388.6087 6.337e-6
  5388.6087 2.868e-5
  5388.6087 2.868e-5
  5388.6087 6.337e-6
  6855.9495 1.251e-5
  6855.9495 2.759e-6
  6855.9495 2.759e-6
  6855.9495 1.251e-5
  8322.6275 4.042e-6
  8322.6275 8.906e-7
  8322.6275 8.906e-7
  8322.6275 4.042e-6
  9789.0322 1.732e-7
  9789.0322 7.865e-7
  9789.0322 7.865e-7
  9789.0322 1.732e-7
   148.9705 5.292e-5
  2276.0974 .0010091
  3487.6273 3.831e-6
  7351.8976 2.076e-5
  7421.8012 8.688e-5
 12465.6585 2.788e-8
 19041.2953 3.267e-8
 19041.3523 1.484e-7
  2127.1269 4.090e-6
  3338.6568 .0011307
  4012.4102 9.867e-5
  7272.8307 5.857e-7
 12316.6880 7.214e-6
 12319.4585 1.582e-6
  1211.5299 .0001780
  1885.2833 .0013476
  5075.8001 1.715e-6
 10189.5611 5.120e-6
 10192.3316 2.323e-5
 24814.8723 1.048e-8
   673.7534 3.496e-6
  3864.2703 .0015593
  3934.1739 .0002627
  8980.8017 5.655e-7
 15553.6680 3.416e-6
 15553.7250 7.519e-7
  3190.5169 .0002555
  3260.4205 .0014894
  8304.2778 6.111e-7
 14879.9146 8.386e-7
 14879.9716 3.810e-6
    69.9036 7.682e-7
  5113.7610 .0016266
  5116.5314 .0003184
 11689.4547 3.199e-7
 19739.0715 1.079e-6
 19739.0722 2.376e-7
  5043.8573 .0003153
  5046.6278 .0016110
 11619.4941 3.193e-7
 19669.1679 2.377e-7
 19669.1685 1.080e-6
     2.7704 4.359e-8
  6575.6367 .0014666
  6575.6938 .0003023
 14625.3112 1.651e-7
 24144.7647 3.335e-7
 24144.7647 7.342e-8
  6572.8663 .0003022
  6572.9233 .0014661
 14622.5401 1.651e-7
 24141.9943 7.341e-8
 24141.9943 3.335e-7
  8049.6738 .0011599
  8049.6745 .0002452
 17569.1280 7.908e-8
 28556.2293 9.918e-8
 28556.2293 2.184e-8
  8049.6168 .0002452
  8049.6175 .0011599
 17569.0710 7.908e-8
 28556.1723 2.184e-8
 28556.1723 9.918e-8
  9519.4542 .0008106
  9519.4542 .0001738
 20506.5555 3.441e-8
 32960.3440 2.692e-8
  9519.4535 .0001738
  9519.4535 .0008106
 20506.5548 3.441e-8
 32960.3433 2.692e-8
 10987.1013 .0005010
 10987.1013 .0001084
 23440.8899 1.324e-8
 10987.1013 .0001084
 10987.1013 .0005010
 23440.8899 1.324e-8
 12453.7885 .0002719
 12453.7885 5.918e-5
 12453.7885 5.918e-5
 12453.7885 .0002719
 13920.0566 2.776e-5
 13920.0566 .0001270
 13920.0566 .0001270
 13920.0566 2.776e-5
 15386.2149 4.856e-5
 15386.2149 1.065e-5
 15386.2149 1.065e-5
 15386.2149 4.856e-5
 16852.4893 2.823e-6
 16852.4893 1.284e-5
 16852.4893 1.284e-5
 16852.4893 2.823e-6
  5855.5034 .0007437
  5970.9909 .0043096
  8424.1233 .0004884
 10374.7574 2.556e-6
 13430.4671 .0001164
 13540.3506 2.255e-5
 18550.1293 3.275e-8
 25114.2369 1.871e-7
 25114.3648 4.117e-8
  5706.5329 .0040739
  5822.0204 .0007336
  9351.4057 .0004568
 10225.7868 .0005853
 13281.4966 8.071e-7
 18395.9558 1.884e-6
 18401.1588 8.505e-6
  3579.4059 .0001097
  6148.0259 .0006925
  7224.2788 .0024291
  8098.6599 .0007599
 11264.2532 2.407e-6
 16268.8289 2.941e-5
 16274.0318 6.457e-6
 30884.0250 1.516e-8
  2483.3636 5.574e-5
  4936.4960 .0013679
  6012.7490 .0006313
  9942.8398 .0006330
 10052.7233 .0018660
 15057.2991 7.584e-7
 21626.6097 9.952e-7
 21626.7376 4.520e-6
  1694.1227 2.627e-7
  1809.6102 6.353e-5
  4262.7426 .0002321
  6213.3767 .0006302
  9269.0864 .0020725
  9378.9699 .0006688
 14388.7486 8.429e-7
 20952.8562 5.101e-6
 20952.9842 1.123e-6
  2148.4787 5.498e-5
  3022.8598 .0003596
  6078.5695 .0005140
 11193.0288 .0006508
 11198.2317 .0023697
 17762.3394 4.616e-7
 25808.2249 3.588e-7
 25808.2267 1.630e-6
  1002.3221 1.222e-7
  2078.5750 .0001924
  2952.9561 9.048e-5
  6118.5494 .0005152
 11123.1251 .0023651
 11128.3281 .0006491
 17692.5636 4.616e-7
 25738.3212 1.632e-6
 25738.3231 3.592e-7
   964.8086 1.711e-5
  1074.6921 8.096e-5
  6079.2678 .0003847
 12648.5784 .0006098
 12648.7063 .0023905
 20694.4639 2.683e-7
 30211.7248 1.310e-7
 30211.7248 5.952e-7
   962.0381 7.191e-5
  1071.9216 1.913e-5
  6081.7003 .0003848
 12645.8080 .0023901
 12645.9359 .0006097
 20691.6953 2.683e-7
 30208.9543 5.952e-7
 30208.9543 1.310e-7
  6072.9417 .0002638
 14118.8272 .0005285
 14118.8290 .0021517
 23636.0880 1.506e-7
 34621.8426 4.781e-8
 34621.8426 2.172e-7
  6073.0126 .0002638
 14118.7702 .0021517
 14118.7720 .0005285
 23636.0310 1.506e-7
 34621.7856 2.172e-7
 34621.7856 4.781e-8
  6069.1534 .0001655
 15586.4142 .0004225
 15586.4142 .0017597
 26572.1689 7.977e-8
 39025.1008 1.668e-8
 39025.1008 7.577e-8
  6069.1546 .0001655
 15586.4135 .0017597
 15586.4135 .0004225
 26572.1682 7.977e-8
 39025.1001 7.577e-8
 39025.1001 1.668e-8
  6066.9600 9.454e-5
 17052.7147 .0003115
 17052.7147 .0013170
 29505.6467 3.918e-8
 43425.1538 2.426e-8
  6066.9601 9.454e-5
 17052.7147 .0013170
 17052.7147 .0003115
 29505.6467 3.918e-8
 43425.1537 2.426e-8
  6065.6133 4.881e-5
 18518.5453 .0002120
 18518.5453 .0009057
 32438.0524 1.750e-8
  6065.6133 4.881e-5
 18518.5453 .0009057
 18518.5453 .0002120
 32438.0524 1.750e-8
  6064.7568 2.250e-5
 19984.2639 .0001333
 19984.2639 .0005738
 35370.1342 6.907e-9
  6064.7568 2.250e-5
 19984.2639 .0005738
 19984.2639 .0001333
 35370.1342 6.907e-9
  6064.2073 9.045e-6
 21450.0776 .0003355
 21450.0776 7.748e-5
  6064.2073 9.045e-6
 21450.0776 7.748e-5
 21450.0776 .0003355
  6063.8627 3.007e-6
 22916.1515 .0001812
 22916.1515 4.167e-5
  6063.8627 3.007e-6
 22916.1515 4.167e-5
 22916.1515 .0001812
  6063.6623 6.974e-7
 24382.6497 9.058e-5
 24382.6497 2.075e-5
  6063.6623 6.974e-7
 24382.6497 2.075e-5
 24382.6497 9.058e-5
  1496.3942 6.413e-6
  1566.2978 1.346e-6
 13185.7919 3.383e-8
 13185.8489 7.450e-9
  1380.9066 3.809e-8
  6494.6676 2.567e-7
  6497.4381 1.162e-6
  4041.5352 3.446e-6
  4044.3057 7.577e-7
  2965.2823 5.555e-8
  9540.9190 1.352e-7
  9540.9760 6.138e-7
  2093.6716 4.862e-8
  8666.5379 6.916e-7
  8666.5949 1.523e-7
  5610.8282 3.948e-8
 13660.5020 4.185e-8
 13660.5027 1.900e-7
  5501.0017 3.897e-8
 13550.6184 1.898e-7
 13550.6191 4.179e-8
   496.3689 5.257e-6
   496.4259 2.306e-5
  8546.0427 2.093e-8
 18065.4969 1.179e-8
 18065.4969 5.353e-8
   491.1660 2.282e-5
   491.2230 5.203e-6
  8540.8405 2.091e-8
 18060.2940 5.352e-8
 18060.2940 1.179e-8
  1976.7321 1.138e-5
  1976.7328 5.076e-5
 11496.1863 9.383e-9
 22483.2876 1.399e-8
  1976.6042 5.075e-5
  1976.6049 1.138e-5
 11496.0584 9.383e-9
 22483.1597 1.399e-8
  3450.3008 9.739e-6
  3450.3008 4.381e-5
  3450.2989 4.381e-5
  3450.2989 9.739e-6
  4920.1413 6.058e-6
  4920.1413 2.737e-5
  4920.1413 2.737e-5
  4920.1413 6.058e-6
  6388.1752 2.989e-6
  6388.1752 1.354e-5
  6388.1752 1.354e-5
  6388.1752 2.989e-6
  7855.2998 5.318e-6
  7855.2998 1.173e-6
  7855.2998 1.173e-6
  7855.2998 5.318e-6
  9322.0076 1.566e-6
  9322.0076 3.451e-7
  9322.0076 3.451e-7
  9322.0076 1.566e-6
 10788.6265 6.159e-8
 10788.6265 2.796e-7
 10788.6265 2.796e-7
 10788.6265 6.159e-8
   115.4875 3.438e-5
  2568.6199 .0008342
  3644.8729 3.355e-6
  7574.9637 1.927e-5
  7684.8473 7.729e-5
 12689.4230 2.986e-8
 19258.7336 4.150e-8
 19258.8615 1.885e-7
  2453.1324 3.405e-6
  3529.3853 .0009287
  4403.7664 6.985e-5
  7569.3597 4.835e-7
 12573.9354 7.160e-6
 12579.1383 1.566e-6
  1076.2529 .0001358
  1950.6340 .0011126
  5006.3438 1.694e-6
 10120.8030 6.003e-6
 10126.0060 2.719e-5
 24736.0010 1.779e-8
   874.3811 3.049e-6
  3930.0908 .0012809
  4039.9744 .0002039
  9049.7530 5.294e-7
 15613.8607 3.817e-6
 15613.9886 8.398e-7
  3055.7097 .0001998
  3165.5933 .0012175
  8170.1690 5.947e-7
 14739.4796 9.824e-7
 14739.6075 4.464e-6
   109.8835 8.223e-7
  5114.4593 .0013376
  5119.6622 .0002561
 11683.8978 3.104e-7
 19729.6553 1.265e-6
 19729.6572 2.785e-7
  5004.5757 .0002523
  5009.7786 .0013179
 11573.8863 3.096e-7
 19619.7718 2.788e-7
 19619.7737 1.267e-6
     5.2029 5.639e-8
  6569.3106 .0012139
  6569.4385 .0002470
 14615.1980 1.640e-7
 24132.4569 4.072e-7
 24132.4570 8.963e-8
  6564.1077 .0002469
  6564.2356 .0012131
 14609.9932 1.639e-7
 24127.2540 8.962e-8
 24127.2540 4.071e-7
  8045.8855 .0009713
  8045.8874 .0002036
 17563.1464 8.102e-8
 28548.9010 1.281e-7
 28548.9010 2.820e-8
  8045.7576 .0002036
  8045.7595 .0009713
 17563.0184 8.102e-8
 28548.7731 2.820e-8
 28548.7731 1.281e-7
  9517.2608 .0006905
  9517.2609 .0001472
 20503.0155 3.683e-8
 32955.9475 3.775e-8
 32955.9475 8.311e-9
  9517.2590 .0001472
  9517.2590 .0006905
 20503.0136 3.683e-8
 32955.9456 8.311e-9
 32955.9456 3.775e-8
 10985.7546 .0004376
 10985.7546 9.427e-5
 23438.6866 1.511e-8
 37358.1937 9.979e-9
 10985.7546 9.427e-5
 10985.7546 .0004376
 23438.6866 1.511e-8
 37358.1937 9.979e-9
 12452.9320 .0002468
 12452.9320 5.353e-5
 12452.9320 5.353e-5
 12452.9320 .0002468
 13919.5071 .0001227
 13919.5071 2.674e-5
 13919.5071 2.674e-5
 13919.5071 .0001227
 15385.8703 5.265e-5
 15385.8703 1.152e-5
 15385.8703 1.152e-5
 15385.8703 5.265e-5
 16852.2888 1.853e-5
 16852.2888 4.065e-6
 16852.2888 4.065e-6
 16852.2888 1.853e-5
 18318.9874 9.940e-7
 18318.9874 4.522e-6
 18318.9874 4.522e-6
 18318.9874 9.940e-7
  6290.3605 .0006433
  6378.8397 .0037928
  9169.8473 .0003897
 11216.4821 1.871e-6
 14120.9893 .0001062
 14287.0309 1.939e-5
 19248.2725 3.368e-8
 25800.8015 2.250e-7
 25801.0706 4.952e-8
  6174.8730 .0036456
  6263.3521 .0006368
  9996.6086 .0003721
 11100.9945 .0004032
 14005.5017 6.828e-7
 19123.4873 1.803e-6
 19132.7850 8.099e-6
  3721.7406 8.188e-5
  6601.2273 .0005900
  7543.4762 .0021027
  8647.8621 .0006305
 11718.4110 2.315e-6
 16670.3549 3.364e-5
 16679.6526 7.366e-6
 31273.3331 2.392e-8
  2733.9668 4.730e-5
  5524.9744 .0013267
  6467.2233 .0005439
 10476.1164 .0005192
 10642.1581 .0014187
 15594.1019 6.936e-7
 22155.9287 1.057e-6
 22156.1978 4.801e-6
  1771.1065 1.848e-7
  1859.5857 4.168e-5
  4650.5933 .0001990
  6697.2281 .0005388
  9601.7353 .0016681
  9767.7769 .0005621
 14729.0186 8.080e-7
 21281.5475 5.709e-6
 21281.8167 1.257e-6
  2537.1324 5.278e-5
  3641.5183 .0003641
  6546.0256 .0004439
 11664.0111 .0005289
 11673.3088 .0018703
 18225.8378 4.287e-7
 26266.9893 3.921e-7
 26266.9940 1.781e-6
  1485.0000 1.744e-7
  2427.2489 .0001716
  3531.6348 9.281e-5
  6602.1837 .0004449
 11554.1276 .0018662
 11563.4253 .0005271
 18116.2234 4.290e-7
 26157.1058 1.785e-6
 26157.1104 3.930e-7
  1431.5663 2.138e-5
  1597.6080 .0001001
  6549.5519 .0003346
 13111.3786 .0004890
 13111.6477 .0018833
 21152.5301 2.495e-7
 30667.0302 1.454e-7
 30667.0302 6.604e-7
  1426.3634 8.819e-5
  1592.4050 2.402e-5
  6553.6466 .0003347
 13106.1756 .0018827
 13106.4447 .0004888
 21147.3318 2.495e-7
 30661.8272 6.604e-7
 30661.8273 1.454e-7
  6542.0680 .0002317
 14583.2195 .0004191
 14583.2241 .0016854
 24097.7196 1.407e-7
 35081.7693 5.436e-8
 35081.7693 2.469e-7
  6542.2092 .0002317
 14583.0916 .0016854
 14583.0962 .0004191
 24097.5917 1.407e-7
 35081.6414 2.469e-7
 35081.6414 5.436e-8
  6537.3340 .0001472
 16051.8341 .0003319
 16051.8341 .0013698
 27035.8838 7.541e-8
 39487.7206 1.970e-8
 39487.7206 8.947e-8
  6537.3368 .0001472
 16051.8322 .0013698
 16051.8322 .0003319
 27035.8819 7.541e-8
 39487.7188 8.947e-8
 39487.7188 1.970e-8
  6534.5732 8.565e-5
 17518.6229 .0002428
 17518.6229 .0010192
 29970.4598 3.778e-8
 43889.2524 3.040e-8
  6534.5732 8.565e-5
 17518.6229 .0010192
 17518.6229 .0002428
 29970.4598 3.778e-8
 43889.2524 3.040e-8
  6532.8683 4.538e-5
 18984.7051 .0001641
 18984.7051 .0006970
 32903.4978 1.745e-8
 48288.9067 9.368e-9
  6532.8683 4.538e-5
 18984.7051 .0006970
 18984.7051 .0001641
 32903.4978 1.745e-8
 48288.9067 9.368e-9
  6531.7732 2.175e-5
 20450.5658 .0004393
 20450.5658 .0001026
 35835.9747 7.298e-9
  6531.7732 2.175e-5
 20450.5658 .0001026
 20450.5658 .0004393
 35835.9747 7.298e-9
  6531.0587 9.307e-6
 21916.4676 .0002557
 21916.4676 5.930e-5
  6531.0587 9.307e-6
 21916.4676 5.930e-5
 21916.4676 .0002557
  6530.5973 3.475e-6
 23382.6019 .0001375
 23382.6019 3.174e-5
  6530.5973 3.475e-6
 23382.6019 3.174e-5
 23382.6019 .0001375
  6530.3130 1.073e-6
 24849.1458 1.574e-5
 24849.1458 6.847e-5
  6530.3130 1.073e-6
 24849.1458 6.847e-5
 24849.1458 1.574e-5
  6530.1584 2.313e-7
 26316.2882 7.232e-6
 26316.2882 3.157e-5
  6530.1584 2.313e-7
 26316.2882 3.157e-5
 26316.2882 7.232e-6
  1284.6032 4.823e-6
  1394.4867 1.001e-6
 12968.3730 4.060e-8
 12968.5010 8.939e-9
  1196.1240 2.725e-8
  6310.5833 2.403e-7
  6315.7862 1.085e-6
  3519.5757 3.514e-6
  3524.7786 7.718e-7
  2577.3268 4.543e-8
  9146.6374 1.454e-7
  9146.7653 6.601e-7
  1478.1438 3.480e-8
  8042.2515 7.766e-7
  8042.3794 1.710e-7
  5137.7443 3.603e-8
 13183.6298 4.857e-8
 13183.6317 2.206e-7
  4971.8305 3.526e-8
 13017.5881 2.202e-7
 13017.5900 4.849e-8
    19.7587 1.802e-7
    19.8866 7.883e-7
  8065.6442 2.043e-8
 17582.9051 1.457e-8
 17582.9051 6.616e-8
    10.4610 4.148e-7
    10.5889 9.657e-8
  8056.3484 2.041e-8
 17573.6074 6.614e-8
 17573.6074 1.457e-8
  1503.8175 7.655e-6
  1503.8194 3.397e-5
 11021.0784 9.738e-9
 22006.8330 1.866e-8
  1503.5484 3.396e-5
  1503.5503 7.653e-6
 11020.8093 9.738e-9
 22006.5639 1.866e-8
  2979.9269 7.706e-6
  2979.9269 3.455e-5
  2979.9222 3.455e-5
  2979.9222 7.706e-6
  4451.1814 5.269e-6
  4451.1814 2.376e-5
  4451.1814 2.376e-5
  4451.1814 5.269e-6
  5920.0637 2.852e-6
  5920.0637 1.290e-5
  5920.0637 1.290e-5
  5920.0637 2.852e-6
  7387.7339 1.261e-6
  7387.7339 5.715e-6
  7387.7339 5.715e-6
  7387.7339 1.261e-6
  8854.8116 2.040e-6
  8854.8116 4.498e-7
  8854.8116 4.498e-7
  8854.8116 2.040e-6
 10321.6915 5.502e-7
 10321.6915 1.212e-7
 10321.6915 1.212e-7
 10321.6915 5.502e-7
 11788.6744 1.991e-8
 11788.6744 9.036e-8
 11788.6744 9.036e-8
 11788.6744 1.991e-8
    88.4792 2.141e-5
  2879.4868 .0006715
  3821.7356 2.818e-6
  7830.6288 1.678e-5
  7996.6704 6.362e-5
 12948.6143 2.944e-8
 19510.4410 4.775e-8
 19510.7101 2.169e-7
  2791.0076 2.769e-6
  3733.2565 .0007420
  4837.6424 4.808e-5
  7908.1912 3.763e-7
 12860.1351 6.668e-6
 12869.4328 1.452e-6
   942.2489 9.947e-5
  2046.6348 .0008922
  4951.1420 1.599e-6
 10069.1276 6.602e-6
 10078.4253 2.982e-5
 24672.1104 2.734e-8
  1104.3859 2.552e-6
  4008.8931 .0010222
  4174.9348 .0001524
  9136.1764 4.721e-7
 15688.7054 4.003e-6
 15688.9745 8.806e-7
  2904.5072 .0001516
  3070.5489 .0009682
  8022.4928 5.577e-7
 14584.3195 1.094e-6
 14584.5886 4.971e-6
   166.0417 8.286e-7
  5117.9856 .0010672
  5127.2833 .0001994
 11680.0814 2.874e-7
 19720.9638 1.390e-6
 19720.9684 3.060e-7
  4951.9439 .0001951
  4961.2416 .0010442
 11513.7706 2.864e-7
 19554.9221 3.067e-7
 19554.9268 1.393e-6
     9.2977 6.817e-8
  6561.8267 .0009728
  6562.0958 .0001953
 14602.9829 1.547e-7
 24117.4783 4.617e-7
 24117.4783 1.016e-7
  6552.5290 .0001950
  6552.7981 .0009716
 14593.6805 1.547e-7
 24108.1806 1.016e-7
 24108.1806 4.615e-7
  8041.1515 .0007851
  8041.1562 .0001631
 17555.6516 7.828e-8
 28539.7013 1.514e-7
 28539.7013 3.332e-8
  8040.8824 .0001631
  8040.8871 .0007851
 17555.3825 7.828e-8
 28539.4322 3.332e-8
 28539.4322 1.514e-7
  9514.5001 .0005652
  9514.5001 .0001197
 20498.5498 3.674e-8
 32950.3867 4.725e-8
 32950.3867 1.040e-8
  9514.4954 .0001197
  9514.4955 .0005652
 20498.5451 3.674e-8
 32950.3820 1.040e-8
 32950.3820 4.725e-8
 10984.0497 .0003647
 10984.0497 7.818e-5
 23435.8866 1.576e-8
 37354.6792 1.358e-8
 10984.0497 7.818e-5
 10984.0497 .0003647
 23435.8865 1.576e-8
 37354.6792 1.358e-8
 12451.8369 .0002110
 12451.8369 4.559e-5
 12451.8369 4.559e-5
 12451.8369 .0002110
 13918.7927 2.369e-5
 13918.7927 .0001090
 13918.7927 .0001090
 13918.7927 2.369e-5
 15385.4089 4.981e-5
 15385.4089 1.087e-5
 15385.4089 1.087e-5
 15385.4089 4.981e-5
 16852.0045 1.969e-5
 16852.0045 4.311e-6
 16852.0045 4.311e-6
 16852.0045 1.969e-5
 18318.8328 1.403e-6
 18318.8328 6.396e-6
 18318.8328 6.396e-6
 18318.8328 1.403e-6
 19786.1298 3.170e-7
 19786.1298 1.442e-6
 19786.1298 1.442e-6
 19786.1298 3.170e-7
  6725.3396 .0005396
  6792.4436 .0032318
  9929.3413 .0003032
 12104.6015 1.311e-6
 14843.3536 9.101e-5
 15085.5221 1.541e-5
 19984.7307 3.197e-8
 26522.0572 2.473e-7
 26522.5932 5.440e-8
  6636.8604 .0031432
  6703.9644 .0005356
 10653.3781 .0002946
 12016.1224 .0002709
 14754.8744 5.532e-7
 19880.3352 1.626e-6
 19896.2515 7.256e-6
  3845.8528 5.967e-5
  7049.8545 .0004867
  7862.3705 .0017762
  9225.1148 .0005033
 12206.0354 2.101e-6
 17089.3276 3.629e-5
 17105.2439 7.910e-6
 23643.1065 7.575e-9
 31677.9097 3.463e-8
 31677.9206 7.623e-9
  2970.7080 3.847e-5
  6107.6057 .0012328
  6920.1216 .0004536
 11021.6180 .0004138
 11263.7865 .0010367
 16147.0787 6.082e-7
 22700.3216 1.064e-6
 22700.8576 4.828e-6
  1799.2180 1.206e-7
  1866.3221 2.591e-5
  5003.2197 .0001606
  7178.4800 .0004449
  9917.2321 .0013142
 10159.4006 .0004609
 15058.6091 7.515e-7
 21595.9357 6.129e-6
 21596.4717 1.350e-6
  2911.2285 4.752e-5
  4273.9728 .0003500
  7012.7249 .0003705
 12138.1856 .0004190
 12154.1019 .0014350
 18691.4285 3.833e-7
 26726.7677 4.065e-7
 26726.7786 1.846e-6
  1932.6709 2.042e-7
  2745.1868 .0001412
  4107.9311 8.978e-5
  7088.8517 .0003710
 11972.1440 .0014325
 11988.0603 .0004173
 18525.9228 3.840e-7
 26560.7260 1.855e-6
 26560.7369 4.083e-7
  1894.7393 2.298e-5
  2136.9078 .0001073
  7020.2001 .0002808
 13573.4429 .0003827
 13573.9789 .0014465
 21608.7821 2.232e-7
 31119.8645 1.525e-7
 31119.8647 6.927e-7
  1885.4416 9.275e-5
  2127.6101 2.622e-5
  7026.8187 .0002809
 13564.1452 .0014457
 13564.6812 .0003825
 21599.4953 2.231e-7
 31110.5668 6.926e-7
 31110.5669 1.525e-7
   458.3734 3.459e-6
   474.2897 1.541e-5
  7011.6162 .0001959
 15046.9554 .0003246
 15046.9663 .0012887
 24558.0378 1.263e-7
 35539.9673 5.800e-8
 35539.9673 2.635e-7
   458.1043 1.488e-5
   474.0206 3.578e-6
  7011.8831 .0001959
 15046.6863 .0012887
 15046.6972 .0003246
 24557.7688 1.263e-7
 35539.6982 2.634e-7
 35539.6982 5.799e-8
  7005.8039 .0001258
 16516.8863 .0002549
 16516.8865 .0010419
 27498.8159 6.814e-8
 39949.2805 2.158e-8
 39949.2805 9.803e-8
  7005.8101 .0001258
 16516.8816 .0010419
 16516.8818 .0002549
 27498.8112 6.814e-8
 39949.2758 9.803e-8
 39949.2758 2.158e-8
  7002.3862 7.416e-5
 17984.3158 .0001851
 17984.3158 .0007711
 30434.7804 3.459e-8
 44352.6663 7.633e-9
 44352.6663 3.467e-8
  7002.3863 7.416e-5
 17984.3157 .0007711
 17984.3157 .0001851
 30434.7803 3.459e-8
 44352.6663 3.467e-8
 44352.6663 7.633e-9
  7000.2660 4.003e-5
 19450.7306 .0001243
 19450.7306 .0005247
 33368.6166 1.632e-8
 48753.4272 1.136e-8
  7000.2660 4.003e-5
 19450.7306 .0005247
 19450.7306 .0001243
 33368.6166 1.632e-8
 48753.4272 1.136e-8
  6998.8938 1.970e-5
 20916.7798 7.725e-5
 20916.7798 .0003292
 36301.5904 7.068e-9
  6998.8938 1.970e-5
 20916.7798 .0003292
 20916.7798 7.725e-5
 36301.5904 7.068e-9
  6997.9871 8.765e-6
 22382.7977 4.444e-5
 22382.7977 .0001908
  6997.9871 8.765e-6
 22382.7977 .0001908
 22382.7977 4.444e-5
  6997.3888 3.485e-6
 23849.0100 .0001022
 23849.0100 2.368e-5
  6997.3888 3.485e-6
 23849.0100 2.368e-5
 23849.0100 .0001022
  6997.0055 1.209e-6
 25315.6114 1.169e-5
 25315.6114 5.071e-5
  6997.0055 1.209e-6
 25315.6114 5.071e-5
 25315.6114 1.169e-5
  6996.7787 3.469e-7
 26782.8001 5.353e-6
 26782.8001 2.330e-5
  6996.7787 3.469e-7
 26782.8001 2.330e-5
 26782.8001 5.353e-6
  6996.6704 6.951e-8
 28250.7938 2.273e-6
 28250.7938 9.926e-6
  6996.6704 6.951e-8
 28250.7938 9.926e-6
 28250.7938 2.273e-6
  1105.2892 3.409e-6
  1271.3309 7.034e-7
 12785.1015 4.428e-8
 12785.3706 9.748e-9
  1038.1852 1.859e-8
  6156.1707 2.113e-7
  6165.4684 9.501e-7
  3019.2730 3.288e-6
  3028.5707 7.206e-7
 17622.2512 6.993e-9
  2206.7571 3.472e-8
  8768.5838 1.460e-7
  8768.8529 6.629e-7
   853.3105 1.959e-8
  7405.8395 8.205e-7
  7406.1086 1.807e-7
  4667.0874 3.096e-8
 12708.2389 5.248e-8
 12708.2436 2.383e-7
  4425.1880 2.989e-8
 12466.0704 2.379e-7
 12466.0751 5.240e-8
  7582.7781 1.874e-8
 17097.2782 1.659e-8
 17097.2783 7.531e-8
  7566.8665 1.870e-8
 17081.3619 7.526e-8
 17081.3620 1.658e-8
  1029.5353 4.429e-6
  1029.5399 1.954e-5
 10544.0354 9.418e-9
 21528.0851 2.254e-8
  1028.9993 1.953e-5
  1029.0040 4.427e-6
 10543.4994 9.418e-9
 21527.5491 2.254e-8
  2508.6962 5.635e-6
  2508.6962 2.517e-5
  2508.6853 2.517e-5
  2508.6853 5.635e-6
  3981.6635 4.243e-6
  3981.6635 1.908e-5
  3981.6634 1.908e-5
  3981.6634 4.243e-6
  5451.5708 2.481e-6
  5451.5708 1.120e-5
  5451.5708 1.120e-5
  5451.5708 2.481e-6
  6919.8989 5.411e-6
  6919.8989 1.195e-6
  6919.8989 1.195e-6
  6919.8989 5.411e-6
  8387.4218 2.170e-6
  8387.4218 4.788e-7
  8387.4218 4.788e-7
  8387.4218 2.170e-6
  9854.6157 1.561e-7
  9854.6157 7.079e-7
  9854.6157 7.079e-7
  9854.6157 1.561e-7
 11321.8273 3.866e-8
 11321.8273 1.754e-7
 11321.8273 1.754e-7
 11321.8273 3.866e-8
 12789.3511 2.656e-8
 12789.3511 2.656e-8
    67.1040 1.282e-5
  3204.0017 .0005271
  4016.5177 2.279e-6
  8118.0141 1.381e-5
  8360.1825 4.874e-5
 13243.4748 2.697e-8
 19796.7177 5.036e-8
 19797.2537 2.287e-7
  3136.8977 2.199e-6
  3949.4136 .0005771
  5312.1579 3.231e-5
  8293.0785 2.766e-7
 13176.3708 5.857e-6
 13192.2871 1.267e-6
   812.5159 6.987e-5
  2175.2602 .0006957
  4914.0123 1.442e-6
 10039.4731 6.822e-6
 10055.3894 3.067e-5
 16592.7160 7.666e-9
 24628.0552 8.445e-9
 24628.0660 3.836e-8
  1362.7443 2.058e-6
  4101.4964 .0007933
  4343.6649 .0001098
  9242.8735 4.019e-7
 15780.2000 3.962e-6
 15780.7360 8.712e-7
  2738.7521 .0001117
  2980.9206 .0007494
  7864.2128 5.058e-7
 14417.4557 1.165e-6
 14417.9917 5.292e-6
   242.1685 7.882e-7
  5125.4608 .0008273
  5141.3771 .0001505
 11679.2396 2.549e-7
 19714.0428 1.442e-6
 19714.0537 3.173e-7
  4883.2923 .0001460
  4899.2086 .0008023
 11436.5351 2.541e-7
 19471.8743 3.189e-7
 19471.8852 1.449e-6
    15.9163 7.745e-8
  6553.2429 .0007562
  6553.7788 .0001495
 14588.5930 1.395e-7
 24099.6644 4.913e-7
 24099.6646 1.081e-7
  6537.3266 .0001492
  6537.8625 .0007546
 14572.6658 1.394e-7
 24083.7481 1.081e-7
 24083.7483 4.911e-7
  8035.3392 .0006144
  8035.3501 .0001264
 17546.4217 7.190e-8
 28528.3511 1.662e-7
 28528.3511 3.659e-8
  8034.8032 .0001264
  8034.8141 .0006143
 17545.8856 7.190e-8
 28527.8151 3.659e-8
 28527.8151 1.662e-7
  9511.0824 .0004465
  9511.0825 9.392e-5
 20493.0119 3.457e-8
 32943.4765 5.415e-8
 32943.4765 1.192e-8
  9511.0715 9.392e-5
  9511.0716 .0004465
 20493.0010 3.457e-8
 32943.4656 1.192e-8
 32943.4656 5.414e-8
 10981.9295 .0002919
 10981.9295 6.226e-5
 23432.3941 1.532e-8
 37350.2801 1.650e-8
 10981.9294 6.226e-5
 10981.9294 .0002919
 23432.3940 1.532e-8
 37350.2800 1.650e-8
 12450.4646 .0001720
 12450.4646 3.702e-5
 12450.4646 3.702e-5
 12450.4646 .0001720
 13917.8860 9.124e-5
 13917.8860 1.976e-5
 13917.8860 1.976e-5
 13917.8860 9.124e-5
 15384.8106 9.434e-6
 15384.8106 4.335e-5
 15384.8106 4.335e-5
 15384.8106 9.434e-6
 16851.6212 3.986e-6
 16851.6212 1.825e-5
 16851.6212 1.825e-5
 16851.6212 3.986e-6
 18318.6060 1.458e-6
 18318.6060 6.658e-6
 18318.6060 6.658e-6
 18318.6060 1.458e-6
 19786.0215 4.386e-7
 19786.0215 1.998e-6
 19786.0215 1.998e-6
 19786.0215 4.386e-7
 21254.1234 9.163e-8
 21254.1234 4.167e-7
 21254.1234 4.167e-7
 21254.1234 9.163e-8
  7160.6058 .0004395
  7211.0582 .0026694
 10698.0348 .0002305
 13035.8931 8.868e-7
 15596.4845 7.386e-5
 15938.4755 1.140e-5
 20760.8458 2.820e-8
 27278.3224 2.506e-7
 27279.3405 5.511e-8
  7093.5018 .0026179
  7143.9541 .0004371
 11320.8447 .0002268
 12968.7890 .0001781
 15529.3805 4.304e-7
 20667.5048 1.389e-6
 20693.7418 6.134e-6
 35239.5592 7.376e-9
  3956.6041 4.260e-5
  7494.0331 .0003895
  8183.9470 .0014637
  9831.8913 .0003871
 12734.4737 1.792e-6
 17530.6071 3.692e-5
 17556.8441 7.989e-6
 24075.3387 8.784e-9
 32102.6376 4.621e-8
 32102.6615 1.017e-8
  3194.5405 3.011e-5
  6681.5172 .0010994
  7371.4311 .0003667
 11579.9668 .0003207
 11921.9578 .0007280
 16718.0912 5.120e-7
 23261.8047 1.016e-6
 23262.8228 4.609e-6
  1781.3438 7.397e-8
  1831.7962 1.536e-5
  5318.7729 .0001225
  7656.6311 .0003555
 10217.2225 .0010146
 10559.2135 .0003681
 15381.5838 6.792e-7
 21899.0604 6.337e-6
 21900.0785 1.396e-6
  3269.9347 4.048e-5
  4917.8790 .0003220
  7478.4704 .0002993
 12616.5948 .0003236
 12642.8317 .0010698
 19160.3083 3.306e-7
 27188.6253 4.017e-7
 27188.6491 1.825e-6
  2337.8523 2.071e-7
  3027.7662 .0001079
  4675.7105 8.229e-5
  7578.2929 .0002993
 12374.4263 .0010699
 12400.6632 .0003222
 18919.1579 3.320e-7
 26946.4568 1.839e-6
 26946.4806 4.049e-7
  2353.0097 2.241e-5
  2695.0006 .0001050
  7491.1340 .0002278
 14034.8476 .0002923
 14035.8657 .0010831
 22063.1645 1.926e-7
 31570.0760 1.521e-7
 31570.0764 6.909e-7
  2337.0934 8.814e-5
  2679.0843 2.613e-5
  7501.4547 .0002279
 14018.9313 .0010822
 14019.9493 .0002920
 22047.2721 1.925e-7
 31554.1597 6.907e-7
 31554.1601 1.521e-7
   937.8912 5.650e-6
   964.1281 2.474e-5
  7481.6047 .0001600
 15509.9216 .0002456
 15509.9455 .0009618
 25016.8331 1.091e-7
 35996.1659 5.857e-8
 35996.1659 2.660e-7
   937.3552 2.404e-5
   963.5921 5.807e-6
  7482.0868 .0001600
 15509.3857 .0009617
 15509.4095 .0002456
 25016.2975 1.091e-7
 35995.6299 2.660e-7
 35995.6299 5.857e-8
  7474.5824 .0001035
 16981.4939 .0001913
 16981.4943 .0007741
 27960.8266 5.915e-8
 40409.6005 2.222e-8
 40409.6005 1.009e-7
  7474.5954 .0001035
 16981.4831 .0007741
 16981.4834 .0001913
 27960.8158 5.915e-8
 40409.5896 1.009e-7
 40409.5896 2.222e-8
  7470.4116 6.168e-5
 18449.7443 .0001380
 18449.7443 .0005702
 30898.5181 3.029e-8
 44815.2759 8.083e-9
 44815.2759 3.671e-8
  7470.4118 6.168e-5
 18449.7441 .0005702
 18449.7441 .0001380
 30898.5180 3.029e-8
 44815.2758 3.671e-8
 44815.2758 8.083e-9
  7467.8147 3.376e-5
 19916.5886 9.212e-5
 19916.5886 .0003863
 33833.3464 1.450e-8
 49217.4002 1.253e-8
  7467.8147 3.376e-5
 19916.5886 .0003863
 19916.5886 9.212e-5
 33833.3464 1.450e-8
 49217.4002 1.253e-8
  7466.1240 1.693e-5
 21382.8818 5.694e-5
 21382.8818 .0002414
  7466.1240 1.693e-5
 21382.8818 .0002414
 21382.8818 5.694e-5
  7464.9958 7.737e-6
 22849.0497 3.260e-5
 22849.0497 .0001393
  7464.9958 7.737e-6
 22849.0497 .0001393
 22849.0497 3.260e-5
  7464.2391 3.199e-6
 24315.3615 1.730e-5
 24315.3615 7.438e-5
  7464.2391 3.199e-6
 24315.3615 7.438e-5
 24315.3615 1.730e-5
  7463.7404 1.182e-6
 25782.0348 8.508e-6
 25782.0348 3.677e-5
  7463.7404 1.182e-6
 25782.0348 3.677e-5
 25782.0348 8.508e-6
  7463.4288 3.812e-7
 27249.2796 1.684e-5
 27249.2796 3.882e-6
  7463.4288 3.812e-7
 27249.2796 3.882e-6
 27249.2796 1.684e-5
  7463.2581 1.017e-7
 28717.3206 7.155e-6
 28717.3206 1.643e-6
  7463.2581 1.017e-7
 28717.3206 1.643e-6
 28717.3206 7.155e-6
  7463.1972 1.895e-8
 30186.4085 2.819e-6
 30186.4085 6.456e-7
  7463.1972 1.895e-8
 30186.4085 6.456e-7
 30186.4085 2.819e-6
   957.4083 2.292e-6
  1199.5767 4.753e-7
 12636.1119 4.441e-8
 12636.6479 9.777e-9
   906.9559 1.221e-8
  6032.4166 1.754e-7
  6048.3330 7.842e-7
  2545.4400 2.819e-6
  2561.3563 6.164e-7
 17134.0220 9.367e-9
  1855.5261 2.480e-8
  8408.7689 1.379e-7
  8409.3049 6.256e-7
  6760.8246 8.196e-7
  6761.3606 1.805e-7
  4200.2332 2.514e-8
 12235.5724 5.323e-8
 12235.5833 2.417e-7
  3858.7782 2.375e-8
 11893.5814 2.415e-7
 11893.5923 5.319e-8
  7097.4480 1.626e-8
 16608.5304 1.761e-8
 16608.5306 7.993e-8
  7071.2220 1.621e-8
 16582.2935 7.984e-8
 16582.2936 1.759e-8
   553.7345 1.934e-6
   553.7454 8.478e-6
 10064.8169 8.572e-9
 21046.7464 2.510e-8
   552.7164 8.462e-6
   552.7273 1.931e-6
 10063.7989 8.571e-9
 21045.7283 2.510e-8
  2036.4999 3.795e-6
  2036.5001 1.688e-5
 25468.8941 7.386e-9
  2036.4761 1.688e-5
  2036.4762 3.794e-6
 25468.8702 7.386e-9
  3511.5180 3.191e-6
  3511.5180 1.431e-5
  3511.5176 1.431e-5
  3511.5176 3.191e-6
  4982.6499 2.004e-6
  4982.6499 9.033e-6
  4982.6499 9.033e-6
  4982.6499 2.004e-6
  6451.7620 1.034e-6
  6451.7620 4.674e-6
  6451.7620 4.674e-6
  6451.7620 1.034e-6
  7919.8148 2.034e-6
  7919.8148 4.493e-7
  7919.8148 4.493e-7
  7919.8148 2.034e-6
  9387.3821 1.641e-7
  9387.3821 7.439e-7
  9387.3821 7.439e-7
  9387.3821 1.641e-7
 10854.8656 4.908e-8
 10854.8656 2.226e-7
 10854.8656 2.226e-7
 10854.8656 4.908e-8
 12322.5927 1.120e-8
 12322.5927 5.082e-8
 12322.5927 5.082e-8
 12322.5927 1.120e-8
 13790.8653 7.107e-9
 13790.8653 7.107e-9
    50.4524 7.398e-6
  3537.4290 .0004036
  4227.3430 1.780e-6
  8435.8787 1.082e-5
  8777.8697 3.495e-5
 13574.0030 2.315e-8
 20117.7166 4.917e-8
 20118.7347 2.232e-7
  3486.9767 1.704e-6
  4176.8906 .0004374
  5824.8349 2.127e-5
  8727.4173 1.925e-7
 13523.5507 4.873e-6
 13549.7876 1.044e-6
 28095.5811 6.810e-9
   689.9139 4.703e-5
  2337.8582 .0005278
  4898.4497 1.245e-6
 10036.5740 6.630e-6
 10062.8110 2.958e-5
 16580.2875 8.547e-9
 24608.6045 1.087e-8
 24608.6284 4.939e-8
  1647.9443 1.607e-6
  4208.5357 .0005993
  4550.5267 7.620e-5
  9372.8970 3.270e-7
 15890.3736 3.715e-6
 15891.3917 8.164e-7
  2560.5914 7.999e-5
  2902.5824 .0005647
  7698.7158 4.444e-7
 14242.4293 1.190e-6
 14243.4474 5.407e-6
   341.9909 7.095e-7
  5138.1243 .0006238
  5164.3613 .0001101
 11682.8560 2.171e-7
 19710.1548 1.419e-6
 19710.1787 3.124e-7
  4796.1334 .0001057
  4822.3703 .0005984
 11339.8469 2.167e-7
 19368.1639 3.154e-7
 19368.1877 1.433e-6
    26.2370 8.307e-8
  6543.7135 .0005710
  6544.7316 .0001111
 14572.0544 1.207e-7
 24078.9420 4.943e-7
 24078.9424 1.088e-7
  6517.4766 .0001107
  6518.4947 .0005690
 14545.7935 1.205e-7
 24052.7050 1.087e-7
 24052.7054 4.940e-7
  8028.3169 .0004663
  8028.3408 9.493e-5
 17535.2288 6.312e-8
 28514.5612 1.714e-7
 28514.5612 3.774e-8
  8027.2988 9.492e-5
  8027.3227 .0004662
 17534.2104 6.311e-8
 28513.5431 3.774e-8
 28513.5431 1.714e-7
  9506.9115 .0003414
  9506.9119 7.128e-5
 20486.2442 3.093e-8
 32935.0181 5.769e-8
 32935.0181 1.270e-8
  9506.8876 7.128e-5
  9506.8880 .0003414
 20486.2203 3.093e-8
 32934.9942 1.270e-8
 32934.9942 5.769e-8
 10979.3327 .0002255
 10979.3327 4.782e-5
 23428.1066 1.405e-8
 37344.8643 1.837e-8
 10979.3323 4.782e-5
 10979.3323 .0002255
 23428.1062 1.405e-8
 37344.8640 1.837e-8
 12448.7739 .0001347
 12448.7739 2.886e-5
 12448.7738 2.886e-5
 12448.7738 .0001347
 13916.7578 7.278e-5
 13916.7578 1.571e-5
 13916.7578 1.571e-5
 13916.7578 7.278e-5
 15384.0539 3.551e-5
 15384.0539 7.706e-6
 15384.0539 7.706e-6
 15384.0539 3.551e-5
 16851.1225 3.388e-6
 16851.1225 1.555e-5
 16851.1225 1.555e-5
 16851.1225 3.388e-6
 18318.2944 1.321e-6
 18318.2944 6.042e-6
 18318.2944 6.042e-6
 18318.2944 1.321e-6
 19785.8508 2.038e-6
 19785.8508 4.465e-7
 19785.8508 4.465e-7
 19785.8508 2.038e-6
 21254.0625 1.242e-7
 21254.0625 5.658e-7
 21254.0625 5.658e-7
 21254.0625 1.242e-7
 22723.2113 2.403e-8
 22723.2113 1.093e-7
 22723.2113 1.093e-7
 22723.2113 2.403e-8
  7596.2156 .0003480
  7633.8653 .0021398
 11471.6074 .0001712
 14006.5360 5.834e-7
 16378.9540 5.710e-5
 16847.8153 7.896e-6
 21578.0707 2.326e-8
 28069.7621 2.362e-7
 28071.6174 5.191e-8
  7545.7632 .0021108
  7583.4129 .0003466
 11998.0552 .0001700
 13956.0836 .0001150
 16328.5017 3.225e-7
 21485.7993 1.127e-6
 21527.6183 4.903e-6
 36039.3191 7.657e-9
  4058.7866 2.986e-5
  7934.1784 .0003027
  8511.0786 .0011759
 10469.1069 .0002875
 13310.3862 1.436e-6
 17998.8227 3.543e-5
 18040.6417 7.576e-6
 24534.1883 9.508e-9
 32552.2927 5.698e-8
 32552.3424 1.254e-8
  3406.5224 2.277e-5
  7244.2645 .0009422
  7821.1646 .0002878
 12151.6111 .0002416
 12620.4723 .0004915
 17308.9087 4.144e-7
 23842.4191 9.241e-7
 23844.2744 4.188e-6
  1720.9283 4.303e-8
  1758.5780 8.735e-6
  5596.3202 8.893e-5
  8131.2487 .0002752
 10503.6668 .0007681
 10972.5280 .0002859
 15702.7834 5.966e-7
 22194.4748 6.325e-6
 22196.3301 1.393e-6
  3612.6289 3.283e-5
  5570.6573 .0002850
  7943.0753 .0002344
 13100.3730 .0002436
 13142.1920 .0007745
 19633.8833 2.753e-7
 27653.8430 3.796e-7
 27653.8927 1.724e-6
  2693.7378 1.861e-7
  3270.6379 7.709e-5
  5228.6663 7.163e-5
  8069.9456 .0002338
 12758.3820 .0007779
 12800.2011 .0002427
 19293.7477 2.778e-7
 27311.8520 1.748e-6
 27311.9018 3.850e-7
  2804.9510 2.030e-5
  3273.8122 9.599e-5
  7962.2487 .0001791
 14495.7590 .0002179
 14497.6143 .0007905
 22515.7187 1.606e-7
 32017.6035 1.449e-7
 32017.6044 6.583e-7
   406.2960 7.970e-9
  2778.7140 7.747e-5
  3247.5753 2.436e-5
  7977.8307 .0001791
 14469.5221 .0007895
 14471.3774 .0002176
 22489.5315 1.605e-7
 31991.3665 6.580e-7
 31991.3674 1.449e-7
  1418.5351 6.596e-6
  1460.3541 2.859e-5
  7952.0455 .0001264
 15972.0051 .0001814
 15972.0549 .0007005
 25473.8899 9.099e-8
 36450.0833 5.631e-8
 36450.0833 2.558e-7
  1417.5170 2.772e-5
  1459.3360 6.791e-6
  7952.8827 .0001264
 15970.9870 .0007005
 15971.0368 .0001814
 25472.8727 9.098e-8
 36449.0652 2.558e-7
 36449.0652 5.631e-8
  7943.6882 8.231e-5
 17445.5730 .0001403
 17445.5739 .0005617
 28421.7664 4.948e-8
 40868.4867 2.166e-8
 40868.4867 9.841e-8
  7943.7141 8.231e-5
 17445.5491 .0005617
 17445.5500 .0001403
 28421.7425 4.948e-8
 40868.4628 9.841e-8
 40868.4628 2.166e-8
  7938.6615 4.945e-5
 18914.8549 .0001006
 18914.8549 .0004121
 31361.5752 2.549e-8
 45276.9520 8.047e-9
 45276.9520 3.655e-8
  7938.6620 4.945e-5
 18914.8545 .0004121
 18914.8545 .0001006
 31361.5748 2.549e-8
 45276.9516 3.655e-8
 45276.9516 8.047e-9
  7935.5222 2.736e-5
 20382.2425 6.675e-5
 20382.2425 .0002781
 34297.6192 1.232e-8
 49680.7350 1.285e-8
  7935.5222 2.736e-5
 20382.2425 .0002781
 20382.2425 6.675e-5
 34297.6192 1.232e-8
 49680.7350 1.285e-8
  7933.4686 1.392e-5
 21848.8454 4.106e-5
 21848.8454 .0001731
  7933.4686 1.392e-5
 21848.8454 .0001731
 21848.8454 4.106e-5
  7932.0876 6.483e-6
 23315.2034 2.340e-5
 23315.2034 9.954e-5
  7932.0876 6.483e-6
 23315.2034 9.954e-5
 23315.2034 2.340e-5
  7931.1495 2.754e-6
 24781.6406 5.297e-5
 24781.6406 1.237e-5
  7931.1495 2.754e-6
 24781.6406 1.237e-5
 24781.6406 5.297e-5
  7930.5181 1.059e-6
 26248.4027 6.062e-6
 26248.4027 2.610e-5
  7930.5181 1.059e-6
 26248.4027 2.610e-5
 26248.4027 6.062e-6
  7930.1082 3.637e-7
 27715.7154 2.756e-6
 27715.7154 1.192e-5
  7930.1082 3.637e-7
 27715.7154 1.192e-5
 27715.7154 2.756e-6
  7929.8646 1.090e-7
 29183.8121 1.163e-6
 29183.8121 5.051e-6
  7929.8646 1.090e-7
 29183.8121 5.051e-6
 29183.8121 1.163e-6
  7929.7496 2.706e-8
 30652.9487 1.985e-6
 30652.9487 4.557e-7
  7929.7496 2.706e-8
 30652.9487 4.557e-7
 30652.9487 1.985e-6
 32123.4123 1.658e-7
 32123.4123 7.240e-7
 32123.4123 7.240e-7
 32123.4123 1.658e-7
   839.6631 1.484e-6
  1181.6541 3.132e-7
 12521.5010 4.137e-8
 12522.5191 9.104e-9
   802.0134 7.785e-9
  5940.1377 1.383e-7
  5966.3747 6.129e-7
  2102.3956 2.213e-6
  2128.6325 4.823e-7
 16674.4261 1.146e-8
  1525.4954 1.653e-8
  8069.2090 1.229e-7
  8070.2271 5.574e-7
  6111.1806 7.757e-7
  6112.1987 1.709e-7
  3738.7626 1.932e-8
 11767.0795 5.099e-8
 11767.1034 2.315e-7
  3270.9194 1.764e-8
 11298.2182 2.318e-7
 11298.2421 5.107e-8
  6609.7818 1.340e-8
 16116.6933 1.757e-8
 16116.6937 7.977e-8
  6567.9867 1.333e-8
 16074.8743 7.963e-8
 16074.8747 1.754e-8
    76.2715 2.085e-7
    76.2953 9.077e-7
  9583.1830 7.394e-9
 20562.5157 2.606e-8
    74.4161 8.853e-7
    74.4400 2.035e-7
  9581.3280 7.392e-9
 20560.6604 2.606e-8
  1563.2233 2.320e-6
  1563.2237 1.027e-5
 24991.3299 8.036e-9
  1563.1736 1.027e-5
  1563.1739 2.320e-6
 24991.2801 8.036e-9
  3040.6712 2.249e-6
  3040.6712 1.005e-5
  3040.6703 1.005e-5
  3040.6703 2.249e-6
  4513.2517 1.519e-6
  4513.2517 6.832e-6
  4513.2517 6.832e-6
  4513.2517 1.519e-6
  5983.2892 8.318e-7
  5983.2892 3.754e-6
  5983.2892 3.754e-6
  5983.2892 8.318e-7
  7451.9663 3.849e-7
  7451.9663 1.741e-6
  7451.9663 1.741e-6
  7451.9663 3.849e-7
  8919.9730 6.889e-7
  8919.9730 1.521e-7
  8919.9730 1.521e-7
  8919.9730 6.889e-7
 10387.7764 2.307e-7
 10387.7764 5.089e-8
 10387.7764 5.089e-8
 10387.7764 2.307e-7
 11855.7426 6.353e-8
 11855.7426 1.401e-8
 11855.7426 1.401e-8
 11855.7426 6.353e-8
 13324.1979 1.338e-8
 13324.1979 1.338e-8
    37.6497 4.125e-6
  3875.3918 .0003016
  4452.2920 1.348e-6
  8782.7384 8.111e-6
  9251.5997 2.360e-5
 13940.0361 1.872e-8
 20473.5465 4.478e-8
 20475.4018 2.031e-7
  3837.7421 1.289e-6
  4414.6423 .0003231
  6372.6707 1.375e-5
  9213.9500 1.272e-7
 13902.3864 3.855e-6
 13944.2054 8.139e-7
 28455.8564 6.896e-9
   576.9002 3.031e-5
  2534.9285 .0003899
  4907.3466 1.030e-6
 10064.6443 6.063e-6
 10106.4633 2.674e-5
 16598.1546 8.868e-9
 24618.1143 1.289e-8
 24618.1640 5.856e-8
  1958.0284 1.217e-6
  4330.4464 .0004410
  4799.3077 5.100e-5
  9529.5631 2.545e-7
 16021.2545 3.310e-6
 16023.1098 7.268e-7
  2372.4180 5.564e-5
  2841.2793 .0004143
  7529.7157 3.787e-7
 14063.2261 1.169e-6
 14065.0814 5.314e-6
   468.8612 6.060e-7
  5157.2977 .0004578
  5199.1167 7.817e-5
 11692.6633 1.781e-7
 19710.7677 1.332e-6
 19710.8174 2.931e-7
  4688.4364 7.423e-5
  4730.2554 .0004338
 11221.9468 1.784e-7
 19241.9064 2.982e-7
 19241.9562 1.355e-6
    41.8190 8.438e-8
  6533.5104 .0004192
  6535.3657 8.019e-5
 14553.5198 1.004e-7
 24055.3548 4.730e-7
 24055.3557 1.041e-7
  6491.6914 7.975e-5
  6493.5467 .0004169
 14511.6510 1.002e-7
 24013.5358 1.040e-7
 24013.5367 4.726e-7
  8019.9596 .0003437
  8020.0094 6.920e-5
 17521.8453 5.317e-8
 28498.0378 1.673e-7
 28498.0378 3.683e-8
  8018.1043 6.919e-5
  8018.1541 .0003437
 17519.9892 5.317e-8
 28496.1825 3.683e-8
 28496.1825 1.673e-7
  9501.8848 .0002532
  9501.8857 5.244e-5
 20478.0782 2.645e-8
 32924.7985 5.777e-8
 32924.7985 1.272e-8
  9501.8351 5.244e-5
  9501.8359 .0002532
 20478.0284 2.645e-8
 32924.7487 1.272e-8
 32924.7487 5.777e-8
 10976.1934 .0001685
 10976.1934 3.553e-5
 23422.9137 1.226e-8
 37338.2905 1.902e-8
 10976.1925 3.553e-5
 10976.1925 .0001685
 23422.9128 1.226e-8
 37338.2896 1.902e-8
 12446.7203 .0001017
 12446.7203 2.170e-5
 12446.7203 2.170e-5
 12446.7203 .0001017
 13915.3768 5.574e-5
 13915.3768 1.199e-5
 13915.3768 1.199e-5
 13915.3768 5.574e-5
 15383.1158 2.772e-5
 15383.1158 5.998e-6
 15383.1158 5.998e-6
 15383.1158 2.772e-5
 16850.4911 2.709e-6
 16850.4911 1.246e-5
 16850.4911 1.246e-5
 16850.4911 2.709e-6
 18317.8846 5.039e-6
 18317.8846 1.099e-6
 18317.8846 1.099e-6
 18317.8846 5.039e-6
 19785.6071 3.960e-7
 19785.6071 1.810e-6
 19785.6071 1.810e-6
 19785.6071 3.960e-7
 21253.9475 5.650e-7
 21253.9475 1.238e-7
 21253.9475 1.238e-7
 21253.9475 5.650e-7
 22723.1991 1.453e-7
 22723.1991 3.191e-8
 22723.1991 3.191e-8
 22723.1991 1.453e-7
 24193.6749 2.600e-8
 24193.6749 2.600e-8
  8032.1596 .0002680
  8060.0735 .0016662
 12246.3573 .0001244
 15012.2526 3.753e-7
 17189.1062 4.226e-5
 17814.5733 5.154e-6
 22438.1086 1.802e-8
 28896.4889 2.085e-7
 28899.7480 4.576e-8
  7994.5099 .0016504
  8022.4238 .0002672
 12684.0029 .0001242
 14974.6029 7.315e-5
 17151.4565 2.333e-7
 22335.7990 8.709e-7
 22400.4589 3.714e-6
 36869.0948 7.443e-9
  4156.7678 2.056e-5
  8370.9655 .0002287
  8846.2608 .0009204
 11136.8607 .0002065
 13939.1814 1.079e-6
 18498.0568 3.205e-5
 18562.7168 6.736e-6
 25024.3562 9.609e-9
 33031.2535 6.508e-8
 33031.3527 1.432e-8
  3607.7815 1.667e-5
  7794.0653 .0007767
  8269.3607 .0002194
 12736.8142 .0001772
 13362.2813 .0003195
 17921.1567 3.227e-7
 24444.1969 8.016e-7
 24447.4560 3.627e-6
  1621.8392 2.388e-8
  1649.7531 4.776e-6
  5836.0369 6.169e-5
  8601.9322 .0002067
 10778.7858 .0005706
 11404.2529 .0002155
 16027.7882 5.090e-7
 22486.1685 6.101e-6
 22489.4276 1.343e-6
  3938.9142 2.547e-5
  6229.5142 .0002436
  8406.3678 .0001781
 13590.7102 .0001787
 13655.3702 .0005442
 20113.7504 2.217e-7
 28123.9070 3.439e-7
 28124.0061 1.562e-6
  2994.7576 1.501e-7
  3470.0530 5.165e-5
  5760.6529 5.924e-5
  8562.9736 .0001770
 13121.8490 .0005511
 13186.5090 .0001785
 19648.1483 2.255e-7
 27655.0457 1.599e-6
 27655.1448 3.522e-7
  3249.0701 1.732e-5
  3874.5372 8.313e-5
  8433.4126 .0001365
 14956.4528 .0001585
 14959.7119 .0005624
 22966.6093 1.296e-7
 32462.5028 1.323e-7
 32462.5048 6.011e-7
  1030.3975 1.771e-8
  3207.2511 6.377e-5
  3832.7182 2.153e-5
  8456.2535 .0001365
 14914.6338 .0005613
 14917.8929 .0001582
 22924.8894 1.295e-7
 32420.6838 6.008e-7
 32420.6858 1.323e-7
  1899.9022 6.605e-6
  1964.5622 2.839e-5
  8422.9424 9.672e-5
 16433.0989 .0001309
 16433.1980 .0004979
 25928.9924 7.340e-8
 36901.4335 5.177e-8
 36901.4336 2.352e-7
  1898.0469 2.737e-5
  1962.7069 6.833e-6
  8424.3462 9.673e-5
 16431.2436 .0004979
 16431.3427 .0001309
 25927.1391 7.340e-8
 36899.5782 2.352e-7
 36899.5783 5.177e-8
   402.9828 8.335e-7
   406.2419 3.627e-6
  8413.1393 6.334e-5
 17909.0328 .0001005
 17909.0348 .0003981
 28881.4739 3.999e-8
 41325.7307 2.013e-8
 41325.7307 9.145e-8
   402.9330 3.598e-6
   406.1921 8.401e-7
  8413.1886 6.334e-5
 17908.9830 .0003981
 17908.9850 .0001005
 28881.4242 3.999e-8
 41325.6809 9.145e-8
 41325.6809 2.013e-8
  8407.1480 3.831e-5
 19379.5891 7.162e-5
 19379.5891 .0002910
 31823.8459 2.069e-8
 45737.5555 7.595e-9
 45737.5555 3.450e-8
  8407.1491 3.831e-5
 19379.5882 .0002910
 19379.5882 7.162e-5
 31823.8450 2.069e-8
 45737.5546 3.450e-8
 45737.5546 7.595e-9
  8403.3957 2.138e-5
 20847.6525 4.730e-5
 20847.6525 .0001957
 34761.3621 1.007e-8
 50143.3339 1.240e-8
  8403.3957 2.138e-5
 20847.6525 .0001957
 20847.6525 4.730e-5
 34761.3621 1.007e-8
 50143.3339 1.240e-8
  8400.9322 1.099e-5
 22314.6418 2.896e-5
 22314.6418 .0001214
  8400.9322 1.099e-5
 22314.6418 .0001214
 22314.6418 2.896e-5
  8399.2650 5.196e-6
 23781.2369 1.644e-5
 23781.2369 6.957e-5
  8399.2650 5.196e-6
 23781.2369 6.957e-5
 23781.2369 1.644e-5
  8398.1211 2.250e-6
 25247.8295 3.691e-5
 25247.8295 8.654e-6
  8398.1211 2.250e-6
 25247.8295 8.654e-6
 25247.8295 3.691e-5
  8397.3385 8.888e-7
 26714.7007 1.814e-5
 26714.7007 4.227e-6
  8397.3385 8.888e-7
 26714.7007 4.227e-6
 26714.7007 1.814e-5
  8396.8161 3.177e-7
 28182.0952 8.261e-6
 28182.0952 1.916e-6
  8396.8161 3.177e-7
 28182.0952 1.916e-6
 28182.0952 8.261e-6
  8396.4880 1.015e-7
 29650.2575 8.063e-7
 29650.2575 3.490e-6
  8396.4880 1.015e-7
 29650.2575 3.490e-6
 29650.2575 8.063e-7
  8396.3100 2.831e-8
 31119.4500 3.150e-7
 31119.4500 1.369e-6
  8396.3100 2.831e-8
 31119.4500 1.369e-6
 31119.4500 3.150e-7
 32589.9640 4.981e-7
 32589.9640 1.143e-7
 32589.9640 1.143e-7
 32589.9640 4.981e-7
 34062.1259 1.683e-7
 34062.1259 3.855e-8
 34062.1259 3.855e-8
 34062.1259 1.683e-7
   750.5788 9.373e-7
  1219.4401 2.031e-7
 12441.3869 3.606e-8
 12443.2422 7.929e-9
  5879.9626 1.040e-7
  5921.7816 4.550e-7
  1693.6788 1.584e-6
  1735.4978 3.448e-7
 16247.1488 1.288e-8
  1218.3834 1.023e-8
  7751.8938 1.038e-7
  7753.7491 4.706e-7
  5461.2939 6.961e-7
  5463.1492 1.533e-7
  3284.4402 1.406e-8
 11304.3999 4.635e-8
 11304.4496 2.104e-7
  2660.8285 1.214e-8
 10678.9328 2.117e-7
 10678.9826 4.663e-8
  6120.0574 1.053e-8
 15621.9423 1.660e-8
 15621.9431 7.533e-8
  6055.4472 1.044e-8
 15557.2823 7.513e-8
 15557.2832 1.655e-8
 20075.0954 2.547e-8
 20071.8363 2.547e-8
  1088.7455 1.240e-6
  1088.7464 5.461e-6
 24511.6592 8.159e-9
  1088.6464 5.461e-6
  1088.6473 1.240e-6
 24511.5601 8.159e-9
  2569.0454 1.484e-6
  2569.0454 6.612e-6
  2569.0434 6.612e-6
  2569.0434 1.484e-6
  4043.3246 1.087e-6
  4043.3246 4.875e-6
  4043.3246 4.875e-6
  4043.3246 1.087e-6
  5514.4446 6.293e-7
  5514.4446 2.835e-6
  5514.4446 2.835e-6
  5514.4446 6.293e-7
  6983.8507 3.070e-7
  6983.8507 1.387e-6
  6983.8507 1.387e-6
  6983.8507 3.070e-7
  8452.3700 5.826e-7
  8452.3700 1.287e-7
  8452.3700 1.287e-7
  8452.3700 5.826e-7
  9920.5461 4.651e-8
  9920.5461 2.107e-7
  9920.5461 2.107e-7
  9920.5461 4.651e-8
 11388.7910 1.430e-8
 11388.7910 6.484e-8
 11388.7910 6.484e-8
 11388.7910 1.430e-8
 12857.4595 1.646e-8
 12857.4595 1.646e-8
    27.9139 2.226e-6
  4214.1977 .0002198
  4689.4931 9.904e-7
  9156.9466 5.842e-6
  9782.4137 1.509e-5
 14341.2891 1.436e-8
 20864.3293 3.829e-8
 20867.5884 1.734e-7
  4186.2838 9.499e-7
  4661.5792 .0002329
  6952.1791 8.748e-6
  9754.4998 8.007e-8
 14313.3752 2.909e-6
 14378.0351 6.020e-7
   475.2954 1.870e-5
  2765.8953 .0002805
  4942.7489 8.162e-7
 10127.0914 5.225e-6
 10191.7513 2.266e-5
 16650.1315 8.581e-9
 24660.2881 1.412e-8
 24660.3872 6.414e-8
  2290.5999 8.974e-7
  4467.4536 .0003163
  5092.9206 3.296e-5
  9716.4560 1.896e-7
 16174.8362 2.809e-6
 16178.0953 6.160e-7
  2176.8536 3.758e-5
  2802.3207 .0002960
  7361.1961 3.133e-7
 13884.2363 1.107e-6
 13887.4954 5.029e-6
   625.4670 4.922e-7
  5184.3424 .0003272
  5249.0024 5.385e-5
 11710.6418 1.407e-7
 19717.5392 1.195e-6
 19717.6383 2.628e-7
  4558.8754 5.056e-5
  4623.5354 .0003059
 11081.9156 1.420e-7
 19092.0721 2.708e-7
 19092.1712 1.231e-6
    64.6600 8.137e-8
  6523.0402 .0002995
  6526.2993 5.625e-5
 14533.2958 8.055e-8
 24029.0902 4.322e-7
 24029.0922 9.513e-8
  6458.3802 5.577e-5
  6461.6394 .0002970
 14468.5368 8.031e-8
 23964.4302 9.500e-8
 23964.4322 4.316e-7
  8010.1565 .0002464
  8010.2556 4.902e-5
 17506.0520 4.311e-8
 28478.4911 1.554e-7
 28478.4912 3.420e-8
  8006.8974 4.900e-5
  8006.9965 .0002463
 17502.7909 4.310e-8
 28475.2320 3.420e-8
 28475.2320 1.554e-7
  9495.8935 .0001823
  9495.8955 3.746e-5
 20468.3346 2.172e-8
 32912.5914 5.476e-8
 32912.5914 1.206e-8
  9495.7944 3.746e-5
  9495.7964 .0001823
 20468.2355 2.172e-8
 32912.4923 1.206e-8
 32912.4923 5.476e-8
 10972.4411 .0001221
 10972.4412 2.559e-5
 23416.6979 1.022e-8
 37330.4075 1.851e-8
 10972.4391 2.559e-5
 10972.4392 .0001221
 23416.6959 1.022e-8
 37330.4055 1.851e-8
 12444.2568 7.433e-5
 12444.2568 1.578e-5
 12444.2568 1.578e-5
 12444.2568 7.433e-5
 13913.7096 4.118e-5
 13913.7096 8.823e-6
 13913.7096 8.823e-6
 13913.7096 4.118e-5
 15381.9718 2.077e-5
 15381.9718 4.480e-6
 15381.9718 4.480e-6
 15381.9718 2.077e-5
 16849.7085 2.064e-6
 16849.7085 9.521e-6
 16849.7085 9.521e-6
 16849.7085 2.064e-6
 18317.3622 8.606e-7
 18317.3622 3.954e-6
 18317.3622 3.954e-6
 18317.3622 8.606e-7
 19785.2791 1.478e-6
 19785.2791 3.227e-7
 19785.2791 3.227e-7
 19785.2791 1.478e-6
 21253.7694 4.915e-7
 21253.7694 1.076e-7
 21253.7694 1.076e-7
 21253.7694 4.915e-7
 22723.1401 1.421e-7
 22723.1401 3.115e-8
 22723.1401 3.115e-8
 22723.1401 1.421e-7
 24193.7130 7.438e-9
 24193.7130 3.386e-8
 24193.7130 3.386e-8
 24193.7130 7.438e-9
  8468.3943 .0002009
  8488.9729 .0012615
 13019.4337 8.828e-5
 16048.3910 2.369e-7
 18025.1423 3.008e-5
 18838.7688 3.193e-6
 23342.9920 1.316e-8
 29758.6180 1.733e-7
 29764.1584 3.796e-8
  8440.4804 .0012532
  8461.0590 .0002005
 13377.6606 8.841e-5
 16020.4772 4.588e-5
 17997.2285 1.633e-7
 23217.8450 6.433e-7
 23315.0781 2.668e-6
 37729.7145 6.808e-9
  4254.1966 1.392e-5
  8805.2360 .0001683
  9191.3768 .0007013
 11834.1933 .0001439
 14624.5710 7.632e-7
 19031.5612 2.735e-5
 19128.7943 5.607e-6
 25549.9606 9.076e-9
 33543.2410 6.899e-8
 33543.4307 1.518e-8
  3799.4798 1.185e-5
  8329.9407 .0006167
  8716.0814 .0001627
 13335.6493 .0001264
 14149.2757 .0002004
 18556.2658 2.420e-7
 25069.1249 6.641e-7
 25074.6653 2.999e-6
  1488.3014 1.269e-8
  1508.8799 2.512e-6
  6039.3408 4.113e-5
  9068.2981 .0001507
 11045.0494 .0004159
 11858.6758 .0001574
 16362.8990 4.209e-7
 22778.5250 5.690e-6
 22784.0654 1.252e-6
  4248.6279 1.897e-5
  6891.4444 .0002014
  8868.1957 .0001315
 14088.8123 .0001278
 14186.0453 .0003707
 20601.6714 1.727e-7
 28600.4920 2.992e-7
 28600.6817 1.358e-6
  3237.0201 1.099e-7
  3623.1608 3.260e-5
  6265.9774 4.656e-5
  9056.3551 .0001300
 13463.3453 .0003808
 13560.5783 .0001282
 19981.7447 1.779e-7
 27975.0250 1.412e-6
 27975.2147 3.110e-7
  3683.8533 1.402e-5
  4497.4797 6.881e-5
  8904.4698 .0001009
 15417.3289 .0001126
 15422.8693 .0003899
 23416.1496 1.013e-7
 32904.9728 1.161e-7
 32904.9771 5.275e-7
  1642.4420 2.384e-8
  3619.1933 4.950e-5
  4432.8197 1.818e-5
  8937.0429 .0001009
 15352.6689 .0003889
 15358.2093 .0001122
 23351.6793 1.012e-7
 32840.3129 5.271e-7
 32840.3172 1.161e-7
  2381.4297 6.005e-6
  2478.6627 2.563e-5
  8894.2887 7.182e-5
 16893.1094 9.225e-5
 16893.2991 .0003454
 26381.9326 5.736e-8
 37349.9335 4.567e-8
 37349.9336 2.074e-7
  2378.1705 2.451e-5
  2475.4036 6.255e-6
  8896.5700 7.182e-5
 16889.8503 .0003453
 16890.0400 9.224e-5
 26378.6778 5.735e-8
 37346.6744 2.074e-7
 37346.6745 4.566e-8
   884.1322 1.340e-6
   889.6726 5.770e-6
  8882.9529 4.725e-5
 18371.7761 7.039e-5
 18371.7804 .0002755
 29339.7770 3.127e-8
 41781.1100 1.790e-8
 41781.1100 8.132e-8
   884.0331 5.734e-6
   889.5735 1.348e-6
  8883.0435 4.725e-5
 18371.6770 .0002755
 18371.6813 7.039e-5
 29339.6780 3.127e-8
 41781.0109 8.132e-8
 41781.0109 1.790e-8
  8875.8826 2.874e-5
 19843.8835 4.986e-5
 19843.8836 .0002008
 32285.2165 1.622e-8
 46196.9375 6.835e-9
 46196.9375 3.105e-8
  8875.8849 2.874e-5
 19843.8815 .0002008
 19843.8816 4.986e-5
 32285.2145 1.622e-8
 46196.9355 3.105e-8
 46196.9355 6.835e-9
  8871.4424 1.615e-5
 21312.7754 3.277e-5
 21312.7754 .0001346
 35224.4964 7.938e-9
 50605.0925 1.135e-8
  8871.4424 1.615e-5
 21312.7754 .0001346
 21312.7754 3.277e-5
 35224.4964 7.938e-9
 50605.0925 1.135e-8
  8868.5186 8.378e-6
 22780.2396 1.997e-5
 22780.2396 8.321e-5
  8868.5186 8.378e-6
 22780.2396 8.321e-5
 22780.2396 1.997e-5
  8866.5300 4.004e-6
 24247.1261 1.129e-5
 24247.1261 4.755e-5
  8866.5300 4.004e-6
 24247.1261 4.755e-5
 24247.1261 1.129e-5
  8865.1543 1.760e-6
 25713.9094 5.924e-6
 25713.9094 2.515e-5
  8865.1543 1.760e-6
 25713.9094 2.515e-5
 25713.9094 5.924e-6
  8864.2009 7.087e-7
 27180.9130 1.233e-5
 27180.9130 2.884e-6
  8864.2009 7.087e-7
 27180.9130 2.884e-6
 27180.9130 1.233e-5
  8863.5508 2.603e-7
 28648.4055 1.303e-6
 28648.4055 5.601e-6
  8863.5508 2.603e-7
 28648.4055 5.601e-6
 28648.4055 1.303e-6
  8863.1264 8.655e-8
 30116.6450 5.470e-7
 30116.6450 2.361e-6
  8863.1264 8.655e-8
 30116.6450 2.361e-6
 30116.6450 5.470e-7
  8862.8756 2.572e-8
 31585.9020 2.132e-7
 31585.9020 9.236e-7
  8862.8756 2.572e-8
 31585.9020 9.236e-7
 31585.9020 2.132e-7
 33056.4726 3.355e-7
 33056.4726 7.719e-8
 33056.4726 7.719e-8
 33056.4726 3.355e-7
 34528.6867 1.131e-7
 34528.6867 2.597e-8
 34528.6867 2.597e-8
 34528.6867 1.131e-7
 36002.9134 3.545e-8
 36002.9134 8.117e-9
 36002.9134 8.117e-9
 36002.9134 3.545e-8
   688.5523 5.836e-7
  1314.0193 1.300e-7
 12395.9349 2.959e-8
  5852.3162 7.487e-8
  5916.9762 3.218e-7
  1321.8553 1.030e-6
  1386.5153 2.250e-7
 15855.0521 1.336e-8
  7458.7548 8.342e-8
  7462.0139 3.775e-7
  4815.9382 5.915e-7
  4819.1974 1.302e-7
  2839.1869 9.679e-9
 10849.3434 4.011e-8
 10849.4425 1.820e-7
  2028.8196 7.584e-9
 10035.7170 1.846e-7
 10035.8161 4.067e-8
  5628.7269 7.902e-9
 15124.6204 1.490e-8
 15124.6224 6.765e-8
  5531.5929 7.786e-9
 15027.3873 6.737e-8
 15027.3893 1.484e-8
 19584.2025 2.357e-8
 19578.6620 2.356e-8
   612.9406 5.175e-7
   612.9426 2.267e-6
 24029.6385 7.798e-9
   612.7509 2.266e-6
   612.7529 5.173e-7
 24029.4488 7.798e-9
  2096.5585 9.110e-7
  2096.5585 4.044e-6
  2096.5542 4.044e-6
  2096.5542 9.110e-7
  3572.8144 7.353e-7
  3572.8144 3.290e-6
  3572.8143 3.290e-6
  3572.8143 7.353e-7
  5045.1910 4.507e-7
  5045.1910 2.027e-6
  5045.1910 2.027e-6
  5045.1910 4.507e-7
  6515.4418 2.306e-7
  6515.4418 1.040e-6
  6515.4418 1.040e-6
  6515.4418 2.306e-7
  7984.5541 4.588e-7
  7984.5541 1.015e-7
  7984.5541 1.015e-7
  7984.5541 4.588e-7
  9453.1613 3.882e-8
  9453.1613 1.758e-7
  9453.1613 1.758e-7
  9453.1613 3.882e-8
 10921.7283 1.287e-8
 10921.7283 5.833e-8
 10921.7283 5.833e-8
 10921.7283 1.287e-8
 12390.6430 1.654e-8
 12390.6430 1.654e-8
    20.5785 1.165e-6
  4551.0394 .0001562
  4937.1802 7.076e-7
  9556.7480 4.060e-6
 10370.3744 9.189e-6
 14777.3646 1.048e-8
 21290.2236 3.090e-8
 21295.7640 1.397e-7
  4530.4609 6.823e-7
  4916.6016 .0001638
  7559.4182 5.488e-6
 10349.7959 4.825e-8
 14756.7860 2.100e-6
 14854.0191 4.229e-7
   386.1408 1.106e-5
  3028.9573 .0001968
  5005.7086 6.214e-7
 10226.3252 4.252e-6
 10323.5582 1.799e-5
 16739.1842 7.761e-9
 24738.0049 1.434e-8
 24738.1946 6.515e-8
  2642.8165 6.451e-7
  4619.5678 .0002212
  5433.1943 2.061e-5
  9937.4175 1.351e-7
 16353.0435 2.275e-6
 16358.5839 4.979e-7
  1976.7513 2.463e-5
  2790.3777 .0002060
  7197.3679 2.515e-7
 13710.2269 1.009e-6
 13715.7673 4.583e-6
   813.6264 3.814e-7
  5220.6166 .0002279
  5317.8496 3.598e-5
 11739.0160 1.073e-7
 19732.2963 1.027e-6
 19732.4860 2.258e-7
  4406.9902 3.344e-5
  4504.2232 .0002102
 10919.8492 1.097e-7
 18918.6699 2.371e-7
 18918.8596 1.077e-6
    97.2330 7.463e-8
  6512.8591 .0002084
  6518.3994 3.836e-5
 14511.8695 6.242e-8
 24000.5030 3.784e-7
 24000.5073 8.327e-8
  6415.6260 3.788e-5
  6421.1664 .0002058
 14414.4467 6.215e-8
 23903.2699 8.312e-8
 23903.2742 3.777e-7
  7998.8207 .0001718
  7999.0104 3.376e-5
 17487.6482 3.372e-8
 28455.6448 1.379e-7
 28455.6449 3.035e-8
  7993.2803 3.374e-5
  7993.4700 .0001717
 17482.1035 3.371e-8
 28450.1044 3.034e-8
 28450.1045 1.379e-7
  9488.8232 .0001277
  9488.8275 2.600e-5
 20456.8242 1.717e-8
 32898.1571 4.942e-8
 32898.1571 1.088e-8
  9488.6335 2.600e-5
  9488.6378 .0001277
 20456.6344 1.717e-8
 32897.9674 1.088e-8
 32897.9674 4.942e-8
 10968.0009 8.596e-5
 10968.0010 1.789e-5
 23409.3339 8.182e-9
 37321.0549 1.706e-8
 10967.9966 1.789e-5
 10967.9967 8.596e-5
 23409.3296 8.182e-9
 37321.0506 1.706e-8
 12441.3330 5.266e-5
 12441.3330 1.112e-5
 12441.3330 1.112e-5
 12441.3330 5.266e-5
 13911.7210 2.943e-5
 13911.7210 6.279e-6
 13911.7210 6.279e-6
 13911.7210 2.943e-5
 15380.5962 1.500e-5
 15380.5962 3.226e-6
 15380.5962 3.226e-6
 15380.5962 1.500e-5
 16848.7550 6.979e-6
 16848.7550 1.509e-6
 16848.7550 1.509e-6
 16848.7550 6.979e-6
 18316.7121 2.955e-6
 18316.7121 6.417e-7
 18316.7121 6.417e-7
 18316.7121 2.955e-6
 19784.8547 1.135e-6
 19784.8547 2.473e-7
 19784.8547 2.473e-7
 19784.8547 1.135e-6
 21253.5186 3.928e-7
 21253.5186 8.580e-8
 21253.5186 8.580e-8
 21253.5186 3.928e-7
 22723.0264 1.210e-7
 22723.0264 2.649e-8
 22723.0264 2.649e-8
 22723.0264 1.210e-7
 24193.7107 7.110e-9
 24193.7107 3.241e-8
 24193.7107 3.241e-8
 24193.7107 7.110e-9
 25665.9270 7.165e-9
 25665.9270 7.165e-9
  8904.8627 .0001467
  8919.9578 .0009293
 13788.9084 6.123e-5
 17109.9866 1.473e-7
 18885.1778 2.066e-5
 19919.3822 1.890e-6
 24295.0983 9.078e-9
 30656.2881 1.362e-7
 30665.4317 2.976e-8
  8884.2841 .0009250
  8899.3793 .0001465
 14078.0116 6.140e-5
 17089.4081 2.841e-5
 18864.5993 1.108e-7
 24132.0296 4.554e-7
 24274.5197 1.820e-6
  4353.8233 9.254e-6
  9237.8690 .0001206
  9547.5508 .0005201
 12558.9472 9.757e-5
 15368.3428 5.096e-7
 19601.5687 2.205e-5
 19744.0589 4.369e-6
 26114.3923 8.021e-9
 34091.1497 6.805e-8
 34091.5000 1.498e-8
  3982.7777 8.185e-6
  8851.7282 .0004721
  9161.4100 .0001174
 13947.9977 8.786e-5
 14982.2020 .0001216
 19215.4279 1.750e-7
 25719.1079 5.263e-7
 25728.2516 2.369e-6
  1339.9611 1.269e-6
  6208.9117 2.649e-5
  9529.9899 .0001068
 11305.1811 .0002976
 12339.3855 .0001113
 16715.1015 3.365e-7
 23076.2914 5.128e-6
 23085.4350 1.127e-6
  4541.8421 1.361e-5
  7553.2386 .0001612
  9328.4298 9.439e-5
 14595.8601 8.909e-5
 14738.3503 .0002446
 21099.5401 1.302e-7
 29085.4410 2.503e-7
 29085.7914 1.136e-6
  3418.5340 7.378e-8
  3728.2157 1.947e-5
  6739.6122 3.477e-5
  9549.0078 9.268e-5
 13782.2337 .0002570
 13924.7238 9.008e-5
 20295.0573 1.367e-7
 28271.8146 1.207e-6
 28272.1650 2.660e-7
  4107.8133 1.084e-5
  5142.0176 5.478e-5
  9375.2435 7.252e-5
 15878.9235 7.801e-5
 15888.0672 .0002635
 23864.8245 7.683e-8
 33345.3799 9.816e-8
 33345.3888 4.458e-7
  2235.3890 2.633e-8
  4010.5802 3.637e-5
  5044.7845 1.474e-5
  9420.5006 7.246e-5
 15781.6905 .0002625
 15790.8341 7.768e-5
 23767.9418 7.669e-8
 33248.1468 4.454e-7
 33248.1557 9.807e-8
  2862.3845 5.084e-6
  3004.8746 2.157e-5
  9366.0645 5.178e-5
 17351.9654 6.348e-5
 17352.3158 .0002337
 26832.5208 4.346e-8
 37795.3136 3.875e-8
 37795.3138 1.760e-7
  2856.8441 2.040e-5
  2999.3342 5.345e-6
  9369.6677 5.178e-5
 17346.4250 .0002337
 17346.7754 6.346e-5
 26826.9893 4.345e-8
 37789.7732 1.760e-7
 37789.7734 3.874e-8
  1367.2438 1.472e-6
  1376.3874 6.285e-6
  9353.1447 3.420e-5
 18833.7001 4.814e-5
 18833.7090 .0001862
 29796.4929 2.370e-8
 42234.3886 1.528e-8
 42234.3886 6.943e-8
  1367.0541 6.242e-6
  1376.1977 1.482e-6
  9353.3054 3.420e-5
 18833.5104 .0001862
 18833.5193 4.814e-5
 29796.3034 2.370e-8
 42234.1989 6.943e-8
 42234.1989 1.528e-8
  9344.8769 2.090e-5
 20307.6697 3.392e-5
 20307.6698 .0001354
 32745.5654 1.232e-8
 46654.9388 2.675e-8
  9344.8815 2.090e-5
 20307.6654 .0001354
 20307.6655 3.392e-5
 32745.5611 1.232e-8
 46654.9344 2.675e-8
  9339.6688 1.181e-5
 21777.5645 2.219e-5
 21777.5645 9.046e-5
 51065.8992 9.905e-9
  9339.6689 1.181e-5
 21777.5644 9.046e-5
 21777.5644 2.219e-5
 51065.8991 9.905e-9
  9336.2315 6.172e-6
 23245.6048 1.347e-5
 23245.6048 5.577e-5
  9336.2315 6.172e-6
 23245.6048 5.577e-5
 23245.6048 1.347e-5
  9333.8839 2.977e-6
 24712.8452 7.588e-6
 24712.8452 3.179e-5
  9333.8839 2.977e-6
 24712.8452 3.179e-5
 24712.8452 7.588e-6
  9332.2491 1.323e-6
 26179.8592 1.677e-5
 26179.8592 3.967e-6
  9332.2491 1.323e-6
 26179.8592 3.967e-6
 26179.8592 1.677e-5
  9331.1042 5.407e-7
 27647.0224 1.925e-6
 27647.0224 8.198e-6
  9331.1042 5.407e-7
 27647.0224 8.198e-6
 27647.0224 1.925e-6
  9330.3103 2.026e-7
 29114.6317 8.677e-7
 29114.6317 3.716e-6
  9330.3103 2.026e-7
 29114.6317 3.716e-6
 29114.6317 8.677e-7
  9329.7770 6.921e-8
 30582.9618 3.632e-7
 30582.9618 1.563e-6
  9329.7770 6.921e-8
 30582.9618 1.563e-6
 30582.9618 3.632e-7
  9329.4432 2.141e-8
 32052.2931 6.101e-7
 32052.2931 1.412e-7
  9329.4432 2.141e-8
 32052.2931 1.412e-7
 32052.2931 6.101e-7
 33522.9278 2.212e-7
 33522.9278 5.102e-8
 33522.9278 5.102e-8
 33522.9278 2.212e-7
 34995.1996 7.445e-8
 34995.1996 1.713e-8
 34995.1996 1.713e-8
 34995.1996 7.445e-8
 36469.4803 2.329e-8
 36469.4803 2.329e-8
   651.8853 3.618e-7
  1465.5117 8.190e-8
 12385.3610 2.297e-8
  5857.4067 5.176e-8
  5954.6398 2.172e-7
   988.4562 6.038e-7
  1085.6892 1.343e-7
 15500.1359 1.284e-8
  7191.6335 6.388e-8
  7197.1739 2.886e-7
  4180.2370 4.746e-7
  4185.7774 1.045e-7
 10403.8665 3.313e-8
 10404.0562 1.503e-7
  9369.6622 1.543e-7
  9369.8519 3.399e-8
 14625.2595 1.277e-8
 14625.2638 5.797e-8
 14482.7693 5.763e-8
 14482.7736 1.270e-8
 19089.5804 2.075e-8
 19080.4367 2.074e-8
   135.6785 8.222e-8
   135.6828 3.580e-7
 23545.0124 7.059e-9
   135.3281 3.570e-7
   135.3324 8.201e-8
 23544.6620 7.059e-9
  1623.1240 5.125e-7
  1623.1241 2.265e-6
  1623.1151 2.265e-6
  1623.1152 5.125e-7
  3101.6642 4.707e-7
  3101.6642 2.100e-6
  3101.6641 2.100e-6
  3101.6641 4.707e-7
  4575.4895 3.069e-7
  4575.4895 1.377e-6
  4575.4895 1.377e-6
  4575.4895 3.069e-7
  6046.7123 1.642e-7
  6046.7123 7.397e-7
  6046.7123 7.397e-7
  6046.7123 1.642e-7
  7516.5060 7.541e-8
  7516.5060 3.405e-7
  7516.5060 3.405e-7
  7516.5060 7.541e-8
  8985.6079 1.366e-7
  8985.6079 3.020e-8
  8985.6079 3.020e-8
  8985.6079 1.366e-7
 10454.5444 1.058e-8
 10454.5444 4.793e-8
 10454.5444 4.793e-8
 10454.5444 1.058e-8
 11923.7416 1.463e-8
 11923.7416 1.463e-8
    15.0952 5.913e-7
  4884.0457 .0001083
  5193.7275 4.922e-7
  9980.3152 2.729e-6
 11014.5195 5.365e-6
 15247.7454 7.315e-9
 21751.4254 2.363e-8
 21760.5691 1.066e-7
  4868.9506 4.774e-7
  5178.6323 .0001124
  8190.0288 3.396e-6
 10999.4243 2.796e-8
 15232.6503 1.454e-6
 15375.1404 2.824e-7
   309.6817 6.269e-6
  3321.0782 .0001348
  5096.2694 4.551e-7
 10363.6997 3.275e-6
 10506.1898 1.341e-5
 24853.2806 1.356e-8
 24853.6310 6.158e-8
  3011.3964 4.526e-7
  4786.5877 .0001509
  5820.7920 1.250e-5
 10196.5081 9.207e-8
 16557.6980 1.761e-6
 16566.8416 3.843e-7
  1775.1913 1.564e-5
  2809.3956 .0001397
  7042.6215 1.958e-7
 13546.3015 8.865e-7
 13555.4451 4.019e-6
  1034.2043 2.829e-7
  5267.4303 .0001548
  5409.9204 2.331e-5
 11780.2539 7.903e-8
 19757.0112 8.468e-7
 19757.3616 1.862e-7
  4233.2259 2.151e-5
  4375.7161 .0001408
 10736.9059 8.235e-8
 18722.8069 2.007e-7
 18723.1573 9.126e-7
   142.4902 6.518e-8
  6503.6800 .0001413
  6512.8236 2.545e-5
 14489.9313 4.679e-8
 23970.1363 3.181e-7
 23970.1453 7.001e-8
  6361.1898 2.499e-5
  6370.3335 .0001387
 14347.0908 4.651e-8
 23827.6462 6.985e-8
 23827.6551 3.174e-7
  7985.9009 .0001167
  7986.2513 2.263e-5
 17466.4653 2.549e-8
 28429.2491 1.173e-7
 28429.2493 2.581e-8
  7976.7573 2.260e-5
  7977.1077 .0001166
 17457.3127 2.548e-8
 28420.1055 2.581e-8
 28420.1057 1.172e-7
  9480.5554 8.701e-5
  9480.5643 1.755e-5
 20443.3484 1.309e-8
 32881.2439 4.263e-8
 32881.2439 9.383e-9
  9480.2050 1.755e-5
  9480.2139 8.701e-5
 20442.9978 1.309e-8
 32880.8935 9.383e-9
 32880.8935 4.263e-8
 10962.7928 5.883e-5
 10962.7930 1.216e-5
 37310.0619 1.497e-8
 10962.7839 1.216e-5
 10962.7840 5.883e-5
 37310.0529 1.497e-8
 12437.8957 3.624e-5
 12437.8957 7.614e-6
 12437.8955 7.614e-6
 12437.8955 3.624e-5
 13909.3734 2.039e-5
 13909.3734 4.332e-6
 13909.3734 4.332e-6
 13909.3734 2.039e-5
 15378.9614 1.049e-5
 15378.9614 2.247e-6
 15378.9614 2.247e-6
 15378.9614 1.049e-5
 16847.6102 1.063e-6
 16847.6102 4.933e-6
 16847.6102 4.933e-6
 16847.6102 1.063e-6
 18315.9182 4.591e-7
 18315.9182 2.120e-6
 18315.9182 2.120e-6
 18315.9182 4.591e-7
 19784.3214 8.302e-7
 19784.3214 1.805e-7
 19784.3214 1.805e-7
 19784.3214 8.302e-7
 21253.1848 2.952e-7
 21253.1848 6.436e-8
 21253.1848 6.436e-8
 21253.1848 2.952e-7
 22722.8499 2.068e-8
 22722.8499 9.462e-8
 22722.8499 9.462e-8
 22722.8499 2.068e-8
 24193.6611 2.702e-8
 24193.6611 2.702e-8