  1606.4568 .0004600 
  1225.9342 .0005218 
  1986.9798 .0008306 
  4438.8299 .0016520 
  4436.1473 .0016527 
   472.9548 6.567e-5 
  1223.2524 .0008378 
  3685.8498 .0007456 
  3677.7843 .0007462 
  2368.8476 .0012612 
  4819.3552 .0019054 
  4811.3163 .0019081 
  7269.8056 .0034166 
  7269.8012 .0034166 
    97.8258 2.590e-5 
  2556.3722 .0001005 
  2540.2545 .0001005 
  1219.2379 .0011091 
  3689.9042 .0012341 
  3673.7600 .0012363 
  6136.2958 .0009792 
  6136.2737 .0009792 
  2752.0655 .0017171 
 12556.7771 7.401e-9 
  5201.2235 .0021716 
   275.9345 .0001026 
  5185.1676 .0021782 
  7647.6571 .0035457 
  7647.6350 .0035457 
 10102.0177 .0044013 
 10102.0176 .0044013 
  2183.9249 .0001810 
  2157.0766 .0001806 
  4624.9544 .0001016 
  4624.8882 .0001016 
  1213.9006 .0013235 
 11045.4825 1.126e-8 
  3695.3325 .0015910 
  3668.3959 .0015958 
  6136.3158 .0016387 
  6136.2495 .0016387 
  8590.6563 .0009243 
  8590.6563 .0009243 
  3136.6419 .0021610 
 12934.6857 2.250e-8 
  5584.4347 .0024067 
   648.3114 .0002951 
  5557.7189 .0024198 
  8025.5188 .0036624 
  8025.4527 .0036623 
 10479.8676 .0043332 
 10479.8675 .0043332 
 12934.0726 .0041944 
 12934.0726 .0041944 
  1812.8307 .0002211 
  1772.5912 .0002196 
  4247.1473 .0002063 
  4246.9927 .0002063 
  6701.4533 7.637e-5 
  6701.4532 7.637e-5 
  1207.2537 .0014735 
 11045.6033 3.352e-8 
  3702.1537 .0018379 
  3661.6934 .0018462 
  6136.3505 .0020896 
  6136.1958 .0020896 
  8590.6645 .0015473 
  8590.6644 .0015473 
 11044.8614 .0006933 
 11044.8614 .0006933 
  3522.5886 .0025571 
 13312.6494 5.245e-8 
  5968.9893 .0025863 
  1019.2868 .0005228 
  5928.9926 .0026086 
  8403.3961 .0037236 
  8403.2419 .0037236 
 10857.7174 .0042376 
 10857.7173 .0042376 
 13311.9311 .0039844 
 13311.9311 .0039844 
 15765.8961 .0031627 
 15765.8961 .0031627 
  8778.7570 1.142e-8 
  1443.0927 .0002208 
  1386.8189 .0002168 
  3869.3602 .0002835 
  3869.0512 .0002834 
  6323.6188 .0001630 
  6323.6184 .0001630 
  8777.8085 4.724e-5 
  8777.8085 4.724e-5 
  1199.3139 .0015570 
 11045.8027 7.614e-8 
  3710.3919 .0019827 
  3653.6544 .0019954 
  6136.4064 .0023719 
  6136.0969 .0023718 
  8590.6716 .0019520 
  8590.6712 .0019520 
 11044.8783 .0011547 
 11044.8783 .0011547 
 13498.8263 .0004297 
 13498.8263 .0004297 
  3909.9209 .0028753 
 13690.6934 1.028e-7 
  6354.8881 .0026959 
 21082.0547 7.356e-9 
  1388.8396 .0007563 
  6299.0162 .0027298 
 21025.6263 7.496e-9 
  8781.2957 .0037108 
  8780.9875 .0037107 
 11235.5659 .0040882 
 11235.5655 .0040882 
 13689.7906 .0037507 
 13689.7906 .0037507 
 16143.7652 .0029198 
 16143.7652 .0029198 
 18597.3960 .0019509 
 18597.3960 .0019509 
  8401.2212 2.496e-8 
  1074.7140 .0001875 
   999.7849 .0001795 
  3491.6006 .0003248 
  3491.0446 .0003248 
  5945.7819 .0002334 
  5945.7809 .0002334 
  8399.9840 .0001033 
  8399.9840 .0001033 
 10853.9140 2.479e-5 
 10853.9140 2.479e-5 
  1190.1009 .0015765 
 11046.1105 1.451e-7 
  3720.0757 .0020340 
 18446.6859 8.381e-9 
  3644.2811 .0020515 
 18371.4477 8.590e-9 
  6136.4913 .0025094 
  6135.9340 .0025093 
  8590.6762 .0021815 
  8590.6752 .0021815 
 11044.8964 .0014399 
 11044.8964 .0014399 
 13498.8528 .0007095 
 13498.8528 .0007095 
 15952.4571 .0002243 
 15952.4571 .0002243 
  4298.6571 .0030940 
 14068.8478 1.777e-7 
  6742.1325 .0027288 
 21469.4214 1.285e-8 
  1756.9452 .0009693 
  6667.8216 .0027763 
 21394.1832 1.317e-8 
  9159.2255 .0036185 
  9158.6712 .0036184 
 11613.4117 .0038779 
 11613.4107 .0038779 
 14067.6504 .0034834 
 14067.6504 .0034834 
 16521.6361 .0026662 
 16521.6361 .0026662 
 18975.2778 .0017568 
 18975.2778 .0017568 
 21428.4558 .0010033 
 21428.4558 .0010033 
  8023.8272 4.547e-8 
   707.6981 .0001317 
   611.5194 .0001180 
  3113.8772 .0003319 
  3112.9509 .0003318 
  5567.9410 .0002782 
  5567.9389 .0002782 
  8022.1608 .0001506 
  8022.1608 .0001506 
 10476.0988 5.478e-5 
 10476.0988 5.478e-5 
 12929.6738 1.118e-5 
 12929.6738 1.118e-5 
  1179.6378 .0015389 
 11046.5615 2.433e-7 
  3731.2386 .0020034 
 18457.6001 1.486e-8 
  3633.5762 .0020256 
 18360.8651 1.534e-8 
  6136.6145 .0025237 
  6135.6851 .0025235 
  8590.6765 .0022673 
  8590.6744 .0022673 
 11044.9149 .0015854 
 11044.9149 .0015854 
 13498.8821 .0008737 
 13498.8821 .0008737 
 15952.4946 .0003664 
 15952.4946 .0003664 
 18405.6350 9.966e-5 
 18405.6350 9.966e-5 
  4688.8191 .0032019 
 14447.1480 2.782e-7 
  7130.7238 .0026853 
 21858.1768 2.010e-8 
  2123.5760 .0011412 
  7035.4459 .0027474 
 21761.4417 2.076e-8 
  9537.1948 .0034506 
 29172.7986 4.943e-9 
  9536.2716 .0034505 
 29171.8713 4.943e-9 
 11991.2532 .0036105 
 11991.2511 .0036105 
 14445.5097 .0031840 
 14445.5097 .0031840 
 16899.5084 .0024011 
 16899.5084 .0024011 
 19353.1623 .0015626 
 19353.1623 .0015626 
 21806.3527 .0008831 
 21806.3527 .0008831 
 24258.9304 .0004353 
 24258.9304 .0004353 
  7646.6146 7.256e-8 
   342.0488 6.448e-5 
   222.0572 4.382e-5 
  2736.1998 .0003112 
  2734.7448 .0003111 
  5190.0941 .0002963 
  5190.0899 .0002963 
  7644.3382 .0001821 
  7644.3382 .0001821 
 10098.2873 8.041e-5 
 10098.2873 8.041e-5 
 12551.8682 2.478e-5 
 12551.8682 2.478e-5 
 15004.9673 4.357e-6 
 15004.9673 4.357e-6 
  1167.9513 .0014539 
 11047.1949 3.694e-7 
  3743.9185 .0019052 
 18469.9144 2.338e-8 
  3621.5425 .0019318 
 18348.9955 2.432e-8 
  6136.7864 .0024374 
 25772.3860 4.782e-9 
  6135.3251 .0024371 
 25770.9289 4.782e-9 
  8590.6708 .0022376 
  8590.6666 .0022376 
 11044.9330 .0016205 
 11044.9330 .0016205 
 13498.9136 .0009478 
 13498.9136 .0009478 
 15952.5360 .0004452 
 15952.5360 .0004452 
 18405.6850 .0001608 
 18405.6850 .0001608 
 20858.2127 3.796e-5 
 20858.2127 3.796e-5 
  5080.4318 .0031982 
 14825.6344 4.020e-7 
  7520.6642 .0025720 
 22248.3323 2.884e-8 
  2488.7012 .0012585 
  7401.9308 .0026484 
 22127.4135 3.004e-8 
    22.2298 4.069e-6 
  9915.2139 .0032175 
 29550.8207 7.256e-9 
   168.5620 3.263e-5 
  9913.7646 .0032173 
 29549.3636 7.257e-9 
 12369.0887 .0032965 
 12369.0846 .0032965 
 14823.3677 .0028601 
 14823.3677 .0028601 
 17277.3816 .0021285 
 17277.3816 .0021285 
 19731.0491 .0013701 
 19731.0491 .0013701 
 22184.2530 .0007670 
 22184.2530 .0007670 
 24636.8447 .0003750 
 24636.8447 .0003750 
 27088.6414 .0001606 
 27088.6414 .0001606 
  7269.6277 1.044e-7 
 14705.2231 6.477e-9 
 14557.4339 6.784e-9 
  2358.5793 .0002711 
  2356.3981 .0002709 
  4812.2391 .0002914 
  4812.2313 .0002914 
  7266.5151 .0001966 
  7266.5151 .0001966 
  9720.4789 9.767e-5 
  9720.4789 9.767e-5 
 12174.0679 3.638e-5 
 12174.0679 3.638e-5 
 14627.1718 9.644e-6 
 14627.1718 9.644e-6 
 17079.6447 1.474e-6 
 17079.6447 1.474e-6 
  1155.0712 .0013331 
 11048.0552 5.172e-7 
  3758.1584 .0017560 
 18483.6411 3.352e-8 
  3608.1837 .0017861 
 18335.8518 3.518e-8 
  6137.0188 .0022743 
 25772.6179 7.215e-9 
  6134.8257 .0022738 
 25770.4325 7.215e-9 
  8590.6570 .0021197 
  8590.6492 .0021197 
 11044.9498 .0015712 
 11044.9498 .0015712 
 13498.9469 .0009531 
 13498.9469 .0009531 
 15952.5810 .0004757 
 15952.5810 .0004757 
 18405.7399 .0001927 
 18405.7399 .0001927 
 20858.2767 6.044e-5 
 20858.2767 6.044e-5 
 23310.0094 1.244e-5 
 23310.0094 1.244e-5 
  5473.5235 .0030918 
 15204.3524 5.424e-7 
  7911.9559 .0024000 
 22639.9006 3.853e-8 
  2852.2867 .0013156 
  7767.3229 .0024893 
 22492.1113 4.050e-8 
   385.1336 6.602e-5 
 10293.2946 .0029338 
 29928.8917 9.839e-9 
   560.2939 .0001027 
 10291.1228 .0029337 
 29926.7063 9.839e-9 
 12746.9165 .0029502 
 12746.9087 .0029502 
 15201.2236 .0025227 
 15201.2236 .0025227 
 17655.2553 .0018553 
 17655.2553 .0018553 
 20108.9379 .0011824 
 20108.9379 .0011824 
 22562.1566 .0006564 
 22562.1566 .0006564 
 25014.7634 .0003186 
 25014.7634 .0003186 
 27466.5757 .0001356 
 27466.5757 .0001356 
 29917.3730 5.068e-5 
 29917.3730 5.068e-5 
  6892.9158 1.380e-7 
 14342.5345 9.169e-9 
 14165.1888 9.690e-9 
  1981.0281 .0002201 
  1977.8797 .0002198 
  4434.3735 .0002690 
  4434.3599 .0002690 
  6888.6903 .0001960 
  6888.6903 .0001960 
  9342.6731 .0001058 
  9342.6731 .0001058 
 11796.2726 4.412e-5 
 11796.2726 4.412e-5 
 14249.3830 1.411e-5 
 14249.3830 1.411e-5 
 16701.8600 3.245e-6 
 16701.8600 3.245e-6 
 19153.5227 4.334e-7 
 19153.5227 4.334e-7 
  1141.0306 .0011888 
 11049.1916 6.763e-7 
  3774.0056 .0015725 
 18498.7940 4.454e-8 
  3593.5037 .0016052 
 18321.4483 4.719e-8 
  6137.3253 .0020579 
 25772.9087 9.958e-9 
  6134.1554 .0020574 
 25769.7525 9.960e-9 
  8590.6330 .0019396 
  8590.6194 .0019396 
 11044.9641 .0014615 
 11044.9641 .0014615 
 13498.9815 .0009084 
 13498.9815 .0009084 
 15952.6295 .0004706 
 15952.6295 .0004706 
 18405.7997 .0002027 
 18405.7997 .0002027 
 20858.3467 7.134e-5 
 20858.3467 7.134e-5 
 23310.0890 1.954e-5 
 23310.0890 1.954e-5 
 25760.8067 3.524e-6 
 25760.8067 3.524e-6 
  5868.1255 .0028988 
 15583.3525 6.897e-7 
  8304.6016 .0021838 
 23032.8956 4.842e-8 
  3214.2957 .0013139 
  8131.6737 .0022833 
 22855.5499 5.140e-8 
   746.6580 .0001160 
 10671.4498 .0026167 
 30307.0211 1.249e-8 
   953.0893 .0001602 
 10668.3163 .0026165 
 30303.8648 1.249e-8 
 13124.7346 .0025874 
 13124.7210 .0025874 
 15579.0764 .0021838 
 15579.0764 .0021838 
 18033.1291 .0015889 
 18033.1291 .0015889 
 20486.8287 .0010035 
 20486.8287 .0010035 
 22940.0634 .0005528 
 22940.0634 .0005528 
 25392.6863 .0002665 
 25392.6863 .0002665 
 27844.5153 .0001127 
 27844.5153 .0001127 
 30295.3299 4.192e-5 
 30295.3299 4.192e-5 
 32744.8672 1.373e-5 
 32744.8672 1.373e-5 
  6516.5332 1.696e-7 
 13981.2866 1.197e-8 
 13771.6991 1.278e-8 
  1603.5593 .0001658 
  1599.1552 .0001654 
  4056.4948 .0002354 
  4056.4721 .0002354 
  6510.8625 .0001838 
  6510.8625 .0001838 
  8964.8692 .0001057 
  8964.8692 .0001057 
 11418.4819 4.763e-5 
 11418.4819 4.763e-5 
 13871.6006 1.701e-5 
 13871.6006 1.701e-5 
 16324.0830 4.715e-6 
 16324.0830 4.715e-6 
 18775.7494 9.472e-7 
 18775.7494 9.472e-7 
 21226.3804 1.110e-7 
 21226.3804 1.110e-7 
  1125.8660 .0010326 
 11050.6577 8.332e-7 
  3791.5121 .0013708 
 18515.3883 5.547e-8 
  3577.5067 .0014048 
 18305.8007 5.940e-8 
  6137.7203 .0018106 
 25773.2688 1.278e-8 
  6133.2797 .0018099 
 25768.8510 1.278e-8 
  8590.5965 .0017211 
  8590.5737 .0017211 
 11044.9748 .0013126 
 11044.9748 .0013126 
 13499.0168 .0008301 
 13499.0168 .0008301 
 15952.6811 .0004410 
 15952.6811 .0004410 
 18405.8642 .0001973 
 18405.8642 .0001973 
 20858.4226 7.389e-5 
 20858.4226 7.389e-5 
 23310.1757 2.271e-5 
 23310.1757 2.271e-5 
 25760.9036 5.451e-6 
 25760.9036 5.451e-6 
 28210.3440 8.636e-7 
 28210.3440 8.636e-7 
  6264.2723 .0026404 
 15962.6903 8.319e-7 
  8698.6043 .0019389 
 23427.3328 5.766e-8 
  3574.6881 .0012604 
  8495.0395 .0020454 
 23217.7454 6.189e-8 
  1106.7985 .0001513 
 11049.6937 .0022833 
 30685.2193 1.499e-8 
  1346.8943 .0002017 
 11045.3123 .0022831 
 30680.8014 1.499e-8 
 13502.5411 .0022237 
 38046.5739 4.403e-9 
 13502.5184 .0022237 
 38046.5511 4.403e-9 
 15956.9253 .0018546 
 15956.9252 .0018546 
 18411.0026 .0013364 
 18411.0026 .0013364 
 20864.7211 .0008371 
 20864.7211 .0008371 
 23317.9733 .0004578 
 23317.9733 .0004578 
 25770.6135 .0002193 
 25770.6135 .0002193 
 28222.4603 9.227e-5 
 28222.4603 9.227e-5 
 30673.2932 3.415e-5 
 30673.2932 3.415e-5 
 33122.8496 1.114e-5 
 33122.8496 1.114e-5 
 35570.8197 3.203e-6 
 35570.8197 3.203e-6 
  6140.5389 1.957e-7 
 13621.4954 1.460e-8 
 13376.9819 1.574e-8 
  1226.1875 .0001141 
  1220.1875 .0001136 
  3678.6002 .0001964 
  3678.5639 .0001964 
  6133.0302 .0001637 
  6133.0301 .0001637 
  8587.0664 9.925e-5 
  8587.0664 9.925e-5 
 11040.6953 4.741e-5 
 11040.6953 4.741e-5 
 13493.8242 1.825e-5 
 13493.8242 1.825e-5 
 15946.3136 5.642e-6 
 15946.3136 5.642e-6 
 18397.9848 1.364e-6 
 18397.9848 1.364e-6 
 20848.6190 2.403e-7 
 20848.6190 2.403e-7 
 23297.9543 2.476e-8 
 23297.9543 2.476e-8 
  1109.6171 .0008746 
 11052.5123 9.738e-7 
  3810.7343 .0011647 
 18533.4402 6.530e-8 
  3560.1979 .0011988 
 18288.9265 7.073e-8 
  6138.2201 .0015517 
 25773.7092 1.542e-8 
  6132.1609 .0015509 
 25767.6865 1.543e-8 
  8590.5450 .0014850 
  8590.5085 .0014850 
 11044.9807 .0011430 
 11044.9806 .0011430 
 13499.0521 .0007321 
 13499.0521 .0007321 
 15952.7353 .0003960 
 15952.7353 .0003960 
 18405.9332 .0001818 
 18405.9332 .0001818 
 20858.5045 7.075e-5 
 20858.5045 7.075e-5 
 23310.2694 2.315e-5 
 23310.2694 2.315e-5 
 25761.0086 6.239e-6 
 25761.0086 6.239e-6 
 28210.4599 1.316e-6 
 28210.4599 1.316e-6 
 30658.3141 1.835e-7 
 30658.3141 1.835e-7 
  6662.0017 .0023394 
 16342.4266 9.567e-7 
  9093.9672 .0016809 
 23823.2290 6.543e-8 
  3933.4213 .0011659 
  8857.4812 .0017904 
 23578.7156 7.107e-8 
  1465.5504 .0001715 
 11428.0417 .0019497 
 31063.4978 1.711e-8 
  1741.6503 .0002263 
 11422.0752 .0019495 
 31057.4750 1.712e-8 
 13880.3338 .0018727 
 38424.4009 5.064e-9 
 13880.2976 .0018727 
 38424.3645 5.064e-9 
 16334.7692 .0015450 
 16334.7691 .0015450 
 18788.8753 .0011034 
 18788.8753 .0011034 
 21242.6151 .0006859 
 21242.6151 .0006859 
 23695.8863 .0003727 
 23695.8863 .0003727 
 26148.5452 .0001775 
 26148.5452 .0001775 
 28600.4108 7.431e-5 
 28600.4108 7.431e-5 
 31051.2631 2.738e-5 
 31051.2631 2.738e-5 
 33500.8395 8.891e-6 
 33500.8395 8.891e-6 
 35948.8306 2.548e-6 
 35948.8306 2.548e-6 
 38394.8755 6.452e-7 
 38394.8755 6.452e-7 
  5764.9967 2.132e-7 
 13263.1782 1.678e-8 
 12981.0556 1.829e-8 
   848.9280 6.897e-5 
   840.9367 6.836e-5 
  3300.6869 .0001566 
  3300.6307 .0001566 
  5755.1917 .0001396 
  5755.1915 .0001396 
  8209.2636 8.864e-5 
  8209.2636 8.864e-5 
 10662.9121 4.435e-5 
 10662.9121 4.435e-5 
 13116.0535 1.804e-5 
 13116.0535 1.804e-5 
 15568.5514 6.000e-6 
 15568.5514 6.000e-6 
 18020.2287 1.617e-6 
 18020.2287 1.617e-6 
 20470.8672 3.425e-7 
 20470.8672 3.425e-7 
 22920.2054 5.303e-8 
 22920.2054 5.303e-8 
 25367.9345 4.817e-9 
 25367.9345 4.817e-9 
  1092.3270 .0007229 
 11054.8183 1.085e-6 
  3831.7330 .0009657 
 18552.9673 7.311e-8 
  3541.5826 .0009986 
 18270.8445 8.017e-8 
  6138.8423 .0012971 
 25774.2421 1.763e-8 
  6130.7584 .0012962 
 25766.2144 1.764e-8 
  8590.4760 .0012483 
 33134.5428 4.648e-9 
  8590.4196 .0012482 
 33134.4866 4.648e-9 
 11044.9802 .0009677 
 11044.9801 .0009677 
 13499.0868 .0006259 
 13499.0868 .0006259 
 15952.7919 .0003431 
 15952.7919 .0003431 
 18406.0066 .0001604 
 18406.0066 .0001604 
 20858.5921 6.409e-5 
 20858.5921 6.409e-5 
 23310.3701 2.181e-5 
 23310.3701 2.181e-5 
 25761.1217 6.257e-6 
 25761.1217 6.257e-6 
 28210.5850 1.482e-6 
 28210.5850 1.482e-6 
 30658.4509 2.752e-7 
 30658.4509 2.752e-7 
 33104.3591 3.384e-8 
 33104.3591 3.384e-8 
  7061.3540 .0020185 
 16722.6269 1.053e-6 
  9490.6939 .0014237 
 24220.6023 7.106e-8 
  4290.4496 .0010429 
  9219.0646 .0015323 
 23938.4799 7.818e-8 
  1822.9087 .0001778 
 11806.5103 .0016296 
 31441.8690 1.868e-8 
  2137.2940 .0002348 
 11798.5669 .0016295 
 31433.8413 1.869e-8 
 14258.1110 .0015455 
 38802.2030 5.555e-9 
 14258.0550 .0015455 
 38802.1468 5.555e-9 
 16712.6071 .0012625 
 16712.6070 .0012625 
 19166.7470 .0008942 
 19166.7470 .0008942 
 21620.5106 .0005520 
 21620.5106 .0005520 
 24073.8026 .0002982 
 24073.8026 .0002982 
 26526.4815 .0001413 
 26526.4815 .0001413 
 28978.3671 5.885e-5 
 28978.3671 5.885e-5 
 31429.2399 2.159e-5 
 31429.2399 2.159e-5 
 33878.8375 6.985e-6 
 33878.8375 6.985e-6 
 36326.8503 1.995e-6 
 36326.8503 1.995e-6 
 38772.9179 5.035e-7 
 38772.9179 5.035e-7 
 41216.6241 1.124e-7 
 41216.6241 1.124e-7 
  5389.9753 2.205e-7 
 12906.3532 1.829e-8 
 12583.9403 2.017e-8 
   471.7975 3.253e-5 
   461.3602 3.184e-5 
  2922.7516 .0001194 
  2922.6674 .0001194 
  5377.3451 .0001144 
  5377.3448 .0001144 
  7831.4599 7.581e-5 
  7831.4599 7.581e-5 
 10285.1317 3.944e-5 
 10285.1317 3.944e-5 
 12738.2879 1.674e-5 
 12738.2879 1.674e-5 
 15190.7961 5.875e-6 
 15190.7961 5.875e-6 
 17642.4808 1.701e-6 
 17642.4808 1.701e-6 
 20093.1247 4.014e-7 
 20093.1247 4.014e-7 
 22542.4668 7.473e-8 
 22542.4668 7.473e-8 
 24990.1985 1.020e-8 
 24990.1985 1.020e-8 
  1074.0417 .0005836 
 11057.6433 1.158e-6 
  3854.5734 .0007818 
 18573.9886 7.821e-8 
  3521.6668 .0008126 
 18251.5753 8.690e-8 
  6139.6061 .0010587 
 25774.8805 1.922e-8 
  6129.0282 .0010578 
 25764.3870 1.922e-8 
  8590.3870 .0010235 
 33134.4788 5.153e-9 
  8590.3024 .0010235 
 33134.3944 5.153e-9 
 11044.9720 .0007981 
 11044.9717 .0007981 
 13499.1200 .0005202 
 13499.1200 .0005202 
 15952.8504 .0002881 
 15952.8504 .0002881 
 18406.0839 .0001366 
 18406.0839 .0001366 
 20858.6854 5.560e-5 
 20858.6854 5.560e-5 
 23310.4778 1.942e-5 
 23310.4778 1.942e-5 
 25761.2429 5.796e-6 
 25761.2429 5.796e-6 
 28210.7193 1.462e-6 
 28210.7193 1.462e-6 
 30658.5979 3.050e-7 
 30658.5979 3.050e-7 
 33104.5185 4.995e-8 
 33104.5185 4.995e-8 
 35548.0652 5.426e-9 
 35548.0652 5.426e-9 
  7462.3726 .0016976 
 17103.3620 1.113e-6 
  9888.7882 .0011785 
 24619.4720 7.410e-8 
  4645.7248 .0009043 
  9579.8601 .0012826 
 24297.0595 8.266e-8 
  2178.8686 .0001729 
 12185.1171 .0013335 
 31820.3466 1.958e-8 
  2533.7575 .0002299 
 12174.7469 .0013334 
 31809.8531 1.958e-8 
 14635.8704 .0012500 
 39179.9760 5.838e-9 
 14635.7866 .0012500 
 39179.8916 5.838e-9 
 17090.4381 .0010117 
 17090.4378 .0010117 
 19544.6172 .0007112 
 19544.6172 .0007112 
 21998.4076 .0004362 
 21998.4076 .0004362 
 24451.7223 .0002343 
 24451.7223 .0002343 
 26904.4226 .0001105 
 26904.4226 .0001105 
 29356.3295 4.581e-5 
 29356.3295 4.581e-5 
 31807.2239 1.674e-5 
 31807.2239 1.674e-5 
 34256.8437 5.397e-6 
 34256.8437 5.397e-6 
 36704.8795 1.536e-6 
 36704.8795 1.536e-6 
 39150.9708 3.866e-7 
 39150.9708 3.866e-7 
 41594.7015 8.605e-8 
 41594.7015 8.605e-8 
 44035.5955 1.695e-8 
 44035.5955 1.695e-8 
  5015.5481 2.173e-7 
 12551.0398 1.901e-8 
 12185.6577 2.122e-8 
    94.8133 5.404e-6 
 19730.1721 4.665e-9 
    81.4128 4.645e-6 
 19716.6872 4.667e-9 
  2544.7914 8.702e-5 
  2544.6684 8.702e-5 
  4999.4883 9.031e-5 
  4999.4878 9.031e-5 
  7453.6539 6.239e-5 
  7453.6539 6.239e-5 
  9907.3533 3.359e-5 
  9907.3533 3.359e-5 
 12360.5268 1.477e-5 
 12360.5268 1.477e-5 
 14813.0471 5.400e-6 
 14813.0471 5.400e-6 
 17264.7406 1.648e-6 
 17264.7406 1.648e-6 
 19715.3912 4.176e-7 
 19715.3912 4.176e-7 
 22164.7382 8.654e-8 
 22164.7382 8.654e-8 
 24612.4734 1.419e-8 
 24612.4734 1.419e-8 
  1054.8106 .0004605 
 11061.0591 1.187e-6 
  3879.3246 .0006186 
 18596.5240 8.025e-8 
  3500.4573 .0006465 
 18231.1411 9.042e-8 
  6140.5320 .0008445 
 25775.6382 2.005e-8 
  6126.9238 .0008435 
 25762.1533 2.006e-8 
  8590.2755 .0008196 
 33134.3806 5.451e-9 
  8590.1518 .0008196 
 33134.2573 5.451e-9 
 11044.9544 .0006422 
 11044.9539 .0006422 
 13499.1511 .0004212 
 13499.1511 .0004212 
 15952.9104 .0002351 
 15952.9104 .0002351 
 18406.1651 .0001126 
 18406.1651 .0001126 
 20858.7842 4.651e-5 
 20858.7842 4.651e-5 
 23310.5923 1.656e-5 
 23310.5923 1.656e-5 
 25761.3722 5.075e-6 
 25761.3722 5.075e-6 
 28210.8627 1.332e-6 
 28210.8627 1.332e-6 
 30658.7551 2.960e-7 
 30658.7551 2.960e-7 
 33104.6892 5.447e-8 
 33104.6892 5.447e-8 
 35548.2492 7.879e-9 
 35548.2492 7.879e-9 
  7865.1037 .0013925 
 17484.7074 1.133e-6 
 10288.2544 .0009539 
 25019.8588 7.440e-8 
  4999.1966 .0007613 
  9939.9425 .0010505 
 24654.4772 8.424e-8 
  2533.4252 .0001596 
 12563.8809 .0010686 
 32198.9449 1.975e-8 
  2930.9685 .0002145 
 12550.5722 .0010686 
 32185.4600 1.976e-8 
   282.0059 1.295e-5 
 15013.6104 .0009909 
 39557.7152 5.900e-9 
   298.9531 1.375e-5 
 15013.4879 .0009909 
 39557.5919 5.900e-9 
 17468.2611 .0007952 
 17468.2606 .0007952 
 19922.4857 .0005550 
 19922.4857 .0005550 
 22376.3061 .0003384 
 22376.3061 .0003384 
 24829.6456 .0001808 
 24829.6456 .0001808 
 27282.3688 8.485e-5 
 27282.3688 8.485e-5 
 29734.2984 3.505e-5 
 29734.2984 3.505e-5 
 32185.2157 1.276e-5 
 32185.2157 1.276e-5 
 34634.8588 4.099e-6 
 34634.8588 4.099e-6 
 37082.9187 1.163e-6 
 37082.9187 1.163e-6 
 39529.0347 2.919e-7 
 39529.0347 2.919e-7 
 41972.7910 6.482e-8 
 41972.7910 6.482e-8 
 44413.7115 1.274e-8 
 44413.7115 1.274e-8 
  4641.7928 2.044e-7 
 12197.2586 1.891e-8 
 11786.2309 2.138e-8 
 19353.2236 4.805e-9 
 19336.1530 4.807e-9 
  2166.8028 6.035e-5 
  2166.6272 6.034e-5 
  4621.6191 6.885e-5 
  4621.6183 6.885e-5 
  7075.8444 4.958e-5 
  7075.8444 4.958e-5 
  9529.5758 2.754e-5 
  9529.5758 2.754e-5 
 11982.7694 1.248e-5 
 11982.7694 1.248e-5 
 14435.3038 4.717e-6 
 14435.3038 4.717e-6 
 16887.0077 1.498e-6 
 16887.0077 1.498e-6 
 19337.6662 3.995e-7 
 19337.6662 3.995e-7 
 21787.0192 8.889e-8 
 21787.0192 8.889e-8 
 24234.7589 1.622e-8 
 24234.7589 1.622e-8 
  1034.6860 .0003552 
 11065.1417 1.172e-6 
  3906.0600 .0004785 
 18620.5947 7.921e-8 
  3477.9612 .0005031 
 18209.5657 9.059e-8 
  6141.6424 .0006586 
 25776.5303 2.010e-8 
  6124.3958 .0006577 
 25759.4597 2.011e-8 
  8590.1390 .0006414 
 33134.2430 5.527e-9 
  8589.9620 .0006414 
 33134.0669 5.527e-9 
 11044.9258 .0005046 
 11044.9250 .0005046 
 13499.1790 .0003326 
 13499.1790 .0003326 
 15952.9714 .0001869 
 15952.9714 .0001869 
 18406.2499 9.029e-5 
 18406.2499 9.029e-5 
 20858.8884 3.768e-5 
 20858.8884 3.768e-5 
 23310.7137 1.361e-5 
 23310.7137 1.361e-5 
 25761.5096 4.253e-6 
 25761.5096 4.253e-6 
 28211.0154 1.146e-6 
 28211.0154 1.146e-6 
 30658.9225 2.651e-7 
 30658.9225 2.651e-7 
 33104.8712 5.198e-8 
 33104.8712 5.198e-8 
 35548.4455 8.449e-9 
 35548.4455 8.449e-9 
  8269.5959 .0011149 
 17866.7437 1.113e-6 
 10689.0966 .0007553 
 25421.7847 7.210e-8 
  5350.8120 .0006232 
 10299.3912 .0008422 
 25010.7578 8.292e-8 
  2886.5736 .0001411 
 12942.8217 .0008387 
 32577.6796 1.923e-8 
  3328.8500 .0001921 
 12925.9978 .0008387 
 32560.6091 1.925e-8 
   658.6408 2.380e-5 
 15391.3290 .0007699 
 39935.4163 5.750e-9 
   679.7875 2.461e-5 
 15391.1541 .0007699 
 39935.2402 5.750e-9 
 17846.0751 .0006130 
 17846.0743 .0006130 
 20300.3523 .0004250 
 20300.3523 .0004250 
 22754.2063 .0002577 
 22754.2063 .0002577 
 25207.5728 .0001370 
 25207.5728 .0001370 
 27660.3207 6.402e-5 
 27660.3207 6.402e-5 
 30112.2743 2.634e-5 
 30112.2743 2.634e-5 
 32563.2157 9.557e-6 
 32563.2157 9.557e-6 
 35012.8834 3.061e-6 
 35012.8834 3.061e-6 
 37460.9684 8.662e-7 
 37460.9684 8.662e-7 
 39907.1104 2.168e-7 
 39907.1104 2.168e-7 
 42350.8934 4.801e-8 
 42350.8934 4.801e-8 
 44791.8414 9.416e-9 
 44791.8414 9.416e-9 
  4268.7917 1.840e-7 
 11845.0309 1.806e-8 
 11385.6847 2.069e-8 
 18976.4231 4.745e-9 
 18955.1003 4.747e-9 
  1788.7827 3.955e-5 
  1788.5370 3.954e-5 
  4243.7350 5.072e-5 
  4243.7338 5.072e-5 
  6698.0297 3.813e-5 
  6698.0297 3.813e-5 
  9151.7981 2.181e-5 
  9151.7981 2.181e-5 
 11605.0150 1.015e-5 
 11605.0150 1.015e-5 
 14057.5655 3.944e-6 
 14057.5655 3.944e-6 
 16509.2814 1.293e-6 
 16509.2814 1.293e-6 
 18959.9491 3.587e-7 
 18959.9491 3.587e-7 
 21409.3093 8.396e-8 
 21409.3093 8.396e-8 
 23857.0545 1.644e-8 
 23857.0545 1.644e-8 
  1013.7228 .0002680 
 11069.9710 1.116e-6 
  3934.8564 .0003620 
 18646.2229 7.539e-8 
  3454.1866 .0003831 
 18186.8747 8.759e-8 
  6142.9612 .0005025 
 25777.5724 1.941e-8 
  6121.3918 .0005016 
 25756.2496 1.943e-8 
  8589.9748 .0004909 
 33134.0609 5.388e-9 
  8589.7270 .0004909 
 33133.8143 5.388e-9 
 11044.8843 .0003875 
 11044.8831 .0003875 
 13499.2030 .0002565 
 13499.2030 .0002565 
 15953.0330 .0001449 
 15953.0330 .0001449 
 18406.3379 7.048e-5 
 18406.3379 7.048e-5 
 20858.9979 2.967e-5 
 20858.9979 2.967e-5 
 23310.8420 1.084e-5 
 23310.8420 1.084e-5 
 25761.6552 3.435e-6 
 25761.6552 3.435e-6 
 28211.1773 9.441e-7 
 28211.1773 9.441e-7 
 30659.1004 2.243e-7 
 30659.1004 2.243e-7 
 33105.0645 4.577e-8 
 33105.0645 4.577e-8 
 35548.6542 7.928e-9 
 35548.6542 7.928e-9 
  8675.9001 .0008717 
 18249.5559 1.056e-6 
 11091.3193 .0005851 
 25825.2727 6.754e-8 
  5700.5163 .0004966 
 10658.2899 .0006610 
 25365.9277 7.899e-8 
  3238.3089 .0001200 
 13321.9604 .0006449 
 32956.5672 1.811e-8 
  3727.3209 .0001659 
 13300.9766 .0006449 
 32935.2444 1.813e-8 
  1035.0712 2.875e-5 
 15769.0246 .0005864 
 40313.0747 5.416e-9 
  1061.1421 2.953e-5 
 15768.7799 .0005864 
 40312.8281 5.416e-9 
 18223.8791 .0004634 
 18223.8778 .0004634 
 20678.2168 .0003194 
 20678.2168 .0003194 
 23132.1083 .0001926 
 23132.1083 .0001926 
 25585.5043 .0001019 
 25585.5043 .0001019 
 28038.2788 4.744e-5 
 28038.2788 4.744e-5 
 30490.2579 1.945e-5 
 30490.2579 1.945e-5 
 32941.2247 7.034e-6 
 32941.2247 7.034e-6 
 35390.9181 2.246e-6 
 35390.9181 2.246e-6 
 37839.0295 6.339e-7 
 37839.0295 6.339e-7 
 40285.1985 1.582e-7 
 40285.1985 1.582e-7 
 42729.0094 3.496e-8 
 42729.0094 3.496e-8 
 45169.9860 6.843e-9 
 45169.9860 6.843e-9 
  3896.6315 1.586e-7 
 11494.3793 1.661e-8 
 10984.0457 1.929e-8 
 18599.7867 4.505e-9 
 18573.4692 4.507e-9 
  1410.7277 2.416e-5 
  1410.3899 2.415e-5 
  3865.8333 3.611e-5 
  3865.8314 3.611e-5 
  6320.2082 2.843e-5 
  6320.2082 2.843e-5 
  8774.0192 1.673e-5 
  8774.0192 1.673e-5 
 11227.2626 7.977e-6 
 11227.2626 7.977e-6 
 13679.8315 3.175e-6 
 13679.8315 3.175e-6 
 16131.5610 1.069e-6 
 16131.5610 1.069e-6 
 18582.2393 3.057e-7 
 18582.2393 3.057e-7 
 21031.6078 7.438e-8 
 21031.6078 7.438e-8 
 23479.3596 1.532e-8 
 23479.3596 1.532e-8 
   991.9792 .0001978 
 11075.6308 1.028e-6 
  3965.7944 .0002680 
 18673.4322 6.933e-8 
  3429.1421 .0002855 
 18163.0954 8.191e-8 
  6144.5137 .0003753 
 25778.7815 1.810e-8 
  6117.8572 .0003744 
 25752.4639 1.812e-8 
  8589.7806 .0003676 
 33133.8288 5.066e-9 
  8589.4397 .0003676 
 33133.4898 5.066e-9 
 11044.8281 .0002911 
 11044.8261 .0002911 
 13499.2220 .0001934 
 13499.2220 .0001934 
 15953.0945 .0001097 
 15953.0945 .0001097 
 18406.4290 5.366e-5 
 18406.4290 5.366e-5 
 20859.1124 2.275e-5 
 20859.1124 2.275e-5 
 23310.9769 8.380e-6 
 23310.9769 8.380e-6 
 25761.8088 2.687e-6 
 25761.8088 2.687e-6 
 28211.3486 7.494e-7 
 28211.3486 7.494e-7 
 30659.2887 1.815e-7 
 30659.2887 1.815e-7 
 33105.2694 3.806e-8 
 33105.2694 3.806e-8 
 35548.8754 6.862e-9 
 35548.8754 6.862e-9 
  9084.0695 .0006659 
 18633.2337 9.706e-7 
 11494.9273 .0004436 
 26230.3473 6.127e-8 
  6048.2529 .0003855 
 11016.7263 .0005081 
 25720.0153 7.293e-8 
  3588.6263 9.867e-5 
 13701.3190 .0004858 
 33335.6254 1.652e-8 
  4126.2959 .0001387 
 13675.4601 .0004858 
 33309.3079 1.654e-8 
  1411.2758 2.945e-5 
 16146.6957 .0004379 
 40690.6858 4.939e-9 
  1443.0706 3.019e-5 
 16146.3595 .0004379 
 40690.3468 4.939e-9 
 18601.6720 .0003436 
 18601.6701 .0003436 
 21056.0790 .0002355 
 21056.0790 .0002355 
 23510.0125 .0001413 
 23510.0125 .0001413 
 25963.4407 7.447e-5 
 25963.4407 7.447e-5 
 28416.2436 3.453e-5 
 28416.2436 3.453e-5 
 30868.2498 1.411e-5 
 30868.2498 1.411e-5 
 33319.2434 5.085e-6 
 33319.2434 5.085e-6 
 35768.9639 1.619e-6 
 35768.9639 1.619e-6 
 38217.1028 4.558e-7 
 38217.1028 4.558e-7 
 40663.3001 1.135e-7 
 40663.3001 1.135e-7 
 43107.1400 2.503e-8 
 43107.1400 2.503e-8 
 45548.1465 4.888e-9 
 45548.1465 4.888e-9 
  3525.4029 1.309e-7 
 11145.3271 1.473e-8 
 10581.3419 1.735e-8 
  1032.6344 1.338e-5 
  1032.1777 1.337e-5 
  3487.9111 2.484e-5 
  3487.9082 2.484e-5 
  5942.3781 2.057e-5 
  5942.3781 2.057e-5 
  8396.2375 1.245e-5 
  8396.2375 1.245e-5 
 10849.5110 6.073e-6 
 10849.5110 6.073e-6 
 13302.1007 2.469e-6 
 13302.1007 2.469e-6 
 15753.8457 8.498e-7 
 15753.8457 8.498e-7 
 18204.5359 2.494e-7 
 18204.5359 2.494e-7 
 20653.9140 6.255e-8 
 20653.9140 6.255e-8 
 23101.6734 1.338e-8 
 23101.6734 1.338e-8 
   969.5155 .0001429 
 11082.2082 9.167e-7 
  3998.9580 .0001941 
 18702.2469 6.171e-8 
  3402.8370 .0002084 
 18138.2569 7.419e-8 
  6146.3272 .0002744 
 25780.1750 1.634e-8 
  6113.7348 .0002736 
 25748.0411 1.636e-8 
  8589.5542 .0002695 
 33133.5415 4.602e-9 
  8589.0927 .0002695 
 33133.0829 4.602e-9 
 11044.7551 .0002139 
 11044.7522 .0002139 
 13499.2351 .0001425 
 13499.2351 .0001425 
 15953.1555 8.118e-5 
 15953.1555 8.118e-5 
 18406.5227 3.989e-5 
 18406.5227 3.989e-5 
 20859.2319 1.701e-5 
 20859.2319 1.701e-5 
 23311.1186 6.311e-6 
 23311.1186 6.311e-6 
 25761.9705 2.041e-6 
 25761.9705 2.041e-6 
 28211.5293 5.759e-7 
 28211.5293 5.759e-7 
 30659.4875 1.416e-7 
 30659.4875 1.416e-7 
 33105.4860 3.028e-8 
 33105.4860 3.028e-8 
 35549.1093 5.610e-9 
 35549.1093 5.610e-9 