   443.4945 1.837e-5 
  1250.9856 .0001372 
   827.2761 .0001346 
    19.7850 1.169e-6 
   886.6296 7.113e-5 
  1674.6948 .0002670 
  4156.8781 3.392e-8 
    79.1385 4.355e-6 
   867.2037 5.023e-5 
  3349.3871 .0004878 
   906.7737 5.242e-5 
  3329.2429 .0004906 
   847.4202 .0002174 
  3269.8894 4.351e-8 
    59.3550 1.868e-6 
  2481.8242 .0001990 
  2422.8283 .0002011 
     0.3592 4.018e-8 
  1329.0466 .0001516 
  2088.6476 .0004238 
  4602.1665 1.185e-7 
  8687.4915 5.229e-8 
   540.9814 5.782e-5 
  1300.5824 .0001271 
  3814.1013 .0005712 
  7899.4263 2.236e-8 
  1359.9332 .0001324 
  3752.9513 .0005825 
  7840.0754 2.297e-8 
  1330.4821 7.211e-5 
  5417.6062 .0010772 
  1331.9180 7.218e-5 
  5417.2430 .0010772 
  1941.2020 9.973e-9 
  1181.6009 1.785e-5 
  1062.5360 1.722e-5 
   878.3068 .0002902 
  3271.3249 1.427e-7 
  7358.4490 7.477e-8 
   118.7057 2.453e-6 
  2511.7238 .0003279 
  6598.8479 1.552e-8 
  2394.8131 .0003346 
  6480.1381 1.634e-8 
     1.7950 1.318e-7 
  4087.1200 .0002802 
  4085.3291 .0002801 
  1770.3907 .0002500 
  2493.3000 .0005948 
  5050.3996 2.703e-7 
  9133.1255 2.675e-7 
  1010.7897 .0001548 
  1733.6989 .0002216 
  4290.7985 .0006485 
  8373.5245 5.677e-8 
 14094.5031 1.279e-8 
  1812.8140 .0002300 
  4166.7133 .0006772 
  8254.8473 5.999e-8 
 13975.7973 1.359e-8 
  1773.6952 .0001606 
  5861.8291 .0011293 
 11582.7792 2.392e-8 
  1777.2797 .0001609 
  5860.0056 .0011292 
 11580.9843 2.392e-8 
  1774.6806 7.706e-5 
  7495.6593 .0015361 
  1774.7051 7.706e-5 
  7495.6551 .0015361 
  1502.7292 2.670e-8 
  5588.0542 2.316e-8 
   779.8199 2.385e-5 
  4865.1449 2.749e-9 
   580.2041 1.998e-5 
  4667.3282 2.962e-9 
  2313.4289 2.159e-5 
  2308.0453 2.156e-5 
   920.7301 .0003499 
  3274.6294 3.028e-7 
  7362.7633 3.692e-7 
   197.8209 2.898e-6 
  2551.7202 .0004201 
  6639.8541 4.537e-8 
 12360.8042 1.129e-8 
  2359.2787 .0004342 
  6442.0047 4.944e-8 
 12162.9833 1.247e-8 
     5.3794 2.796e-7 
  4088.1054 .0004649 
  9809.0840 1.160e-8 
  4082.7545 .0004646 
  9803.7046 1.160e-8 
     0.0285 2.746e-9 
  5720.9786 .0002929 
  5720.9501 .0002929 
  2210.3193 .0003546 
  2889.3845 .0007660 
  5503.8238 4.944e-7 
  9581.3926 8.126e-7 
  1487.4101 .0002854 
  2166.4752 .0003228 
  4780.9146 .0007030 
  8858.4834 1.024e-7 
 14579.0676 5.077e-8 
  2265.3138 .0003336 
  4570.5670 .0007602 
  8660.7766 1.124e-7 
 14381.2464 5.623e-8 
  2216.6677 .0002554 
  6306.8773 .0011693 
 12027.3471 5.420e-8 
 19382.9363 7.975e-9 
  2223.8150 .0002561 
  6301.3838 .0011691 
 12021.9680 5.422e-8 
 19377.5568 7.979e-9 
  2218.6578 .0001601 
  7939.2421 .0015154 
 15294.8309 2.125e-8 
  2218.7434 .0001601 
  7939.2132 .0015154 
 15294.8024 2.125e-8 
  2218.2631 6.842e-5 
  9573.8523 .0016813 
  2218.2635 6.842e-5 
  9573.8522 .0016813 
  1069.6895 4.091e-8 
  5152.4155 1.076e-7 
   390.6244 1.666e-5 
  4473.3503 8.317e-9 
 10194.3289 2.526e-9 
    88.5855 4.524e-6 
  4176.7194 9.242e-9 
  9897.6695 2.918e-9 
  1871.4662 3.798e-5 
  1858.9110 3.779e-5 
  3502.3208 1.881e-5 
  3502.2067 1.881e-5 
   975.7246 .0003941 
  3280.9778 5.155e-7 
  7371.1874 1.073e-6 
   296.6594 3.187e-6 
  2601.9126 .0004816 
  6692.1222 8.666e-8 
 12412.5921 4.835e-8 
  2317.7799 .0005051 
  6395.3487 9.856e-8 
 12115.9330 5.614e-8 
    12.5267 4.759e-7 
  4090.0955 .0005865 
  9810.6798 3.277e-8 
 17166.2686 5.219e-9 
  4077.6829 .0005857 
  9798.1527 3.278e-8 
 17153.7419 5.224e-9 
     0.1141 8.040e-9 
  5720.5839 .0004840 
 13076.1731 7.847e-9 
  5720.4702 .0004840 
 13076.0590 7.847e-9 
  7355.5891 .0002524 
  7355.5888 .0002524 
  2648.5155 .0004536 
  3277.9063 .0009241 
  5965.2842 7.789e-7 
 10033.8913 1.876e-6 
  1969.4503 .0004362 
  2598.8411 .0004198 
  5286.2190 .0007258 
  9354.8261 1.557e-7 
 15074.7690 1.260e-7 
  2717.3217 .0004315 
  4964.5928 .0008232 
  9058.5086 1.793e-7 
 14778.1078 1.470e-7 
   412.0685 2.660e-5 
  2659.3396 .0003462 
  6753.2555 .0011831 
 12472.8547 8.932e-8 
 19828.1203 2.854e-8 
  2671.7797 .0003475 
  6740.3868 .0011828 
 12460.3297 8.937e-8 
 19815.5936 2.857e-8 
  2662.8179 .0002404 
  8382.7609 .0014767 
 15738.0248 4.462e-8 
 24728.1802 4.781e-9 
  2663.0459 .0002404 
  8382.6451 .0014766 
 15737.9108 4.462e-8 
 24728.0662 4.781e-9 
  2662.1752 .0001353 
 10017.4409 .0015902 
 19007.5963 1.634e-8 
  2662.1766 .0001353 
 10017.4406 .0015902 
 19007.5960 1.634e-8 
  2661.8518 5.227e-5 
 11652.0072 .0015096 
  2661.8518 5.227e-5 
 11652.0072 .0015096 
   644.9890 4.169e-8 
  4722.5578 2.879e-7 
    15.5982 7.789e-7 
  4093.1670 1.554e-8 
  9813.7512 1.117e-8 
  3678.1411 1.781e-8 
  9398.6110 1.364e-8 
  1430.8700 4.286e-5 
  7151.3398 5.066e-9 
  1405.7892 4.225e-5 
  7126.3734 5.065e-9 
  3057.7663 3.647e-5 
  3057.4240 3.647e-5 
  4693.4139 1.367e-5 
  4693.4122 1.367e-5 
  1044.5308 .0004212 
  3291.8019 7.610e-7 
  7385.7177 2.358e-6 
   415.1400 3.320e-6 
  2662.4111 .0005146 
  6756.3269 1.342e-7 
 12475.9261 1.243e-7 
  2272.2379 .0005485 
  6340.8450 1.607e-7 
 12060.7879 1.533e-7 
    24.9668 7.021e-7 
  4093.5739 .0006572 
  9813.5168 6.081e-8 
 17168.7807 2.131e-8 
  4068.9491 .0006553 
  9788.5483 6.085e-8 
 17143.8140 2.135e-8 
     0.3420 1.790e-8 
  5719.9412 .0006010 
 13075.2069 2.137e-8 
 22065.3623 2.449e-9 
  5719.6009 .0006009 
 13074.8649 2.137e-8 
 22065.0203 2.449e-9 
  7355.2657 .0004132 
 16345.4211 4.853e-9 
  7355.2639 .0004132 
 16345.4194 4.853e-9 
  8990.1554 .0001862 
  8990.1554 .0001862 
  3084.7105 .0005371 
  3660.1266 .0010574 
  6438.1502 1.093e-6 
 10492.5520 3.606e-6 
  2455.3197 .0005916 
  3030.7358 .0005029 
  5808.7594 .0007140 
  9863.1612 2.111e-7 
 15582.1606 2.459e-7 
  3168.7161 .0005137 
  5348.9223 .0008612 
  9448.8754 2.577e-7 
 15167.0144 3.051e-7 
   921.4450 6.835e-5 
  3101.6512 .0004239 
  7201.6043 .0011649 
 12919.7432 1.266e-7 
 20274.4967 6.538e-8 
   343.3580 1.796e-5 
  3121.3816 .0004259 
  7175.7833 .0011647 
 12894.7828 1.268e-7 
 20249.5299 6.551e-8 
  3107.1762 .0003102 
  8826.1757 .0014119 
 16180.9228 6.857e-8 
 25170.8081 1.577e-8 
  3107.6884 .0003102 
  8825.8274 .0014119 
 16180.5808 6.857e-8 
 25170.4661 1.577e-8 
  3106.2282 .0001944 
 10460.9816 .0014836 
 19450.8669 3.250e-8 
 30075.5355 2.706e-9 
  3106.2328 .0001944 
 10460.9798 .0014836 
 19450.8652 3.250e-8 
 30075.5337 2.706e-9 
  3105.7159 9.933e-5 
 12095.6012 .0013803 
 22720.2698 1.105e-8 
  3105.7159 9.933e-5 
 12095.6012 .0013803 
 22720.2698 1.105e-8 
  3105.4458 3.495e-5 
 13730.1144 .0011494 
  3105.4458 3.495e-5 
 13730.1144 .0011494 
   232.0582 2.157e-8 
  4300.6653 5.727e-7 
  3725.2491 2.274e-8 
  9445.1920 2.880e-8 
  3172.4708 2.677e-8 
  8892.0700 3.748e-8 
   992.2646 3.674e-5 
  6711.8638 9.836e-9 
 14067.1295 4.111e-9 
   947.2255 3.529e-5 
  6667.1685 9.829e-9 
 14022.4324 4.122e-9 
  2612.7667 4.643e-5 
  9968.0306 2.773e-9 
  2611.9108 4.642e-5 
  9967.1765 2.773e-9 
  4249.0375 2.768e-5 
  4249.0312 2.768e-5 
  5884.4395 8.652e-6 
  5884.4395 8.652e-6 
  1128.5364 .0004308 
  3308.7426 1.011e-6 
  7408.6957 4.300e-6 
   553.1203 3.308e-6 
  2733.3265 .0005220 
  6833.2795 1.815e-7 
 12551.4185 2.457e-7 
  2224.9033 .0005658 
  6279.3051 2.308e-7 
 11998.3045 3.246e-7 
    44.6971 9.319e-7 
  4099.0989 .0006848 
  9818.0983 9.222e-8 
 17172.8454 5.288e-8 
  4055.2559 .0006813 
  9773.3949 9.235e-8 
 17128.1483 5.306e-8 
     0.8542 3.330e-8 
  5718.9931 .0006592 
 13073.7466 3.824e-8 
 22063.6319 9.494e-9 
  5718.1453 .0006591 
 13072.8924 3.824e-8 
 22062.7777 9.494e-9 
  7354.7534 .0005051 
 16344.6387 1.283e-8 
  7354.7471 .0005051 
 16344.6324 1.283e-8 
  8989.8853 .0003012 
 19614.5539 2.733e-9 
  8989.8853 .0003012 
 19614.5539 2.733e-9 
 10624.6686 .0001199 
 10624.6686 .0001199 
  3518.7096 .0005975 
  4037.5254 .0011564 
  6926.1929 1.392e-6 
 10959.5786 6.036e-6 
  2943.2934 .0007357 
  3462.1093 .0005646 
  6350.7767 .0006698 
 10384.1625 2.623e-7 
 16101.8819 4.090e-7 
  3619.3632 .0005727 
  5723.7498 .0008721 
  9832.9186 3.428e-7 
 15548.7426 5.456e-7 
  1439.1570 .0001148 
  3543.5436 .0004819 
  7652.7124 .0011145 
 13368.5364 1.627e-7 
 20722.5281 1.200e-7 
   165.2698 1.953e-8 
   684.0857 3.448e-5 
  3572.7532 .0004845 
  7606.1389 .0011148 
 13323.8583 1.631e-7 
 20677.8310 1.204e-7 
  3551.7371 .0003637 
  9269.4565 .0013204 
 16623.4292 9.120e-8 
 25612.9117 3.359e-8 
  3552.7594 .0003638 
  9268.5834 .0013203 
 16622.5751 9.119e-8 
 25612.0575 3.359e-8 
  3550.4444 .0002411 
 10904.4361 .0013593 
 19893.9186 4.741e-8 
 30518.3484 8.400e-9 
  3550.4571 .0002411 
 10904.4297 .0013593 
 19893.9122 4.741e-8 
 30518.3420 8.400e-9 
  3549.6826 .0001376 
 12539.1652 .0012431 
 23163.5949 2.104e-8 
  3549.6827 .0001376 
 12539.1651 .0012431 
 23163.5949 2.104e-8 
  3549.2798 6.418e-5 
 14173.7096 .0010202 
 26432.8342 6.627e-9 
  3549.2798 6.418e-5 
 14173.7096 .0010202 
 26432.8342 6.627e-9 
  3549.0411 2.065e-5 
 15808.1656 .0007561 
  3549.0411 2.065e-5 
 15808.1656 .0007561 
  3889.1319 9.318e-7 
  3370.3161 2.838e-8 
  9089.3155 5.605e-8 
  2660.7960 3.394e-8 
  8378.9350 7.829e-8 
   556.4094 2.285e-5 
  6274.5484 1.504e-8 
 13629.3018 1.066e-8 
   481.6486 2.000e-5 
  6200.6481 1.502e-8 
 13555.3952 1.071e-8 
  2167.2623 4.777e-5 
  9522.0094 5.385e-9 
  2165.3796 4.773e-5 
  9520.1330 5.384e-9 
  3804.3090 3.692e-5 
  3804.2900 3.692e-5 
  5440.2027 1.788e-5 
  5440.2026 1.788e-5 
  7075.3887 4.854e-6 
  7075.3887 4.854e-6 
  1229.1901 .0004239 
  3333.5767 1.234e-6 
  7442.7455 6.808e-6 
   710.3742 3.173e-6 
  2814.7608 .0005074 
  6923.9296 2.221e-7 
 12639.7536 4.084e-7 
  2178.2932 .0005591 
  6211.6790 3.025e-7 
 11929.3984 5.837e-7 
    73.9066 1.136e-6 
  4107.2924 .0006766 
  9825.0118 1.231e-7 
 17178.9844 1.020e-7 
  4035.2622 .0006711 
  9751.0862 1.235e-7 
 17105.0779 1.026e-7 
     1.8764 5.431e-8 
  5717.7004 .0006706 
 13071.6921 5.598e-8 
 22061.1746 2.246e-8 
  5715.8430 .0006705 
 13069.8156 5.598e-8 
 22059.2982 2.246e-8 
  7353.9916 .0005437 
 16343.4742 2.225e-8 
 26967.9039 4.212e-9 
  7353.9727 .0005437 
 16343.4552 2.225e-8 
 26967.8850 4.212e-9 
  8989.4825 .0003623 
 19613.9123 7.032e-9 
  8989.4824 .0003623 
 19613.9122 7.032e-9 
 10624.4298 .0001912 
 10624.4298 .0001912 
 12259.1246 6.811e-5 
 12259.1246 6.811e-5 
  3950.4206 .0006307 
  4411.7393 .0012151 
  7433.4067 1.624e-6 
 11437.3623 9.024e-6 
  3431.6047 .0008539 
  3892.9234 .0006008 
  6914.5909 .0005999 
 10918.5465 3.032e-7 
 16634.6485 6.037e-7 
  4069.1143 .0006044 
  6089.3452 .0008566 
 10211.9171 4.281e-7 
 15924.2249 8.749e-7 
  1964.7277 .0001600 
  3984.9586 .0005161 
  8107.5305 .0010354 
 13819.8384 1.943e-7 
 21172.7514 1.908e-7 
   542.9373 7.344e-8 
  1004.2560 4.552e-5 
  4025.9234 .0005192 
  8029.8790 .0010368 
 13745.9810 1.953e-7 
 21098.8444 1.921e-7 
  3996.4933 .0003974 
  9712.5953 .0012059 
 17065.4586 1.106e-7 
 26054.3680 5.772e-8 
  3998.3617 .0003976 
  9710.6696 .0012057 
 17063.5826 1.106e-7 
 26052.4916 5.772e-8 
  3994.8455 .0002726 
 11347.7586 .0012203 
 20336.6676 6.001e-8 
 30960.7579 1.690e-8 
  3994.8759 .0002726 
 11347.7393 .0012203 
 20336.6486 6.001e-8 
 30960.7389 1.690e-8 
  3993.7666 .0001650 
 12982.6760 .0010996 
 23606.7662 2.943e-8 
 35865.6723 4.200e-9 
  3993.7668 .0001650 
 12982.6759 .0010996 
 23606.7661 2.943e-8 
 35865.6722 4.200e-9 
  3993.1935 8.610e-5 
 14617.2837 .0008910 
 26876.1897 1.216e-8 
  3993.1935 8.610e-5 
 14617.2837 .0008910 
 26876.1897 1.216e-8 
  3992.8539 3.677e-5 
 16251.7599 .0006532 
 30145.2771 3.545e-9 
  3992.8539 3.677e-5 
 16251.7599 .0006532 
 30145.2771 3.545e-9 
  3992.6354 1.085e-5 
 17886.1525 .0004349 
  3992.6354 1.085e-5 
 17886.1525 .0004349 
  3490.4485 1.299e-6 
  3029.1298 3.146e-8 
  8746.8492 9.066e-8 
  2144.4411 3.734e-8 
  7860.2651 1.368e-7 
   124.2102 5.240e-6 
  5840.0342 1.975e-8 
 13194.0260 2.101e-8 
     7.4623 3.203e-7 
  5725.1817 1.968e-8 
 13079.1544 2.117e-8 
  1721.2261 4.208e-5 
  9075.1988 8.242e-9 
 18064.6813 3.873e-9 
  1717.4623 4.200e-5 
  9071.4540 8.240e-9 
 18060.9364 3.873e-9 
  3359.1462 4.024e-5 
 12348.6286 2.735e-9 
  3359.0968 4.024e-5 
 12348.5793 2.735e-9 
  4995.7159 2.434e-5 
  4995.7156 2.434e-5 
  6631.2363 1.011e-5 
  6631.2363 1.011e-5 
  8266.2707 2.433e-6 
  8266.2707 2.433e-6 
  1347.8838 .0004023 
  3368.1146 1.402e-6 
  7490.6866 9.608e-6 
 13202.9944 1.748e-9 
 20555.9075 1.742e-9 
   886.5651 2.944e-6 
  2906.7960 .0004752 
  7029.3679 2.507e-7 
 12741.6758 5.972e-7 
  2135.1023 .0005320 
  6139.0580 3.690e-7 
 11855.1599 9.323e-7 
   114.8715 1.290e-6 
  4118.8271 .0006403 
  9834.9291 1.500e-7 
 17187.7925 1.672e-7 
  4007.7005 .0006325 
  9720.0083 1.506e-7 
 17072.9213 1.688e-7 
     3.7449 7.986e-8 
  5716.0527 .0006460 
 13068.9657 7.229e-8 
 22057.8748 4.144e-8 
  5712.3571 .0006457 
 13065.2205 7.228e-8 
 22054.1299 4.144e-8 
  7352.9127 .0005416 
 16341.8221 3.158e-8 
 26965.9123 9.567e-9 
  7352.8637 .0005416 
 16341.7728 3.158e-8 
 26965.8630 9.567e-9 
  8988.9094 .0003827 
 19612.9996 1.187e-8 
 31871.9057 1.796e-9 
  8988.9091 .0003827 
 19612.9993 1.187e-8 
 31871.9053 1.796e-9 
 10624.0902 .0002261 
 22882.9963 3.510e-9 
 10624.0902 .0002261 
 22882.9963 3.510e-9 
 12258.9060 .0001069 
 12258.9060 .0001069 
 13893.5171 3.436e-5 
 13893.5171 3.436e-5 
  4379.8742 .0006362 
  4784.4712 .0012306 
  7963.7828 1.748e-6 
 11928.3665 1.225e-5 
 17642.5612 2.348e-9 
 24993.8897 2.757e-9 
  3918.5556 .0009351 
  4323.1525 .0006103 
  7502.4641 .0005138 
 11467.0478 3.291e-7 
 17181.2425 8.094e-7 
  4517.8049 .0006083 
  6446.0701 .0008174 
 10587.4171 5.069e-7 
 16294.5625 1.287e-6 
  2497.5741 .0001991 
  4425.8393 .0005258 
  8567.1862 .0009338 
 14274.3316 2.186e-7 
 21625.7760 2.731e-7 
   896.8881 1.266e-7 
  1301.4850 4.992e-5 
  4480.7966 .0005289 
  8445.3803 .0009372 
 14159.5751 2.203e-7 
 21510.9035 2.760e-7 
   476.8410 1.998e-5 
  4441.4247 .0004105 
 10155.6194 .0010746 
 17506.9479 1.253e-7 
 26495.0714 8.649e-8 
   303.2673 1.237e-5 
  4444.6143 .0004107 
 10151.7596 .0010743 
 17503.2040 1.253e-7 
 26491.3265 8.649e-8 
  4439.4518 .0002879 
 11790.8962 .0010718 
 20779.0187 6.947e-8 
 31402.6436 2.753e-8 
  4439.5175 .0002879 
 11790.8459 .0010718 
 20778.9694 6.947e-8 
 31402.5943 2.753e-8 
  4437.9825 .0001806 
 13426.1060 .0009535 
 24049.7309 3.575e-8 
 36308.3377 8.062e-9 
  4437.9832 .0001806 
 13426.1057 .0009535 
 24049.7306 3.575e-8 
 36308.3373 8.062e-9 
  4437.1966 .0001001 
 15060.8215 .0007641 
 27319.4283 1.640e-8 
 41212.7409 1.947e-9 
  4437.1966 .0001001 
 15060.8215 .0007641 
 27319.4283 1.640e-8 
 41212.7409 1.947e-9 
  4436.7313 4.789e-5 
 16695.3380 .0005547 
 30588.6506 6.296e-9 
  4436.7313 4.789e-5 
 16695.3380 .0005547 
 30588.6506 6.296e-9 
  4436.4320 1.877e-5 
 18329.7446 .0003662 
 33857.5836 1.697e-9 
  4436.4320 1.877e-5 
 18329.7446 .0003662 
 33857.5836 1.697e-9 
  4436.2275 5.085e-6 
 19964.0665 .0002204 
  4436.2275 5.085e-6 
 19964.0665 .0002204 
  3107.0675 1.594e-6 
  2702.4706 3.167e-8 
  8418.5726 1.279e-7 
  1624.9979 3.569e-8 
  7337.3057 2.096e-7 
  5409.0405 2.318e-8 
 12761.9535 3.466e-8 
  5239.2610 2.303e-8 
 12592.1244 3.507e-8 
  1274.6773 3.196e-5 
  8627.5406 1.085e-8 
 17616.4500 7.466e-9 
  1267.6936 3.180e-5 
  8620.6066 1.084e-8 
 17609.5156 7.465e-9 
  2913.4612 3.842e-5 
 11902.3703 4.149e-9 
  2913.3459 3.842e-5 
 11902.2553 4.149e-9 
  4550.9269 2.713e-5 
  4550.9259 2.713e-5 
  6186.8936 1.386e-5 
  6186.8936 1.386e-5 
  7822.1748 5.074e-6 
  7822.1748 5.074e-6 
  9457.0851 1.095e-6 
  9457.0851 1.095e-6 
  1485.8145 .0003691 
  3414.0797 1.497e-6 
  7555.4266 1.228e-5 
 13262.5720 2.807e-9 
 20614.0164 3.594e-9 
  1081.2175 2.648e-6 
  3009.4827 .0004305 
  7150.8297 2.644e-7 
 12857.9751 7.889e-7 
  2098.0941 .0004888 
  6062.6778 4.241e-7 
 11776.8725 1.357e-6 
   169.8288 1.374e-6 
  4134.4126 .0005839 
  9848.6073 1.698e-7 
 17199.9357 2.435e-7 
  3971.5181 .0005740 
  9678.6635 1.711e-7 
 17030.1079 2.472e-7 
     6.9344 1.078e-7 
  5714.0798 .0005957 
 13065.5242 8.531e-8 
 22053.6467 6.522e-8 
  5707.2603 .0005951 
 13058.5888 8.529e-8 
 22046.7123 6.522e-8 
     0.1149 2.427e-9 
  7351.4434 .0005102 
 16339.5669 3.956e-8 
 26963.1918 1.698e-8 
  7351.3294 .0005102 
 16339.4519 3.956e-8 
 26963.0768 1.698e-8 
  8988.1235 .0003736 
 19611.7484 1.638e-8 
 31870.3551 3.938e-9 
  8988.1225 .0003736 
 19611.7474 1.638e-8 
 31870.3542 3.938e-9 
 10623.6249 .0002344 
 22882.2316 5.772e-9 
 10623.6249 .0002344 
 22882.2316 5.772e-9 
 12258.6068 .0001243 
 12258.6068 .0001243 
 13893.3126 5.306e-5 
 13893.3126 5.306e-5 
 15527.8390 1.546e-5 
 15527.8390 1.546e-5 
  4807.2295 .0006161 
  5157.3807 .0012039 
  8521.0544 1.745e-6 
 12434.9912 1.525e-5 
 18147.0996 3.532e-9 
 25496.3605 5.125e-9 
  4402.6326 .0009730 
  4752.7837 .0005948 
  8116.4575 .0004215 
 12030.3942 3.379e-7 
 17742.5026 1.000e-6 
  4965.2539 .0005869 
  6794.3960 .0007589 
 10961.2644 5.721e-7 
 16661.0391 1.763e-6 
  3036.9887 .0002286 
  4866.1308 .0005127 
  9032.9991 .0008174 
 14732.7739 2.333e-7 
 22082.2834 3.593e-7 
  1223.3210 1.656e-7 
  1573.4721 4.836e-5 
  4937.1459 .0005153 
  8851.0826 .0008238 
 14563.1911 2.365e-7 
 21912.4520 3.655e-7 
   972.5622 3.794e-5 
  4886.4989 .0004041 
 10598.6073 .0009340 
 17947.8682 1.343e-7 
 26934.9460 1.173e-7 
   724.7838 2.714e-5 
  4891.6522 .0004043 
 10591.4270 .0009336 
 17940.9364 1.343e-7 
 26928.0116 1.173e-7 
  4884.2816 .0002879 
 12233.7911 .0009204 
 21220.8662 7.528e-8 
 31843.8721 3.925e-8 
  4884.4126 .0002879 
 12233.6735 .0009204 
 21220.7513 7.528e-8 
 31843.7571 3.925e-8 
  4882.3451 .0001849 
 13869.4229 .0008097 
 24492.4287 3.978e-8 
 36750.6376 1.256e-8 
  4882.3467 .0001849 
 13869.4219 .0008097 
 24492.4277 3.978e-8 
 36750.6366 1.256e-8 
  4881.2993 .0001063 
 15504.3052 .0006425 
 27762.5141 1.923e-8 
 41655.5551 3.588e-9 
  4881.2994 .0001063 
 15504.3052 .0006425 
 27762.5141 1.923e-8 
 41655.5551 3.588e-9 
  4880.6803 5.409e-5 
 17138.8892 .0004624 
 31031.9302 8.215e-9 
  4880.6803 5.409e-5 
 17138.8892 .0004624 
 31031.9302 8.215e-9 
  4880.2825 2.377e-5 
 18773.3235 .0003029 
 34300.9681 2.925e-9 
  4880.2825 2.377e-5 
 18773.3235 .0003029 
 34300.9681 2.925e-9 
  4880.0108 8.564e-6 
 20407.6555 .0001811 
  4880.0108 8.564e-6 
 20407.6555 .0001811 
  4879.8165 2.134e-6 
 22041.8990 9.898e-5 
  4879.8165 2.134e-6 
 22041.8990 9.898e-5 
  2741.2627 1.751e-6 
  2391.1116 2.937e-8 
  8105.3063 1.620e-7 
  1104.3583 2.865e-8 
  6811.5037 2.893e-7 
  4982.3616 2.490e-8 
 12333.8059 5.022e-8 
  4741.6325 2.461e-8 
 12092.9610 5.112e-8 
   827.6958 2.003e-5 
  8179.0243 1.281e-8 
 17167.1478 1.207e-8 
   815.4932 1.975e-5 
  8166.9376 1.279e-8 
 17155.0601 1.207e-8 
  2467.1628 3.304e-5 
 11455.2853 5.414e-9 
 22078.9102 2.688e-9 
  2466.9158 3.303e-5 
 11455.0393 5.414e-9 
 22078.6642 2.688e-9 
  4105.7784 2.665e-5 
 14729.4033 1.923e-9 
  4105.7758 2.665e-5 
 14729.4007 1.923e-9 
  5742.3255 1.557e-5 
  5742.3255 1.557e-5 
  7377.9264 6.952e-6 
  7377.9264 6.952e-6 
  9013.0301 2.274e-6 
  9013.0301 2.274e-6 
 10647.8281 4.434e-7 
 10647.8281 4.434e-7 
  1643.8388 .0003279 
  3472.9810 1.511e-6 
  7639.8493 1.438e-5 
 13339.6241 4.028e-9 
 20689.1336 6.409e-9 
  1293.6877 2.316e-6 
  3122.8298 .0003781 
  7289.6982 2.624e-7 
 12989.4729 9.569e-7 
  2069.9861 .0004346 
  5983.9228 4.628e-7 
 11696.0313 1.828e-6 
   240.8440 1.384e-6 
  4154.7807 .0005151 
  9866.8891 1.809e-7 
 17216.1500 3.229e-7 
  3926.0244 .0005034 
  9625.7992 1.832e-7 
 16975.3087 3.305e-7 
    12.0877 1.352e-7 
  5711.8625 .0005290 
 13061.3719 9.381e-8 
 22048.4471 9.149e-8 
  5700.0208 .0005282 
 13049.2817 9.377e-8 
 22036.3595 9.148e-8 
     0.2460 3.747e-9 
  7349.5069 .0004598 
 16336.5847 4.532e-8 
 26959.5905 2.575e-8 
  7349.2635 .0004598 
 16336.3387 4.532e-8 
 26959.3445 2.575e-8 
  8987.0778 .0003447 
 19610.0836 1.996e-8 
 31868.2926 6.754e-9 
  8987.0752 .0003447 
 19610.0810 1.996e-8 
 31868.2899 6.754e-9 
 10623.0059 .0002244 
 22881.2148 7.764e-9 
 10623.0058 .0002244 
 22881.2148 7.764e-9 
 12258.2089 .0001264 
 26151.2499 2.556e-9 
 12258.2089 .0001264 
 26151.2499 2.556e-9 
 13893.0410 6.055e-5 
 13893.0410 6.055e-5 
 15527.6446 2.347e-5 
 15527.6446 2.347e-5 
 17162.0825 6.227e-6 
 17162.0825 6.227e-6 
  5232.7582 .0005751 
  5531.9674 .0011394 
  9108.4532 1.621e-6 
 12959.4326 1.755e-5 
 18669.4658 4.813e-9 
 26015.9999 8.426e-9 
  4882.6070 .0009667 
  5181.8162 .0005583 
  8758.3020 .0003318 
 12609.2815 3.297e-7 
 18319.3147 1.151e-6 
  5411.2645 .0005448 
  7134.9228 .0006864 
 11335.6365 6.180e-7 
 17025.1359 2.269e-6 
  3582.1224 .0002463 
  5305.7806 .0004805 
  9506.4944 .0006943 
 15195.9938 2.378e-7 
 22543.0252 4.405e-7 
  1518.9333 1.822e-7 
  1818.1424 4.257e-5 
  5394.6283 .0004823 
  9245.6077 .0007046 
 14955.6409 2.429e-7 
 22302.1749 4.523e-7 
  1480.6915 5.167e-5 
  5331.6710 .0003814 
 11041.7042 .0007916 
 18388.2382 1.372e-7 
 27373.9588 1.469e-7 
  1138.9123 3.742e-5 
  5339.6260 .0003817 
 11029.1254 .0007912 
 18376.1569 1.371e-7 
 27361.8711 1.470e-7 
  5329.3506 .0002748 
 12676.3821 .0007723 
 21662.0963 7.734e-8 
 32284.2988 5.077e-8 
  5329.5958 .0002748 
 12676.1298 .0007723 
 21661.8504 7.734e-8 
 32284.0528 5.077e-8 
  5326.8689 .0001795 
 14312.5895 .0006729 
 24934.7919 4.150e-8 
 37192.4848 1.715e-8 
  5326.8726 .0001795 
 14312.5868 .0006729 
 24934.7893 4.150e-8 
 37192.4822 1.715e-8 
  5325.5116 .0001058 
 15947.7141 .0005293 
 28205.4070 2.066e-8 
 42098.0959 5.375e-9 
  5325.5117 .0001058 
 15947.7141 .0005293 
 28205.4070 2.066e-8 
 42098.0959 5.375e-9 
  5324.7082 5.589e-5 
 17582.4011 .0003780 
 31475.0900 9.324e-9 
  5324.7082 5.589e-5 
 17582.4011 .0003780 
 31475.0900 9.324e-9 
  5324.1922 2.613e-5 
 19216.8811 .0002459 
 34744.2741 3.703e-9 
  5324.1922 2.613e-5 
 19216.8811 .0002459 
 34744.2741 3.703e-9 
  5323.8401 1.056e-5 
 20851.2331 .0001461 
  5323.8401 1.056e-5 
 20851.2331 .0001461 
  5323.5885 3.502e-6 
 22485.4843 7.940e-5 
  5323.5885 3.502e-6 
 22485.4843 7.940e-5 
  5323.4017 8.032e-7 
 24119.6416 3.954e-5 
  5323.4017 8.032e-7 
 24119.6416 3.954e-5 
  2395.0035 1.740e-6 
 15456.3728 1.795e-9 
  2095.7943 2.531e-8 
  7807.9027 1.876e-7 
   584.7459 1.693e-8 
  6284.5207 3.658e-7 
  4560.8625 2.481e-8 
 11910.3720 6.569e-8 
  4231.4169 2.432e-8 
 11580.6778 6.745e-8 
   380.4375 8.451e-6 
  7729.6984 1.388e-8 
 16716.7761 1.719e-8 
   360.1488 8.009e-6 
  7709.6583 1.386e-8 
 16696.7334 1.718e-8 
  2020.1589 2.582e-5 
 11007.2340 6.341e-9 
 21630.2399 4.246e-9 
  2019.6651 2.581e-5 
 11006.7429 6.340e-9 
 21629.7488 4.245e-9 
  3660.2089 2.383e-5 
 14283.2147 2.477e-9 
  3660.2025 2.383e-5 
 14283.2084 2.477e-9 
  5297.4942 1.544e-5 
  5297.4942 1.544e-5 
  6933.5007 7.805e-6 
  6933.5007 7.805e-6 
  8568.8487 3.099e-6 
  8568.8487 3.099e-6 
 10203.8045 9.139e-7 
 10203.8045 9.139e-7 
 11838.4941 1.619e-7 
 11838.4941 1.619e-7 
  1822.3452 .0002823 
  3546.0034 1.449e-6 
  7746.7171 1.555e-5 
 13436.2165 5.235e-9 
 20783.2480 1.010e-8 
  1523.1360 1.973e-6 
  3246.7942 .0003226 
  7447.5079 2.465e-7 
 13137.0073 1.078e-6 
  2053.3498 .0003746 
  5904.3292 4.822e-7 
 11614.3625 2.305e-6 
   329.6916 1.323e-6 
  4180.6710 .0004405 
  9890.7043 1.827e-7 
 17237.2383 3.962e-7 
  3871.0221 .0004278 
  9560.5215 1.866e-7 
 16907.5530 4.103e-7 
    20.0427 1.589e-7 
  5709.5421 .0004542 
 13056.5736 9.729e-8 
 22042.2878 1.173e-7 
  5689.9905 .0004531 
 13036.5246 9.723e-8 
 22022.2451 1.173e-7 
     0.4911 5.322e-9 
  7347.0251 .0003989 
 16332.7457 4.841e-8 
 26954.9481 3.485e-8 
  7346.5404 .0003989 
 16332.2545 4.841e-8 
 26954.4570 3.485e-8 
  8985.7205 .0003039 
 19607.9230 2.224e-8 
 31865.6159 9.905e-9 
  8985.7142 .0003039 
 19607.9167 2.224e-8 
 31865.6096 9.905e-9 
 10622.2025 .0002028 
 22879.8954 9.217e-9 
 36772.5842 2.550e-9 
 10622.2024 .0002028 
 22879.8953 9.217e-9 
 36772.5842 2.550e-9 
 12257.6929 .0001186 
 26150.3818 3.354e-9 
 12257.6929 .0001186 
 26150.3818 3.354e-9 
 13892.6889 6.045e-5 
 13892.6889 6.045e-5 
 15527.3930 2.629e-5 
 15527.3930 2.629e-5 
 17161.8958 9.281e-6 
 17161.8958 9.281e-6 
 18796.2399 2.249e-6 
 18796.2399 2.249e-6 
  5656.8093 .0005187 
  5909.4701 .0010444 
  9728.5135 1.410e-6 
 13503.5591 1.880e-5 
 19211.8136 5.998e-9 
 26554.8102 1.243e-8 
  5357.6001 .0009205 
  5610.2609 .0005062 
  9429.3043 .0002513 
 13204.3499 3.068e-7 
 18912.6045 1.243e-6 
  5855.6276 .0004880 
  7468.3979 .0006054 
 11713.0705 6.404e-7 
 17388.5428 2.762e-6 
  4131.9694 .0002520 
  5744.7397 .0004343 
  9989.4123 .0005722 
 15664.8846 2.322e-7 
 23008.8211 5.079e-7 
  1781.1143 1.762e-7 
  2033.7751 3.464e-5 
  5852.8185 .0004348 
  9627.8641 .0005871 
 15336.1186 2.399e-7 
 22679.1152 5.283e-7 
  2001.8391 6.033e-5 
  5776.8847 .0003465 
 11485.1392 .0006543 
 18828.1358 1.343e-7 
 27812.1314 1.724e-7 
  1544.0260 4.269e-5 
  5788.6986 .0003467 
 11464.1708 .0006538 
 18808.1074 1.343e-7 
 27792.0886 1.724e-7 
    99.1992 1.940e-6 
  5774.6714 .0002518 
 13118.6080 .0006331 
 22102.5892 7.589e-8 
 32723.7704 6.084e-8 
    66.8514 1.305e-6 
  5775.1060 .0002518 
 13118.1026 .0006331 
 22102.0982 7.588e-8 
 32723.2792 6.084e-8 
  5771.5686 .0001665 
 14755.5642 .0005470 
 25376.7452 4.109e-8 
 37633.7825 2.130e-8 
  5771.5765 .0001665 
 14755.5577 .0005470 
 25376.7389 4.109e-8 
 37633.7761 2.130e-8 
  5769.8436 9.990e-5 
 16391.0247 .0004269 
 28648.0619 2.083e-8 
 42540.3037 7.068e-9 
  5769.8436 9.990e-5 
 16391.0247 .0004269 
 28648.0619 2.083e-8 
 42540.3037 7.068e-9 
  5768.8222 5.413e-5 
 18025.8595 .0003028 
 31918.1013 9.706e-9 
 47445.1749 2.135e-9 
  5768.8222 5.413e-5 
 18025.8595 .0003028 
 31918.1013 9.706e-9 
 47445.1749 2.135e-9 
  5768.1666 2.630e-5 
 19660.4084 .0001957 
 35187.4820 4.079e-9 
  5768.1666 2.630e-5 
 19660.4084 .0001957 
 35187.4820 4.079e-9 
  5767.7195 1.131e-5 
 21294.7931 .0001156 
  5767.7195 1.131e-5 
 21294.7931 .0001156 
  5767.4002 4.210e-6 
 22929.0593 6.252e-5 
  5767.4002 4.210e-6 
 22929.0593 6.252e-5 
  5767.1635 1.285e-6 
 24563.2225 3.099e-5 
  5767.1635 1.285e-6 
 24563.2225 3.099e-5 
  5766.9826 2.716e-7 
 26197.2857 1.409e-5 
  5766.9826 2.716e-7 
 26197.2857 1.409e-5 
  2069.8651 1.579e-6 
 15126.4324 2.685e-9 
  1817.2043 2.038e-8 
  7527.2376 2.010e-7 
    68.7443 2.108e-9 
  5758.2437 4.282e-7 
  4145.4734 2.314e-8 
 11492.5049 7.897e-8 
  3708.1941 2.236e-8 
 11054.7282 8.205e-8 
  7279.6826 1.403e-8 
 16265.4032 2.215e-8 
  7247.8323 1.399e-8 
 16233.5465 2.214e-8 
  1572.3601 1.822e-5 
 10558.0742 6.827e-9 
 21180.2767 5.907e-9 
  1571.4280 1.821e-5 
 10557.1486 6.827e-9 
 21179.3510 5.907e-9 
  3214.1520 1.970e-5 
 13836.3544 2.863e-9 
  3214.1377 1.970e-5 
 13836.3402 2.863e-9 
  4852.3589 1.399e-5 
  4852.3588 1.399e-5 
  6488.8707 7.742e-6 
  6488.8707 7.742e-6 
  8124.5223 3.461e-6 
  8124.5223 3.461e-6 
  9759.6735 1.235e-6 
  9759.6735 1.235e-6 
 11394.4956 3.303e-7 
 11394.4956 3.303e-7 
 13029.0764 5.333e-8 
 13029.0764 5.333e-8 
  2021.1635 .0002360 
  3633.9338 1.326e-6 
  7878.6064 1.561e-5 
 13554.0787 6.228e-9 
 20898.0152 1.428e-8 
  1768.5027 1.640e-6 
  3381.2730 .0002677 
  7625.9456 2.200e-7 
 13301.4179 1.138e-6 
  2050.5407 .0003133 
  5825.5863 4.815e-7 
 11533.8408 2.739e-6 
   437.7704 1.206e-6 
  4212.8160 .0003659 
  9921.0706 1.760e-7 
 17264.0672 4.549e-7 
  3806.9022 .0003532 
  9482.3745 1.818e-7 
 16826.3110 4.786e-7 
    31.8566 1.762e-7 
  5707.3289 .0003782 
 13051.2654 9.592e-8 
 22035.2467 1.396e-7 
  5676.3979 .0003766 
 13019.3945 9.583e-8 
 22003.3902 1.396e-7 
     0.9257 7.027e-9 
  7343.9223 .0003345 
 16327.9179 4.881e-8 
 26949.0989 4.316e-8 
  7343.0109 .0003345 
 16326.9921 4.880e-8 
 26948.1733 4.316e-8 
  8983.9955 .0002579 
 19605.1767 2.312e-8 
 31862.2139 1.298e-8 
  8983.9814 .0002579 
 19605.1624 2.312e-8 
 31862.1996 1.298e-8 
 10621.1812 .0001751 
 22878.2184 1.001e-8 
 36770.4602 3.627e-9 
 10621.1810 .0001751 
 22878.2183 1.001e-8 
 36770.4600 3.627e-9 
 12257.0372 .0001051 
 26149.2790 3.883e-9 
 12257.0372 .0001051 
 26149.2790 3.883e-9 
 13892.2418 5.561e-5 
 13892.2418 5.561e-5 
 15527.0736 2.574e-5 
 15527.0736 2.574e-5 
 17161.6591 1.020e-5 
 17161.6591 1.020e-5 
 18796.0590 3.290e-6 
 18796.0590 3.290e-6 
 20430.3031 7.294e-7 
 20430.3031 7.294e-7 
  6079.7626 .0004532 
  6290.7995 .0009279 
 10382.9590 1.153e-6 
 14068.8234 1.883e-5 
 19775.9927 6.889e-9 
 27114.4595 1.666e-8 
  5827.1018 .0008424 
  6038.1387 .0004442 
 10130.2983 .0001836 
 13816.1626 2.732e-7 
 19523.3319 1.266e-6 
  6298.1273 .0004227 
  7795.7331 .0005211 
 12096.4816 6.371e-7 
 17753.1675 3.195e-6 
  4685.3570 .0002465 
  6182.9629 .0003795 
 10483.7113 .0004572 
 16140.3972 2.179e-7 
 23480.5558 5.541e-7 
  2008.0584 1.534e-7 
  2219.0953 2.636e-5 
  6311.2548 .0003786 
  9997.1192 .0004769 
 15704.2885 2.287e-7 
 23042.7553 5.867e-7 
  2536.2092 6.398e-5 
  6222.0736 .0003038 
 11929.2429 .0005273 
 19267.7097 1.264e-7 
 28249.5522 1.910e-7 
   440.6844 1.363e-8 
  1938.2902 4.336e-5 
  6239.0387 .0003041 
 11895.7246 .0005267 
 19235.8832 1.264e-7 
 28217.6952 1.910e-7 
   563.5664 9.329e-6 
  6220.2524 .0002223 
 13560.4109 .0005069 
 22542.2230 7.148e-8 
 33162.1285 6.840e-8 
   513.8191 8.484e-6 
  6220.9883 .0002223 
 13559.4552 .0005069 
 22541.2976 7.148e-8 
 33161.2028 6.839e-8 
  6216.4586 .0001484 
 15198.3010 .0004348 
 25818.2062 3.891e-8 
 38074.4249 2.454e-8 
  6216.4744 .0001484 
 15198.2864 .0004348 
 25818.1919 3.891e-8 
 38074.4106 2.454e-8 
  6214.3052 9.020e-5 
 16834.2107 .0003370 
 29090.4294 1.995e-8 
 42982.1133 8.459e-9 
  6214.3054 9.020e-5 
 16834.2106 .0003370 
 29090.4292 1.995e-8 
 42982.1131 8.459e-9 
  6213.0295 4.977e-5 
 18469.2482 .0002375 
 32360.9321 9.484e-9 
 47887.6075 2.712e-9 
  6213.0295 4.977e-5 
 18469.2482 .0002375 
 32360.9321 9.484e-9 
 47887.6075 2.712e-9 
  6212.2110 2.481e-5 
 20103.8949 .0001527 
 35630.5703 4.122e-9 
  6212.2110 2.481e-5 
 20103.8949 .0001527 
 35630.5703 4.122e-9 
  6211.6531 1.110e-5 
 21738.3285 8.971e-5 
  6211.6531 1.110e-5 
 21738.3285 8.971e-5 
  6211.2549 4.397e-6 
 23372.6191 4.829e-5 
  6211.2549 4.397e-6 
 23372.6191 4.829e-5 
  6210.9600 1.507e-6 
 25006.7939 2.383e-5 
  6210.9600 1.507e-6 
 25006.7939 2.383e-5 
  6210.7349 4.240e-7 
 26640.8617 1.080e-5 
  6210.7349 4.240e-7 
 26640.8617 1.080e-5 
  6210.5586 8.258e-8 
 28274.8228 4.493e-6 
  6210.5586 8.258e-8 
 28274.8228 4.493e-6 
  1766.9872 1.316e-6 
 14818.2383 3.604e-9 
  1555.9503 1.539e-8 
  7264.2048 2.012e-7 
  5234.7879 4.671e-7 
  3737.1820 2.031e-8 
 11081.1186 8.830e-8 
  3172.0453 1.917e-8 
 10515.0419 9.317e-8 
  6829.1775 1.333e-8 
 15813.1732 2.631e-8 
  6780.3701 1.327e-8 
 15764.3514 2.629e-8 
  1123.6842 1.130e-5 
 10107.6654 6.860e-9 
 20728.8466 7.446e-9 
  1122.0083 1.129e-5 
 10106.0039 6.859e-9 
 20727.1849 7.446e-9 
  2767.5371 1.516e-5 
 13388.7181 3.044e-9 
 25645.7553 1.986e-9 
  2767.5069 1.516e-5 
 13388.6880 3.044e-9 
 25645.7253 1.986e-9 
  4406.8760 1.178e-5 
  4406.8756 1.178e-5 
  6044.0077 7.024e-6 
  6044.0077 7.024e-6 
  7680.0308 3.415e-6 
  7680.0308 3.415e-6 
  9315.4206 1.367e-6 
  9315.4206 1.367e-6 
 10950.4042 4.417e-7 
 10950.4042 4.417e-7 
 12585.0990 1.075e-7 
 12585.0990 1.075e-7 
 14219.5682 1.587e-8 
 14219.5682 1.587e-8 
  2239.5282 .0001918 
  3737.1340 1.161e-6 
  8037.8825 1.462e-5 
 13694.5684 6.840e-9 
 21034.7269 1.834e-8 
  2028.4913 1.331e-6 
  3526.0971 .0002162 
  7826.8456 1.870e-7 
 13483.5315 1.132e-6 
  2063.6682 .0002547 
  5749.5326 4.620e-7 
 11456.7019 3.084e-6 
   566.0624 1.053e-6 
  4251.9268 .0002957 
  9959.0960 1.623e-7 
 17297.5629 4.922e-7 
  3734.6860 .0002837 
  9391.3720 1.703e-7 
 16731.5305 5.290e-7 
    48.8217 1.852e-7 
  5705.5076 .0003058 
 13045.6662 9.040e-8 
 22027.4782 1.559e-7 
  5658.3476 .0003039 
 12996.8144 9.027e-8 
 21978.6569 1.559e-7 
     1.6617 8.696e-9 
  7340.1285 .0002719 
 16321.9709 4.681e-8 
 26941.8761 4.970e-8 
  7338.4969 .0002719 
 16320.3089 4.680e-8 
 26940.2145 4.969e-8 
  8981.8421 .0002115 
 19601.7476 2.270e-8 
 31857.9663 1.557e-8 
  8981.8124 .0002115 
 19601.7176 2.270e-8 
 31857.9363 1.557e-8 
 10619.9055 .0001454 
 22876.1242 1.014e-8 
 36767.8081 4.611e-9 
 10619.9052 .0001454 
 22876.1239 1.014e-8 
 36767.8077 4.611e-9 
 12256.2187 8.884e-5 
 26147.9026 4.114e-9 
 12256.2187 8.884e-5 
 26147.9026 4.114e-9 
 13891.6839 4.826e-5 
 13891.6839 4.826e-5 
 15526.6754 2.322e-5 
 15526.6754 2.322e-5 
 17161.3642 9.798e-6 
 17161.3642 9.798e-6 
 18795.8339 3.548e-6 
 18795.8339 3.548e-6 
 20430.1268 1.047e-6 
 20430.1268 1.047e-6 
 22064.2642 2.128e-7 
 22064.2642 2.128e-7 
  6501.9826 .0003842 
  6676.5162 .0007997 
 11072.6794 8.916e-7 
 14656.2239 1.774e-5 
 20363.5255 7.341e-9 
 27696.2499 2.046e-8 
  6290.9457 .0007429 
  6465.4793 .0003779 
 10861.6425 .0001298 
 14445.1870 2.334e-7 
 20152.4886 1.220e-6 
  6738.5515 .0003547 
  8118.0160 .0004381 
 12489.1649 6.087e-7 
 18121.1368 3.524e-6 
  5240.9456 .0002314 
  6620.4102 .0003212 
 10991.5591 .0003542 
 16623.5310 1.968e-7 
 23959.1759 5.749e-7 
  2198.7862 1.223e-7 
  2373.3198 1.891e-5 
  6769.4830 .0003190 
 10353.0275 .0003782 
 16060.3291 2.110e-7 
 23393.0535 6.233e-7 
  3083.6186 6.329e-5 
  6667.1631 .0002577 
 12374.4647 .0004144 
 19707.1892 1.148e-7 
 28686.3857 2.011e-7 
   940.1972 2.798e-8 
  2319.6617 4.040e-5 
  6690.8106 .0002579 
 12322.7826 .0004138 
 19658.4275 1.148e-7 
 28637.5632 2.012e-7 
  1034.1247 1.399e-5 
  6666.0966 .0001896 
 14001.7415 .0003964 
 22980.8773 6.486e-8 
 33599.2135 7.277e-8 
   959.9938 1.293e-5 
  6667.2954 .0001897 
 14000.0199 .0003964 
 22979.2164 6.486e-8 
 33597.5518 7.277e-8 
  6661.5530 .0001275 
 15640.7495 .0003379 
 26259.0850 3.540e-8 
 38514.2971 2.656e-8 
  6661.5830 .0001275 
 15640.7187 .0003379 
 26259.0550 3.540e-8 
 38514.2671 2.656e-8 
  6658.9067 7.828e-5 
 17277.2429 .0002603 
 29532.4550 1.829e-8 
 43423.4532 9.404e-9 
  6658.9071 7.828e-5 
 17277.2425 .0002603 
 29532.4547 1.829e-8 
 43423.4529 9.404e-9 
  6657.3374 4.378e-5 
 18912.5495 .0001824 
 32803.5477 8.809e-9 
 48329.7340 3.138e-9 
  6657.3374 4.378e-5 
 18912.5495 .0001824 
 32803.5477 8.809e-9 
 48329.7340 3.138e-9 
  6656.3308 2.224e-5 
 20547.3290 .0001166 
 36073.5153 3.912e-9 
  6656.3308 2.224e-5 
 20547.3290 .0001166 
 36073.5153 3.912e-9 
  6655.6451 1.021e-5 
 22181.8314 6.821e-5 
  6655.6451 1.021e-5 
 22181.8314 6.821e-5 
  6655.1560 4.207e-6 
 23816.1582 3.655e-5 
  6655.1560 4.207e-6 
 23816.1582 3.655e-5 
  6654.7940 1.536e-6 
 25450.3518 1.797e-5 
  6654.7940 1.536e-6 
 25450.3518 1.797e-5 
  6654.5179 4.853e-7 
 27084.4287 8.111e-6 
  6654.5179 4.853e-7 
 27084.4287 8.111e-6 
  6654.3019 1.259e-7 
 28718.3934 3.364e-6 
  6654.3019 1.259e-7 
 28718.3934 3.364e-6 
  6654.1292 2.261e-8 
 30352.2444 1.283e-6 
  6654.1292 2.261e-8 
 30352.2444 1.283e-6 
  1487.0782 1.013e-6 
 14532.7143 4.399e-9 
  1312.5446 1.092e-8 
  7019.7139 1.893e-7 
  4716.4888 4.768e-7 
  3337.0242 1.683e-8 
 10677.1828 9.262e-8 
  2623.5507 1.526e-8 
  9962.0175 9.967e-8 
  6378.4730 1.200e-8 
 15360.3154 2.915e-8 
  6306.0338 1.190e-8 
 15287.8459 2.912e-8 
   674.0619 5.659e-6 
  9655.8740 6.496e-9 
 20275.7795 8.659e-9 
   671.1714 5.635e-6 
  9653.0138 6.495e-9 
 20272.9190 8.658e-9 
  2320.2894 1.087e-5 
 12940.1946 3.022e-9 
 25196.4133 2.447e-9 
  2320.2291 1.087e-5 
 12940.1346 3.022e-9 
 25196.3532 2.447e-9 
  3960.9988 9.318e-6 
  3960.9981 9.318e-6 
  5598.8813 5.938e-6 
  5598.8813 5.938e-6 
  7235.3531 3.083e-6 
  7235.3531 3.083e-6 
  8871.0303 1.337e-6 
  8871.0303 1.337e-6 
 10506.2083 4.836e-7 
 10506.2083 4.836e-7 
 12141.0399 1.420e-7 
 12141.0399 1.420e-7 
 13775.6089 3.157e-8 
 13775.6089 3.157e-8 
 15409.9623 4.266e-9 
 15409.9623 4.266e-9 
  2476.0970 .0001518 
  3855.5616 9.771e-7 
  8226.7105 1.284e-5 
 13858.6824 6.986e-9 
 21194.3273 2.163e-8 
  2301.5635 1.055e-6 
  3681.0280 .0001702 
  8052.1769 1.517e-7 
 13684.1488 1.066e-6 
  2094.5997 .0002014 
  5678.1443 4.267e-7 
 11385.4458 3.300e-6 
   715.1352 8.825e-7 
  4298.6797 .0002326 
 10005.9813 1.436e-7 
 17338.7058 5.049e-7 
  3656.0137 .0002220 
  9287.9856 1.540e-7 
 16623.6305 5.577e-7 
    72.4692 1.850e-7 
  5704.4411 .0002405 
 13040.0860 8.177e-8 
 22019.2218 1.647e-7 
  5634.8324 .0002383 
 12967.5568 8.161e-8 
 21946.7533 1.647e-7 
     2.8605 1.014e-8 
  7335.5849 .0002147 
 16314.7814 4.295e-8 
 26933.1169 5.377e-8 
  7332.7845 .0002146 
 16311.9202 4.294e-8 
 26930.2564 5.376e-8 
  8979.1957 .0001681 
 19597.5320 2.120e-8 
 31852.7441 1.738e-8 
  8979.1365 .0001681 
 19597.4719 2.120e-8 
 31852.6841 1.738e-8 
 10618.3362 .0001167 
 22873.5483 9.704e-9 
 36764.5465 5.371e-9 
 10618.3355 .0001167 
 22873.5476 9.704e-9 
 36764.5458 5.371e-9 
 12255.2121 7.224e-5 
 26146.2103 4.066e-9 
 12255.2121 7.224e-5 
 26146.2103 4.066e-9 
 13890.9982 3.997e-5 
 13890.9982 3.997e-5 
 15526.1863 1.974e-5 
 15526.1863 1.974e-5 
 17161.0022 8.664e-6 
 17161.0022 8.664e-6 
 18795.5578 3.341e-6 
 18795.5578 3.341e-6 
 20429.9108 1.108e-6 
 20429.9108 1.108e-6 
 22064.0915 2.998e-7 
 22064.0915 2.998e-7 
 23698.1152 5.590e-8 
 23698.1152 5.590e-8 
  6923.7841 .0003163 
  7066.8524 .0006692 
 11797.7861 6.563e-7 
 15266.3135 1.578e-5 
 20975.6317 7.300e-9 
 28301.1332 2.322e-8 
  6749.2505 .0006327 
  6892.3188 .0003122 
 11623.2525 8.903e-5 
 15091.7799 1.917e-7 
 20801.0981 1.118e-6 
  7176.7063 .0002887 
  8436.5121 .0003598 
 12894.7730 5.583e-7 
 18494.7868 3.712e-6 
 34801.0242 1.805e-9 
  5797.2418 .0002094 
  7057.0475 .0002637 
 11515.3085 .0002659 
 17115.3223 1.714e-7 
 24445.6859 5.690e-7 
  2353.0873 9.037e-8 
  2496.1556 1.289e-5 
  7227.0893 .0002604 
 10695.6167 .0002930 
 16404.9349 1.889e-7 
 23730.4364 6.360e-7 
  3643.5448 5.927e-5 
  7112.0722 .0002119 
 12821.3904 .0003175 
 20146.8919 1.007e-7 
 29122.8817 2.021e-7 
  1426.0929 3.896e-8 
  2685.8986 3.509e-5 
  7144.1596 .0002119 
 12744.1733 .0003170 
 20074.5370 1.007e-7 
 29050.4108 2.023e-7 
  1512.1876 1.618e-5 
  7112.2014 .0001566 
 14442.5651 .0003028 
 23418.4389 5.684e-8 
 34034.8699 7.371e-8 
  1404.7706 1.493e-5 
  7114.0888 .0001566 
 14439.5903 .0003028 
 23415.5801 5.683e-8 
 34032.0094 7.371e-8 
  7106.8658 .0001059 
 16082.8556 .0002567 
 26699.2850 3.106e-8 
 38953.2756 2.724e-8 
  7106.9202 .0001059 
 16082.7939 .0002567 
 26699.2250 3.106e-8 
 38953.2156 2.724e-8 
  7103.6582 6.554e-5 
 17720.0892 .0001967 
 29974.0799 1.612e-8 
 43864.2464 9.834e-9 
  7103.6591 6.554e-5 
 17720.0885 .0001967 
 29974.0791 1.612e-8 
 43864.2456 9.834e-9 
  7101.7530 3.704e-5 
 19355.7437 .0001371 
 33245.9101 7.835e-9 
 48771.5034 3.376e-9 
  7101.7530 3.704e-5 
 19355.7437 .0001371 
 33245.9101 7.835e-9 
 48771.5033 3.376e-9 
  7100.5316 1.908e-5 
 20990.6980 8.725e-5 
 36516.2912 3.530e-9 
  7100.5316 1.908e-5 
 20990.6980 8.725e-5 
 36516.2912 3.530e-9 
  7099.6998 8.926e-6 
 22625.2930 5.081e-5 
  7099.6998 8.926e-6 
 22625.2930 5.081e-5 
  7099.1067 3.776e-6 
 24259.6703 2.712e-5 
  7099.1067 3.776e-6 
 24259.6703 2.712e-5 
  7098.6681 1.434e-6 
 25893.8916 1.328e-5 
  7098.6681 1.434e-6 
 25893.8916 1.328e-5 
  7098.3338 4.827e-7 
 27527.9834 5.975e-6 
  7098.3338 4.827e-7 
 27527.9834 5.975e-6 
  7098.0725 1.407e-7 
 29161.9553 2.470e-6 
  7098.0725 1.407e-7 
 29161.9553 2.470e-6 
  7097.8638 3.364e-8 
 30795.8091 9.396e-7 
  7097.8638 3.364e-8 
 30795.8091 9.396e-7 
  7097.6940 5.574e-9 
 32429.5418 3.288e-7 
  7097.6940 5.574e-9 
 32429.5418 3.288e-7 
  1230.4572 7.214e-7 
 14270.4832 4.934e-9 
  1087.3889 7.283e-9 
  6794.6905 1.685e-7 
  4205.8791 4.562e-7 
  2946.0733 1.319e-8 
 10281.7182 9.169e-8 
  2063.7568 1.114e-8 
  9396.4812 1.011e-7 
  5927.9538 1.027e-8 
 14907.1503 3.039e-8 
  5823.4573 1.014e-8 
 14802.5930 3.034e-8 
   223.4435 1.511e-6 
  9202.5792 5.838e-9 
 19820.9155 9.401e-9 
   218.6356 1.479e-6 
  9197.8322 5.835e-9 
 19816.1676 9.399e-9 
  1872.3307 7.205e-6 
 12490.6661 2.829e-9 
 24745.8782 2.783e-9 
  1872.2155 7.204e-6 
 12490.5518 2.829e-9 
 24745.7639 2.783e-9 
  3514.6780 6.953e-6 
  3514.6763 6.953e-6 
  5153.4591 4.730e-6 
  5153.4591 4.730e-6 
  6790.4666 2.597e-6 
  6790.4666 2.597e-6 
  8426.4865 1.197e-6 
  8426.4865 1.197e-6 
 10061.8955 4.677e-7 
 10061.8955 4.677e-7 
 11696.8897 1.535e-7 
 11696.8897 1.535e-7 
 13331.5770 4.113e-8 
 13331.5770 4.113e-8 
 14966.0190 8.366e-9 
 14966.0190 8.366e-9 
  2729.0192 .0001171 
  3988.8250 7.923e-7 
  8447.0859 1.062e-5 
 14047.0997 6.677e-9 
 21377.4634 2.361e-8 
  2585.9510 8.184e-7 
  3845.7567 .0001307 
  8304.0177 1.176e-7 
 13904.0315 9.542e-7 
  2144.9827 .0001552 
  5613.5102 3.798e-7 
 11322.8283 3.364e-6 
 27624.3196 2.082e-9 
   885.1770 7.127e-7 
  4353.7044 .0001783 
 10063.0226 1.223e-7 
 17388.5241 4.928e-7 
  3573.0839 .0001694 
  9173.0977 1.347e-7 
 16503.4614 5.636e-7 
   104.5565 1.762e-7 
  5704.5703 .0001842 
 13034.9340 7.120e-8 
 22010.8078 1.655e-7 
  5604.7616 .0001818 
 12930.2631 7.101e-8 
 21906.2529 1.656e-7 
     4.7478 1.121e-8 
  7330.2493 .0001648 
 16306.2391 3.784e-8 
 26922.6685 5.507e-8 
  7325.6158 .0001647 
 16301.4896 3.783e-8 
 26917.9206 5.506e-8 
  8975.9881 .0001297 
 19592.4191 1.895e-8 
 31846.4098 1.825e-8 
  8975.8754 .0001297 
 19592.3048 1.895e-8 
 31846.2954 1.825e-8 
 10616.4310 9.072e-5 
 22870.4217 8.838e-9 
 36760.5881 5.825e-9 
 10616.4294 9.072e-5 
 22870.4200 8.838e-9 
 36760.5865 5.825e-9 
 12253.9907 5.674e-5 
 26144.1571 3.796e-9 
 41669.7503 1.745e-9 
 12253.9906 5.674e-5 
 26144.1571 3.796e-9 
 41669.7503 1.745e-9 
 13890.1665 3.183e-5 
 13890.1665 3.183e-5 
 15525.5932 1.602e-5 
 15525.5932 1.602e-5 
 17160.5636 7.219e-6 
 17160.5636 7.219e-6 
 18795.2235 2.896e-6 
 18795.2235 2.896e-6 
 20429.6496 1.023e-6 
 20429.6496 1.023e-6 
 22063.8828 3.109e-7 
 22063.8828 3.109e-7 
 23697.9453 7.722e-8 
 23697.9453 7.722e-8 
 25331.8478 1.323e-8 
 25331.8478 1.323e-8 
  7345.4142 .0002534 
  7461.7664 .0005440 
 12557.7191 4.625e-7 
 15899.2451 1.332e-5 
 21613.2882 6.807e-9 
 28929.7592 2.450e-8 
  7202.3459 .0005214 
  7318.6982 .0002507 
 12414.6509 5.941e-5 
 15756.1769 1.517e-7 
 21470.2200 9.755e-7 
  7612.4353 .0002283 
  8752.6536 .0002887 
 13317.2585 4.909e-7 
 18876.6374 3.739e-6 
 35172.8880 2.340e-9 
  6352.6295 .0001829 
  7492.8478 .0002103 
 12057.4527 .0001933 
 17616.8317 1.441e-7 
 24941.1434 5.389e-7 
  2471.4122 6.263e-8 
  2587.7644 8.396e-6 
  7683.7171 .0002062 
 11025.2431 .0002220 
 16739.2863 1.644e-7 
 24055.7572 6.256e-7 
  4215.1897 5.303e-5 
  7556.7157 .0001690 
 13270.7588 .0002373 
 20587.2298 8.554e-8 
 29559.3814 1.947e-7 
  1894.3686 4.530e-8 
  3034.5869 2.865e-5 
  7599.1918 .0001690 
 13158.5707 .0002368 
 20482.8824 8.555e-8 
 29454.8213 1.950e-7 
  1999.1780 1.640e-5 
  7558.5570 .0001254 
 14882.8686 .0002259 
 23854.8075 4.819e-8 
 34468.9523 7.141e-8 
  1847.3975 1.501e-5 
  7561.4407 .0001254 
 14877.9116 .0002258 
 23850.0632 4.819e-8 
 34464.2044 7.140e-8 
   235.9392 1.243e-6 
  7552.4101 8.523e-5 
 16524.5617 .0001906 
 27138.7029 2.635e-8 
 39391.2284 2.664e-8 
   228.1933 1.202e-6 
  7552.5050 8.523e-5 
 16524.4439 .0001906 
 27138.5886 2.635e-8 
 39391.1140 2.664e-8 
  7548.5701 5.307e-5 
 18162.7149 .0001453 
 30415.2403 1.371e-8 
 44304.4094 9.753e-9 
  7548.5719 5.307e-5 
 18162.7131 .0001453 
 30415.2386 1.371e-8 
 44304.4078 9.753e-9 
  7546.2838 3.024e-5 
 19798.8093 .0001008 
 33687.9784 6.705e-9 
 49212.8608 3.419e-9 
  7546.2838 3.024e-5 
 19798.8093 .0001008 
 33687.9784 6.705e-9 
 49212.8608 3.419e-9 
  7544.8186 1.574e-5 
 21433.9878 6.390e-5 
 36958.8702 3.052e-9 
  7544.8186 1.574e-5 
 21433.9878 6.390e-5 
 36958.8702 3.052e-9 
  7543.8213 7.471e-6 
 23068.7037 3.706e-5 
  7543.8213 7.471e-6 
 23068.7037 3.706e-5 
  7543.1105 3.222e-6 
 24703.1486 1.971e-5 
  7543.1105 3.222e-6 
 24703.1486 1.971e-5 
  7542.5850 1.257e-6 
 26337.4083 9.619e-6 
  7542.5850 1.257e-6 
 26337.4083 9.619e-6 
  7542.1848 4.401e-7 
 27971.5218 4.313e-6 
  7542.1848 4.401e-7 
 27971.5218 4.313e-6 
  7541.8722 1.366e-7 
 29605.5057 1.778e-6 
  7541.8722 1.366e-7 
 29605.5057 1.778e-6 
  7541.6228 3.673e-8 
 31239.3653 6.745e-7 
  7541.6228 3.673e-8 
 31239.3653 6.745e-7 
  7541.4200 8.104e-9 
 32873.1002 2.355e-7 
  7541.4200 8.104e-9 
 32873.1002 2.355e-7 
 34506.7066 7.570e-8 
 34506.7066 7.570e-8 
   997.1152 4.766e-7 
 14031.9349 5.129e-9 
   880.7630 4.556e-9 
  6590.0811 1.424e-7 
  3705.6452 4.095e-7 
  2565.4269 9.775e-9 
  9895.7906 8.608e-8 
  1494.1284 7.239e-9 
  8819.6299 9.769e-8 
  5478.1039 8.383e-9 
 14454.0937 3.000e-8 
  5331.1857 8.225e-9 
 14307.0595 2.993e-8 
  8747.6805 5.002e-9 
 19364.1115 9.612e-9 
  8740.0506 4.998e-9 
 19356.4799 9.609e-9 
  1423.5797 4.342e-6 
 12040.0090 2.515e-9 
 24293.9997 2.956e-9 
  1423.3688 4.341e-6 
 12039.7998 2.515e-9 
 24293.7905 2.956e-9 
  3067.8609 4.904e-6 
  3067.8574 4.904e-6 
  4707.7069 3.572e-6 
  4707.7068 3.572e-6 
  6345.3479 2.064e-6 
  6345.3479 2.064e-6 
  7981.7719 1.000e-6 
  7981.7719 1.000e-6 
  9617.4531 4.141e-7 
  9617.4531 4.141e-7 
 11252.6385 1.466e-7 
 11252.6385 1.466e-7 
 12887.4648 4.384e-8 
 12887.4648 4.384e-8 
 14522.0106 1.074e-8 
 14522.0106 1.074e-8 
 16156.3225 2.002e-9 
 16156.3225 2.002e-9 
  2996.0403 8.822e-5 
  4136.2586 6.205e-7 
  8700.8635 8.286e-6 
 14260.2425 6.007e-9 
 21584.5542 2.401e-8 
  2879.6881 6.208e-7 
  4019.9064 9.785e-5 
  8584.5113 8.716e-8 
 14143.8902 8.145e-7 
  2216.2646 .0001165 
  5557.7906 3.262e-7 
 11271.8337 3.269e-6 
 27560.4563 2.638e-9 
  1076.0463 5.561e-7 
  4417.5723 .0001332 
 10131.6154 1.002e-7 
 17448.0864 4.594e-7 
  3488.5586 .0001261 
  9047.9376 1.144e-7 
 16372.2492 5.480e-7 
   147.0326 1.603e-7 
  5706.4116 .0001374 
 13030.7233 5.982e-8 
 22002.6622 1.588e-7 
  5567.0106 .0001350 
 12883.4815 5.962e-8 
 21855.6331 1.590e-7 
     7.6316 1.178e-8 
  7324.1025 .0001232 
 16296.2541 3.212e-8 
 26910.3953 5.370e-8 
  7316.6801 .0001231 
 16288.6190 3.211e-8 
 26902.7638 5.369e-8 
  8972.1481 9.735e-5 
 19586.2928 1.628e-8 
 31838.8183 1.815e-8 
  8971.9424 9.735e-5 
 19586.0836 1.628e-8 
 31838.6091 1.815e-8 
 10614.1447 6.849e-5 
 22866.6702 7.705e-9 
 36755.8394 5.943e-9 
 10614.1412 6.849e-5 
 22866.6667 7.705e-9 
 36755.8358 5.943e-9 
 12252.5255 4.318e-5 
 26141.6946 3.374e-9 
 41666.5770 1.841e-9 
 12252.5254 4.318e-5 
 26141.6946 3.374e-9 
 41666.5770 1.841e-9 
 13889.1692 2.448e-5 
 13889.1692 2.448e-5 
 15524.8824 1.249e-5 
 15524.8824 1.249e-5 
 17160.0381 5.738e-6 
 17160.0381 5.738e-6 
 18794.8233 2.364e-6 
 18794.8233 2.364e-6 
 20429.3370 8.687e-7 
 20429.3370 8.687e-7 
 22063.6334 2.814e-7 
 22063.6334 2.814e-7 
 23697.7425 7.853e-8 
 23697.7425 7.853e-8 
 25331.6802 1.792e-8 
 25331.6802 1.792e-8 
 26965.4542 2.823e-9 
 26965.4542 2.823e-9 
  7767.0490 .0001975 
  7861.0134 .0004300 
 13351.3731 3.137e-7 
 16554.8373 1.071e-5 
 22277.3095 5.980e-9 
 29582.5433 2.420e-8 
  7650.6968 .0004164 
  7744.6612 .0001959 
 13235.0209 3.867e-5 
 16438.4851 1.158e-7 
 22160.9573 8.126e-7 
  8045.6412 .0001756 
  9068.0098 .0002265 
 13760.7757 4.133e-7 
 19269.3478 3.603e-6 
 35554.1054 2.855e-9 
  6905.4229 .0001544 
  7927.7916 .0001631 
 12620.5574 .0001360 
 18129.1295 1.171e-7 
 25446.6538 4.893e-7 
  2554.7441 4.107e-8 
  2648.7085 5.251e-6 
  8139.0682 .0001585 
 11342.5324 .0001647 
 17065.0046 1.393e-7 
 24370.2383 5.949e-7 
  4797.5422 4.561e-5 
  8001.0064 .0001310 
 13723.4786 .0001728 
 21028.7124 7.040e-8 
 29996.3218 1.802e-7 
  2340.8180 4.667e-8 
  3363.1867 2.212e-5 
  8055.9525 .0001308 
 13564.5246 .0001725 
 20882.0489 7.045e-8 
 29849.2822 1.807e-7 
  2496.5735 1.525e-5 
  8005.1457 9.745e-5 
 15322.6699 .0001645 
 24289.9032 3.960e-8 
 34901.3324 6.638e-8 
  2286.9633 1.377e-5 
  8009.4354 9.746e-5 
 15314.6692 .0001645 
 24282.2787 3.959e-8 
 34893.7008 6.637e-8 
   692.9645 2.758e-6 
  7998.1983 6.652e-5 
 16965.8077 .0001384 
 27577.2298 2.164e-8 
 39828.0157 2.493e-8 
   680.8340 2.709e-6 
  7998.3582 6.652e-5 
 16965.5915 .0001384 
 27577.0208 2.164e-8 
 39827.8065 2.493e-8 
  7993.6526 4.164e-5 
 18605.0818 .0001050 
 30855.8676 1.128e-8 
 44743.8532 9.227e-9 
  7993.6561 4.164e-5 
 18605.0782 .0001050 
 30855.8641 1.128e-8 
 44743.8497 9.227e-9 
  7990.9370 2.388e-5 
 20241.7229 7.258e-5 
 34129.7085 5.540e-9 
 49653.7476 3.285e-9 
  7990.9371 2.388e-5 
 20241.7229 7.258e-5 
 34129.7084 5.540e-9 
 49653.7476 3.285e-9 
  7989.1974 1.254e-5 
 21877.1830 4.580e-5 
 37401.2221 2.539e-9 
  7989.1974 1.254e-5 
 21877.1830 4.580e-5 
 37401.2221 2.539e-9 
  7988.0138 6.016e-6 
 23512.0530 2.647e-5 
  7988.0138 6.016e-6 
 23512.0530 2.647e-5 
  7987.1706 2.632e-6 
 25146.5856 1.403e-5 
  7987.1706 2.632e-6 
 25146.5856 1.403e-5 
  7986.5475 1.047e-6 
 26780.8964 6.824e-6 
  7986.5475 1.047e-6 
 26780.8964 6.824e-6 
  7986.0731 3.766e-7 
 28415.0399 3.051e-6 
  7986.0731 3.766e-7 
 28415.0399 3.051e-6 
  7985.7029 1.217e-7 
 30049.0412 1.255e-6 
  7985.7029 1.217e-7 
 30049.0412 1.255e-6 
  7985.4077 3.485e-8 
 31682.9105 4.746e-7 
  7985.4077 3.485e-8 
 31682.9105 4.746e-7 
  7985.1680 8.643e-9 
 33316.6502 1.653e-7 
  7985.1680 8.643e-9 
 33316.6502 1.653e-7 
  7984.9700 1.760e-9 
 34950.2583 5.302e-8 
  7984.9700 1.760e-9 
 34950.2583 5.302e-8 
 36583.7302 1.567e-8 
 36583.7302 1.567e-8 
   786.7819 2.916e-7 
 13817.2960 4.979e-9 
   692.8175 2.663e-9 
  6406.8606 1.147e-7 
  3218.5609 3.444e-7 
  2196.1923 6.846e-9 
  9520.5040 7.692e-8 
   916.5009 3.865e-9 
  8232.9719 9.023e-8 
  5029.5077 6.542e-9 
 14001.6593 2.817e-8 
  4827.7381 6.355e-9 
 13799.6770 2.810e-8 
  8291.1049 4.102e-9 
 18905.2497 9.315e-9 
  8279.1871 4.097e-9 
 18893.3283 9.310e-9 
   973.9533 2.277e-6 
 11588.0945 2.134e-9 
 23840.6200 2.958e-9 
   973.5807 2.276e-6 
 11587.7255 2.134e-9 
 23840.2509 2.958e-9 
  2620.4921 3.263e-6 
  2620.4851 3.263e-6 
  4261.5884 2.567e-6 
  4261.5883 2.567e-6 
  5899.9717 1.559e-6 
  5899.9717 1.559e-6 
  7536.8686 7.892e-7 
  7536.8686 7.892e-7 
  9172.8676 3.422e-7 
  9172.8676 3.422e-7 
 10808.2759 1.281e-7 
 10808.2759 1.281e-7 
 12443.2639 4.126e-8 
 12443.2639 4.126e-8 
 14077.9305 1.128e-8 
 14077.9305 1.128e-8 
 15712.3348 2.530e-9 
 15712.3348 2.530e-9 
  3274.6325 6.489e-5 
  4297.0011 4.706e-7 
  8989.7670 6.125e-6 
 14498.3391 5.110e-9 
 21815.8633 2.290e-8 
  3180.6681 4.606e-7 
  4203.0367 7.152e-5 
  8895.8026 6.187e-8 
 14404.3747 6.646e-7 
  2309.6916 8.526e-5 
  5513.1558 2.704e-7 
 11235.6280 3.031e-6 
 27508.4712 3.136e-9 
  1287.3230 4.202e-7 
  4490.7872 9.714e-5 
 10213.2593 7.924e-8 
 17518.4931 4.099e-7 
  3405.4429 9.162e-5 
  8914.0150 9.433e-8 
 16231.5392 5.140e-7 
   201.9787 1.395e-7 
  5710.5508 9.997e-5 
 13028.0750 4.857e-8 
 21995.3084 1.460e-7 
  5520.4935 9.758e-5 
 12825.7273 4.839e-8 
 21793.3367 1.463e-7 
    11.9214 1.180e-8 
  7317.1551 8.969e-5 
 16284.7646 2.633e-8 
 26896.1867 5.006e-8 
  7305.6029 8.956e-5 
 16272.8362 2.631e-8 
 26884.2654 5.005e-8 
  8967.6024 7.113e-5 
 19579.0316 1.347e-8 
 31829.8174 1.719e-8 
  8967.2404 7.112e-5 
 19578.6625 1.347e-8 
 31829.4483 1.719e-8 
 10611.4291 5.027e-5 
 22862.2150 6.456e-9 
 36750.2006 5.747e-9 
 10611.4222 5.027e-5 
 22862.2080 6.456e-9 
 36750.1935 5.747e-9 
 12250.7859 3.189e-5 
 26138.7714 2.871e-9 
 41662.8106 1.828e-9 
 12250.7858 3.189e-5 
 26138.7713 2.871e-9 
 41662.8105 1.828e-9 
 13887.9856 1.823e-5 
 13887.9856 1.823e-5 
 15524.0391 9.408e-6 
 15524.0391 9.408e-6 
 17159.4150 4.383e-6 
 17159.4150 4.383e-6 
 18794.3490 1.841e-6 
 18794.3490 1.841e-6 
 20428.9668 6.950e-7 
 20428.9668 6.950e-7 
 22063.3383 2.342e-7 
 22063.3383 2.342e-7 
 23697.5028 6.965e-8 
 23697.5028 6.965e-8 
 25331.4822 1.786e-8 
 25331.4822 1.786e-8 
 26965.2883 3.749e-9 
 26965.2883 3.749e-9 
  8188.8019 .0001500 
  8264.2170 .0003307 
 14177.2178 2.058e-7 
 17232.6457 8.234e-6 
 22968.4313 4.969e-9 
 30259.7357 2.248e-8 
  8094.8375 .0003227 
  8170.2526 .0001490 
 14083.2534 2.461e-5 
 17138.6813 8.546e-8 
 22874.4669 6.472e-7 
  8476.3078 .0001314 
  9384.2365 .0001736 
 14229.5382 3.327e-7 
 19675.6480 3.322e-6 
 35947.3804 3.285e-9 
  7453.9391 .0001262 
  8361.8678 .0001231 
 13207.1696 9.261e-5 
 18653.2793 9.206e-8 
 25963.3653 4.267e-7 
  2604.4778 2.567e-8 
  2679.8929 3.168e-6 
  8592.8937 .0001185 
 11648.3216 .0001197 
 17384.1072 1.151e-7 
 24675.4116 5.480e-7 
  5389.4295 3.787e-5 
  8444.8574 9.869e-5 
 14180.6430 .0001227 
 21471.9474 5.620e-8 
 30434.2381 1.606e-7 
  2761.1733 4.366e-8 
  3669.1020 1.620e-5 
  8514.4037 9.842e-5 
 13960.5135 .0001225 
 21270.5995 5.630e-8 
 30232.2459 1.613e-7 
  3005.8316 1.329e-5 
  8451.9414 7.361e-5 
 15762.0274 .0001171 
 24723.6738 3.157e-8 
 35331.9071 5.938e-8 
  2722.3852 1.179e-5 
  8458.1708 7.361e-5 
 15749.4752 .0001170 
 24711.7659 3.156e-8 
 35319.9855 5.936e-8 
  1152.9370 3.365e-6 
  8444.2415 5.043e-5 
 17406.5321 9.815e-5 
 28014.7517 1.724e-8 
 40263.4909 2.241e-8 
  1134.4171 3.310e-6 
  8444.5031 5.043e-5 
 17406.1496 9.815e-5 
 28014.3828 1.724e-8 
 40263.1218 2.241e-8 
  8438.9162 3.170e-5 
 19047.1495 7.425e-5 
 31295.8885 8.993e-9 
 45182.4822 8.364e-9 
  8438.9227 3.170e-5 
 19047.1423 7.425e-5 
 31295.8815 8.993e-9 
 45182.4751 8.364e-9 
  8435.7202 1.828e-5 
 20684.4594 5.110e-5 
 34571.0530 4.429e-9 
 50094.1008 3.014e-9 
  8435.7203 1.828e-5 
 20684.4593 5.110e-5 
 34571.0530 4.429e-9 
 50094.1008 3.014e-9 
  8433.6735 9.665e-6 
 22320.2672 3.213e-5 
 37843.3150 2.040e-9 
  8433.6735 9.665e-6 
 22320.2672 3.213e-5 
 37843.3150 2.040e-9 
  8432.2816 4.678e-6 
 23955.3294 1.850e-5 
  8432.2816 4.678e-6 
 23955.3294 1.850e-5 
  8431.2903 2.070e-6 
 25589.9731 9.775e-6 
  8431.2903 2.070e-6 
 25589.9731 9.775e-6 
  8430.5581 8.353e-7 
 27224.3499 4.742e-6 
  8430.5581 8.353e-7 
 27224.3499 4.742e-6 
  8430.0009 3.065e-7 
 28858.5331 2.114e-6 
  8430.0009 3.065e-7 
 28858.5331 2.114e-6 
  8429.5663 1.017e-7 
 30492.5583 8.671e-7 
  8429.5663 1.017e-7 
 30492.5583 8.671e-7 
  8429.2201 3.032e-8 
 32126.4418 3.273e-7 
  8429.2201 3.032e-8 
 32126.4418 3.273e-7 
  8428.9390 8.013e-9 
 33760.1894 1.137e-7 
  8428.9390 8.013e-9 
 33760.1894 1.137e-7 
  8428.7072 1.834e-9 
 35393.8015 3.640e-8 
  8428.7072 1.834e-9 
 35393.8015 3.640e-8 
 37027.2747 1.074e-8 
 37027.2747 1.074e-8 
 38660.6040 2.919e-9 
 38660.6040 2.919e-9 
   598.9864 1.645e-7 
 13626.6923 4.540e-9 
  6246.0435 8.826e-8 
  2747.3988 2.708e-7 
  1839.4701 4.515e-9 
  9156.9944 6.561e-8 
  7638.2765 7.984e-8 
  4582.8486 4.886e-9 
 13550.4580 2.527e-8 
  4311.6926 4.677e-9 
 13278.9260 2.519e-8 
  7832.8162 3.227e-9 
 18444.2454 8.597e-9 
  7814.6724 3.221e-9 
 18426.0945 8.591e-9 
   523.3680 9.091e-7 
 11134.7901 1.735e-9 
 23385.5759 2.807e-9 
   522.7302 9.080e-7 
 11134.1594 1.735e-9 
 23384.9452 2.807e-9 
  2172.5130 2.038e-6 
  2172.4994 2.038e-6 
  3815.0657 1.759e-6 
  3815.0655 1.759e-6 
  5454.3121 1.124e-6 
  5454.3121 1.124e-6 
  7091.7575 5.923e-7 
  7091.7575 5.923e-7 
  8728.1247 2.671e-7 
  8728.1247 2.671e-7 
 10363.7909 1.045e-7 
 10363.7909 1.045e-7 
 11998.9659 3.554e-8 
 11998.9659 3.554e-8 
 13633.7719 1.045e-8 
 13633.7719 1.045e-8 
 15268.2827 2.615e-9 
 15268.2827 2.615e-9 
  3562.1383 4.666e-5 
  4470.0670 3.462e-7 
  9315.3688 4.301e-6 
 14761.4785 4.128e-9 
 22071.5645 2.058e-8 
  3486.7233 3.343e-7 
  4394.6520 5.104e-5 
  9239.9538 4.208e-8 
 14686.0635 5.196e-7 
  2426.2775 6.089e-5 
  5481.7054 2.164e-7 
 11217.4910 2.682e-6 
 27471.0861 3.508e-9 
  1518.3488 3.083e-7 
  4573.7767 6.911e-5 
 10309.5623 6.045e-8 
 17600.8667 3.508e-7 
  3326.9529 6.500e-5 
  8773.0627 7.569e-8 
 16083.1487 4.663e-7 
   271.5250 1.164e-7 
  5717.6348 7.095e-5 
 13027.7208 3.817e-8 
 21989.3672 1.290e-7 
  5464.2606 6.874e-5 
 12755.5650 3.802e-8 
 21717.8557 1.295e-7 
    18.1508 1.131e-8 
  7309.4552 6.367e-5 
 16271.7459 2.087e-8 
 26879.9655 4.476e-8 
  7291.9352 6.354e-5 
 16253.5816 2.085e-8 
 26861.8149 4.474e-8 
  8962.2772 5.063e-5 
 19570.5105 1.077e-8 
 31819.2495 1.558e-8 
  8961.6599 5.063e-5 
 19569.8795 1.077e-8 
 31818.6187 1.558e-8 
 10608.2331 3.592e-5 
 22856.9723 5.214e-9 
 36743.5659 5.296e-9 
 10608.2198 3.592e-5 
 22856.9588 5.214e-9 
 36743.5525 5.296e-9 
 12248.7392 2.291e-5 
 26135.3329 2.348e-9 
 41658.3807 1.721e-9 
 12248.7390 2.291e-5 
 26135.3327 2.348e-9 
 41658.3805 1.721e-9 
 13886.5937 1.318e-5 
 13886.5937 1.318e-5 
 15523.0478 6.860e-6 
 15523.0478 6.860e-6 
 17158.6828 3.232e-6 
 17158.6828 3.232e-6 
 18793.7918 1.377e-6 
 18793.7918 1.377e-6 
 20428.5322 5.302e-7 
 20428.5322 5.302e-7 
 22062.9920 1.836e-7 
 22062.9920 1.836e-7 
 23697.2217 5.682e-8 
 23697.2217 5.682e-8 
 25331.2504 1.553e-8 
 25331.2504 1.553e-8 
 26965.0942 3.663e-9 
 26965.0942 3.663e-9 
  8610.7358 .0001110 
  8670.9314 .0002476 
 15033.3964 1.312e-7 
 17932.0274 6.075e-6 
 23687.3878 3.918e-9 
 30961.4830 1.973e-8 
  8535.3208 .0002431 
  8595.5164 .0001105 
 14957.9814 1.534e-5 
 17856.6124 6.104e-8 
 23611.9727 4.936e-7 
  8904.5162 9.584e-5 
  9703.0033 .0001300 
 14727.6371 2.556e-7 
 20098.2491 2.932e-6 
 36355.4439 3.570e-9 
  7996.5875 9.991e-5 
  8795.0746 9.041e-5 
 13819.7084 6.104e-5 
 19190.3204 7.002e-8 
 26492.4634 3.577e-7 
  2622.3200 1.538e-8 
  2682.5156 1.849e-6 
  9044.9805 8.612e-5 
 11943.6115 8.520e-5 
 17698.9719 9.266e-8 
 24973.0672 4.897e-7 
  5989.5526 3.044e-5 
  8888.1836 7.236e-5 
 14643.5440 8.494e-5 
 21917.6393 4.354e-8 
 30873.7635 1.380e-7 
  3151.2858 3.755e-8 
  3949.7729 1.129e-5 
  8974.4066 7.201e-5 
 14345.0187 8.495e-5 
 21647.1617 4.371e-8 
 30602.2135 1.391e-7 
  3528.2969 1.100e-5 
  8898.9089 5.408e-5 
 16201.0519 8.135e-5 
 25156.1037 2.444e-8 
 35760.6066 5.121e-8 
  3152.3981 9.539e-6 
  8907.7584 5.408e-5 
 16181.8537 8.128e-5 
 25137.9779 2.443e-8 
 35742.4554 5.119e-8 
  1616.4540 3.361e-6 
  8890.5492 3.716e-5 
 17846.6735 6.805e-5 
 28451.1509 1.333e-8 
 40697.5018 1.940e-8 
  1588.8229 3.302e-6 
  8890.9659 3.716e-5 
 17846.0177 6.805e-5 
 28450.5206 1.333e-8 
 40696.8711 1.940e-8 
  8884.3713 2.345e-5 
 19488.8741 5.132e-5 
 31735.2246 6.956e-9 
 45620.1948 7.287e-9 
  8884.3828 2.345e-5 
 19488.8602 5.132e-5 
 31735.2112 6.956e-9 
 45620.1813 7.287e-9 
  8880.6407 1.359e-5 
 21126.9916 3.520e-5 
 35011.9617 3.432e-9 
 50533.8537 2.651e-9 
  8880.6409 1.359e-5 
 21126.9914 3.520e-5 
 35011.9615 3.432e-9 
 50533.8535 2.651e-9 
  8878.2524 7.223e-6 
 22763.2225 2.206e-5 
  8878.2524 7.223e-6 
 22763.2225 2.206e-5 
  8876.6289 3.521e-6 
 24398.5208 1.266e-5 
  8876.6289 3.521e-6 
 24398.5208 1.266e-5 
  8875.4730 1.572e-6 
 26033.3023 6.670e-6 
  8875.4730 1.572e-6 
 26033.3023 6.670e-6 
  8874.6195 6.416e-7 
 27667.7622 3.226e-6 
  8874.6195 6.416e-7 
 27667.7622 3.226e-6 
  8873.9704 2.389e-7 
 29301.9965 1.435e-6 
  8873.9704 2.389e-7 
 29301.9965 1.435e-6 
  8873.4643 8.086e-8 
 30936.0533 5.870e-7 
  8873.4643 8.086e-8 
 30936.0533 5.870e-7 
  8873.0614 2.477e-8 
 32569.9563 2.211e-7 
  8873.0614 2.477e-8 
 32569.9563 2.211e-7 
  8872.7345 6.813e-9 
 34203.7156 7.666e-8 
  8872.7345 6.813e-9 
 34203.7156 7.666e-8 
 35837.3342 2.449e-8 
 35837.3342 2.449e-8 
 37470.8106 7.210e-9 
 37470.8106 7.210e-9 
 39104.1409 1.957e-9 
 39104.1409 1.957e-9 
   433.1079 8.451e-8 
 13460.1980 3.909e-9 
  6108.6979 6.507e-8 
  2294.8240 1.983e-7 
  1496.3369 2.788e-9 
  8806.4229 5.354e-8 
  7037.5374 6.777e-8 
  4138.9064 3.493e-9 
 13101.1971 2.170e-8 
  3781.7891 3.271e-9 
 12743.4356 2.163e-8 
  7372.8235 2.441e-9 
 17981.0568 7.585e-9 
  7345.8367 2.433e-9 
 17954.0563 7.577e-9 
    71.7414 8.986e-8 
 22928.7002 2.538e-9 
    70.6805 8.853e-8 
 22927.6528 2.538e-9 
  1723.8620 1.181e-6 
  1723.8368 1.181e-6 
  3368.0986 1.149e-6 
  3368.0982 1.149e-6 
  5008.3413 7.754e-7 
  5008.3413 7.754e-7 
  6646.4189 4.250e-7 
  6646.4189 4.250e-7 
  8283.2098 1.985e-7 
  8283.2098 1.985e-7 
  9919.1723 8.055e-8 
  9919.1723 8.055e-8 
 11554.5618 2.859e-8 
 11554.5618 2.859e-8 
 13189.5277 8.866e-9 
 13189.5277 8.866e-9 
 14824.1604 2.385e-9 
 14824.1604 2.385e-9 
  3855.9188 3.279e-5 
  4654.4058 2.475e-7 
  9679.0396 2.877e-6 
 15049.6517 3.179e-9 
 22351.7946 1.751e-8 
  3795.7232 2.373e-7 
  4594.2102 3.558e-5 
  9618.8440 2.746e-8 
 14989.4560 3.901e-7 
  2566.7418 4.243e-5 
  5465.3728 1.673e-7 
 11220.7332 2.263e-6 
 27450.9526 3.699e-9 
  1768.2547 2.199e-7 
  4666.8857 4.800e-5 
 10422.2461 4.452e-8 
 17696.3414 2.884e-7 
  3256.3790 4.502e-5 
  8626.9911 5.914e-8 
 15929.1341 4.097e-7 
   357.7480 9.306e-8 
  5728.3601 4.914e-5 
 13030.5031 2.907e-8 
 21985.5549 1.097e-7 
  5397.6124 4.720e-5 
 12671.7076 2.897e-8 
 21627.8318 1.105e-7 
    27.0003 1.038e-8 
  7301.0956 4.409e-5 
 16257.2198 1.603e-8 
 26861.6972 3.850e-8 
  7275.1427 4.395e-5 
 16230.1945 1.601e-8 
 26834.6973 3.847e-8 
  8956.0992 3.514e-5 
 19560.6021 8.333e-9 
 31806.9526 1.355e-8 
  8955.0768 3.513e-5 
 19559.5543 8.332e-9 
 31805.9052 1.355e-8 
 10604.5024 2.501e-5 
 22850.8534 4.068e-9 
 36735.8235 4.670e-9 
 10604.4779 2.501e-5 
 22850.8284 4.068e-9 
 36735.7985 4.670e-9 
 12246.3509 1.602e-5 
 26131.3211 1.851e-9 
 12246.3505 1.602e-5 
 26131.3207 1.851e-9 
 13884.9702 9.266e-6 
 13884.9701 9.266e-6 
 15521.8919 4.856e-6 
 15521.8919 4.856e-6 
 17157.8293 2.308e-6 
 17157.8293 2.308e-6 
 18793.1427 9.947e-7 
 18793.1427 9.947e-7 
 20428.0261 3.885e-7 
 20428.0261 3.885e-7 
 22062.5890 1.372e-7 
 22062.5890 1.372e-7 
 23696.8949 4.363e-8 
 23696.8949 4.363e-8 
 25330.9810 1.241e-8 
 25330.9810 1.241e-8 
 26964.8690 3.120e-9 
 26964.8690 3.120e-9 