  1281.5094 .0003400 
  1304.1387 3.620e-5 
   791.9529 3.260e-5 
   814.5822 .0003202 
  1748.4363 .0006723 
  1816.3238 7.298e-5 
   186.6812 2.492e-5 
  3400.2268 .0001267 
  3400.7048 .0011937 
   164.0520 2.106e-6 
  3377.5975 .0012020 
  3378.0756 .0001276 
   769.8021 5.113e-5 
   837.6896 .0005160 
  2443.7434 .0004722 
  2444.2215 4.736e-5 
  2375.8559 4.797e-5 
  2376.3340 .0004779 
  2204.2298 .0010741 
  2339.9979 .0001173 
  8698.8314 1.709e-7 
  8698.8377 1.739e-8 
   696.9536 .0001804 
  3912.4113 .0001529 
  3914.8002 .0013996 
   629.0661 1.478e-5 
  3844.5238 .0014331 
  3846.9127 .0001564 
  5485.2859 .0002767 
  5485.2922 .0026253 
  5484.8078 .0026252 
  5484.8141 .0002767 
  1009.3158 3.739e-6 
  1009.7938 3.647e-5 
   873.5477 3.425e-5 
   874.0257 3.509e-6 
   737.4741 6.528e-5 
   873.2422 .0006861 
  7232.0757 2.430e-8 
  7232.0821 2.388e-7 
  2477.9837 .0007733 
  2480.3725 7.587e-5 
  2342.2156 7.789e-5 
  2344.6044 .0007917 
  4016.6180 .0006624 
  4016.6243 6.693e-5 
  4014.2292 6.691e-5 
  4014.2355 .0006622 
  2649.4981 .0015092 
  2875.7433 .0001635 
  9191.2359 8.713e-7 
  9191.2801 8.866e-8 
  1215.9768 .0004494 
  4435.8321 .0001792 
  4442.9885 .0015811 
 14075.7293 4.198e-9 
 14075.7294 4.125e-8 
  1080.2087 3.373e-5 
  4300.0640 .0016661 
  4307.2204 .0001880 
 13939.9612 4.429e-8 
 13939.9613 4.507e-9 
  5975.7782 .0002937 
  5975.8223 .0027471 
  5973.3893 .0027468 
  5973.4335 .0002937 
  7581.1276 .0003919 
  7581.1277 .0037269 
  7581.1213 .0037269 
  7581.1214 .0003919 
  5278.6249 7.067e-8 
  5278.6312 7.192e-9 
   565.9597 4.258e-6 
   568.3485 4.102e-5 
   339.7145 2.816e-5 
   342.1033 2.938e-6 
  2058.7696 4.691e-6 
  2058.7759 4.599e-5 
  2051.6132 4.587e-5 
  2051.6195 4.679e-6 
   696.0472 7.413e-5 
   922.2924 .0008224 
  7237.7850 1.188e-7 
  7237.8292 1.167e-6 
  2523.8081 .0009829 
  2530.9645 9.355e-5 
 12163.7053 3.556e-8 
  2297.5629 9.785e-5 
  2304.7193 .0010209 
 11937.4601 4.064e-9 
 11937.4602 3.993e-8 
  4017.9297 .0010901 
  4017.9739 .0001091 
  4010.7733 .0001090 
  4010.8175 .0010892 
  5621.9675 .0006892 
  5621.9675 6.980e-5 
  5621.9233 6.980e-5 
  5621.9234 .0006892 
  3085.2179 .0019394 
  3424.4730 .0002055 
  9687.1356 2.628e-6 
  9687.3123 2.674e-7 
  1742.2236 .0008026 
  4970.5156 .0002013 
  4987.1681 .0016958 
 14612.5446 1.650e-8 
 14612.5452 1.621e-7 
  1515.9784 5.413e-5 
  4744.2704 .0018645 
  4760.9228 .0002184 
 14386.2994 1.826e-7 
 14386.3000 1.858e-8 
   204.6176 2.499e-5 
  6467.2803 .0003075 
  6467.4569 .0028292 
 19317.0629 2.567e-8 
   197.4613 2.538e-6 
  6460.1239 .0028287 
  6460.3006 .0003074 
 19309.9065 2.568e-8 
  8070.8067 .0003882 
  8070.8074 .0036565 
  8070.7625 .0036565 
  8070.7632 .0003882 
  9677.1657 .0004263 
  9677.1657 .0040589 
  9677.1656 .0040589 
  9677.1656 .0004263 
  4799.5143 3.196e-7 
  4799.5584 3.252e-8 
   134.6374 1.425e-6 
   141.7938 1.402e-5 
  9774.5346 7.670e-9 
  9435.2796 9.064e-9 
  1571.2223 7.739e-6 
  1571.2665 7.552e-5 
  1554.5698 7.488e-5 
  1554.6140 7.674e-6 
  3172.6169 4.131e-6 
  3172.6170 4.055e-5 
  3172.4402 4.055e-5 
  3172.4403 4.131e-6 
   646.9472 7.740e-5 
   986.2022 .0009189 
  7248.8648 3.405e-7 
  7249.0415 3.345e-6 
  2581.3448 .0011152 
  2597.9973 .0001021 
 12223.3738 1.500e-7 
 12223.3744 1.526e-8 
  2242.0898 .0001094 
  2258.7423 .0011776 
 11884.1188 1.816e-8 
 11884.1194 1.785e-7 
  4020.5728 .0013612 
  4020.7495 .0001347 
 16870.3554 1.646e-8 
  4003.9204 .0001344 
  4004.0970 .0013586 
 16853.7029 1.648e-8 
  5621.4562 .0011265 
  5621.4568 .0001134 
  5621.2795 .0001134 
  5621.2801 .0011265 
  7228.3264 .0005903 
  7228.3264 5.986e-5 
  7228.3258 5.986e-5 
  7228.3258 .0005903 
  3512.7256 .0023283 
  3987.3963 .0002379 
 10188.6391 6.002e-6 
 10189.1686 6.104e-7 
  2273.8659 .0012002 
  5516.5097 .0002164 
  5549.6593 .0017227 
 15162.3224 4.039e-8 
 15162.3255 3.969e-7 
  1934.6109 7.165e-5 
  5177.2547 .0020069 
  5210.4043 .0002448 
 14823.0674 4.749e-7 
 14823.0705 4.833e-8 
   284.4336 3.579e-6 
   759.1043 .0001162 
  6960.3471 .0003143 
  6960.8766 .0028377 
 19808.8814 9.257e-9 
 19808.8814 9.096e-8 
   267.7811 3.032e-5 
   742.4519 1.218e-5 
  6943.6946 .0028373 
  6944.2241 .0003142 
 19792.2289 9.109e-8 
 19792.2289 9.269e-9 
  8560.4047 .0003791 
  8560.4078 .0035335 
 24622.9572 1.528e-8 
  8560.2281 .0035335 
  8560.2312 .0003791 
 24622.7805 1.528e-8 
 10166.8524 .0004027 
 10166.8524 .0038065 
 10166.8517 .0038065 
 10166.8517 .0004027 
 11773.1746 .0003804 
 11773.1746 .0036239 
 11773.1746 .0036239 
 11773.1746 .0003804 
  4328.0517 8.264e-7 
  4328.2284 8.408e-8 
  9357.5960 3.310e-8 
  8882.9247 4.170e-8 
  8882.9253 4.243e-9 
  1085.4080 7.844e-6 
  1085.5846 7.600e-5 
  1052.2584 7.401e-5 
  1052.4350 7.639e-6 
  2681.6819 7.677e-6 
  2681.6825 7.518e-5 
  2681.1524 7.517e-5 
  2681.1530 7.676e-6 
  4289.3778 3.006e-6 
  4289.3778 2.952e-5 
  4289.3747 2.952e-5 
  4289.3747 3.006e-6 
   591.9125 7.548e-5 
  1066.5832 .0009721 
  7267.8260 7.352e-7 
  7268.3555 7.220e-6 
  2650.7313 .0011771 
  2683.8809 .0001026 
 12296.5440 3.786e-7 
 12296.5471 3.852e-8 
  2176.0606 .0001135 
  2209.2101 .0012655 
 11821.8732 4.914e-8 
 11821.8764 4.829e-7 
  4025.1822 .0015063 
  4025.7117 .0001469 
 16873.7165 6.629e-8 
 16873.7165 6.745e-9 
  3992.0326 .0001464 
  3992.5621 .0015006 
 16840.5669 6.762e-9 
 16840.5669 6.645e-8 
  5620.6305 .0013809 
  5620.6336 .0001381 
 21683.1829 7.663e-9 
  5620.1010 .0001381 
  5620.1041 .0013808 
 21682.6534 7.663e-9 
  7227.9038 .0009541 
  7227.9038 9.634e-5 
  7227.9007 9.634e-5 
  7227.9007 .0009541 
  8834.6487 .0004326 
  8834.6487 4.390e-5 
  8834.6487 4.390e-5 
  8834.6487 .0004326 
  3933.6842 .0026445 
  4565.9563 .0002571 
 10698.2712 1.136e-5 
 10699.5931 1.154e-6 
  2808.8461 .0015973 
  6073.8727 .0002229 
  6133.1089 .0016582 
 15725.7869 7.747e-8 
 15725.7983 7.612e-7 
  2334.1754 8.326e-5 
  5599.2020 .0020817 
  5658.4381 .0002646 
 15251.1161 9.792e-7 
 15251.1275 9.964e-8 
   691.0404 9.321e-6 
  1323.3125 .0002304 
  7455.6274 .0003124 
  7456.9493 .0027611 
 20302.2874 2.095e-8 
 20302.2874 2.059e-7 
   657.8908 7.597e-5 
  1290.1629 2.452e-5 
  7422.4778 .0027614 
  7423.7997 .0003124 
 20269.1378 2.064e-7 
 20269.1378 2.101e-8 
  9049.8734 .0003627 
  9049.8848 .0033412 
 25111.4052 5.066e-9 
 25111.4052 4.979e-8 
  9049.3439 .0033411 
  9049.3553 .0003627 
 25110.8757 4.979e-8 
 25110.8757 5.066e-9 
 10656.4747 .0003744 
 10656.4747 .0035119 
 29931.6985 8.580e-9 
 10656.4716 .0035119 
 10656.4716 .0003744 
 29931.6954 8.580e-9 
 12262.8710 .0003458 
 12262.8710 .0032763 
 12262.8710 .0032763 
 12262.8710 .0003458 
 13869.1460 .0002876 
 13869.1460 .0027415 
 13869.1460 .0027415 
 13869.1460 .0002876 
  3867.0674 1.577e-6 
  3867.5969 1.604e-7 
  8954.7722 8.449e-9 
  8954.7754 8.303e-8 
  8322.5002 1.125e-7 
  8322.5033 1.145e-8 
   602.0408 5.345e-6 
   602.5703 5.133e-5 
 13450.5750 1.233e-8 
   542.8046 4.663e-5 
   543.3341 4.863e-6 
 13391.3389 1.238e-8 
  2190.1853 9.239e-6 
  2190.1884 9.015e-5 
  2188.8634 9.011e-5 
  2188.8665 9.234e-6 
  3798.6609 5.878e-6 
  3798.6609 5.764e-5 
  3798.6495 5.764e-5 
  3798.6495 5.878e-6 
  5406.0777 1.898e-6 
  5406.0777 1.864e-5 
  5406.0777 1.864e-5 
  5406.0777 1.898e-6 
   532.9256 6.931e-5 
  1165.1977 .0009817 
  7297.5126 1.311e-6 
  7298.8345 1.286e-5 
  2732.1010 .0011769 
  2791.3372 9.670e-5 
 12384.0151 7.319e-7 
 12384.0266 7.447e-8 
  2099.8289 .0001111 
  2159.0651 .0012884 
 11751.7431 1.030e-7 
 11751.7545 1.012e-6 
  4032.4860 .0015467 
  4033.8079 .0001483 
 16879.1460 1.619e-7 
 16879.1460 1.648e-8 
  3973.2498 .0001474 
  3974.5717 .0015363 
 16819.9098 1.655e-8 
 16819.9098 1.626e-7 
  5619.4282 .0014922 
  5619.4396 .0001480 
 21680.9600 2.925e-8 
  5618.1063 .0001479 
  5618.1177 .0014919 
 21679.6381 2.925e-8 
  7227.2318 .0011487 
  7227.2318 .0001154 
  7227.2204 .0001154 
  7227.2204 .0011487 
  8834.3001 .0006892 
  8834.3001 6.971e-5 
  8834.3000 6.971e-5 
  8834.3000 .0006892 
 10440.9237 .0002765 
 10440.9237 2.807e-5 
 10440.9237 2.807e-5 
 10440.9237 .0002765 
  4350.0176 .0028640 
  5161.7267 .0002616 
 11218.8736 1.862e-5 
 11221.7759 1.888e-6 
  3344.9886 .0019487 
  6642.6597 .0002206 
  6740.3478 .0015142 
 16303.7664 1.262e-7 
 16303.8006 1.240e-6 
  2712.7165 8.762e-5 
  6010.3876 .0020854 
  6108.0758 .0002758 
 15671.4944 1.736e-6 
 15671.5285 1.767e-7 
  1084.9910 1.456e-5 
  1896.7001 .0003509 
  7953.8470 .0003016 
  7956.7493 .0026019 
 20797.8961 3.789e-8 
 20797.8963 3.723e-7 
  1025.7548 .0001105 
  1837.4639 3.768e-5 
  7894.6108 .0026045 
  7897.5131 .0003017 
 20738.6599 3.742e-7 
 20738.6601 3.808e-8 
  9539.1795 .0003389 
  9539.2136 .0030816 
 25599.1865 1.063e-8 
 25599.1865 1.045e-7 
  9537.8575 .0030814 
  9537.8917 .0003389 
 25597.8645 1.045e-7 
 25597.8645 1.063e-8 
 11145.9819 .0003412 
 11145.9821 .0031738 
 30420.3789 2.624e-8 
 11145.9705 .0031738 
 11145.9707 .0003412 
 30420.3675 2.624e-8 
 12752.5265 .0003091 
 12752.5265 .0029103 
 35240.2974 4.469e-9 
 12752.5264 .0029103 
 12752.5264 .0003091 
 35240.2974 4.469e-9 
 14358.8470 .0002530 
 14358.8470 .0023999 
 14358.8470 .0023999 
 14358.8470 .0002530 
 15965.0736 .0017906 
 15965.0736 .0001878 
 15965.0736 .0001878 
 15965.0736 .0017906 
  3419.5984 2.439e-6 
  3420.9203 2.478e-7 
  8566.9232 1.594e-8 
  8566.9346 1.566e-7 
  7755.2141 2.299e-7 
  7755.2255 2.339e-8 
   121.9273 1.193e-6 
   123.2492 1.143e-5 
 12968.5873 3.126e-8 
    24.2391 2.282e-6 
    25.5610 2.536e-7 
 12870.8991 3.146e-8 
  1698.0671 8.775e-6 
  1698.0786 8.522e-5 
 17759.5990 4.560e-9 
  1695.1649 8.509e-5 
  1695.1763 8.762e-6 
 17756.6967 4.560e-9 
  3307.4805 7.514e-6 
  3307.4806 7.353e-5 
  3307.4464 7.353e-5 
  3307.4464 7.514e-6 
  4915.5500 3.797e-6 
  4915.5500 3.726e-5 
  4915.5498 3.726e-5 
  4915.5498 3.797e-6 
  6522.6973 1.059e-6 
  6522.6973 1.040e-5 
  6522.6973 1.040e-5 
  6522.6973 1.059e-6 
   472.1034 6.022e-5 
  1283.8125 .0009508 
  7340.9594 2.021e-6 
  7343.8617 1.979e-5 
  2825.5677 .0011251 
  2923.2559 8.618e-5 
 12486.6744 1.186e-6 
 12486.7086 1.207e-7 
  2013.8586 .0001037 
  2111.5468 .0012534 
 11674.9654 1.829e-7 
 11674.9995 1.797e-6 
  4043.2883 .0015027 
  4046.1906 .0001414 
 16887.3374 3.066e-7 
 16887.3376 3.120e-8 
  3945.6002 .0001399 
  3948.5024 .0014867 
 16789.6492 3.145e-8 
 16789.6494 3.091e-7 
  5617.8184 .0014921 
  5617.8526 .0001466 
 21677.8254 6.797e-8 
 21677.8254 6.917e-9 
  5614.9161 .0001465 
  5614.9503 .0014915 
 21674.9231 6.917e-9 
 21674.9231 6.797e-8 
  7226.2306 .0012150 
  7226.2308 .0001214 
 26500.6276 1.283e-8 
  7226.1965 .0001214 
  7226.1967 .0012149 
 26500.5934 1.283e-8 
  8833.7764 .0008146 
  8833.7764 8.209e-5 
  8833.7762 8.209e-5 
  8833.7762 .0008146 
 10440.6206 .0004333 
 10440.6206 4.387e-5 
 10440.6206 4.387e-5 
 10440.6206 .0004333 
 12047.1503 1.582e-5 
 12047.1503 .0001558 
 12047.1503 .0001558 
 12047.1503 1.582e-5 
  4763.8012 .0029721 
  5776.2642 .0002521 
 11753.4614 2.711e-5 
 11759.2491 2.740e-6 
 24594.0911 5.136e-9 
  3880.1482 .0022159 
  7222.9077 .0002100 
  7374.2081 .0013136 
 16897.1755 1.819e-7 
 16897.2643 1.787e-6 
  3068.4392 8.510e-5 
  6411.1987 .0020220 
  6562.4991 .0002771 
 16085.4664 2.754e-6 
 16085.5552 2.803e-7 
  1466.1301 1.846e-5 
  2478.5931 .0004620 
  8455.7902 .0002826 
  8461.5779 .0023731 
 21296.4200 5.922e-8 
 21296.4207 5.819e-7 
  1368.4419 .0001277 
  2380.9049 4.971e-5 
  8358.1021 .0023802 
  8363.8898 .0002830 
 21198.7318 5.872e-7 
 21198.7325 5.976e-8 
   354.0517 3.536e-6 
   505.3521 4.827e-5 
 10028.3195 .0003087 
 10028.4083 .0027681 
 26086.1592 1.797e-8 
 26086.1592 1.766e-7 
   351.1494 3.274e-5 
   502.4498 5.128e-6 
 10025.4172 .0027677 
 10025.5060 .0003087 
 26083.2569 1.766e-7 
 26083.2569 1.797e-8 
 11635.3133 .0003041 
 11635.3140 .0028032 
 30908.5260 5.282e-9 
 30908.5260 5.190e-8 
 11635.2791 .0028032 
 11635.2798 .0003041 
 30908.4918 5.190e-8 
 30908.4918 5.282e-9 
 13242.1101 .0002708 
 13242.1101 .0025327 
 35729.1739 1.298e-8 
 13242.1099 .0025327 
 13242.1099 .0002708 
 35729.1737 1.298e-8 
 14848.5190 .0002185 
 14848.5190 .0020621 
 14848.5190 .0020621 
 14848.5190 .0002185 
 16454.7769 .0001602 
 16454.7769 .0015217 
 16454.7769 .0015217 
 16454.7769 .0001602 
 18060.9508 .0010217 
 18060.9508 .0001071 
 18060.9508 .0001071 
 18060.9508 .0010217 
  2988.7078 3.200e-6 
  2991.6101 3.245e-7 
  8194.9767 2.490e-8 
  8195.0108 2.447e-7 
  7182.5137 3.915e-7 
  7182.5479 3.984e-8 
 12489.9973 6.114e-9 
 12489.9975 6.009e-8 
 12338.6969 6.071e-8 
 12338.6971 6.178e-9 
  1205.3165 6.818e-6 
  1205.3507 6.583e-5 
 17265.3235 1.128e-8 
  1199.5288 6.553e-5 
  1199.5630 6.787e-6 
 17259.5358 1.128e-8 
  2815.7296 7.769e-6 
  2815.7298 7.581e-5 
  2815.6408 7.581e-5 
  2815.6410 7.769e-6 
  4424.6937 4.978e-6 
  4424.6937 4.878e-5 
  4424.6930 4.878e-5 
  4424.6930 4.978e-6 
  6032.2869 2.138e-6 
  6032.2869 2.099e-5 
  6032.2869 2.099e-5 
  6032.2869 2.138e-6 
  7639.2520 5.178e-6 
  7639.2520 5.271e-7 
  7639.2520 5.271e-7 
  7639.2520 5.178e-6 
   411.5496 4.963e-5 
  1424.0125 .0008857 
  7401.2097 2.765e-6 
  7406.9974 2.698e-5 
 20241.8402 6.657e-9 
  2931.2099 .0010343 
  3082.5103 7.304e-5 
 12605.4777 1.686e-6 
 12605.5665 1.715e-7 
  1918.7470 9.273e-5 
  2070.0474 .0011707 
 11593.0147 2.878e-7 
 11593.1035 2.828e-6 
  4058.4502 .0013954 
  4064.2379 .0001284 
 16899.0800 4.922e-7 
 16899.0807 5.009e-8 
  3907.1498 .0001265 
  3912.9375 .0013736 
 16747.7796 5.077e-8 
 16747.7803 4.989e-7 
  5615.8175 .0014098 
  5615.9063 .0001370 
 21673.6572 1.229e-7 
 21673.6572 1.251e-8 
  5610.0299 .0001369 
  5610.1186 .0014087 
 21667.8696 1.251e-8 
 21667.8696 1.229e-7 
  7224.8122 .0011868 
  7224.8129 .0001178 
 26498.0249 2.857e-8 
  7224.7234 .0001178 
  7224.7241 .0011868 
 26497.9361 2.857e-8 
  8833.0275 .0008438 
  8833.0275 8.466e-5 
 31320.0912 5.407e-9 
  8833.0268 8.466e-5 
  8833.0268 .0008438 
 31320.0905 5.407e-9 
 10440.1852 .0005024 
 10440.1852 5.072e-5 
 10440.1852 5.072e-5 
 10440.1852 .0005024 
 12046.8785 .0002398 
 12046.8785 2.430e-5 
 12046.8785 2.430e-5 
 12046.8785 .0002398 
 13653.3242 7.786e-5 
 13653.3242 7.909e-6 
 13653.3242 7.909e-6 
 13653.3242 7.786e-5 
  5177.1157 .0029646 
  6410.9199 .0002314 
 12305.0394 3.562e-5 
 12315.7449 3.579e-6 
 25141.4273 1.066e-8 
  4412.3769 .0023721 
  7814.6210 .0001928 
  8037.3181 .0010848 
 17506.9950 2.372e-7 
 17507.2019 2.330e-6 
  3399.9139 7.723e-5 
  6802.1580 .0019010 
  7024.8551 .0002681 
 16494.5320 4.001e-6 
 16494.7389 4.071e-7 
  1834.3562 2.062e-5 
  3068.1604 .0005514 
  8962.2799 .0002570 
  8972.9854 .0020941 
 21798.6678 8.307e-8 
 21798.6698 8.162e-7 
  1683.0558 .0001275 
  2916.8600 5.885e-5 
  8810.9795 .0021086 
  8821.6850 .0002580 
 21647.3674 8.289e-7 
 21647.3694 8.435e-8 
   824.9608 7.914e-6 
  1047.6579 9.567e-5 
 10517.3348 .0002741 
 10517.5417 .0024197 
 26572.2145 2.641e-8 
 26572.2145 2.596e-7 
   819.1731 7.201e-5 
  1041.8702 1.033e-5 
 10511.5472 .0024190 
 10511.7540 .0002740 
 26566.4268 2.596e-7 
 26566.4269 2.642e-8 
 12124.4000 .0002648 
 12124.4020 .0024163 
 31395.9812 8.442e-9 
 31395.9812 8.295e-8 
 12124.3112 .0024163 
 12124.3133 .0002648 
 31395.8924 8.295e-8 
 31395.8924 8.442e-9 
 13731.5848 .0002321 
 13731.5848 .0021556 
 36217.6704 2.443e-8 
 13731.5841 .0021556 
 13731.5841 .0002321 
 36217.6697 2.443e-8 
 15338.1415 .0001849 
 15338.1415 .0017356 
 41037.7189 5.947e-9 
 15338.1415 .0017356 
 15338.1415 .0001849 
 41037.7189 5.947e-9 
 16944.4577 .0001341 
 16944.4577 .0012683 
 16944.4577 .0012683 
 16944.4577 .0001341 
 18550.6552 8.884e-5 
 18550.6552 .0008443 
 18550.6552 .0008443 
 18550.6552 8.884e-5 
 20156.7709 .0005133 
 20156.7709 5.381e-5 
 20156.7709 5.381e-5 
 20156.7709 .0005133 
  2577.2833 3.653e-6 
  2583.0709 3.696e-7 
  7839.9115 3.382e-8 
  7840.0003 3.323e-7 
  6606.1074 5.822e-7 
  6606.1962 5.924e-8 
 12015.6690 9.808e-9 
 12015.6696 9.638e-8 
 11792.9719 9.797e-8 
 11792.9726 9.970e-9 
   711.9878 4.071e-6 
   712.0766 3.903e-5 
 16769.8275 2.120e-8 
   701.2824 3.846e-5 
   701.3712 4.012e-6 
 16759.1221 2.119e-8 
  2323.2949 6.932e-6 
  2323.2956 6.740e-5 
 21596.5076 4.112e-9 
  2323.0880 6.740e-5 
  2323.0887 6.931e-6 
 21596.3007 4.112e-9 
  3933.4397 5.312e-6 
  3933.4397 5.195e-5 
  3933.4377 5.195e-5 
  3933.4377 5.312e-6 
  5541.6279 2.828e-6 
  5541.6279 2.773e-5 
  5541.6279 2.773e-5 
  5541.6279 2.828e-6 
  7148.9223 1.065e-6 
  7148.9223 1.046e-5 
  7148.9223 1.046e-5 
  7148.9223 1.065e-6 
  8755.7450 2.351e-7 
  8755.7450 2.310e-6 
  8755.7450 2.310e-6 
  8755.7450 2.351e-7 
   353.1892 3.888e-5 
  1586.9934 .0007951 
  7481.1130 3.414e-6 
  7491.8184 3.312e-5 
 20317.5028 1.319e-8 
  3049.0548 .0009175 
  3271.7519 5.908e-5 
 12741.4289 2.157e-6 
 12741.6357 2.194e-7 
  1815.2507 7.970e-5 
  2037.9478 .0010530 
 11507.6247 4.117e-7 
 11507.8316 4.045e-6 
  4078.8689 .0012459 
  4089.5744 .0001118 
 16915.2567 6.999e-7 
 16915.2588 7.123e-8 
  3856.1718 .0001096 
  3866.8773 .0012191 
 16692.5596 7.278e-8 
 16692.5617 7.152e-7 
  5613.5051 .0012721 
  5613.7120 .0001222 
 21668.3848 1.893e-7 
 21668.3848 1.926e-8 
  5602.7997 .0001220 
  5603.0066 .0012703 
 21657.6794 1.926e-8 
 21657.6794 1.893e-7 
  7222.8827 .0010941 
  7222.8847 .0001079 
 26494.4639 4.961e-8 
 26494.4639 5.048e-9 
  7222.6758 .0001079 
  7222.6779 .0010941 
 26494.2570 5.048e-9 
 26494.2570 4.961e-8 
  8831.9970 .0008060 
  8831.9970 8.049e-5 
 31318.0826 1.160e-8 
  8831.9949 8.049e-5 
  8831.9950 .0008060 
 31318.0806 1.160e-8 
 10439.5842 .0005096 
 10439.5842 5.127e-5 
 10439.5842 5.127e-5 
 10439.5842 .0005096 
 12046.5014 .0002726 
 12046.5014 2.755e-5 
 12046.5014 2.755e-5 
 12046.5014 .0002726 
 13653.0760 .0001176 
 13653.0760 1.192e-5 
 13653.0760 1.192e-5 
 13653.0760 .0001176 
 15259.4399 3.524e-6 
 15259.4399 3.469e-5 
 15259.4399 3.469e-5 
 15259.4399 3.524e-6 
  5591.8812 .0028482 
  7066.6325 .0002031 
 12876.4014 4.268e-5 
 12895.0351 4.251e-6 
 25707.7854 1.905e-8 
  4940.0757 .0024067 
  8417.7556 .0001709 
  8731.9087 .0008549 
 18134.2505 2.841e-7 
 18134.6930 2.790e-6 
  3706.2715 6.612e-5 
  7183.9515 .0017357 
  7498.1045 .0002498 
 16900.4464 5.395e-6 
 16900.8889 5.490e-7 
  2189.6371 2.104e-5 
  3664.3884 .0006112 
  9474.1574 .0002269 
  9492.7911 .0017872 
 22305.5413 1.068e-7 
 22305.5468 1.050e-6 
  1966.9400 .0001139 
  3441.6913 6.390e-5 
  9251.4603 .0018122 
  9270.0940 .0002287 
 22082.8442 1.076e-6 
 22082.8497 1.095e-7 
  1289.8319 1.130e-5 
  1603.9849 .0001334 
 11006.3268 .0002370 
 11006.7693 .0020576 
 27057.2948 3.506e-8 
 27057.2948 3.445e-7 
  1279.1264 .0001004 
  1593.2795 1.465e-5 
 10995.6213 .0020567 
 10996.0638 .0002368 
 27046.5893 3.445e-7 
 27046.5894 3.506e-8 
 12613.1673 .0002249 
 12613.1728 .0020312 
 31882.5701 1.178e-8 
 31882.5701 1.157e-7 
 12612.9604 .0020311 
 12612.9659 .0002249 
 31882.3632 1.157e-7 
 31882.3632 1.178e-8 
 14220.9070 .0001944 
 14220.9070 .0017922 
 36705.6827 3.725e-8 
 14220.9049 .0017922 
 14220.9050 .0001944 
 36705.6806 3.725e-8 
 15827.6904 .0001531 
 15827.6904 .0014289 
 41526.4266 1.072e-8 
 15827.6904 .0014289 
 15827.6904 .0001531 
 41526.4266 1.072e-8 
 17434.1015 .0001100 
 17434.1015 .0010352 
 17434.1015 .0010352 
 17434.1015 .0001100 
 19040.3410 .0006838 
 19040.3410 7.222e-5 
 19040.3410 7.222e-5 
 19040.3410 .0006838 
 20646.4758 4.342e-5 
 20646.4758 .0004129 
 20646.4758 .0004129 
 20646.4758 4.342e-5 
 22252.5273 2.393e-5 
 22252.5273 .0002283 
 22252.5273 .0002283 
 22252.5273 2.393e-5 
  2187.8481 3.687e-6 
  2198.5535 3.715e-7 
  7502.7369 4.107e-8 
  7502.9438 4.035e-7 
  6027.9856 7.759e-7 
  6028.1925 7.895e-8 
 11546.5559 1.377e-8 
 11546.5580 1.354e-7 
 11232.4029 1.388e-7 
 11232.4049 1.412e-8 
   218.2167 1.185e-6 
   218.4236 1.128e-5 
 16273.0964 3.335e-8 
   199.5830 1.032e-5 
   199.7899 1.086e-6 
 16254.4627 3.334e-8 
  1830.0610 5.439e-6 
  1830.0631 5.266e-5 
 21101.6422 7.533e-9 
  1829.6185 5.265e-5 
  1829.6206 5.438e-6 
 21101.1997 7.533e-9 
  3441.7124 4.956e-6 
  3441.7124 4.836e-5 
  3441.7069 4.836e-5 
  3441.7069 4.956e-6 
  5050.6742 3.051e-6 
  5050.6742 2.989e-5 
  5050.6742 2.989e-5 
  5050.6742 3.051e-6 
  6658.3952 1.408e-6 
  6658.3952 1.382e-5 
  6658.3952 1.382e-5 
  6658.3952 1.408e-6 
  8265.4760 4.727e-7 
  8265.4760 4.642e-6 
  8265.4760 4.642e-6 
  8265.4760 4.727e-7 
  9872.1749 9.427e-8 
  9872.1749 9.263e-7 
  9872.1749 9.263e-7 
  9872.1749 9.427e-8 
   298.6162 2.900e-5 
  1773.3676 .0006892 
  7583.1365 3.849e-6 
  7601.7702 3.701e-5 
 20414.5259 2.246e-8 
  3179.0637 .0007875 
  3493.2168 4.576e-5 
 12895.5586 2.526e-6 
 12896.0011 2.569e-7 
  1704.3124 6.598e-5 
  2018.4654 .0009140 
 11420.8073 5.438e-7 
 11421.2498 5.343e-6 
  4105.4566 .0010735 
  4124.0903 9.359e-5 
 16936.8405 9.041e-7 
 16936.8460 9.200e-8 
  3791.3035 9.129e-5 
  3809.9372 .0010435 
 16622.6875 9.515e-8 
 16622.6929 9.350e-7 
  5611.0383 .0011031 
  5611.4808 .0001046 
 21662.0063 2.591e-7 
 21662.0064 2.636e-8 
  5592.4046 .0001043 
  5592.8471 .0011004 
 21643.3726 2.636e-8 
 21643.3727 2.591e-7 
  7220.3456 .0009626 
  7220.3511 9.416e-5 
 26489.7484 7.341e-8 
 26489.7484 7.471e-9 
  7219.9031 9.416e-5 
  7219.9086 .0009625 
 26489.3059 7.470e-9 
 26489.3059 7.341e-8 
  8830.6224 .0007258 
  8830.6224 7.211e-5 
 31315.3981 1.941e-8 
  8830.6169 7.211e-5 
  8830.6169 .0007258 
 31315.3926 1.941e-8 
 10438.7804 .0004761 
 10438.7804 4.773e-5 
 36137.5167 4.450e-9 
 10438.7804 4.773e-5 
 10438.7804 .0004761 
 36137.5166 4.450e-9 
 12045.9953 .0002707 
 12045.9953 2.729e-5 
 12045.9953 2.729e-5 
 12045.9953 .0002707 
 13652.7410 1.325e-5 
 13652.7410 .0001310 
 13652.7410 .0001310 
 13652.7410 1.325e-5 
 15259.2108 5.211e-6 
 15259.2108 5.138e-5 
 15259.2108 5.138e-5 
 15259.2108 5.211e-6 
 16865.4914 1.404e-6 
 16865.4914 1.382e-5 
 16865.4914 1.382e-5 
 16865.4914 1.404e-6 
  6009.7029 .0026393 
  7743.7386 .0001711 
 13469.9419 4.703e-5 
 13500.7788 4.621e-6 
 26295.7127 2.992e-8 
  5462.1001 .0023255 
  9032.2064 .0001465 
  9459.6663 .0006447 
 18779.9898 3.159e-7 
 18780.8727 3.100e-6 
  3987.3488 5.383e-5 
  7557.4551 .0015410 
  7984.9149 .0002239 
 17305.2385 6.819e-6 
 17306.1214 6.938e-7 
  2532.0230 2.000e-5 
  4266.0586 .0006380 
  9992.2620 .0001944 
 10023.0989 .0014746 
 22818.0328 1.277e-7 
 22818.0460 1.255e-6 
  2217.8699 9.310e-5 
  3951.9056 6.441e-5 
  9678.1089 .0015126 
  9708.9458 .0001974 
 22503.8797 1.304e-6 
 22503.8930 1.327e-7 
  1747.6862 1.336e-5 
  2175.1460 .0001580 
 11495.4696 .0001995 
 11496.3525 .0017018 
 27541.4112 4.290e-8 
 27541.4113 4.215e-7 
  1729.0525 .0001153 
  2156.5123 1.767e-5 
 11476.8358 .0017005 
 11477.7188 .0001994 
 27522.7775 4.216e-7 
 27522.7776 4.290e-8 
   275.7671 1.352e-6 
   306.6040 1.418e-5 
 13101.5379 .0001864 
 13101.5511 .0016643 
 32368.1059 1.488e-8 
 32368.1059 1.462e-7 
   275.3246 1.271e-5 
   306.1615 1.503e-6 
 13101.0954 .0016643 
 13101.1086 .0001864 
 32367.6634 1.462e-7 
 32367.6634 1.488e-8 
 14710.0272 .0001591 
 14710.0273 .0014547 
 37193.0942 5.055e-9 
 37193.0942 4.968e-8 
 14710.0217 .0014547 
 14710.0218 .0001591 
 37193.0887 4.968e-8 
 37193.0887 5.055e-9 
 16317.1379 .0001239 
 16317.1379 .0011498 
 42014.7730 1.568e-8 
 16317.1378 .0011498 
 16317.1378 .0001239 
 42014.7730 1.568e-8 
 17923.6913 8.823e-5 
 17923.6913 .0008265 
 46834.9007 4.349e-9 
 17923.6913 .0008265 
 17923.6913 8.823e-5 
 46834.9007 4.349e-9 
 19529.9973 5.749e-5 
 19529.9973 .0005422 
 19529.9973 .0005422 
 19529.9973 5.749e-5 
 21136.1645 3.433e-5 
 21136.1645 .0003253 
 21136.1645 .0003253 
 21136.1645 3.433e-5 
 22742.2322 1.880e-5 
 22742.2322 .0001789 
 22742.2322 .0001789 
 22742.2322 1.880e-5 
 24348.2133 9.025e-5 
 24348.2133 9.459e-6 
 24348.2133 9.459e-6 
 24348.2133 9.025e-5 
  1822.4201 3.321e-6 
  1841.0538 3.330e-7 
 14653.8041 5.805e-9 
  7184.4719 4.545e-8 
  7184.9144 4.463e-7 
  5450.4363 9.414e-7 
  5450.8788 9.579e-8 
 11083.6978 1.741e-8 
 11083.7033 1.711e-7 
 10656.2380 1.776e-7 
 10656.2434 1.807e-8 
 15775.2009 4.688e-9 
 15775.2009 4.607e-8 
 15744.3640 4.604e-8 
 15744.3641 4.685e-9 
  1335.9144 3.711e-6 
  1335.9199 3.575e-5 
 20605.3172 1.156e-8 
  1335.0315 3.573e-5 
  1335.0370 3.708e-6 
 20604.4343 1.156e-8 
  2949.4301 4.163e-6 
  2949.4302 4.051e-5 
  2949.4169 4.051e-5 
  2949.4169 4.163e-6 
  4559.3756 2.891e-6 
  4559.3756 2.827e-5 
  4559.3755 2.827e-5 
  4559.3755 2.891e-6 
  6167.6378 1.521e-6 
  6167.6378 1.491e-5 
  6167.6378 1.491e-5 
  6167.6378 1.521e-6 
  7775.0449 6.103e-6 
  7775.0449 6.218e-7 
  7775.0449 6.218e-7 
  7775.0449 6.103e-6 
  9381.9545 1.879e-7 
  9381.9545 1.845e-6 
  9381.9545 1.845e-6 
  9381.9545 1.879e-7 
 10988.5377 3.403e-8 
 10988.5377 3.344e-7 
 10988.5377 3.344e-7 
 10988.5377 3.403e-8 
   248.9865 2.064e-5 
  1983.0222 .0005779 
  7709.2256 4.000e-6 
  7740.0624 3.795e-5 
 20535.0096 3.361e-8 
  3321.1198 .0006551 
  3748.5796 3.405e-5 
 13068.9031 2.739e-6 
 13069.7860 2.784e-7 
  1587.0841 5.266e-5 
  2014.5439 .0007671 
 11334.8675 6.702e-7 
 11335.7504 6.584e-6 
  4139.1193 .0008949 
  4169.9561 7.552e-5 
 16964.8900 1.078e-6 
 16964.9033 1.097e-7 
  3711.6594 7.337e-5 
  3742.4963 .0008640 
 16537.4302 1.154e-7 
 16537.4435 1.134e-6 
  5608.6641 .0009229 
  5609.5470 8.624e-5 
 21654.6057 3.233e-7 
 21654.6058 3.290e-8 
  5577.8272 8.589e-5 
  5578.7102 .0009192 
 21623.7689 3.290e-8 
 21623.7690 3.233e-7 
  7217.1067 .0008135 
  7217.1199 7.890e-5 
 26483.6747 9.675e-8 
 26483.6747 9.845e-9 
  7216.2237 7.889e-5 
  7216.2370 .0008134 
 26482.7917 9.845e-9 
 26482.7917 9.675e-8 
  8828.8350 .0006235 
  8828.8351 6.159e-5 
 31311.9019 2.772e-8 
  8828.8217 6.159e-5 
  8828.8218 .0006235 
 31311.8886 2.772e-8 
 10437.7330 .0004191 
 10437.7330 4.184e-5 
 36135.3682 7.203e-9 
 10437.7329 4.184e-5 
 10437.7329 .0004191 
 36135.3681 7.203e-9 
 12045.3339 .0002474 
 12045.3339 2.486e-5 
 12045.3339 2.486e-5 
 12045.3339 .0002474 
 13652.3012 .0001274 
 13652.3012 1.286e-5 
 13652.3012 1.286e-5 
 13652.3012 .0001274 
 15258.9081 5.675e-6 
 15258.9081 5.606e-5 
 15258.9081 5.606e-5 
 15258.9081 5.675e-6 
 16865.2786 2.035e-6 
 16865.2786 2.005e-5 
 16865.2786 2.005e-5 
 16865.2786 2.035e-6 
 18471.4724 4.930e-6 
 18471.4724 5.011e-7 
 18471.4724 5.011e-7 
 18471.4724 4.930e-6 
  6431.7635 .0023615 
  8441.8387 .0001390 
 14087.5189 4.799e-5 
 14136.4090 4.623e-6 
 26907.3259 4.195e-8 
 26907.3557 4.269e-9 
  5977.7970 .0021482 
  9657.7960 .0001215 
 10221.6539 .0004669 
 19445.2604 3.283e-7 
 19446.9231 3.219e-6 
  4243.7614 4.195e-5 
  7923.7603 .0013316 
  8487.6182 .0001932 
 17711.2248 8.127e-6 
 17712.8875 8.266e-7 
  2861.6572 1.792e-5 
  4871.7324 .0006328 
 10517.4126 .0001618 
 10566.3027 .0011757 
 23337.2195 1.431e-7 
 23337.2494 1.406e-6 
  2434.1974 7.052e-5 
  4444.2726 6.072e-5 
 10089.9528 .0012275 
 10138.8429 .0001659 
 22909.7597 1.489e-6 
 22909.7896 1.515e-7 
  2197.5569 1.408e-5 
  2761.4149 .0001691 
 11985.0214 .0001636 
 11986.6841 .0013688 
 28024.6606 4.902e-8 
 28024.6610 4.817e-7 
  2166.7201 .0001174 
  2730.5780 1.925e-5 
 11954.1846 .0013674 
 11955.8473 .0001634 
 27993.8238 4.819e-7 
 27993.8241 4.904e-8 
   769.6292 3.258e-6 
   818.5194 3.235e-5 
 13589.4362 .0001507 
 13589.4660 .0013289 
 32852.3939 1.737e-8 
 32852.3939 1.707e-7 
   768.7463 3.030e-5 
   817.6364 3.469e-6 
 13588.5533 .0013289 
 13588.5831 .0001507 
 32851.5109 1.707e-7 
 32851.5109 1.737e-8 
 15198.8899 .0001271 
 15198.8902 .0011522 
 37679.7760 6.115e-9 
 37679.7760 6.009e-8 
 15198.8766 .0011522 
 15198.8769 .0001271 
 37679.7627 6.009e-8 
 37679.7627 6.115e-9 
 16806.4522 9.802e-5 
 16806.4522 .0009038 
 42502.6785 2.009e-8 
 16806.4521 .0009038 
 16806.4521 9.802e-5 
 42502.6784 2.009e-8 
 18413.2080 6.921e-5 
 18413.2080 .0006451 
 47323.4636 6.125e-9 
 18413.2080 .0006451 
 18413.2080 6.921e-5 
 47323.4636 6.125e-9 
 20019.6115 4.477e-5 
 20019.6115 .0004205 
 20019.6115 .0004205 
 20019.6115 4.477e-5 
 21625.8284 .0002509 
 21625.8284 2.656e-5 
 21625.8284 2.656e-5 
 21625.8284 .0002509 
 23231.9225 .0001373 
 23231.9225 1.447e-5 
 23231.9225 1.447e-5 
 23231.9225 .0001373 
 24837.9180 6.893e-5 
 24837.9180 7.242e-6 
 24837.9180 7.242e-6 
 24837.9180 6.893e-5 
 26443.8222 3.181e-5 
 26443.8222 3.333e-6 
 26443.8222 3.333e-6 
 26443.8222 3.181e-5 
  1482.4420 2.684e-6 
  1513.2789 2.679e-7 
 14308.2128 8.189e-9 
  6886.1261 4.639e-8 
  6887.0091 4.554e-7 
  4876.0510 1.050e-6 
  4876.9339 1.068e-7 
 10628.2138 2.016e-8 
 10628.2271 1.981e-7 
 10064.3559 2.090e-7 
 10064.3692 2.127e-8 
 15276.3124 5.848e-9 
 15276.3125 5.747e-8 
 15227.4223 5.742e-8 
 15227.4224 5.843e-9 
   840.7493 2.071e-6 
   840.7626 1.984e-5 
 20107.3173 1.559e-8 
   839.0866 1.980e-5 
   839.0999 2.067e-6 
 20105.6547 1.559e-8 
  2456.5054 3.185e-6 
  2456.5056 3.089e-5 
  2456.4756 3.089e-5 
  2456.4757 3.185e-6 
  4067.6781 2.486e-6 
  4067.6781 2.426e-5 
  4067.6778 2.426e-5 
  4067.6778 2.486e-6 
  5676.6147 1.445e-6 
  5676.6147 1.414e-5 
  5676.6147 1.414e-5 
  5676.6147 1.445e-6 
  7284.4271 6.678e-7 
  7284.4271 6.550e-6 
  7284.4271 6.550e-6 
  7284.4271 6.678e-7 
  8891.5978 2.404e-6 
  8891.5978 2.449e-7 
  8891.5978 2.449e-7 
  8891.5978 2.404e-6 
 10498.3583 6.588e-7 
 10498.3583 6.706e-8 
 10498.3583 6.706e-8 
 10498.3583 6.588e-7 
 12104.8285 1.108e-8 
 12104.8285 1.088e-7 
 12104.8285 1.088e-7 
 12104.8285 1.108e-8 
   204.9800 1.404e-5 
  2215.0551 .0004695 
  7860.7353 3.861e-6 
  7909.6255 3.595e-5 
 20680.5423 4.576e-9 
 20680.5721 4.496e-8 
  3475.0190 .0005288 
  4038.8769 2.441e-5 
 13262.4835 2.772e-6 
 13264.1462 2.815e-7 
  1464.9438 4.055e-5 
  2028.8017 .0006235 
 11252.4083 7.760e-7 
 11254.0710 7.621e-6 
  4180.7364 .0007230 
  4229.6265 5.881e-5 
 17000.5434 1.199e-6 
 17000.5732 1.220e-7 
  3616.8785 5.701e-5 
  3665.7686 .0006936 
 16436.6854 1.313e-7 
 16436.7152 1.290e-6 
  5606.7281 .0007470 
  5608.3908 6.871e-5 
 21646.3673 3.739e-7 
 21646.3676 3.805e-8 
  5557.8380 6.828e-5 
  5559.5007 .0007422 
 21597.4772 3.805e-8 
 21597.4775 3.739e-7 
  7213.0789 .0006631 
  7213.1087 6.372e-5 
 26476.0365 1.164e-7 
 26476.0365 1.185e-8 
  7211.4162 6.371e-5 
  7211.4460 .0006629 
 26474.3738 1.185e-8 
 26474.3738 1.164e-7 
  8826.5604 .0005142 
  8826.5607 5.049e-5 
 31307.4465 3.528e-8 
  8826.5305 5.049e-5 
  8826.5309 .0005142 
 31307.4167 3.528e-8 
 10436.3973 .0003517 
 10436.3973 3.496e-5 
 36132.6236 9.953e-9 
 10436.3970 3.496e-5 
 10436.3970 .0003517 
 36132.6233 9.953e-9 
 12044.4888 .0002129 
 12044.4888 2.133e-5 
 12044.4888 2.133e-5 
 12044.4888 .0002129 
 13651.7375 .0001139 
 13651.7375 1.147e-5 
 13651.7375 1.147e-5 
 13651.7375 .0001139 
 15258.5181 5.389e-6 
 15258.5181 5.334e-5 
 15258.5181 5.334e-5 
 15258.5181 5.389e-6 
 16865.0022 2.170e-6 
 16865.0022 2.142e-5 
 16865.0022 2.142e-5 
 16865.0022 2.170e-6 
 18471.2740 7.115e-7 
 18471.2740 7.010e-6 
 18471.2740 7.010e-6 
 18471.2740 7.115e-7 
 20077.3766 1.579e-6 
 20077.3766 1.605e-7 
 20077.3766 1.605e-7 
 20077.3766 1.579e-6 
  6858.7818 .0020423 
  9159.7487 .0001092 
 14730.3878 4.563e-5 
 14805.0742 4.278e-6 
 27544.2573 5.318e-8 
 27544.3201 5.412e-9 
  6486.9713 .0019032 
 10294.2665 9.773e-5 
 11018.3038 .0003259 
 20131.0875 3.208e-7 
 20134.0691 3.140e-6 
  4476.8961 3.149e-5 
  8284.1913 .0011210 
  9008.2287 .0001604 
 18121.0124 9.170e-6 
 18123.9939 9.321e-7 
  3178.7828 1.526e-5 
  5479.7497 .0005996 
 11050.3889 .0001308 
 11125.0753 .0009053 
 23864.2584 1.514e-7 
 23864.3212 1.487e-6 
  2614.9249 5.004e-5 
  4915.8918 5.382e-5 
 10486.5310 .0009699 
 10561.2173 .0001359 
 23300.4004 1.615e-6 
 23300.4633 1.644e-7 
  2638.5111 1.364e-5 
  3362.5485 .0001680 
 12475.3322 .0001307 
 12478.3137 .0010707 
 28507.2407 5.280e-8 
 28507.2415 5.188e-7 
  2589.6210 .0001090 
  3313.6583 1.947e-5 
 12426.4420 .0010692 
 12429.4236 .0001304 
 28458.3505 5.191e-7 
 28458.3513 5.282e-8 
  1262.9244 4.435e-6 
  1337.6108 4.339e-5 
 14076.7939 .0001187 
 14076.8567 .0010339 
 33335.2373 1.898e-8 
 33335.2373 1.865e-7 
  1261.2617 4.073e-5 
  1335.9481 4.708e-6 
 14075.1312 .0010338 
 14075.1940 .0001187 
 33333.5746 1.865e-7 
 33333.5746 1.898e-8 
 15687.4337 9.906e-5 
 15687.4345 .0008903 
 38165.5874 6.847e-9 
 38165.5874 6.729e-8 
 15687.4039 .0008903 
 15687.4047 9.906e-5 
 38165.5576 6.729e-8 
 38165.5576 6.847e-9 
 17295.5981 7.574e-5 
 17295.5981 .0006936 
 42990.0557 2.337e-8 
 17295.5978 .0006936 
 17295.5978 7.574e-5 
 42990.0554 2.337e-8 
 18902.6297 5.307e-5 
 18902.6297 .0004920 
 47811.6842 7.562e-9 
 18902.6297 .0004920 
 18902.6297 5.307e-5 
 47811.6842 7.562e-9 
 20509.1696 3.410e-5 
 20509.1696 .0003189 
 20509.1696 .0003189 
 20509.1696 3.410e-5 
 22115.4579 .0001893 
 22115.4579 2.011e-5 
 22115.4579 2.011e-5 
 22115.4579 .0001893 
 23721.5912 .0001031 
 23721.5912 1.090e-5 
 23721.5912 1.090e-5 
 23721.5912 .0001031 
 25327.6090 5.153e-5 
 25327.6090 5.429e-6 
 25327.6090 5.429e-6 
 25327.6090 5.153e-5 
 26933.5265 2.369e-5 
 26933.5265 2.488e-6 
 26933.5265 2.488e-6 
 26933.5265 2.369e-5 
 28539.3473 1.002e-5 
 28539.3473 1.050e-6 
 28539.3473 1.050e-6 
 28539.3473 1.002e-5 
  1168.7841 1.949e-6 
  1217.6742 1.943e-7 
 13988.5910 1.033e-8 
  6608.6816 4.411e-8 
  6610.3443 4.326e-7 
  4307.7148 1.081e-6 
  4309.3775 1.099e-7 
 10181.2958 2.164e-8 
 10181.3257 2.126e-7 
  9457.2585 2.292e-7 
  9457.2883 2.332e-8 
 14776.7148 6.706e-9 
 14776.7151 6.590e-8 
 14702.0284 6.581e-8 
 14702.0288 6.697e-9 
   344.4748 7.190e-7 
   344.5046 6.844e-6 
 19607.4325 1.900e-8 
   341.4932 6.784e-6 
   341.5231 7.128e-7 
 19604.4509 1.900e-8 
  1962.8454 2.215e-6 
  1962.8457 2.141e-5 
 24443.7315 5.144e-9 
  1962.7825 2.140e-5 
  1962.7828 2.215e-6 
 24443.6686 5.144e-9 
  3575.5240 1.971e-6 
  3575.5240 1.919e-5 
  3575.5232 1.919e-5 
  3575.5232 1.971e-6 
  5185.2880 1.249e-6 
  5185.2880 1.221e-5 
  5185.2880 1.221e-5 
  5185.2880 1.249e-6 
  6793.5965 6.315e-7 
  6793.5965 6.188e-6 
  6793.5965 6.188e-6 
  6793.5965 6.315e-7 
  8401.0860 2.557e-6 
  8401.0860 2.606e-7 
  8401.0860 2.606e-7 
  8401.0860 2.557e-6 
 10008.0624 8.482e-7 
 10008.0624 8.638e-8 
 10008.0624 8.638e-8 
 10008.0624 8.482e-7 
 11614.6851 2.116e-7 
 11614.6851 2.153e-8 
 11614.6851 2.153e-8 
 11614.6851 2.116e-7 
 13221.0416 3.195e-8 
 13221.0416 3.195e-8 
   166.8305 9.150e-6 
  2467.7974 .0003702 
  8038.4366 3.487e-6 
  8113.1230 3.162e-5 
 20852.3060 5.542e-9 
 20852.3689 5.445e-8 
  3640.4647 .0004147 
  4364.5020 1.691e-5 
 13477.2857 2.636e-6 
 13480.2673 2.673e-7 
  1339.4978 3.013e-5 
  2063.5351 .0004915 
 11176.3188 8.479e-7 
 11179.3004 8.320e-6 
  4231.1414 .0005669 
  4305.8277 4.422e-5 
 17045.0108 1.253e-6 
 17045.0737 1.275e-7 
  3507.1041 4.292e-5 
  3581.7904 .0005407 
 16320.9735 1.415e-7 
 16321.0363 1.390e-6 
  5605.6796 .0005859 
  5608.6612 5.298e-5 
 21637.5882 4.048e-7 
 21637.5890 4.119e-8 
  5530.9933 5.248e-5 
  5533.9748 .0005803 
 21562.9018 4.120e-8 
 21562.9026 4.049e-7 
  7208.1898 .0005227 
  7208.2526 4.974e-5 
 26466.6332 1.300e-7 
 26466.6332 1.322e-8 
  7205.2082 4.972e-5 
  7205.2711 .0005225 
 26463.6517 1.322e-8 
 26463.6517 1.299e-7 
  8823.7187 .0004089 
  8823.7195 3.989e-5 
 31301.8724 4.105e-8 
 31301.8724 4.177e-9 
  8823.6559 3.989e-5 
  8823.6567 .0004089 
 31301.8096 4.177e-9 
 31301.8096 4.104e-8 
 10434.7247 .0002832 
 10434.7247 2.802e-5 
 36129.1823 1.227e-8 
 10434.7239 2.802e-5 
 10434.7239 .0002832 
 36129.1815 1.227e-8 
 12043.4290 .0001746 
 12043.4290 1.743e-5 
 12043.4290 1.743e-5 
 12043.4290 .0001746 
 13651.0287 9.583e-5 
 13651.0287 9.621e-6 
 13651.0287 9.621e-6 
 13651.0287 9.583e-5 
 15258.0258 4.703e-6 
 15258.0258 4.665e-5 
 15258.0258 4.665e-5 
 15258.0258 4.703e-6 
 16864.6514 2.017e-6 
 16864.6514 1.995e-5 
 16864.6514 1.995e-5 
 16864.6514 2.017e-6 
 18471.0201 7.429e-7 
 18471.0201 7.331e-6 
 18471.0201 7.331e-6 
 18471.0201 7.429e-7 
 20077.1915 2.232e-7 
 20077.1915 2.198e-6 
 20077.1915 2.198e-6 
 20077.1915 2.232e-7 
 21683.1973 4.545e-7 
 21683.1973 4.620e-8 
 21683.1973 4.620e-8 
 21683.1973 4.545e-7 
  7291.0402 .0017087 
  9895.5444 8.323e-5 
 15399.2112 4.066e-5 
 15509.6275 3.676e-6 
 28207.6726 6.156e-8 
 28207.7981 6.264e-9 
  6989.8021 .0016214 
 10941.2764 7.624e-5 
 11849.4634 .0002200 
 20838.4525 2.959e-7 
 20843.5785 2.890e-6 
  4688.8352 2.288e-5 
  8640.3095 .0009197 
  9548.4965 .0001282 
 18537.4857 9.821e-6 
 18542.6116 9.971e-7 
 34560.1007 4.894e-9 
  3483.7450 1.242e-5 
  6088.2492 .0005451 
 11591.9160 .0001027 
 11702.3323 .0006728 
 24400.3774 1.517e-7 
 24400.5029 1.490e-6 
  2759.7077 3.355e-5 
  5364.2118 4.503e-5 
 10867.8786 .0007471 
 10978.2950 .0001086 
 23676.3401 1.675e-6 
 23676.4655 1.705e-7 
  3069.6704 1.236e-5 
  3977.8574 .0001574 
 12966.8465 .0001016 
 12971.9725 .0008145 
 28989.4615 5.391e-8 
 28989.4634 5.297e-7 
  2994.9840 9.392e-5 
  3903.1710 1.855e-5 
 12892.1601 .0008130 
 12897.2861 .0001014 
 28914.7752 5.303e-7 
 28914.7770 5.396e-8 
  1755.0949 4.928e-6 
  1865.5113 4.784e-5 
 14563.5564 9.122e-5 
 14563.6818 .0007837 
 33816.4447 1.959e-8 
 33816.4447 1.925e-7 
  1752.1134 4.462e-5 
  1862.5297 5.258e-6 
 14560.5748 .0007836 
 14560.7003 9.121e-5 
 33813.4631 1.925e-7 
 33813.4631 1.959e-8 
   152.9770 2.598e-7 
   158.1030 2.537e-6 
 16175.5921 7.536e-5 
 16175.5939 .0006709 
 38650.3758 7.188e-9 
 38650.3758 7.064e-8 
   152.9142 2.454e-6 
   158.0402 2.684e-7 
 16175.5292 .0006709 
 16175.5311 7.536e-5 
 38650.3130 7.064e-8 
 38650.3130 7.188e-9 
 17784.5362 5.714e-5 
 17784.5362 .0005196 
 43476.8093 2.520e-8 
 17784.5354 .0005196 
 17784.5354 5.714e-5 
 43476.8085 2.520e-8 
 19391.9324 3.975e-5 
 19391.9324 .0003665 
 48299.4997 8.486e-9 
 19391.9324 .0003665 
 19391.9324 3.975e-5 
 48299.4997 8.486e-9 
 20998.6556 2.538e-5 
 20998.6556 .0002363 
 20998.6556 .0002363 
 20998.6556 2.538e-5 
 22605.0421 1.489e-5 
 22605.0421 .0001396 
 22605.0421 .0001396 
 22605.0421 1.489e-5 
 24211.2306 8.028e-6 
 24211.2306 7.568e-5 
 24211.2306 7.568e-5 
 24211.2306 8.028e-6 
 25817.2806 3.769e-5 
 25817.2806 3.982e-6 
 25817.2806 3.982e-6 
 25817.2806 3.769e-5 
 27423.2177 1.726e-5 
 27423.2177 1.818e-6 
 27423.2177 1.818e-6 
 27423.2177 1.726e-5 
 29029.0511 7.276e-6 
 29029.0511 7.641e-7 
 29029.0511 7.641e-7 
 29029.0511 7.276e-6 
 30634.7819 2.824e-6 
 30634.7819 2.959e-7 
 30634.7819 2.959e-7 
 30634.7819 2.824e-6 
   881.8039 1.265e-6 
   956.4903 1.275e-7 
 13695.6734 1.182e-8 
  6353.0760 3.933e-8 
  6356.0576 3.853e-7 
  3748.5719 1.030e-6 
  3751.5534 1.047e-7 
  9744.1991 2.172e-8 
  9744.2619 2.134e-7 
  8836.0121 2.361e-7 
  8836.0749 2.402e-8 
 14276.8136 7.154e-9 
 14276.8144 7.031e-8 
 14166.3972 7.017e-8 
 14166.3980 7.141e-9 
 19105.4664 2.132e-8 
 19100.3404 2.131e-8 
  1468.3521 1.377e-6 
  1468.3529 1.325e-5 
 23946.5058 6.120e-9 
  1468.2267 1.325e-5 
  1468.2275 1.377e-6 
 23946.3804 6.120e-9 
  3082.8514 1.452e-6 
  3082.8514 1.410e-5 
  3082.8495 1.410e-5 
  3082.8495 1.452e-6 
  4693.6175 1.001e-6 
  4693.6175 9.770e-6 
  4693.6175 9.770e-6 
  4693.6175 1.001e-6 
  6302.5252 5.444e-7 
  6302.5252 5.328e-6 
  6302.5252 5.328e-6 
  6302.5252 5.444e-7 
  7910.3989 2.394e-6 
  7910.3989 2.442e-7 
  7910.3989 2.442e-7 
  7910.3989 2.394e-6 
  9517.6351 9.082e-8 
  9517.6351 8.913e-7 
  9517.6351 8.913e-7 
  9517.6351 9.082e-8 
 11124.4409 2.736e-8 
 11124.4409 2.687e-7 
 11124.4409 2.687e-7 
 11124.4409 2.736e-8 
 12730.9309 6.119e-8 
 12730.9309 6.228e-9 
 12730.9309 6.228e-9 
 12730.9309 6.119e-8 
 14337.1711 8.469e-9 
 14337.1711 8.469e-9 
   134.4076 5.726e-6 
  2738.9117 .0002839 
  8242.5785 2.964e-6 
  8352.9949 2.597e-5 
 21051.0400 6.142e-9 
 21051.1654 6.035e-8 
  3817.0667 .0003163 
  4725.2537 1.136e-5 
 13714.2428 2.366e-6 
 13719.3688 2.394e-7 
  1212.5626 2.158e-5 
  2120.7496 .0003762 
 11109.7387 8.767e-7 
 11114.8647 8.592e-6 
 27132.3556 5.502e-9 
  4291.1042 .0004318 
  4401.5205 3.213e-5 
 17099.5657 1.237e-6 
 17099.6911 1.259e-7 
  3382.9172 3.134e-5 
  3493.3335 .0004099 
 16191.3787 1.452e-7 
 16191.5041 1.427e-6 
  5606.0719 .0004460 
  5611.1979 3.958e-5 
 21628.6869 4.135e-7 
 21628.6888 4.208e-8 
  5495.6556 3.904e-5 
  5500.7815 .0004399 
 21518.2706 4.210e-8 
 21518.2725 4.137e-7 
  7202.3896 .0003993 
  7202.5150 3.759e-5 
 26455.2779 1.360e-7 
 26455.2779 1.384e-8 
  7197.2636 3.756e-5 
  7197.3890 .0003991 
 26450.1519 1.384e-8 
 26450.1519 1.360e-7 
  8820.2255 .0003145 
  8820.2273 3.046e-5 
 31295.0092 4.433e-8 
 31295.0092 4.511e-9 
  8820.1000 3.046e-5 
  8820.1019 .0003145 
 31294.8838 4.511e-9 
 31294.8838 4.433e-8 
 10432.6628 .0002199 
 10432.6628 2.165e-5 
 36124.9359 1.382e-8 
 10432.6610 2.165e-5 
 10432.6610 .0002199 
 36124.9341 1.382e-8 
 12042.1210 .0001374 
 12042.1210 1.366e-5 
 12042.1209 1.366e-5 
 12042.1209 .0001374 
 13650.1522 7.680e-5 
 13650.1522 7.688e-6 
 13650.1522 7.688e-6 
 13650.1522 7.680e-5 
 15257.4152 3.838e-5 
 15257.4152 3.860e-6 
 15257.4152 3.860e-6 
 15257.4152 3.838e-5 
 16864.2142 1.722e-6 
 16864.2142 1.707e-5 
 16864.2142 1.707e-5 
 16864.2142 1.722e-6 
 18470.7015 6.678e-6 
 18470.7015 6.757e-7 
 18470.7015 6.757e-7 
 18470.7015 6.678e-6 
 20076.9571 2.281e-7 
 20076.9571 2.250e-6 
 20076.9571 2.250e-6 
 20076.9571 2.281e-7 
 21683.0248 6.288e-8 
 21683.0248 6.193e-7 
 21683.0248 6.193e-7 
 21683.0248 6.288e-8 
 23288.9282 1.177e-7 
 23288.9282 1.196e-8 
 23288.9282 1.196e-8 
 23288.9282 1.177e-7 
  7728.4632 .0013843 
 10646.6900 6.171e-5 
 16094.1239 3.415e-5 
 16252.6399 2.946e-6 
 28898.3414 6.563e-8 
 28898.5802 6.677e-9 
  7486.7354 .0013316 
 11598.4007 5.776e-5 
 12714.4680 .0001441 
 21568.2737 2.587e-7 
 21576.7686 2.518e-6 
  4882.2313 1.615e-5 
  8993.8966 .0007356 
 10109.9639 9.875e-5 
 18963.7696 9.998e-6 
 18972.2644 1.013e-6 
 34975.4220 6.537e-9 
  3776.9889 9.706e-6 
  6695.2157 .0004764 
 12142.6496 7.834e-5 
 12301.1655 .0004824 
 24946.8671 1.447e-7 
 24947.1059 1.421e-6 
  2868.8019 2.141e-5 
  5787.0287 3.568e-5 
 11234.4626 .0005617 
 11392.9785 8.461e-5 
 24038.6801 1.666e-6 
 24038.9189 1.696e-7 
  3490.2297 1.057e-5 
  4606.2971 .0001405 
 13460.1028 7.699e-5 
 13468.5976 .0006024 
 29471.7552 5.244e-8 
 29471.7593 5.153e-7 
  3379.8134 7.568e-5 
  4495.8808 1.678e-5 
 13349.6865 .0006013 
 13358.1813 7.676e-5 
 29361.3388 5.162e-7 
 29361.3429 5.253e-8 
  2245.4735 4.870e-6 
  2403.9894 4.706e-5 
 15049.6910 6.834e-5 
 15049.9298 .0005788 
 34295.8385 1.920e-8 
 34295.8385 1.887e-7 
  2240.3475 4.339e-5 
  2398.8634 5.246e-6 
 15044.5650 .0005786 
 15044.8038 6.832e-5 
 34290.7125 1.887e-7 
 34290.7125 1.920e-8 
   651.6413 8.674e-7 
   660.1362 8.240e-6 
 16663.2937 5.593e-5 
 16663.2978 .0004930 
 39133.9778 7.135e-9 
 39133.9778 7.011e-8 
   651.5159 8.131e-6 
   660.0107 8.787e-7 
 16663.1683 .0004930 
 16663.1724 5.593e-5 
 39133.8524 7.011e-8 
 39133.8524 7.135e-9 
 18273.2234 4.208e-5 
 18273.2235 .0003799 
 43962.8360 2.549e-8 
 18273.2216 .0003799 
 18273.2216 4.208e-5 
 43962.8341 2.549e-8 
 19881.0895 2.908e-5 
 19881.0895 .0002666 
 48786.8421 8.833e-9 
 19881.0895 .0002666 
 19881.0895 2.908e-5 
 48786.8421 8.833e-9 
 21488.0522 1.846e-5 
 21488.0522 .0001711 
 21488.0522 .0001711 
 21488.0522 1.846e-5 
 23094.5690 .0001006 
 23094.5690 1.078e-5 
 23094.5690 1.078e-5 
 23094.5690 .0001006 
 24700.8319 5.783e-6 
 24700.8319 5.433e-5 
 24700.8319 5.433e-5 
 24700.8319 5.783e-6 
 26306.9264 2.856e-6 
 26306.9264 2.696e-5 
 26306.9264 2.696e-5 
 26306.9264 2.856e-6 
 27912.8910 1.231e-5 
 27912.8910 1.299e-6 
 27912.8910 1.299e-6 
 27912.8910 1.231e-5 
 29518.7421 5.442e-7 
 29518.7421 5.171e-6 
 29518.7421 5.171e-6 
 29518.7421 5.442e-7 
 31124.4850 2.001e-6 
 31124.4850 2.101e-7 
 31124.4850 2.101e-7 
 31124.4850 2.001e-6 
 32730.1193 7.479e-8 
 32730.1193 7.139e-7 
 32730.1193 7.139e-7 
 32730.1193 7.479e-8 
   621.4355 7.215e-7 
   731.8519 7.590e-8 
 13429.8970 1.240e-8 
  6120.1872 3.309e-8 
  6125.3132 3.234e-7 
  3201.9604 9.071e-7 
  3207.0864 9.213e-8 
  9318.2317 2.050e-8 
  9318.3571 2.014e-7 
  8202.1644 2.299e-7 
  8202.2898 2.339e-8 
 13777.1416 7.162e-9 
 13777.1435 7.039e-8 
 13618.6256 7.020e-8 
 13618.6275 7.144e-9 
 18601.2470 2.227e-8 
 18592.7521 2.227e-8 
   972.9241 7.278e-7 
   972.9259 6.969e-6 
 23447.7079 6.704e-9 
   972.6853 6.967e-6 
   972.6871 7.276e-7 
 23447.4690 6.704e-9 
  2589.5946 9.938e-7 
  2589.5946 9.620e-6 
  2589.5905 9.620e-6 
  2589.5905 9.938e-7 
  4201.5603 7.508e-7 
  4201.5603 7.312e-6 
  4201.5603 7.312e-6 
  4201.5603 7.508e-7 
  5811.1836 4.359e-7 
  5811.1836 4.260e-6 
  5811.1836 4.260e-6 
  5811.1836 4.359e-7 
  7419.5151 2.088e-7 
  7419.5151 2.045e-6 
  7419.5151 2.045e-6 
  7419.5151 2.088e-7 
  9027.0604 8.410e-8 
  9027.0604 8.249e-7 
  9027.0604 8.249e-7 
  9027.0604 8.410e-8 
 10634.0838 2.784e-7 
 10634.0838 2.836e-8 
 10634.0838 2.836e-8 
 10634.0838 2.784e-7 
 12240.7322 7.654e-8 
 12240.7322 7.792e-9 
 12240.7322 7.792e-9 
 12240.7322 7.654e-8 
 13847.0910 1.596e-8 
 13847.0910 1.596e-8 
   107.3202 3.447e-6 
  3025.5470 .0002120 
  8472.9809 2.385e-6 
  8631.4969 1.998e-5 
 21277.1984 6.286e-9 
 21277.4372 6.175e-8 
  4004.3451 .0002347 
  5120.4124 7.416e-6 
 13974.2181 2.012e-6 
 13982.7130 2.029e-7 
  1086.1183 1.491e-5 
  2202.1856 .0002798 
 11055.9913 8.593e-7 
 11064.4862 8.405e-6 
 27067.6478 7.159e-9 
  4361.3156 .0003197 
  4519.8316 2.255e-5 
 17165.5331 1.159e-6 
 17165.7719 1.179e-7 
  3245.2483 2.222e-5 
  3403.7642 .0003024 
 16049.4658 1.427e-7 
 16049.7046 1.403e-6 
  5608.5575 .0003299 
  5617.0523 2.869e-5 
 21620.2098 4.008e-7 
 21620.2139 4.078e-8 
  5450.0415 2.813e-5 
  5458.5363 .0003235 
 21461.6938 4.084e-8 
 21461.6979 4.013e-7 
  7195.6601 .0002960 
  7195.8989 2.754e-5 
 26441.8076 1.344e-7 
 26441.8076 1.368e-8 
  7187.1652 2.751e-5 
  7187.4041 .0002957 
 26433.3127 1.368e-8 
 26433.3128 1.344e-7 
  8815.9923 .0002343 
  8815.9964 2.252e-5 
 31286.6764 4.491e-8 
 31286.6764 4.570e-9 
  8815.7535 2.252e-5 
  8815.7576 .0002343 
 31286.4376 4.570e-9 
 31286.4376 4.491e-8 
 10430.1552 .0001651 
 10430.1553 1.616e-5 
 36119.7678 1.447e-8 
 10430.1511 1.616e-5 
 10430.1512 .0001651 
 36119.7637 1.447e-8 
 12040.5289 .0001042 
 12040.5289 1.032e-5 
 40946.2815 4.382e-9 
 12040.5288 1.032e-5 
 12040.5288 .0001042 
 40946.2815 4.382e-9 
 13649.0837 5.903e-5 
 13649.0837 5.891e-6 
 13649.0837 5.891e-6 
 13649.0837 5.903e-5 
 15256.6690 3.016e-6 
 15256.6690 3.006e-5 
 15256.6690 3.006e-5 
 15256.6690 3.016e-6 
 16863.6781 1.382e-6 
 16863.6781 1.373e-5 
 16863.6781 1.373e-5 
 16863.6781 1.382e-6 
 18470.3087 5.643e-7 
 18470.3087 5.587e-6 
 18470.3087 5.587e-6 
 18470.3087 5.643e-7 
 20076.6661 2.029e-7 
 20076.6661 2.005e-6 
 20076.6661 2.005e-6 
 20076.6661 2.029e-7 
 21682.8082 6.201e-7 
 21682.8082 6.288e-8 
 21682.8082 6.288e-8 
 21682.8082 6.201e-7 
 23288.7677 1.569e-7 
 23288.7677 1.593e-8 
 23288.7677 1.593e-8 
 23288.7677 1.569e-7 
 24894.5624 2.742e-8 
 24894.5624 2.742e-8 
  8170.7182 .0010871 
 11410.2269 4.459e-5 
 16814.8293 2.717e-5 
 17036.4043 2.210e-6 
 29616.7335 6.493e-8 
 29617.1700 6.605e-9 
  7978.3772 .0010563 
 12265.1356 4.252e-5 
 13612.2166 9.188e-5 
 22321.3883 2.149e-7 
 22335.0166 2.082e-6 
  5060.1504 1.112e-5 
  9346.9088 .0005736 
 10693.9898 7.335e-5 
 19403.1615 9.681e-6 
 19416.7898 9.778e-7 
 35402.1150 8.145e-9 
  4059.0530 7.305e-6 
  7298.5616 .0004011 
 12703.1640 5.809e-5 
 12924.7391 .0003334 
 25505.0682 1.316e-7 
 25505.5047 1.292e-6 
  2942.9856 1.308e-5 
  6182.4943 2.687e-5 
 11587.0967 .0004125 
 11808.6717 6.427e-5 
 24389.0009 1.596e-6 
 24389.4373 1.625e-7 
  3899.4749 8.604e-6 
  5246.5559 .0001202 
 13955.7276 5.682e-5 
 13969.3560 .0004332 
 29954.6811 4.876e-8 
 29954.6897 4.791e-7 
  3740.9589 5.734e-5 
  5088.0399 1.450e-5 
 13797.2116 .0004325 
 13810.8400 5.661e-5 
 29796.1652 4.806e-7 
 29796.1737 4.891e-8 
  2733.2910 4.432e-6 
  2954.8660 4.272e-5 
 15535.1952 4.992e-5 
 15535.6316 .0004164 
 34773.2653 1.796e-8 
 34773.2654 1.765e-7 
  2724.7961 3.876e-5 
  2946.3712 4.835e-6 
 15526.7003 .0004162 
 15527.1368 4.989e-5 
 34764.7705 1.765e-7 
 34764.7706 1.796e-8 
  1151.5101 1.161e-6 
  1165.1384 1.092e-5 
 17150.4636 4.050e-5 
 17150.4722 .0003533 
 39616.2195 6.735e-9 
 39616.2195 6.618e-8 
  1151.2713 1.079e-5 
  1164.8996 1.174e-6 
 17150.2248 .0003533 
 17150.2334 4.050e-5 
 39615.9807 6.618e-8 
 39615.9807 6.735e-9 
 18761.6129 3.025e-5 
 18761.6130 .0002710 
 44448.0244 2.441e-8 
 18761.6088 .0002710 
 18761.6089 3.025e-5 
 44448.0203 2.441e-8 
 20370.0720 2.078e-5 
 20370.0720 .0001893 
 49273.6380 8.635e-9 
 20370.0720 .0001893 
 20370.0720 2.078e-5 
 49273.6379 8.635e-9 
 21977.3403 1.312e-5 
 21977.3403 .0001210 
 21977.3403 .0001210 
 21977.3403 1.312e-5 
 23584.0254 7.620e-6 
 23584.0254 7.088e-5 
 23584.0254 7.088e-5 
 23584.0254 7.620e-6 
 25190.3859 4.072e-6 
 25190.3859 3.813e-5 
 25190.3859 3.813e-5 
 25190.3859 4.072e-6 
 26796.5393 2.004e-6 
 26796.5393 1.885e-5 
 26796.5393 1.885e-5 
 26796.5393 2.004e-6 
 28402.5409 9.079e-7 
 28402.5409 8.578e-6 
 28402.5409 8.578e-6 
 28402.5409 9.079e-7 
 30008.4161 3.791e-7 
 30008.4161 3.594e-6 
 30008.4161 3.594e-6 
 30008.4161 3.791e-7 
 31614.1755 1.387e-6 
 31614.1755 1.459e-7 
 31614.1755 1.459e-7 
 31614.1755 1.387e-6 
 33219.8217 5.181e-8 
 33219.8217 4.936e-7 
 33219.8217 4.936e-7 
 33219.8217 5.181e-8 
 34825.3529 1.619e-7 
 34825.3529 1.697e-8 
 34825.3529 1.697e-8 
 34825.3529 1.619e-7 
   387.2835 3.441e-7 
   545.7995 4.119e-8 
 13191.5010 1.204e-8 
  5910.8201 2.638e-8 
  5919.3149 2.571e-7 
  2671.3115 7.365e-7 
  2679.8063 7.472e-8 
  8904.7426 1.829e-8 
  8904.9814 1.797e-7 
  7557.6616 2.124e-7 
  7557.9004 2.162e-8 
 13278.3614 6.771e-9 
 13278.3655 6.654e-8 
 13056.7863 6.632e-8 
 13056.7904 6.748e-9 
 18094.6375 2.186e-8 
 18081.0091 2.185e-8 
   476.4572 2.737e-7 
   476.4613 2.607e-6 
 22947.1413 6.843e-9 
   476.0207 2.604e-6 
   476.0248 2.734e-7 
 22946.7048 6.843e-9 
  2095.6839 6.285e-7 
  2095.6839 6.063e-6 
  2095.6753 6.063e-6 
  2095.6754 6.285e-7 
  3709.0712 5.294e-7 
  3709.0712 5.144e-6 
  3709.0711 5.144e-6 
  3709.0711 5.294e-7 
  5319.5405 3.277e-7 
  5319.5405 3.197e-6 
  5319.5405 3.197e-6 
  5319.5405 3.277e-7 
  6928.4123 1.624e-6 
  6928.4123 1.660e-7 
  6928.4123 1.660e-7 
  6928.4123 1.624e-6 
  8536.3216 7.107e-8 
  8536.3216 6.965e-7 
  8536.3216 6.965e-7 
  8536.3216 7.107e-8 
 10143.6009 2.590e-8 
 10143.6009 2.541e-7 
 10143.6009 2.541e-7 
 10143.6009 2.590e-8 
 11750.4355 7.954e-9 
 11750.4355 7.810e-8 
 11750.4355 7.810e-8 
 11750.4355 7.954e-9 
 13356.9335 1.963e-8 
 13356.9335 1.963e-8 
    85.0209 2.001e-6 
  3324.5295 .0001542 
  8729.1319 1.826e-6 
  8950.7070 1.447e-5 
 21531.0361 5.984e-9 
 21531.4726 5.878e-8 
  4201.7375 .0001695 
  5548.8185 4.720e-6 
 14257.9902 1.627e-6 
 14271.6186 1.633e-7 
   962.2289 9.919e-6 
  2309.3099 .0002024 
 11018.4816 7.993e-7 
 11032.1100 7.792e-6 
 27017.4437 8.662e-9 
  4442.3735 .0002303 
  4663.9486 1.529e-5 
 17244.2777 1.034e-6 
 17244.7142 1.052e-7 
  3095.2925 1.532e-5 
  3316.8676 .0002172 
 15897.1967 1.348e-7 
 15897.6332 1.325e-6 
  5613.8792 .0002372 
  5627.5075 2.018e-5 
 21612.8327 3.701e-7 
 21612.8413 3.766e-8 
  5392.3041 1.965e-5 
  5405.9325 .0002309 
 21391.2577 3.777e-8 
 21391.2662 3.711e-7 
  7188.0250 .0002131 
  7188.4615 1.959e-5 
 26426.0951 1.262e-7 
 26426.0953 1.285e-8 
  7174.3967 1.955e-5 
  7174.8331 .0002127 
 26412.4668 1.284e-8 
 26412.4669 1.262e-7 
  8810.9285 .0001694 
  8810.9371 1.615e-5 
 31276.6844 4.301e-8 
 31276.6844 4.377e-9 
  8810.4921 1.615e-5 
  8810.5006 .0001694 
 31276.2480 4.377e-9 
 31276.2480 4.301e-8 
 10427.1416 .0001200 
 10427.1417 1.169e-5 
 36113.5531 1.422e-8 
 10427.1331 1.169e-5 
 10427.1332 .0001200 
 36113.5446 1.422e-8 
 12038.6143 7.634e-5 
 12038.6143 7.528e-6 
 40942.1803 4.451e-9 
 12038.6142 7.528e-6 
 12038.6142 7.634e-5 
 40942.1801 4.451e-9 
 13647.7972 4.373e-5 
 13647.7972 4.349e-6 
 13647.7972 4.349e-6 
 13647.7972 4.373e-5 
 15255.7687 2.258e-5 
 15255.7687 2.260e-6 
 15255.7687 2.260e-6 
 15255.7687 2.258e-5 
 16863.0294 1.056e-6 
 16863.0294 1.051e-5 
 16863.0294 1.051e-5 
 16863.0294 1.056e-6 
 18469.8315 4.430e-7 
 18469.8315 4.394e-6 
 18469.8315 4.394e-6 
 18469.8315 4.430e-7 
 20076.3103 1.658e-7 
 20076.3103 1.640e-6 
 20076.3103 1.640e-6 
 20076.3103 1.658e-7 
 21682.5413 5.474e-8 
 21682.5413 5.405e-7 
 21682.5413 5.405e-7 
 21682.5413 5.474e-8 
 23288.5677 1.559e-8 
 23288.5677 1.537e-7 
 23288.5677 1.537e-7 
 23288.5677 1.559e-8 
 24894.4139 3.578e-8 
 24894.4139 3.578e-8 
 26500.0936 5.757e-9 
 26500.0936 5.757e-9 
  8617.3172 .0008281 
 12182.9964 3.145e-5 
 17560.7003 2.058e-5 
 17862.9099 1.559e-6 
 30363.1178 5.999e-8 
 30363.8871 6.100e-9 
  8465.4040 .0008107 
 12940.9077 3.045e-5 
 14541.2344 5.719e-5 
 23098.5362 1.701e-7 
 23119.7764 1.636e-6 
  5225.8954 7.485e-6 
  9701.3990 .0004360 
 11301.7258 5.259e-5 
 19859.0275 8.917e-6 
 19880.2677 8.961e-7 
 35843.5313 9.493e-9 
  4330.5588 5.309e-6 
  7896.2380 .0003255 
 13273.9419 4.188e-5 
 13576.1515 .0002221 
 26076.3594 1.143e-7 
 26077.1287 1.122e-6 
  2983.4778 7.687e-6 
  6549.1570 1.928e-5 
 11926.8609 .0002962 
 12229.0705 4.756e-5 
 24729.2784 1.477e-6 
 24730.0477 1.503e-7 
  4296.7966 6.688e-6 
  5897.1233 9.906e-5 
 14454.4251 4.084e-5 
 14475.6653 .0003028 
 30438.9288 4.345e-8 
 30438.9459 4.269e-7 
  4075.2216 4.101e-5 
  5675.5483 1.198e-5 
 14232.8501 .0003026 
 14254.0903 4.068e-5 
 30217.3538 4.292e-7 
 30217.3708 4.369e-8 
  3217.6892 3.779e-6 
  3519.8988 3.643e-5 
 16020.1067 3.555e-5 
 16020.8760 .0002918 
 35248.6074 1.609e-8 
 35248.6076 1.581e-7 
  3204.0609 3.237e-5 
  3506.2705 4.191e-6 
 16006.4783 .0002917 
 16007.2477 3.552e-5 
 35234.9790 1.580e-7 
 35234.9793 1.608e-8 
  1652.5209 1.220e-6 
  1673.7611 1.139e-5 
 17637.0246 2.861e-5 
 17637.0417 .0002469 
 40096.9186 6.072e-9 
 40096.9186 5.967e-8 
  1652.0845 1.123e-5 
  1673.3246 1.236e-6 
 17636.5882 .0002469 
 17636.6052 2.861e-5 
 40096.4821 5.967e-8 
 40096.4821 6.072e-9 
    21.1531 9.008e-9 
    21.9225 8.841e-8 
 19249.6538 2.123e-5 
 19249.6541 .0001886 
 44932.2552 2.225e-8 
    21.1446 8.528e-8 
    21.9140 9.332e-9 
 19249.6453 .0001886 
 19249.6455 2.123e-5 
 44932.2466 2.225e-8 
 20858.8485 1.450e-5 
 20858.8485 .0001313 
 49759.8085 7.994e-9 
 20858.8483 .0001313 
 20858.8483 1.450e-5 
 49759.8084 7.994e-9 
 22466.4993 9.107e-6 
 22466.4993 8.355e-5 
 22466.4993 8.355e-5 
 22466.4993 9.107e-6 
 24073.3970 5.265e-6 
 24073.3970 4.876e-5 
 24073.3970 4.876e-5 
 24073.3970 5.265e-6 
 25679.8820 2.802e-6 
 25679.8820 2.614e-5 
 25679.8820 2.614e-5 
 25679.8820 2.802e-6 
 27286.1116 1.374e-6 
 27286.1116 1.289e-5 
 27286.1116 1.289e-5 
 27286.1116 1.374e-6 
 28892.1615 6.204e-7 
 28892.1615 5.846e-6 
 28892.1615 5.846e-6 
 28892.1615 6.204e-7 
 30498.0686 2.442e-6 
 30498.0686 2.583e-7 
 30498.0686 2.583e-7 
 30498.0686 2.442e-6 
 32103.8497 9.915e-8 
 32103.8497 9.404e-7 
 32103.8497 9.404e-7 
 32103.8497 9.915e-8 
 33709.5115 3.338e-7 
 33709.5115 3.510e-8 
 33709.5115 3.510e-8 
 33709.5115 3.338e-7 
 35315.0544 1.147e-8 
 35315.0544 1.093e-7 
 35315.0544 1.093e-7 
 35315.0544 1.147e-8 
 36920.4758 3.301e-8 
 36920.4758 3.301e-8 
   178.7070 1.155e-7 
   400.2821 2.064e-8 
 12980.6112 1.090e-8 
  5725.6939 2.001e-8 
  5739.3223 1.942e-7 
  2160.0147 5.473e-7 
  2173.6431 5.548e-8 
  8505.1076 1.547e-8 
  8505.5440 1.520e-7 
  6904.7809 1.867e-7 
  6905.2173 1.900e-8 
 12781.2643 6.072e-9 
 12781.2729 5.967e-8 
 12479.0547 5.944e-8 
 12479.0633 6.049e-9 
 17585.5493 2.029e-8 
 17564.3090 2.027e-8 
 22444.6028 6.566e-9 
 22443.8334 6.566e-9 
  1601.0455 3.611e-7 
  1601.0456 3.471e-6 
  1601.0284 3.471e-6 
  1601.0285 3.611e-7 
  3216.1021 3.514e-7 
  3216.1021 3.406e-6 
  3216.1018 3.406e-6 
  3216.1018 3.514e-7 
  4827.5631 2.327e-7 
  4827.5631 2.267e-6 
  4827.5631 2.267e-6 
  4827.5631 2.327e-7 
  6437.0667 1.241e-7 
  6437.0667 1.213e-6 
  6437.0667 1.213e-6 
  6437.0667 1.241e-7 
  8045.4011 5.472e-7 
  8045.4011 5.588e-8 
  8045.4011 5.588e-8 
  8045.4011 5.472e-7 
  9652.9789 2.158e-8 
  9652.9789 2.116e-7 
  9652.9789 2.116e-7 
  9652.9789 2.158e-8 
 11260.0302 7.150e-9 
 11260.0302 7.018e-8 
 11260.0302 7.018e-8 
 11260.0302 7.150e-9 
 12866.6901 1.970e-8 
 12866.6901 1.970e-8 
 14473.0404 4.540e-9 
 14473.0404 4.540e-9 
    66.8923 1.121e-6 
  3632.5715 .0001094 
  9010.2754 1.336e-6 
  9312.4850 9.891e-6 
 21812.6929 5.333e-9 
 21813.4623 5.237e-8 
  4408.6113 .0001193 
  6008.9381 2.934e-6 
 14566.2398 1.254e-6 
 14587.4800 1.250e-7 
   842.9321 6.354e-6 
  2443.2589 .0001425 
 11000.5606 7.059e-7 
 11021.8008 6.847e-6 
 26985.0814 9.775e-9 
  4534.7718 .0001615 
  4836.9814 1.002e-5 
 17337.1892 8.801e-7 
 17337.9586 8.948e-8 
  2934.4451 1.026e-5 
  3236.6547 .0001518 
 15736.8625 1.226e-7 
 15737.6319 1.205e-6 
  5622.8567 .0001659 
  5644.0969 1.378e-5 
 21607.3604 3.267e-7 
 21607.3775 3.324e-8 
  5320.6471 1.331e-5 
  5341.8873 .0001602 
 21305.1508 3.342e-8 
 21305.1679 3.285e-7 
  7179.5607 .0001492 
  7180.3301 1.353e-5 
 26408.0614 1.131e-7 
 26408.0617 1.151e-8 
  7158.3206 1.349e-5 
  7159.0899 .0001488 
 26386.8212 1.150e-8 
 26386.8215 1.130e-7 
  8804.9430 .0001189 
  8804.9600 1.125e-5 
 31264.8369 3.915e-8 
  8804.1736 1.124e-5 
  8804.1907 .0001189 
 31264.0676 3.915e-8 
 10423.5577 8.469e-5 
 10423.5579 8.195e-6 
 36106.1591 1.321e-8 
 10423.5407 8.195e-6 
 10423.5409 8.469e-5 
 36106.1420 1.321e-8 
 12036.3362 5.420e-5 
 12036.3362 5.321e-6 
 40937.2963 4.247e-9 
 12036.3360 5.321e-6 
 12036.3360 5.420e-5 
 40937.2961 4.247e-9 
 13646.2651 3.130e-5 
 13646.2651 3.103e-6 
 13646.2651 3.103e-6 
 13646.2651 3.130e-5 
 15254.6950 1.634e-5 
 15254.6950 1.631e-6 
 15254.6950 1.631e-6 
 15254.6950 1.634e-5 
 16862.2538 7.715e-6 
 16862.2538 7.735e-7 
 16862.2538 7.735e-7 
 16862.2538 7.715e-6 
 18469.2589 3.309e-7 
 18469.2589 3.288e-6 
 18469.2589 3.288e-6 
 18469.2589 3.309e-7 
 20075.8814 1.273e-7 
 20075.8814 1.261e-6 
 20075.8814 1.261e-6 
 20075.8814 1.273e-7 
 21682.2174 4.324e-7 
 21682.2174 4.373e-8 
 21682.2174 4.373e-8 
 21682.2174 4.324e-7 
 23288.3225 1.310e-7 
 23288.3225 1.327e-8 
 23288.3225 1.327e-8 
 23288.3225 1.310e-7 
 24894.2294 3.428e-8 
 24894.2294 3.428e-8 
 26499.9568 7.347e-9 
 26499.9568 7.347e-9 
  9067.7006 .0006124 
 12961.8705 2.166e-5 
 18330.8692 1.489e-5 
 18733.7782 1.037e-6 
 31137.6454 5.204e-8 
 31138.9585 5.290e-9 
  8948.4968 .0006029 
 13625.0859 2.121e-5 
 15499.7172 3.483e-5 
 23900.3465 1.286e-7 
 23932.5967 1.225e-6 
  5382.8176 4.931e-6 
 10059.4067 .0003230 
 11934.0380 3.644e-5 
 20334.6673 7.811e-6 
 20366.9175 7.792e-7 
 36303.0204 1.037e-8 
  4592.1969 3.734e-6 
  8486.3668 .0002549 
 13855.3655 2.936e-5 
 14258.2745 .0001426 
 26662.1417 9.511e-8 
 26663.4548 9.330e-7 
  2991.8702 4.367e-6 
  6886.0401 1.322e-5 
 12255.0388 .0002081 
 12657.9478 3.424e-5 
 25061.8150 1.320e-6 
 25063.1281 1.344e-7 
  4681.7028 4.984e-6 
  6556.3341 7.884e-5 
 14956.9634 2.860e-5 
 14989.2135 .0002056 
 30925.3165 3.719e-8 
 30925.3492 3.653e-7 
  4379.4932 2.776e-5 
  6254.1245 9.489e-6 
 14654.7538 .0002060 
 14687.0040 2.849e-5 
 30623.1069 3.687e-7 
 30623.1396 3.753e-8 
  3697.7370 3.050e-6 
  4100.6460 2.949e-5 
 16504.5132 2.469e-5 
 16505.8263 .0001993 
 35721.7951 1.383e-8 
 35721.7957 1.359e-7 
  3676.4969 2.552e-5 
  4079.4058 3.451e-6 
 16483.2730 .0001991 
 16484.5862 2.466e-5 
 35700.5550 1.358e-7 
 35700.5555 1.382e-8 
  2154.5459 1.130e-6 
  2186.7961 1.046e-5 
 18122.8990 1.972e-5 
 18122.9317 .0001682 
 40575.8855 5.247e-9 
 40575.8855 5.156e-8 
  2153.7765 1.029e-5 
  2186.0267 1.147e-6 
 18122.1297 .0001682 
 18122.1624 1.972e-5 
 40575.1161 5.156e-8 
 40575.1161 5.247e-9 
   520.0095 1.588e-7 
   521.3226 1.499e-6 
 19737.2914 1.454e-5 
 19737.2920 .0001281 
 45415.4006 1.938e-8 
   519.9924 1.495e-6 
   521.3056 1.592e-7 
 19737.2744 .0001281 
 19737.2749 1.454e-5 
 45415.3835 1.938e-8 
 21347.3848 9.873e-6 
 21347.3848 8.882e-5 
 50245.2697 7.048e-9 
 21347.3845 8.882e-5 
 21347.3845 9.873e-6 
 50245.2695 7.048e-9 
 22955.5067 6.173e-6 
 22955.5067 5.633e-5 
 22955.5067 5.633e-5 
 22955.5067 6.173e-6 
 24562.6683 3.554e-6 
 24562.6683 3.277e-5 
 24562.6683 3.277e-5 
 24562.6683 3.554e-6 
 26169.3093 1.751e-5 
 26169.3093 1.884e-6 
 26169.3093 1.884e-6 
 26169.3093 1.751e-5 
 27775.6350 8.607e-6 
 27775.6350 9.204e-7 
 27775.6350 9.204e-7 
 27775.6350 8.607e-6 
 29381.7465 4.144e-7 
 29381.7465 3.894e-6 
 29381.7465 3.894e-6 
 29381.7465 4.144e-7 
 30987.6944 1.720e-7 
 30987.6944 1.623e-6 
 30987.6944 1.623e-6 
 30987.6944 1.720e-7 
 32593.5036 6.233e-7 
 32593.5036 6.586e-8 
 32593.5036 6.586e-8 
 32593.5036 6.233e-7 
 34199.1854 2.326e-8 
 34199.1854 2.207e-7 
 34199.1854 2.207e-7 
 34199.1854 2.326e-8 
 35804.7433 7.211e-8 
 35804.7433 7.582e-9 
 35804.7433 7.582e-9 
 35804.7433 7.211e-8 
 37410.1765 2.174e-8 
 37410.1765 2.174e-8 
 39015.4815 6.048e-9 
 39015.4815 6.048e-9 
   297.0960 9.869e-9 
 12797.3038 9.259e-9 
  5565.4316 1.449e-8 
  5586.6718 1.398e-7 
  1671.2617 3.678e-7 
  1692.5019 3.729e-8 
  8120.7147 1.245e-8 
  8121.4840 1.223e-7 
  6246.0834 1.563e-7 
  6246.8527 1.591e-8 
 12286.7667 5.185e-9 
 12286.7837 5.095e-8 
 11883.8577 5.075e-8 
 11883.8747 5.165e-9 
 17073.9550 1.789e-8 
 17041.7046 1.786e-8 
 21939.8845 5.960e-9 
 21938.5713 5.959e-9 
  1105.6016 1.810e-7 
  1105.6019 1.733e-6 
  1105.5689 1.733e-6 
  1105.5692 1.810e-7 
  2722.6025 2.191e-7 
  2722.6025 2.118e-6 
  2722.6020 2.118e-6 
  2722.6020 2.191e-7 
  4335.2166 1.567e-7 
  4335.2166 1.524e-6 
  4335.2166 1.524e-6 
  4335.2166 1.567e-7 
  5945.4534 8.787e-8 
  5945.4534 8.574e-7 
  5945.4534 8.574e-7 
  5945.4534 8.787e-8 
  7554.2804 4.136e-8 
  7554.2804 4.046e-7 
  7554.2804 4.046e-7 
  7554.2804 4.136e-8 
  9162.2034 1.674e-8 
  9162.2034 1.640e-7 
  9162.2034 1.640e-7 
  9162.2034 1.674e-8 
 10769.5053 5.755e-8 
 10769.5053 5.868e-9 
 10769.5053 5.868e-9 
 10769.5053 5.755e-8 
 12376.3523 1.741e-8 
 12376.3523 1.741e-8 
 13982.8455 4.477e-9 
 13982.8455 4.477e-9 
    52.3115 6.079e-7 
  3946.4814 7.569e-5 
  9315.4801 9.370e-7 
  9718.3891 6.407e-6 
 22122.2563 4.473e-9 
 22123.5694 4.391e-8 
  4624.2777 8.176e-5 
  6498.9090 1.785e-6 
 14899.5382 9.239e-7 
 14931.7884 9.123e-8 
   730.1078 3.916e-6 
  2604.7391 9.763e-5 
 11005.3683 5.921e-7 
 11037.6185 5.700e-6 
 26973.7542 1.031e-8 
  4638.8909 .0001103 
  5041.7999 6.348e-6 
 17445.6671 7.161e-7 
 17446.9803 7.276e-8 
  2764.2597 6.683e-6 
  3167.1687 .0001034 
 15571.0358 1.076e-7 
 15572.3490 1.058e-6 
  5636.3696 .0001130 
  5668.6198 9.138e-6 
 21604.7228 2.763e-7 
 21604.7555 2.811e-8 
  5233.4606 8.745e-6 
  5265.7108 .0001080 
 21201.8138 2.839e-8 
 21201.8465 2.790e-7 
  7170.4066 .0001015 
  7171.7197 9.084e-6 
 26387.6885 9.695e-8 
 26387.6890 9.865e-9 
  7138.1564 9.048e-6 
  7139.4695 .0001011 
 26355.4383 9.858e-9 
 26355.4389 9.687e-8 
  8797.9466 8.120e-5 
  8797.9793 7.607e-6 
 31250.9330 3.402e-8 
  8796.6335 7.606e-6 
  8796.6662 8.119e-5 
 31249.6199 3.401e-8 
 10419.3353 5.804e-5 
 10419.3359 5.580e-6 
 36097.4445 1.167e-8 
 10419.3026 5.580e-6 
 10419.3032 5.804e-5 
 36097.4118 1.167e-8 
 12033.6511 3.734e-5 
 12033.6511 3.647e-6 
 12033.6505 3.647e-6 
 12033.6505 3.734e-5 
 13644.4581 2.171e-5 
 13644.4581 2.143e-6 
 13644.4581 2.143e-6 
 13644.4581 2.171e-5 
 15253.4268 1.143e-5 
 15253.4268 1.137e-6 
 15253.4268 1.137e-6 
 15253.4268 1.143e-5 
 16861.3359 5.456e-7 
 16861.3359 5.455e-6 
 16861.3359 5.455e-6 
 16861.3359 5.456e-7 
 18468.5795 2.359e-6 
 18468.5795 2.369e-7 
 18468.5795 2.369e-7 
 18468.5795 2.359e-6 
 20075.3704 9.225e-7 
 20075.3704 9.293e-8 
 20075.3704 9.293e-8 
 20075.3704 9.225e-7 
 21681.8293 3.282e-8 
 21681.8293 3.250e-7 
 21681.8293 3.250e-7 
 21681.8293 3.282e-8 
 23288.0266 1.037e-8 
 23288.0266 1.025e-7 
 23288.0266 1.025e-7 
 23288.0266 1.037e-8 
 24894.0043 2.857e-8 
 24894.0043 2.857e-8 
 26499.7873 6.884e-9 
 26499.7873 6.884e-9 
  9521.2999 .0004400 
 13743.9630 1.457e-5 
 19124.2995 1.034e-5 
 19650.1770 6.538e-7 
 31940.4118 4.260e-8 
 31942.5893 4.327e-9 
  9428.2974 .0004350 
 14316.9966 1.439e-5 
 16485.5583 2.080e-5 
 24727.3255 9.304e-8 
 24775.1419 8.746e-7 
  5534.1275 3.182e-6 
 10422.8267 .0002331 
 12591.3884 2.443e-5 
 20833.1556 6.506e-6 
 20880.9720 6.421e-7 
 36783.7862 1.063e-8 
  4844.7107 2.546e-6 
  9067.3738 .0001928 
 14447.7103 2.002e-5 
 14973.5878 8.833e-5 
 27263.8226 7.582e-8 
 27266.0001 7.432e-7 
  2970.0794 2.406e-6 
  7192.7425 8.697e-6 
 12573.0790 .0001431 
 13098.9565 2.396e-5 
 25389.1914 1.143e-6 
 25391.3688 1.164e-7 
   165.1288 4.939e-8 
  5053.8279 3.570e-6 
  7222.3897 6.074e-5 
 15464.1568 1.951e-5 
 15511.9733 .0001357 
 31414.7874 3.062e-8 
 31414.8480 3.008e-7 
  4650.9190 1.781e-5 
  6819.4807 7.201e-6 
 15061.2478 .0001366 
 15109.0643 1.946e-5 
 31011.8784 3.053e-7 
 31011.9390 3.108e-8 
  4172.4498 2.346e-6 
  4698.3272 2.282e-5 
 16988.5621 1.671e-5 
 16990.7396 .0001326 
 36192.8204 1.144e-8 
 36192.8215 1.124e-7 
  4140.1996 1.910e-5 
  4666.0770 2.719e-6 
 16956.3119 .0001324 
 16958.4894 1.669e-5 
 36160.5702 1.123e-7 
 36160.5713 1.143e-8 
  2657.3807 9.603e-7 
  2705.1971 8.818e-6 
 18608.0113 1.326e-5 
 18608.0718 .0001118 
 41052.9264 4.357e-9 
 41052.9264 4.281e-8 
  2656.0675 8.648e-6 
  2703.8840 9.778e-7 
 18606.6981 .0001118 
 18606.7587 1.326e-5 
 41051.6132 4.281e-8 
 41051.6133 4.356e-9 
  1020.2089 2.165e-7 
  1022.3864 2.028e-6 
 20224.4672 9.718e-6 
 20224.4684 8.487e-5 
 45897.3248 1.619e-8 
  1020.1762 2.024e-6 
  1022.3537 2.169e-7 
 20224.4345 8.487e-5 
 20224.4357 9.718e-6 
 45897.2921 1.619e-8 
 21835.6444 6.565e-6 
 21835.6445 5.866e-5 
 50729.9318 5.944e-9 
 21835.6439 5.866e-5 
 21835.6439 6.565e-6 
 50729.9313 5.944e-9 
 23444.3384 4.086e-6 
 23444.3384 3.709e-5 
 23444.3384 3.709e-5 
 23444.3384 4.086e-6 
 25051.8227 2.343e-6 
 25051.8227 2.151e-5 
 25051.8227 2.151e-5 
 25051.8227 2.343e-6 
 26658.6556 1.238e-6 
 26658.6556 1.146e-5 
 26658.6556 1.146e-5 
 26658.6556 1.238e-6 
 28265.1006 6.026e-7 
 28265.1006 5.617e-6 
 28265.1006 5.617e-6 
 28265.1006 6.026e-7 
 29871.2890 2.705e-7 
 29871.2890 2.534e-6 
 29871.2890 2.534e-6 
 29871.2890 2.705e-7 
 31477.2882 1.054e-6 
 31477.2882 1.120e-7 
 31477.2882 1.120e-7 
 31477.2882 1.054e-6 
 33083.1328 4.276e-8 
 33083.1328 4.038e-7 
 33083.1328 4.038e-7 
 33083.1328 4.276e-8 
 34688.8399 1.507e-8 
 34688.8399 1.427e-7 
 34688.8399 1.427e-7 
 34688.8399 1.507e-8 
 36294.4166 4.901e-9 
 36294.4166 4.653e-8 
 36294.4166 4.653e-8 
 36294.4166 4.901e-9 
 37899.8644 1.400e-8 
 37899.8644 1.400e-8 
   237.7802 4.812e-9 
 12641.6474 7.417e-9 
  5430.5499 1.005e-8 
  5462.8001 9.622e-8 
  1207.8868 2.183e-7 
  1240.1370 2.224e-8 
  7752.9482 9.556e-9 
  7754.2614 9.378e-8 
  5584.3865 1.246e-7 
  5585.6996 1.268e-8 
 11795.9034 4.228e-9 
 11795.9361 4.154e-8 
 11270.0259 4.141e-8 
 11270.0586 4.214e-9 
 16559.9018 1.504e-8 
 16512.0848 1.501e-8 
 21432.7775 5.142e-9 
 21430.6000 5.142e-9 
   609.2707 7.002e-8 
   609.2712 6.673e-7 
   609.2101 6.672e-7 
   609.2107 7.001e-8 
  2228.5192 1.275e-7 
  2228.5192 1.228e-6 
  2228.5180 1.228e-6 
  2228.5180 1.275e-7 
  3842.4647 1.002e-7 
  3842.4647 9.718e-7 
  3842.4647 9.718e-7 
  3842.4647 1.002e-7 
  5453.5465 5.918e-8 
  5453.5465 5.766e-7 
  5453.5465 5.766e-7 
  5453.5465 5.918e-8 
  7062.9401 2.837e-7 
  7062.9401 2.903e-8 
  7062.9401 2.903e-8 
  7062.9401 2.837e-7 
  8671.2598 1.197e-7 
  8671.2598 1.223e-8 
  8671.2598 1.223e-8 
  8671.2598 1.197e-7 
 10278.8493 4.482e-9 
 10278.8493 4.394e-8 
 10278.8493 4.394e-8 
 10278.8493 4.482e-9 
 11885.9106 1.404e-8 
 11885.9106 1.404e-8 
    40.6910 3.192e-7 
  4263.3541 5.107e-5 
  9643.6906 6.325e-7 
 10169.5681 3.947e-6 
 22461.9804 3.479e-8 
  4848.0082 5.464e-5 
  7016.5699 1.065e-6 
 15258.3371 6.518e-7 
 15306.1535 6.354e-8 
   625.3451 2.321e-6 
  2793.9069 6.513e-5 
 11035.6740 4.719e-7 
 11083.4904 4.496e-6 
 26986.3652 1.019e-8 
  4754.9914 7.336e-5 
  5280.8689 3.888e-6 
 17571.1038 5.579e-7 
 17573.2812 5.664e-8 
  2586.4297 4.232e-6 
  3112.3071 6.852e-5 
 15402.5420 9.123e-8 
 15404.7195 8.966e-7 
  5655.3374 7.489e-5 
  5703.1539 5.886e-6 
 21605.9681 2.244e-7 
 21606.0286 2.283e-8 
  5129.4600 5.578e-6 
  5177.2764 7.081e-5 
 21080.0906 2.322e-8 
 21080.1512 2.282e-7 
  7160.7749 6.728e-5 
  7162.9523 5.930e-6 
 26365.0332 7.975e-8 
 26365.0343 8.115e-9 
  7112.9584 5.895e-6 
  7115.1359 6.689e-5 
 26317.2167 8.106e-9 
 26317.2179 7.966e-8 
  8789.8557 5.392e-5 
  8789.9163 5.003e-6 
 31234.7708 2.830e-8 
  8787.6783 5.002e-6 
  8787.7388 5.390e-5 
 31232.5934 2.830e-8 
 10414.4026 3.866e-5 
 10414.4037 3.692e-6 
 36087.2601 9.846e-9 
 10414.3420 3.692e-6 
 10414.3431 3.866e-5 
 36087.1996 9.846e-9 
 12030.5125 2.498e-5 
 12030.5126 2.428e-6 
 12030.5114 2.428e-6 
 12030.5114 2.498e-5 
 13642.3450 1.460e-5 
 13642.3450 1.436e-6 
 13642.3450 1.436e-6 
 13642.3450 1.460e-5 
 15251.9424 7.741e-6 
 15251.9424 7.676e-7 
 15251.9424 7.676e-7 
 15251.9424 7.741e-6 
 16860.2598 3.727e-6 
 16860.2598 3.718e-7 
 16860.2598 3.718e-7 
 16860.2598 3.727e-6 
 18467.7810 1.633e-7 
 18467.7810 1.630e-6 
 18467.7810 1.630e-6 
 18467.7810 1.633e-7 
 20074.7679 6.468e-7 
 20074.7679 6.504e-8 
 20074.7679 6.504e-8 
 20074.7679 6.468e-7 
 21681.3696 2.343e-8 
 21681.3696 2.324e-7 
 21681.3696 2.324e-7 
 21681.3696 2.343e-8 
 23287.6739 7.529e-8 
 23287.6739 7.607e-9 
 23287.6739 7.607e-9 
 23287.6739 7.529e-8 
 24893.7337 2.185e-8 
 24893.7337 2.185e-8 
 26499.5810 5.610e-9 
 26499.5810 5.610e-9 